86 125 49 98 91 136 43 77 95 115 101 180 70 147 184 151 127 10 112 139 18 177 39 133 36 20 38 130 4 183 190 159 190 93 55 121 131 5 109 13 9 181 88 143 117 46 200 100 182 108 61 104 81 188 37 156 62 12 79 8 114 29 186 196 99 76 78 71 167 140 25 68 22 67 86
63
86 120 150 169
125 125
49 19 122
98 75 107 126 148 173
91 91
136 89 94
43 28 51 92 185 192
77 48
95 57 72 163
115 53 97
101 101
180 1 26 45 66 106 154
70 74 129 175
147 73 113 138 158 160
184 184
151 17 194
127 87
10 10
139 41 139
18 84
177 177
39 56 149
133 116 152
36 36
20 82
38 38
4 179
183 183
190 64
159 159
93 93
55 132
121 121
5 5
109 145
13 13
9 110
181 181
88 27 199
143 6
117 117
46 2
100 100
182 174
108 44 198
61 30 69
104 189
81 157
37 11
156 156
12 123
79 21 137
8 8
114 52 54 105
196 196
76 76
78 14
71 71
167 146
140 140
25 153
68 35 90
22 22
