0x19 0x9d 0x12 0x61 0x2 0x85 0x5c 0x17 0x92 0xb 0x41 0x4a 0xa5 0x5 0x79 0xe 0x3c 0x97 0x76 0x34 0x78 0x4f 0x54 0xa 0x24 0x53 0x5b 0x2c 0xa0 0x70 0x35 0xaf 0x8c 0x46 0xb5 0xb9 0x82 0x6a 0x1b 0x72 0xb6 0x56 0x68 0x43 0xba 0x91 0xc1 0x96 0xc7 0x44 0x9c 0x6f 0x30 0x47 0x6c 0xbe 0xc 0x2b 0xc4 0x3e 0x71 0x66 0x4 0x4e 0x77 0x27 0xbd 0x88 0x65 0x1 0x19
51
0x19 0x8b 0xc6 0x11
0x9d 0x6b 0x5a
0x12 0x12
0x61 0x21 0xa7 0x61
0x2 0xa1 0x18
0x85 0x85
0x5c 0x4d 0x2a 0x6d 0x3a
0x17 0xa8 0x83 0x15 0x9a 0x81
0x92 0x9e 0x99 0x9f
0xa5 0xa3 0x52
0x5 0x0 0x2d 0x5 0xaa 0x9b 0x45
0x79 0x79
0x3c 0x89
0x97 0x8f 0x97
0x34 0x34
0x78 0x7 0xbc 0x78
0x4f 0x3b
0x54 0x8e
0xa 0x25 0xf
0x24 0xac
0x53 0x53
0x2c 0x2c
0xa0 0xa0
0x70 0x70
0x35 0x80
0xaf 0x1f 0x1a
0x8c 0x8c
0x46 0x46
0xb5 0xb5
0x6a 0x28 0x6a 0xa6
0x1b 0x1b
0xb6 0xab 0xb6
0x56 0x56
0x68 0x68
0xba 0x3d 0xb0 0xba 0x87 0xa4
0x91 0x91
0xc7 0xc7
0x9c 0x9c
0x6f 0x6f
0xbe 0x9 0x7a
0x2b 0x2b
0xc4 0xc4 0x10
0x3e 0x1d 0xc2 0x7b 0xb2 0xae 0xb4 0x86 0x14 0x98
0x66 0xc3 0x60
0x4 0x4
0x4e 0x4e 0x5d
0x77 0x31 0x77
0x27 0x42
0xbd 0xbd
0x88 0x84 0x59 0xbb 0x74
0x1 0x1
