Location0 Location43 Location25 Location71 Location19 Location6 Location23 Location12 Location5 Location117 Location20 Location26 Location7 Location79 Location8 Location1 Location31 Location35 Location24 Location115 Location37 Location2 Location14 Location22 Location100 Location17 Location110 Location46 Location110 Location105 Location32 Location105 Location126 Location127 Location126 Location30 Location52 Location10 Location80 Location27 Location112 Location44 Location18 Location42 Location29 Location0
30
Location0 Location43
Location25 Location9 Location25 Location34
Location19 Location19
Location6 Location6
Location23 Location23 Location33
Location12 Location12
Location5 Location5
Location20 Location20
Location26 Location21 Location26
Location7 Location4 Location7
Location8 Location8 Location40
Location1 Location1 Location31 Location41
Location35 Location35
Location24 Location15 Location24
Location37 Location16 Location36 Location37 Location45
Location2 Location2
Location14 Location14
Location22 Location22
Location100 Location39
Location17 Location3 Location11 Location17
Location46 Location38
Location32 Location32
Location30 Location30
Location52 Location28
Location10 Location10
Location27 Location27
Location44 Location13 Location44
Location18 Location18
Location42 Location42
Location29 Location29
