0 50 100 115 114 103 114 112 116 117 113 111 113 109 120 121 130 135 137 138 136 138 137 135 130 129 123 124 123 129 130 134 133 147 133 134 130 121 120 118 107 118 120 109 113 117 116 112 114 115 100 50 0 15 14 3 14 12 16 17 13 9 20 18 7 8 7 18 20 21 30 29 23 24 23 29 30 35 37 38 36 38 41 38 37 35 30 34 33 47 33 34 30 21 20 9 13 17 16 12 14 15 0 50 65 64 62 66 67 63 59 70 68 57 58 57 68 70 71 80 79 73 74 73 79 80 85 87 88 86 92 86 88 87 85 80 84 83 97 94 98 94 97 83 84 80 71 70 59 63 67 66 62 64 53 64 65 50 100 150 165 164 153 164 162 166 167 163 159 160 159 170 168 157 158 157 168 170 171 180 179 173 174 173 179 180 185 187 188 191 188 186 188 187 185 180 172 180 184 183 197 194 198 199 150 100 50 0
38
0 1 51
103 102 103
111 104
109 110
136 146 142 136 140 141
130 122
124 124 125 126 127
147 133 147 144 148 149
107 105 106
3 2 3
8 5 6
24 24 25 26 27
36 46 42 36
41 40 41
47 33 47 44 48 49
30 22
13 4 10
63 54
58 55 56
74 74 75 76 77
92 96 92 86
88 90 91
85 72
98 94 98 99
97 83 97
59 60
53 52 53
100 101 151
153 152 153
163 154
160 160
158 155 156
174 174 175 176 177
191 190 191
186 196 192 186
172 172
197 183 197 194
199 198 199
