xse ils miy kgl jgt vzr fyc vmt emz wiy qbf gsy vlb adx kxn hcr ils jfh ogh bod krr uau svk mti ttw byu bnl agh nry kpp fjy eah vjd rjv tdu zkt ljd ukv nii gex fmr vpr lvm bow syk nsw cen cek jam ckx xnr khu fzi lwk nfr rtc qwk igs aii pvs ikb qjf kcv gmq nmf ocp wyg yug qkp bod uwo rsg xse
58
miy miy
jgt jgt
vzr nhi vzr
fyc fyc
vmt uuw vmt
emz emz
wiy wiy
qbf qbf ksg
gsy xjt tlh
vlb mok fgp
adx adx dgl
kxn fin kxn
hcr hcr
ils ils
jfh jfh
ogh ogh
krr krr
uau uau
svk svk
mti mti vvn
ttw bda ttw ptu
byu byu ruo qxs
bnl nko bnl
nry cun nry
kpp kpp
fjy fbk vmv fjy
vjd vtd hmi aeg
rjv xeh rjv idv
tdu tdu
zkt zkt
ljd cma tso ljd
ukv ukv
nii nii
gex pjf gex
lvm lvm
bow fia
nsw nsw
cen cen ego
cek ybr uok kfu
jam phg jam
ckx loj zud ckx zdb
xnr nwc
khu khu fhv
fzi fzi lwk xme
nfr lrj nfr rtc
qwk aii bdh hpx txq wbg
pvs pvs vwg
ikb ikb
qjf qjf
gmq tko
nmf nmf
ocp ocp
wyg wyg
yug yug
qkp qdw nvz
bod bod
uwo uwo
rsg rsg
