1 5 6 27 110 19 14 35 54 67 68 69 65 64 60 59 30 51 198 19 102 101 100 104 105 109 108 107 118 35 34 33 32 28 27 22 27 118 117 116 120 121 125 124 128 129 133 132 136 135 134 107 30 3 70 71 72 73 77 76 80 81 85 84 88 89 93 92 96 97 98 99 190 11 46 45 41 40 39 38 179 14 19 118 19 182 3 14 163 142 143 144 145 149 148 152 153 157 156 160 161 165 164 168 169 173 172 176 177 181 182 11 22 83 22 75 94 3 2 1
83
1 196
5 4 5
6 7
27 26
110 111
19 18 20
14 13 15
54 53 55
67 66
68 68
69 69
64 63
60 60 61
59 58
30 29 31
51 50 52
198 186 194 197 199
102 103
101 101
100 100
105 106
109 109
108 108
118 119
34 34
33 37
28 28
22 21 23
117 114 117
116 116
121 122
125 125
124 124
128 127
129 130
133 133
132 132
136 138
135 135
71 71
73 74
77 77
76 76
80 79
81 82
85 85
84 84
88 87
89 90
93 93
92 92
96 95
98 98
190 188 189 191
11 10 12
46 47
45 44 45
41 42
40 36
39 39
179 178 180
182 183
163 162
142 141
143 143
144 140
145 146
149 149
148 148
152 151
153 154
157 157
156 156
160 159
165 165
164 164
168 167
169 170
173 173
172 172
176 175
181 181
2 2
