Soda BerkeleyWayWest Campanile Evans Kresge LawrenceHall GreekTheatre Doe UniversityVillage HildebrandHall CaliforniaHall HilgardHall Boalt Wheeler DavisHall Moffit SouthHall Unit1 Blackwell BancroftLibrary Unit2 Etcheverry LeConte Foothill HavilandHall Dwinelle HearstMining BotanicalGardens BerkeleyWayWest Soda
21
BerkeleyWayWest BerkeleyWayWest
Campanile Campanile
Evans Evans BAMPFA
LawrenceHall LawrenceHall InternationalHouse
GreekTheatre GreekTheatre
Doe Doe
UniversityVillage Bowles
HildebrandHall Gilman
CaliforniaHall CaliforniaHall Unit3
Wheeler Wheeler
DavisHall Stern
Moffit Moffit
SouthHall SouthHall
Unit1 Unit1
Blackwell DurantHall Campbell
BancroftLibrary BancroftLibrary
Unit2 Unit2
LeConte LeConte
Foothill Foothill
Dwinelle Dwinelle
HearstMining HearstMining
