Evans Artichokes Soda Plentea StrawberryCreek HearstMining VLSB HavilandHall HappyLemon Moffit LeConte HortonHall Doe SatherGate InternationalHouse CaliforniaHall Firewings HilgardHall AshaTeaHouse ImmThai AlumniHouse BerkeleyWayWest Yifang UCafe Chipotle RSF Underhill Foothill HAAS BAMPFA Barrows KroeberHall Bowles ZellerbachHall Cornerstone WursterHall Plentea LatimerHall MLK Dwinelle Morrisonhall Campbell Unit3 Milkbomb Pappys Unit2 DurantHall Campbell WursterHall Evans
36
Evans Cory
Soda Soda
Plentea SutardjaDai
StrawberryCreek Kresge
HearstMining HearstMining
VLSB VLSB
HavilandHall BancroftLibrary HavilandHall
HappyLemon LawrenceHall
Moffit Moffit
LeConte LeConte
HortonHall MemorialStadium
Doe Doe
SatherGate GreekTheatre CanyonPool GiauqueHall
InternationalHouse InternationalHouse
CaliforniaHall CaliforniaHall
HilgardHall HilgardHall
AlumniHouse AlumniHouse
BerkeleyWayWest BerkeleyWayWest
Yifang Wheeler UniversityVillage
Chipotle ThaiNoodle Gilman BotanicalGardens
RSF RSF
Underhill Campanile Blackwell DavisHall
Foothill Foothill
HAAS Unit1 HAAS
BAMPFA BAMPFA
Barrows Barrows
KroeberHall Etcheverry
Bowles Bowles
ZellerbachHall ZellerbachHall
MLK MLK HildebrandHall
Dwinelle Dwinelle
Campbell Campbell Eshelman
Unit3 Unit3 Boalt
Milkbomb SouthHall HesseHall
Unit2 Stern Unit2
DurantHall DurantHall
