0 2 84 2 13 3 2 8 2 1 40 59 5 2 4 0 2 10 2 0 68 0 61 4 1 4 0 6 2 1 117 0 122 161 0 131 2 0 47 0 6 2 0
18
0 22 43 51 54 66 77 80 121 124 135 143 146 157
2 2 65 69 83 94 95 102 151 153 188 189 190 191 192 193 194 195 196 197 198 199
84 24 36 73 118 145 160
13 7 13 31 72 112
3 3 19 62 101 107 142
8 67 129
1 120 133 159
59 35 53 59
5 5 60 148
4 86
10 34
68 12 28 68
61 61
6 140
122 56 122
161 162 163 164 165 166 167 168 169 170 171 172 173 174 175 176 177 178 179 180 181 182 183 184 185 186 187
131 44
47 47 155
