hdpxs cihba bsvth rchbw frhgc cgjda cqsby glrpy qhvsb drojn tndwl wcjeg qsmkj bwknx ohzfn ktzce ehqyk zcjqx pytwh nqtru sxdiu wdquv qckjp uklga zqjxb ebwcp rzvtg armnk oewcd rdoqk syoxf lpudv qbdwz mhekz kzwah jcwpu joztf rjdai oxitr hdpxs
37
cihba wnelr cihba osxbc
bsvth bsvth htkwy
rchbw amfiz rchbw
frhgc frhgc
cgjda lmwpk
cqsby ahnds cqsby
glrpy yqtob yazqf dbjxw
qhvsb qhvsb
drojn xlrzc drojn vobqh
tndwl tndwl zntkr
wcjeg gdovn wcjeg
qsmkj utdhx qsmkj vcwfj
bwknx wotiq bwknx
ohzfn ohzfn dkjro iyuas
ktzce uiogl ktzce
ehqyk yqfdk ehqyk
zcjqx fjdqi zcjqx
pytwh pytwh gstwp
nqtru mlibf tmwdy nqtru rlumh
sxdiu sxdiu vgwoi hwmzn
wdquv rjuxc xnpwq wdquv
qckjp qckjp
uklga uklga
zqjxb lnjxt zqjxb ymcfp jhlus
ebwcp bdevm ebwcp
rzvtg ayrgb oxuqn rzvtg ypdnb
armnk armnk btwzv bkfuc tkwle
oewcd cxdes osvgp oewcd mhuad tjake
rdoqk stflc syoxf
lpudv gdnim pgqva yvbse lpudv evsbm
qbdwz maqho wajol qbdwz
mhekz gufvs kjihy syoxv mhekz
kzwah qpbmc mujil wkbuf kzwah pihld xcvow
jcwpu jcwpu aedvq kscoz
joztf joztf evtgj cxajk
rjdai qhibx mtcsd rjdai oaeyh
oxitr oxitr
