Hayward Asheville McHenry LongBeach StPaul Corona Springdale Topeka Rochester Downey Fitchburg Burbank Danbury Atlanta Sebastian Burbank Harlingen RichmondCounty York Huntsville Tyler Kennewick Hickory Monroe Memphis CedarRapids Asheville CedarRapids Hayward
21
Hayward SantaClara
Asheville Asheville Durham Bloomington
McHenry PalmBay McHenry Newark Torrance
Corona Deltona Modesto Waco
Springdale Springdale
Topeka ThousandOaks Omaha Topeka SantaCruz
Rochester SaintPaul
Downey Downey
Burbank Burbank Chicago
Danbury Danbury
Atlanta GrandRapids Atlanta
Harlingen Harlingen
RichmondCounty Charlotte RichmondCounty Hampton
York Aurora Bakersfield NewBedford York
Huntsville Tucson Yonkers McAllen Bradenton Huntsville Waterloo
Tyler Tyler
Kennewick PuntaGorda Barnstable NewYorkCity Kennewick
Hickory LakeCharles HuntingtonBeach Tampa Hickory
Monroe BelAir Monroe
Memphis Memphis
CedarRapids CedarRapids
