Hayward Brighton Elkhart Seaside Shreveport BoiseCity Tucson SanBuenaventura Oxnard PembrokePines Warren CathedralCity Orem Anchorage ThousandOaks Tucson NewYork Tucson Deltona Salem Poughkeepsie SantaMaria SouthBend Melbourne Racine PortArthur Lacey Orem Bethlehem Torrance Marysville Layton Visalia Frederick Marina PortArthur Boston Vancouver GrandRapids SaintPaul Duluth Fullerton Roseville DalyCity Burlington SantaClarita Newburgh Waterbury Hayward
42
Brighton Henderson NewYorkCity
Elkhart McAllen Modesto Elkhart
Seaside CapeCoral Bloomington
Shreveport NorthLasVegas Hartford
BoiseCity Tyler Arvada Scranton HuntingtonBeach
Tucson Tucson
SanBuenaventura PuntaGorda Norwich SanBuenaventura Hemet Anaheim
Oxnard Oxnard
PembrokePines PalmBay Pueblo LasVegas SantaClara Aberdeen
Warren York
CathedralCity Savannah CathedralCity Ogden
Orem Nashua NewBedford
Anchorage Utica Greenville OverlandPark Anchorage Mesquite Fresno LakeCharles Louisville
ThousandOaks ThousandOaks Olympia Huntsville
NewYork RoundLakeBeach Birmingham Monroe Kalamazoo
Deltona Deltona
Salem Salem Newark
Poughkeepsie Mobile
SouthBend Barnstable Hagerstown Bakersfield
Melbourne Lubbock Melbourne
Racine Racine
PortArthur RichmondCounty
Lacey Lacey
Bethlehem Bethlehem
Torrance Albuquerque Eugene Torrance
Marysville Omaha Boise Stamford Marysville
Layton Layton
Visalia Columbus SiouxFalls
Frederick Frederick
Marina NewportNews Marina Hialeah Kissimmee
Boston Harlingen Charlotte Champaign
Vancouver Vancouver
GrandRapids GrandRapids
SaintPaul JohnsonCity ElPaso SaintPaul
Duluth Duluth Detroit Spartanburg
Fullerton Flint Fullerton Plano Scottsdale
Roseville Cincinnati Laredo Topeka
DalyCity GreenBay
Burlington HavredeGrace Downey StLouis Burlington
SantaClarita CorpusChristi
Newburgh Newburgh
Waterbury Waterbury
