loc0 loc1 loc7 loc100 loc36 loc15 loc7 loc56 loc65 loc58 loc92 loc18 loc76 loc9 loc31 loc87 loc43 loc25 loc3 loc93 loc9 loc4 loc39 loc68 loc6 loc8 loc50 loc6 loc63 loc19 loc96 loc21 loc49 loc2 loc67 loc85 loc24 loc44 loc79 loc48 loc26 loc4 loc29 loc99 loc21 loc6 loc2 loc41 loc8 loc1 loc84 loc6 loc78 loc19 loc1 loc77 loc48 loc54 loc57 loc26 loc2 loc95 loc40 loc7 loc86 loc61 loc69 loc25 loc96 loc70 loc16 loc8 loc5 loc12 loc30 loc3 loc22 loc10 loc1 loc43 loc1 loc20 loc83 loc33 loc81 loc1 loc0
61
loc1 loc1 loc46 loc52 loc72 loc73 loc74 loc89 loc90
loc7 loc7
loc100 loc100
loc36 loc35 loc36 loc37
loc15 loc14 loc15
loc56 loc55 loc56
loc65 loc64 loc65 loc66
loc58 loc58 loc59
loc92 loc91 loc92
loc18 loc17 loc18
loc76 loc75 loc76
loc9 loc9
loc31 loc31 loc32
loc87 loc87 loc88
loc43 loc42 loc43
loc25 loc25
loc3 loc3
loc93 loc93 loc94
loc4 loc4
loc39 loc38 loc39
loc68 loc68
loc6 loc6
loc8 loc8
loc50 loc50 loc51
loc63 loc62 loc63
loc19 loc19
loc96 loc96 loc97
loc21 loc21
loc49 loc49
loc2 loc2
loc67 loc67
loc85 loc85
loc24 loc23 loc24
loc44 loc44 loc45
loc79 loc79 loc80
loc48 loc47 loc48
loc26 loc26 loc27
loc29 loc28 loc29
loc99 loc98 loc99
loc41 loc41
loc84 loc84
loc78 loc78
loc77 loc77
loc54 loc53 loc54
loc57 loc57
loc95 loc95
loc40 loc40
loc86 loc86
loc61 loc60 loc61
loc69 loc69
loc70 loc70 loc71
loc16 loc16
loc5 loc5
loc12 loc11 loc12 loc13
loc30 loc30
loc22 loc22
loc10 loc10
loc20 loc20
loc83 loc82 loc83
loc33 loc33 loc34
loc81 loc81
