Granbull Conkeldurr Electrike Crawdaunt Illumise Spinda Amoonguss Rhyhorn Tsareena Masquerain Tsareena Cascoon Eelektross Deino Machamp Lampent Smeargle Electrode Flareon Lickilicky Tsareena Rapidash Tyrunt Torracat Exeggcute Butterfree Absol Granbull
23
Conkeldurr Roserade Diggersby Infernape Metapod
Electrike Electrike
Crawdaunt Crawdaunt
Illumise Torchic Sylveon Chespin Typhlosion
Spinda Spiritomb Spinda Mawile Trumbeak Blissey
Amoonguss Buizel Mantine Raichu Whiscash Lycanroc Darkrai Golbat Carnivine Floatzel Luvdisc
Rhyhorn Mimikyu Malamar Metagross Carbink Deoxys
Tsareena Tsareena Greninja Gliscor Mudsdale Feraligatr Vivillon
Masquerain Cosmog
Cascoon Cascoon Krookodile Corphish
Eelektross Arbok Cinccino
Deino Kangaskhan Jirachi
Machamp Slakoth Happiny Remoraid Reshiram Machamp Serperior Torkoal Pidgeot Magmortar Ninjask Chatot Nuzleaf
Lampent Heatran Quilava Lampent Rufflet Crabominable
Electrode Bonsly Grumpig Reuniclus Electrode Flygon PorygonZ
Flareon Heatmor Charmander Goomy
Lickilicky Skitty
Rapidash Floette
Tyrunt Unown Charizard Relicanth Whimsicott Mightyena Bronzor Probopass Glalie
Torracat Torracat Budew Jolteon Lapras
Exeggcute Ampharos Chinchou Binacle Magmar Bergmite Exeggcute
Butterfree Butterfree Beedrill Cubone TypeNull
Absol Absol Dustox Rockruff Swanna Hitmontop Lileep
