Glameow Spheal Inkay Turtwig Wailord Feebas Bergmite Spiritomb Ivysaur Meganium Ivysaur Zygarde Ledian Beheeyem Leavanny Cacturne Weedle Poochyena Fomantis Throh Glalie Buneary Wartortle Furret Electivire Archeops Loudred Glameow
19
Spheal Spheal Gothorita
Inkay Inkay
Wailord Wailord
Feebas Togepi
Bergmite Gumshoos Bergmite
Spiritomb Spiritomb
Ivysaur Spinarak
Meganium Meganium
Zygarde Zygarde
Ledian Ledian
Beheeyem Golett Beheeyem
Leavanny Leavanny
Poochyena Piplup
Fomantis Mudbray
Glalie Glalie
Buneary Buneary Gigalith
Furret Furret
Electivire Electivire Yanma Archeops
Loudred Loudred
