74 72 71 75 102 118 111 116 118 46 50 46 2 151 157 156 152 159 153 155 151 18 11 13 16 18 169 167 170 164 169 21 29 23 21 192 200 199 191 192 63 70 66 63 87 88 81 89 87 38 36 35 37 39 38 98 99 98 132 135 132 182 121 130 121 172 171 179 174 172 58 55 53 54 58 141 146 141 75 76 80 72 74
50
74 74
71 77
75 75
102 104
118 118
111 111 114
116 116 113 119
50 50 47 41 46
2 6 8 2
157 157
156 156 160
153 153
151 151
11 11 14
13 13
16 19 16
169 169
167 167 165 166
170 168
164 161 164 163
29 28 26 30 29
23 25 23
200 197 192
199 199 198
191 191
70 69 70
66 62 68 61 66
88 83 88
81 81 85 82
89 86 89
36 36
35 35
37 37 32
39 39
38 31 38
99 96 99
135 135 137 131 139 140
132 136
182 185 189
130 126 128 122
172 172
179 179 178 175 180
174 174
55 52 55
53 58 59 53
54 54 57
141 148 145 141
146 146 142
76 76 73
80 80
