0 1 8 117 116 117 8 1 175 111 110 21 20 142 141 140 139 138 95 137 136 135 92 91 118 89 132 30 29 28 27 26 27 28 29 46 45 99 45 46 32 63 62 63 32 46 29 30 132 89 118 39 118 91 92 135 136 137 95 138 139 140 141 142 20 21 110 111 112 113 37 36 37 113 78 15 47 127 147 13 12 11 103 107 106 107 103 11 12 13 147 54 24 23 22 154 22 23 24 54 147 127 126 127 47 15 78 79 165 166 167 168 169 151 152 14 4 120 163 164 165 125 124 123 83 82 81 82 83 123 124 125 165 79 78 113 112 111 175 1 0 179 178 150 70 150 178 179 0
33
116 114 115 116
111 109 111 112 175
138 93 94 95
27 27
26 25 26
28 96
29 29
99 98 99
63 63
62 170 61 62 84
32 32
132 131
39 49
135 72 90
141 172 58 7
36 35 87
113 102 113
78 77
147 147
106 105 106
103 103 9
154 153 154 22
54 24 53 54
126 126 173 55
15 15 47
168 86
151 152 34
163 158 2 4 73
123 122 123
81 16 17 80 81
83 83
178 150 178 44
70 69 70
