Soda Bahamas Norway Belize Argentina Luxembourg Congo Japan Sudan Lao Nigeria Rwanda Singapore Lebanon Finland Cambodia Slovenia Sint Croatia Republic Liberia Aruba British Korea Moldova Latvia Hong Palau Pitcairn Mayotte Saint Netherlands Kyrgyzstan Niger Iran Albania United Jamaica Czech Burkina Soda
34
Bahamas Indonesia Bahamas Mexico
Belize Belize
Argentina Pakistan Northern Argentina
Luxembourg Luxembourg
Congo Burundi Congo
Japan Japan
Lao Lao
Nigeria Nigeria
Rwanda Rwanda
Singapore Singapore
Lebanon Lebanon
Finland Finland
Cambodia Cambodia
Sint Sint
Croatia Croatia
Republic Republic Algeria Antigua
Liberia Liberia
Aruba Aruba
British British
Korea Korea Egypt
Moldova Moldova
Latvia Latvia
Palau Hong Palau
Pitcairn Pitcairn
Mayotte Mayotte Malawi Ireland
Saint Saint New
Netherlands Fiji Netherlands Kiribati
Kyrgyzstan Sao Kyrgyzstan
Niger Niger
Iran Iraq Macao
Albania Albania
United United
Jamaica Jamaica
Burkina Burkina
