node139 node104 node20 node196 node147 node50 node4 node169 node109 node68 node123 node80 node167 node12 node150 node81 node22 node6 node5 node1 node139
19
node139 node181 node24 node92 node19 node154 node160 node56
node104 node49 node47 node149 node16 node71
node20 node53 node20 node112 node162
node196 node185 node86 node126 node65 node41 node97 node141 node72
node50 node50 node100 node38 node30 node42 node85 node18 node173
node4 node165
node169 node119 node98 node134 node186 node190 node169
node109 node178 node66 node111 node129 node109 node55
node68 node195 node114 node3 node163 node191 node159 node48 node61 node102 node59
node123 node125 node123 node143
node80 node37 node80 node200
node167 node167 node180
node12 node60 node158 node10 node152 node12 node157
node150 node33 node146 node182
node81 node8 node192 node17 node124 node81 node26 node108 node54 node73
node22 node22 node27 node96 node188 node52
node6 node184 node130 node94 node117 node84
node5 node5
node1 node107 node1 node51 node57 node116
