8 1 6 7 96 141 81 122 123 97 144 98 106 153 162 112 113 114 106 50 97 98 36 98 106 54 98 34 51 35 18 16 36 20 90 42 103 110 170 192 171 110 159 183 182 159 101 24 23 92 138 90 20 14 12 4 8
42
8 3
1 5
6 82 6 83
7 2
96 152 142
141 185 174 125
81 121 79
122 80 172
123 123 124 127 120 173
97 97 105 126
144 144
98 99 145
106 66 52 70
153 164 153
112 49
113 165 113
114 115
50 63 64 65 47
36 88 55 73
54 54 71 68 72 116
34 53
51 69 51
35 35 33
18 39
16 19 85 100 17
20 21
90 137 102 90 89
42 59 22 42 40 61
103 45 95
110 169 118 78
170 160 193
192 191 192
171 171
159 167 168 190
183 183 188
182 147 182
101 109 136 135
24 24 38 26
23 25 87 91 23
92 93
138 179 181
4 4 30 29
