0 8 4 16 4 10 4 10 6 10 36 10 74 10 36 10 74 10 40 10 40 10 6 10 40 10 4 43 4 8 11 8 57 8 0 80 81 82 81 82 83 82 81 80 119 80 81 82 83 84 85 84 83 82 81 80 119 118 117 118 117 116 115 116 115 114 115 114 113 114 113 112 113 114 115 114 115 114 113 114 115 116 115 116 117 116 117 118 119 118 117 118 117 118 119 80 0 1 45 1 45 1 0 8 0 71 0 80 0 80 81 80 0 79 0 30 0 33 0 60 0 80 81 80 0
27
0 2 5 7 14 23 25 29 37 39 42 44 50 52 55 56 59 66 67 70 72 77 78
8 8 51 65 75
4 4 15 38 47 69
16 16 24 61
10 10
6 6 20 31 34 53 73
36 36
74 74
40 40
43 43
11 11 22 46 64 76
57 57
80 80
82 82
84 84
85 86 88 90 92 94 96 98
118 118
116 116
114 114
112 100 102 104 106 108 110 112
1 1 3 9 12 13 17 18 19 21 26 27 28 32 35 41 48 49 54 58 62 63 68 129
45 45
71 71
79 79
30 30
33 33
60 60
