140 106 120 103 152 116 137 195 169 22 31 74 147 73 150 133 80 23 65 189 118 85 184 50 42 4 128 33 115 172 144 25 0 2 88 104 5 28 108 148 35 18 96 140
40
140 135 153
103 76 103 84
152 170
116 21
137 177 197 94 62 12 167 9 97 61
195 159
169 169
22 112 22 178
31 166
74 130
147 57
73 73 82
150 8 150 27 56
133 185 114 133
80 40 80
23 125 13 154
65 65
118 10 49
85 14 85
184 41 7 83 101 6 142
50 44 50 102 39 196
42 42 175 134
4 4
128 179 95 128 168
33 139 117 190
115 32 115 53 51
172 36 47
144 29 151
25 127 132 25
0 158 160
2 59 55
88 93
104 104 182
5 19 11 45 5 79
28 176 123
108 108
148 193 186 77 173 146
35 35 89
18 18
96 96
