Soda Location50 Location22 Location156 Location60 Location88 Location163 Location129 Location130 Location92 Location169 Location137 Location162 Location40 Location164 Location19 Location27 Location82 Location127 Location89 Location67 Location61 Location42 Location30 Location187 Location13 Location133 Location174 Location54 Location170 Location93 Location161 Location121 Location52 Location94 Location64 Location144 Location65 Location84 Location181 Location29 Location191 Location14 Location145 Location0 Location131 Location47 Location39 Location55 Location173 Location123 Location189 Location184 Location99 Location56 Location192 Location34 Location31 Location24 Location31 Location25 Location171 Location74 Location186 Location160 Location18 Location15 Location18 Location185 Location78 Location77 Location10 Location11 Location125 Location16 Location48 Location7 Location75 Location2 Location49 Location175 Location158 Location9 Location135 Location17 Location143 Location115 Location141 Location23 Location146 Location103 Location149 Location104 Location177 Location180 Location12 Location120 Location72 Location105 Location81 Location57 Location117 Location154 Location53 Location58 Location1 Location113 Location20 Location15 Soda
69
Soda Soda
Location50 Location50 Location190
Location22 Location3
Location156 Location28 Location101
Location60 Location60
Location88 Location88
Location163 Location8 Location179 Location36 Location163 Location176
Location129 Location129
Location162 Location162
Location40 Location40
Location164 Location164
Location19 Location19
Location27 Location168 Location102 Location27
Location82 Location112
Location127 Location127
Location89 Location89
Location67 Location128
Location61 Location182 Location70
Location42 Location119 Location42
Location30 Location30
Location187 Location187
Location13 Location188
Location133 Location134 Location43
Location121 Location46
Location64 Location64
Location144 Location144
Location65 Location62 Location147
Location181 Location181
Location29 Location29
Location191 Location191
Location145 Location145
Location0 Location0
Location131 Location131
Location39 Location39
Location173 Location173
Location123 Location172 Location123 Location118 Location41
Location189 Location189
Location184 Location142 Location184
Location99 Location99
Location56 Location56
Location192 Location116 Location32
Location34 Location34
Location24 Location38
Location25 Location25
Location74 Location74 Location87
Location160 Location90 Location151
Location10 Location10
Location11 Location11
Location125 Location125
Location16 Location16
Location48 Location48
Location75 Location75
Location49 Location49
Location158 Location158
Location9 Location9
Location135 Location135
Location143 Location33 Location143
Location115 Location115
Location149 Location149
Location104 Location104
Location180 Location180
Location12 Location12
Location120 Location120
Location72 Location72
Location105 Location105
Location57 Location57
Location154 Location154
Location1 Location1 Location132
Location113 Location113
