0 69 65 44 28 35 66 45 51 15 26 73 68 13 49 2 11 134 58 19 55 5 72 76 63 16 20 47 67 71 6 33 77 17 29 1 10 131 39 30 54 48 38 37 57 42 22 36 53 23 25 32 24 21 34 8 46 37 52 3 59 0
58
0 0
69 69
65 65
44 70 44 62
28 28
35 35
66 66
45 45
51 51
15 15
26 26
73 74 73
68 75 68 78
13 13
49 49
2 2
11 31 11
58 58
19 19
55 56 55 12
5 7 4 5
72 72 41
76 76 64
63 63
16 16
20 20
47 47
67 67
71 71
6 6
33 33
77 77
17 17
29 29
1 1
10 10
39 39 61
30 30
54 54 18
48 48
38 50 38
57 60 57
42 42
22 22
36 36
53 14 53
23 27 23
25 25
32 43 32
24 24
21 21 9
34 34
8 8
46 46
37 37
52 52
3 3
59 59
