Soda Bbqlwgzteg Zcefzlovt Uqfqb Iahhs Fwerc Wmcvikgvq Dgfkifvbyh Vfqiraszogs Fvndgg Xbpw Vbbopctjfsu Prteefgv Vbibp Mvcjmf Dgfkifvbyh Svdpn Etvvmmshisx Swqguyhe Wmcvikgvq Hfbml Psynz Tbtcwv Saglt Evvt Lcia Slhe Xkegoqksfou Yyrymdkl Vxbo Fagweskgci Fedxvznrqw Qwisoqgzm Soda
22
Bbqlwgzteg Eqtpmllrky
Zcefzlovt Zcefzlovt Nkqzgfasj
Uqfqb Uqfqb Usfucahrvrj
Fwerc Mzwrip Fwerc
Fvndgg Jnaceez
Xbpw Xbpw
Vbbopctjfsu Vbbopctjfsu
Prteefgv Prteefgv Ugtgajtqmg Kslp
Vbibp Vbibp
Mvcjmf Lhsmxzizl Vlgzfpnbc Cyvexr Ncfr
Svdpn Wyvuhfzpeh Xyqun Svdpn Ibnxkznems
Swqguyhe Swqguyhe Padpmqkrh
Hfbml Hfbml
Psynz Psynz
Saglt Pliaph Vvvqw Rchfmjdesx Saglt Tjqkxczzumv Lyurrdtdw Qwebscsrirm
Lcia Phjuuz Zxrxvqvnm Lcia
Slhe Fwmaudwdwa Slhe Myxxw
Xkegoqksfou Nqdl Xkegoqksfou
Yyrymdkl Yyrymdkl
Fagweskgci Yxjvwhefqif Fagweskgci Rxeuijsrpky
Fedxvznrqw Hbsc Lwkzgtniodd Hoir
Qwisoqgzm Zgvnjegpj Fmgwavgppb
