0 56 76 96 103 150 67 42 44 111 100 29 62 34 31 10 186 127 175 132 168 58 77 105 68 94 97 30 14 162 49 149 38 93 23 82 164 1 78 12 79 141 126 2 146 27 172 192 64 110 108 133 41 139 179 170 91 183 63 24 5 178 140 120 73 152 22 155 130 51 115 143 11 28 47 45 189 26 86 21 0
74
56 56
76 163 85 76
103 103 99
150 150 131
67 101 67
42 195 42
44 52 44
100 100
29 29
62 62 194 71
34 34
31 193 31
10 10
186 186 39 59 66
127 127 121
175 177 175
132 46 132
168 168
77 50 77 13
105 105
68 68
94 94 87
97 97
30 30
14 14
162 162
49 142 49
149 149
38 38
93 93 35
23 136 23 104
82 82
164 164
1 1
78 78
12 12
79 72 79
141 141
126 126
2 2
146 146
27 27
172 172
192 192
64 64
110 110
108 108
133 133
139 139
179 179
170 170
91 91
183 183
63 63
24 24
5 5
178 178
140 140
120 120
73 73
152 152
22 22
155 155
130 130
51 51
115 115
143 143
11 11
28 28
47 47
45 45
189 189
26 26
21 21
