0 198 126 133 65 95 90 143 11 87 166 98 170 187 42 101 93 147 72 150 186 67 34 189 167 35 15 1 114 70 131 16 48 108 57 112 120 123 7 40 194 43 65 169 86 190 175 96 46 88 152 151 52 128 119 109 10 149 20 117 164 184 153 82 29 81 22 161 69 142 38 145 86 0
56
0 13
198 83 198
133 68
95 95
90 90 197
143 143
11 11
166 166
170 170
187 139 9
101 101
147 23 147 106 104
72 72
150 150
186 49 186 97 89
67 27 67
189 71 189
167 85 14 167
35 35 185
1 1
114 39 103
70 195
131 160
16 16
108 108
57 138 55 94 73 57 92
112 188 2 112
120 172 196
123 123
194 132 74
43 45 43
169 141 21 169 77 66
86 86
175 175
96 105 50
46 46
88 41 157 102
152 152 59 19
52 52
128 99 3
119 119
10 176 10
149 56
20 20
164 164
184 124 26
153 129 24
82 82
29 29
81 64 148 107
22 137
161 161
69 12 69
142 142
38 125 38 182
145 100 51
