2 157 53 193 50 55 139 62 94 62 90 95 82 110 158 112 190 92 21 105 108 57 15 30 137 172 98 36 152 162 121 196 155 178 37 25 81 12 127 150 101 93 194 10 31 125 5 169 160 166 113 99 174 176 51 76 22 14 18 171 149 66 135 114 126 175 87 8 13 69 134 94 28 116 103 24 142 60 35 199 195 56 52 145 42 50 1 187 111 33 185 70 100 198 128 131 63 26 11 23 34 181 45 102 148 88 78 20 27 141 75 64 186 136 119 68 53 157 2
72
2 2
157 49 157
53 53
193 193
50 50
55 130 55
139 139
62 96
94 94
90 177 90
95 95
82 82
110 110
158 158
112 112 161 4
92 92
15 15
30 30
172 61
98 98
36 36
121 79 121 7
196 196
178 178
37 86
25 25
12 12
93 93
194 194
125 125
5 188
166 32 44 115
113 113
99 165
174 174
51 51
76 76
14 14
171 179 133 171
149 3 149
114 6 118 80 54 114
126 126
175 48
8 8
13 13 138
134 122 189 182 67
28 28
116 116
142 142
60 85
35 35
199 106 97
56 56
52 52
145 145
42 42
187 187
100 100
128 128
131 131 156
63 63
26 26
23 23
34 34
181 181
102 164
20 173 59
27 27
141 141
186 38 46 73 58 192 0
136 136
119 119
