199 24 10 151 197 103 177 79 38 83 55 94 62 171 125 109 57 11 189 176 46 72 6 184 142 26 54 150 49 163 17 127 110 85 104 45 80 175 5 39 5 39 29 39 5 44 5 65 76 106 107 145 37 124 119 156 74 192 58 186 144 73 21 88 77 105 133 91 7 160 7 177 41 157 115 167 173 128 193 92 43 27 2 71 158 28 197 141 117 23 169 122 183 52 102 113 1 108 13 67 34 98 8 70 19 129 47 93 178 121 149 89 138 30 66 14 162 22 63 68 159 194 16 81 103 182 35 24 199
81
199 82
24 24
10 10
79 79
38 38
83 83
55 3 18 55
94 94
62 15 62
109 33
57 57 61
11 11
189 9 40 95 96
46 46
72 72
6 6
26 26
54 54
150 20
49 0 49
163 75
17 17
127 25 69
85 85 99
45 45
80 80
5 5 48
39 39 90
29 29
44 44 60
65 65 86
76 76
106 42
107 36
145 32
37 37
119 4
74 74
58 58
73 73
21 21 59
88 88
77 51 77
91 12 91
7 7
41 41
167 78
193 31
92 92
43 43
27 27
2 2
71 71
28 28
23 23
122 84
52 52
102 97
1 1
13 13
67 67
34 34
98 98
8 8
70 53 70
19 19
47 47
93 56 93
178 50
149 87
89 89
30 30
66 66
14 14
22 22
63 63
68 68
194 64
16 16
81 81
35 35
