Whitgrove Dribblecombe Shaftwick Egmerhampton Skelberden Hamscombe Rothead Wycastle Abgleham Wethampton Faldenhall Rothingcombe Sirenshall Worberney Cannerthorne Bastlebury Southmere Waltcompbrook Barndlesthorne Sodberling Windleshead Farndlesover Egford Chilmerdon Wychditch Stainbrough Maidendstoke Enderbeck Marlbeck Botenbrook Endleshall Whitringlake Botbeck Suddenmoor Burglemere Cireport Toddenmoor Ketnell Worbrook Toddingchester Egbeck Skellenshot Rotherlow Worford Hampingworth Barndlesborough Whitgrove
40
Whitgrove Whitgrove
Dribblecombe Dribblecombe
Shaftwick Falworth Dartden Abcester
Egmerhampton Egmerhampton
Skelberden Skelberden Sodport
Hamscombe Alfmere
Rothead Bothenhall
Wycastle Reddendeney Ketchester Suddingover Watchlake Tippingbage Ellerbridge Wycastle Bootwick
Abgleham Siavon Horsnell Endingnell Sundlethorne Abgleham Blansbrook
Wethampton Wethampton
Faldenhall Faldenhall Shaftborough Boothingmanstree
Rothingcombe Rothingcombe Milthorne
Sirenshall Sirenshall Hampingbascombe
Cannerthorne Cannerthorne Eley Wetsmith Elside Waltbeck
Bastlebury Bastlebury Hamwold Rothendcombe Emmerley
Southmere Farnditch Ribberrenston Southmere Egsted
Sodberling Bothenton Bromstanham Sodberling Bursmith
Windleshead Casbrook Endleberey
Farndlesover Farndlesover
Wychditch Abglewold
Stainbrough Tippendham Wendleringdown
Maidendstoke Hampingcastle Nortwell Wetwick
Enderbeck Sifield Enderbeck
Marlbeck Tippenbrook
Botenbrook Tipstoke
Endleshall Melwood Candleswick Wolley
Whitringlake Whitringlake
Botbeck Clereennell Chedworth Botbeck Marlcester Sundendford
Suddenmoor Staincombe Suddenmoor
Burglemere Redcombe Southbury
Cireport Leatherport Horstleover
Toddenmoor Toddenmoor Durbrook
Ketnell Ketnell Staplow Prestwick Siey
Worbrook Worrenberwang Todhampton
Egbeck Stapbrough
Skellenshot Cihead Skellenshot Wychcompwold
Rotherlow Rotherlow
Worford Penby Worford Dribberham Falderseythorne
Hampingworth Basditch Worhall Hampingworth
Barndlesborough Skellingover Wychchester Marlbrook
