Warfield Ketsmith Leatherbleside Siringwang Windling Ellenby Horstlescompstoke Wyborne Cammerrensmoor Hannenmanswick Ashborne Tipwick Burglebrough Wetberditch Sundlerensford Ashfield Suddlecombe Falport Soddlewick Cannerthorne Warfield
18
Warfield Warfield Brackcompwang Chilbury
Ketsmith Chelmstanwell Pendingbrook Whitchester Suddlecastle Chiphead
Leatherbleside Dribbingworth Leatherbleside
Siringwang Siringwang
Windling Skellingden Barndberbrough Windling Millendon
Horstlescompstoke Horstlescompstoke
Wyborne Wyborne Cambingstoke Hammerringey
Cammerrensmoor Stainbrough Cammerrensmoor Suddleborne
Hannenmanswick Hamsling Hannenmanswick
Ashborne Ashborne Worhall
Tipwick Tipwick
Burglebrough Skelling Chedtree Burglebrough Suddleover Sudsmith Elmansham
Sundlerensford Worberbrook
Ashfield Ashfield Ketport Bastleseyham
Suddlecombe Basringney Suddlecombe Chippingsted Northall Ellingreham
Falport Botherseyworth Pendlewood Cicombe Falport
Soddlewick Soddlewick
Cannerthorne Todtree Chedderrenswich Southbasport
