LAMASA01 LAMASA07 LAMASA08 LAMASA09 LAMASA10 LAMASA11 LAMASA10 LAMASA09 LAMASA08 LAMASA07 LAMASA08 LAMASA09 LAMASA10 LAMASA11 LAMASB07 LAMASB08 LAMASB09 LAMASB10 LAMASB11 LAMASB10 LAMASB11 LAMASC13 LAMASC02 LAMASC03 LAMASC06 LAMASC03 LAMASC06 LAMASC07 LAMASB11 LAMASB10 LAMASB11 LAMASC13 LAMASB11 LAMASC07 LAMASC08 LAMASC09 LAMASC10 LAMASC11 LAMBSA01 LAMBSB13 LAMBSA01 LAMASC11 LAMASC10 LAMASC09 LAMASC08 LAMASC07 LAMASC06 LAMASC03 LAMASC05 LAMASC03 LAMASC04 LAMASC03 LAMASC05 LAMASC03 LAMASC02 LAMASC13 LAMASC02 LAMASC03 LAMASC04 LAMASC03 LAMASC06 LAMASC07 LAMASB11 LAMASB12 LAMASB11 LAMASC13 LAMASC02 LAMASC03 LAMASC02 LAMASC13 LAMASC02 LAMASC03 LAMASC02 LAMASC03 LAMASC05 LAMASC03 LAMASC05 LAMASC03 LAMASC05 LAMASC03 LAMASC04 LAMASC03 LAMASC06 LAMASC07 LAMASC08 LAMASC07 LAMASC08 LAMASC07 LAMASC06 LAMASC03 LAMASC04 LAMASC03 LAMASC04 LAMASC03 LAMASC06 LAMASC03 LAMASC02 LAMASC13 LAMASB11 LAMASB10 LAMASB09 LAMASB08 LAMASB07 LAMASB06 LAMASB07 LAMASB06 LAMASB03 LAMASB02 LAMASA11 LAMASA12 LAMASA11 LAMASA10 LAMASA11 LAMASA12 LAMASA11 LAMASB02 LAMASA11 LAMASA10 LAMASA09 LAMASA08 LAMASA07 LAMASA01
21
LAMASA07 LAMASA02 LAMASA04 LAMASA05
LAMASA08 LAMASA08
LAMASA09 LAMASA09
LAMASA10 LAMASA10
LAMASA11 LAMASA11
LAMASB08 LAMASB08
LAMASB09 LAMASB09
LAMASB10 LAMASB10
LAMASB11 LAMASB11
LAMASC02 LAMASC02
LAMASC08 LAMASC08
LAMASC09 LAMASC09
LAMASC10 LAMASC10
LAMASC11 LAMASC11 LAMASC12
LAMBSA01 LAMBSA02 LAMBSA04 LAMBSA05 LAMBSA08 LAMBSA09 LAMBSA10 LAMBSA11 LAMBSA12 LAMBSB02 LAMBSB04 LAMBSB05 LAMBSB08 LAMBSB09 LAMBSB10 LAMBSB11 LAMBSB12 LAMBSC02 LAMBSC04 LAMBSC05 LAMBSC08 LAMBSC09 LAMBSC10 LAMBSC11 LAMBSC12 LBMASA02 LBMASA04 LBMASA05 LBMASA08 LBMASA09 LBMASA10 LBMASA11 LBMASA12 LBMASB02 LBMASB04 LBMASB05 LBMASB08 LBMASB09 LBMASB10 LBMASB11 LBMASB12 LBMASC02 LBMASC04 LBMASC05 LBMASC08 LBMASC09 LBMASC10 LBMASC11 LBMASC12 LBMBSA02 LBMBSA04 LBMBSA05 LBMBSA08 LBMBSA09 LBMBSA10 LBMBSA11 LBMBSA12 LBMBSB02 LBMBSB04 LBMBSB05 LBMBSB08 LBMBSB09 LBMBSB10 LBMBSB11 LBMBSB12 LBMBSC02 LBMBSC04 LBMBSC05 LBMBSC08 LBMBSC09 LBMBSC10 LBMBSC11 LBMBSC12
LAMASC05 LAMASC05
LAMASC04 LAMASC04
LAMASB12 LAMASB12
LAMASB03 LAMASB04 LAMASB05
LAMASB02 LAMASB02
LAMASA12 LAMASA12
