0 74 188 10 162 22 172 106 145 164 156 121 21 99 63 26 110 167 89 4 62 140 82 118 157 29 114 79 68 155 194 66 149 112 73 129 65 5 196 2 53 151 53 132 76 125 17 39 86 8 98 9 85 186 102 46 44 27 144 88 57 11 173 80 31 0
50
74 74
188 87
10 10 12
22 22
106 13 50
145 20 34 58
121 14 67 91
21 6 21 25
99 56 99
63 63
26 26
89 89
4 4
62 62 83
140 40 47 78 81 93
82 42 52 70 82
157 16 24 69 94
29 29
79 79
68 68
155 48 75
194 97
66 66
149 23
73 7 61 73 100
65 33 45 65 72
5 5
196 18 32
2 2
53 53 54
151 55 60
132 43 95
76 76 92
125 28 51 59 96
17 17
39 39
86 37 86
8 8 38
98 98
9 1 9 15 30
85 85
46 36 46 49
44 44
27 27
88 3 88 90
57 57
11 11 64
173 35 77
80 19 41 71 80 84
31 31
