0 46 172 46 82 62 44 105 104 44 69 110 111 69 92 10 115 114 10 199 10 4 84 143 84 133 132 84 9 161 9 57 188 57 137 136 57 47 154 47 58 101 100 58 90 184 90 53 176 53 31 119 118 31 94 126 127 94 25 125 124 25 78 185 78 9 39 107 106 39 87 151 87 38 146 38 47 164 47 60 128 129 60 108 109 60 5 117 116 5 96 34 120 121 34 12 138 139 12 45 175 45 41 122 123 41 113 41 11 54 193 54 10 26 160 26 49 194 49 11 181 11 40 135 134 40 1 155 1 21 142 21 61 14 83 167 83 11 131 11 18 103 102 18 0
75
172 171 172
46 170
105 105
104 104
110 110
111 111
115 115
114 114
199 198 199
4 145
143 143 144
133 133
132 132
161 161 162
188 188 189
57 190
137 137
136 136
154 153 154
47 152 166
101 101
100 100
90 173 182
184 183 184
176 176 177
53 178
119 119
118 118
126 126
127 127
125 125
124 124
185 185 186
78 187
9 163
107 107
106 106
87 149
151 150 151
38 148
146 146 147
164 164 165
128 128
129 129
108 108
109 109
117 117
116 116
120 120
121 121
138 138
139 139
175 174 175
122 122
123 123
113 112 113
11 169 179
54 191
193 192 193
10 197
160 159 160
26 158
194 194 195
49 196
181 180 181
135 135
134 134
1 157
155 155 156
142 141 142
21 140
167 167 168
131 130 131
103 103
102 102
