0 2 0 1 69 71 72 91 72 90 105 90 105 90 105 90 105 90 72 90 72 91 72 71 69 71 73 71 73 74 75 74 73 74 73 71 69 70 121 162 121 70 69 1 69 1 69 1 69 70 122 70 69 70 121 70 121 162 121 162 121 163 164 165 166 167 168 167 168 167 166 165 166 167 168 167 168 167 166 165 164 165 164 163 164 165 164 163 164 165 166 165 166 165 164 163 121 70 121 70 69 70 69 1 0 2 0 2 3 2 3 5 6 7 8 7 6 5 3 5 3 2 3 5 3 5 3 4 28 4 3 5 3 2 3 2 0 2 0 2 3 5 3 2 3 2 0
20
0 0
2 2
1 1
69 57 68 66 61 63 69 65 59 62 58
91 100 95 94 91 101 96 93
90 90
105 120 108 113 118 107
73 73
74 74
75 76 75 79 83 80 82 77 78
121 121
122 142 132 146 128 131 158 129 140 154 153 148 147 137 141 150 134 136 159
163 163
166 166
167 167
168 198 199 191 181 168 196 176 188 175 172 183 170 195
5 5
8 14 27 18 17 21 9 10 26 22 25 19 13 11 24 15
4 4
28 39 54 35 31 38 42 44 50 52 29 45 51
