0 30 28 26 23 24 32 22 20 19 18 17 85 86 84 90 82 81 79 78 88 77 76 68 67 66 70 62 58 54 53 52 50 51 50 49 44 42 41 40 39 37 38 33 118 117 116 112 110 109 125 126 127 128 ViksNode 107 108 105 102 101 120 97 98 96 93 94 92 14 11 12 9 6 5 2 3 1 0
34
30 30
28 27
23 25
22 21
20 20
19 19
18 18
86 86
81 80
78 78
76 74
70 70 71
62 63 73
58 59 60
54 55 56
53 53
44 47 48
42 42 43
37 36 37
33 35
117 117
112 113 114
128 130
108 108
105 106
101 121 123 104
96 99
94 94
14 13 15
12 10
9 8
6 7
5 4
3 3
