Loc151 Loc156 Loc4 Loc31 Loc4 Loc5 Loc38 Loc24 Loc35 Loc122 Loc128 Loc0 Loc1 Loc199 Loc165 Loc36 Loc2 Loc95 Loc190 Loc59 Loc166 Loc49 Loc0 Loc151
21
Loc151 Loc151
Loc156 Loc156
Loc4 Loc4 Loc130 Loc48 Loc131 Loc135 Loc171
Loc31 Loc6 Loc77 Loc127 Loc68 Loc62 Loc13 Loc72
Loc5 Loc17 Loc111
Loc38 Loc38 Loc70
Loc24 Loc55 Loc34 Loc195 Loc24
Loc35 Loc109 Loc120 Loc154 Loc43 Loc15 Loc57
Loc122 Loc122 Loc46 Loc194
Loc128 Loc16 Loc61 Loc65 Loc3 Loc128 Loc134
Loc0 Loc104
Loc1 Loc93 Loc52 Loc117 Loc126 Loc58
Loc199 Loc47 Loc124 Loc102 Loc99 Loc66 Loc173 Loc161 Loc89 Loc21
Loc165 Loc184 Loc177 Loc41 Loc172 Loc98 Loc101 Loc165
Loc36 Loc170 Loc36 Loc115
Loc2 Loc27 Loc2 Loc163 Loc110 Loc28
Loc95 Loc94 Loc157 Loc181 Loc50 Loc167 Loc183
Loc190 Loc185 Loc187 Loc190 Loc123 Loc125
Loc59 Loc7 Loc147 Loc85 Loc96 Loc118 Loc141 Loc59 Loc32 Loc180
Loc166 Loc54 Loc20 Loc142 Loc158 Loc182 Loc166
Loc49 Loc49 Loc160 Loc92 Loc33 Loc148 Loc138
