Loc35 Loc31 Loc72 Loc46 Loc77 Loc21 Loc10 Loc25 Loc73 Loc0 Loc86 Loc91 Loc90 Loc79 Loc43 Loc93 Loc41 Loc16 Loc66 Loc14 Loc65 Loc48 Loc52 Loc15 Loc33 Loc70 Loc44 Loc23 Loc67 Loc13 Loc95 Loc58 Loc51 Loc81 Loc62 Loc80 Loc83 Loc4 Loc78 Loc55 Loc84 Loc7 Loc35
34
Loc31 Loc31
Loc46 Loc46
Loc77 Loc77
Loc10 Loc10
Loc25 Loc25
Loc73 Loc24 Loc73
Loc0 Loc22 Loc0
Loc86 Loc86 Loc74
Loc90 Loc90
Loc79 Loc79
Loc93 Loc93
Loc41 Loc41 Loc64
Loc66 Loc66 Loc63
Loc14 Loc14
Loc65 Loc39 Loc65
Loc48 Loc48
Loc52 Loc71 Loc52
Loc15 Loc15 Loc47
Loc33 Loc33 Loc28
Loc70 Loc70
Loc44 Loc1 Loc44
Loc23 Loc23
Loc67 Loc97 Loc67
Loc13 Loc13
Loc95 Loc54 Loc95
Loc58 Loc58 Loc37
Loc51 Loc51 Loc34
Loc81 Loc81
Loc62 Loc62
Loc80 Loc80
Loc4 Loc89 Loc4 Loc92
Loc78 Loc78
Loc84 Loc84
Loc7 Loc7
