ctUVEJSyNR T3o9dNVbcG Z82QDWb0Pr 7d3UA4fKWz vZijjgnvKU gLI8ArV2Ui N4DMbR59L3 I4iTN5KXjB BtCEVbHoQI VbPBW7rmhF UphA2uAaYC vzXeZbLrSW f91pUtm9EZ MuYreynm57 osdKgXyg1e gLI8ArV2Ui jKpmFoejPZ O1KJBq3Gfw HTp005294X VBTKstUXwG oWdH0Xcxwv HG8olhhcTZ sY3UqAEMG3 8Jejdr7ynm aUbShUrdkZ RLF9v27sOQ T3o9dNVbcG JagiZ1urqa T3o9dNVbcG ctUVEJSyNR
19
T3o9dNVbcG T3o9dNVbcG TDmNOuGJBk
Z82QDWb0Pr U5XdtBFGOe Z82QDWb0Pr
7d3UA4fKWz 7d3UA4fKWz
gLI8ArV2Ui gLI8ArV2Ui
N4DMbR59L3 qg08r1Pg6g
I4iTN5KXjB I4iTN5KXjB
BtCEVbHoQI BtCEVbHoQI
UphA2uAaYC UphA2uAaYC
vzXeZbLrSW vzXeZbLrSW
f91pUtm9EZ f91pUtm9EZ
MuYreynm57 zUWT7uduzq MuYreynm57
osdKgXyg1e osdKgXyg1e
jKpmFoejPZ 6lpxgUxCxO
HTp005294X IU0Ia8127Z
VBTKstUXwG 8UaR4YpZys VBTKstUXwG
HG8olhhcTZ HG8olhhcTZ
sY3UqAEMG3 oPQmRUijH5 MzId8uwrPz
8Jejdr7ynm 8Jejdr7ynm QwY2G6aX6c
RLF9v27sOQ RLF9v27sOQ
