6Zg7j6t8kt ka4cgDWgq7 qOQTd9nboV pm1Yq2dCLL bc4pLp9tiD cqCbnI2bkr SDcTVr32JM 4ViGHxfdlc 0gqiqztWgj fhmE7A9rVl gSP0irArmo N08DpqDewo oQb2PqTM8x tvKOOMQ7Sv Iroa6leixY YrPP1U1r20 I1RTFIGWhc NULo72dPyj OGWcs2X8pk 8pgnfE3xKu ReGEuwhnqY 1iUrZ2N0MA GSDEYlNcCM HpRVhY9Btb zH4Z0p0Ftj VWD9Yy5Xrg MImiDijd1o 97dvK2Az7S Dkc5CxJ6RV 7EHiEUKwtc DFUEuoVNn7 PzwBWrPM7w 5wb0VR04nl Bfj8GrCEUo dqEsxDzQkU vCSWEyz4PC TH1GgoG5GU Octagmmhko 1koyFI8rlU J6nn6V6pVr 4lUeyqYb0U NgxnYo41LY UgxUR9jKcJ dyS1o5lQHD OpwMnuSGmp uXkvSfF7Kv 88s4txyVUX zG9cl6Gy30 KpPj50fAfy fbxiHLAsv4 ECFKqOm791 fbxiHLAsv4 ECFKqOm791 wXTrLT9dUx 6Zg7j6t8kt
36
ka4cgDWgq7 lrFRnKniRv ka4cgDWgq7
pm1Yq2dCLL iyQiEnpG35
cqCbnI2bkr b3jUAAPOlA cqCbnI2bkr
SDcTVr32JM 4JtfcKJvHu
4ViGHxfdlc 4ViGHxfdlc MpRNDD0glq
0gqiqztWgj 0gqiqztWgj
fhmE7A9rVl 79JJ9GZF8c fhmE7A9rVl
gSP0irArmo M9d0z6OccV
N08DpqDewo N08DpqDewo
tvKOOMQ7Sv tvKOOMQ7Sv
Iroa6leixY Iroa6leixY
YrPP1U1r20 ckEVpwA8CD YrPP1U1r20 YQKcyMibnc 7cteJXIZM1
I1RTFIGWhc I1RTFIGWhc
OGWcs2X8pk OGWcs2X8pk
8pgnfE3xKu oRs9wR3IGE 8pgnfE3xKu
1iUrZ2N0MA ESDdDChkYw s8EkvbOYAX
GSDEYlNcCM GSDEYlNcCM
zH4Z0p0Ftj zH4Z0p0Ftj vD4d0BZ03p
VWD9Yy5Xrg VWD9Yy5Xrg
97dvK2Az7S 97dvK2Az7S
Dkc5CxJ6RV Dkc5CxJ6RV
DFUEuoVNn7 H0NdoJawvz
5wb0VR04nl EZQ9HUGjRN
vCSWEyz4PC vCSWEyz4PC
TH1GgoG5GU TH1GgoG5GU
Octagmmhko Octagmmhko
1koyFI8rlU 1koyFI8rlU G05S6XZiBa
4lUeyqYb0U 4lUeyqYb0U
NgxnYo41LY NgxnYo41LY
UgxUR9jKcJ UgxUR9jKcJ
OpwMnuSGmp OpwMnuSGmp
uXkvSfF7Kv uXkvSfF7Kv
KpPj50fAfy KpPj50fAfy
fbxiHLAsv4 fbxiHLAsv4
ECFKqOm791 YZKJeBb8Pe 4RZs4XFvF9
wXTrLT9dUx wXTrLT9dUx dojrtYXceT 1aPtXDhYtV
