153 128 50 72 85 81 199 136 50 48 50 40 60 180 105 157 83 135 84 83 105 17 191 50 105 83 153
18
153 113 153 134 170
128 29 150 96 99 128
50 145 58 68 11 156 167 53 50
72 168 196 126 124 89 4 49 7 74 20 28
85 61 138 131
81 119 81 137 41 19 108 79
199 8 147
136 26 13 86 182 16 172 177 136 146 152
48 127 3 98 88
40 90 40 35
60 112 178 60 161 0 77 195 43
180 140 197 70 180
157 12 15 93 129 34
83 118 52 192 169 83 171 179 5
135 37 135 194
84 21 47 188 120 36 184 95
17 2 42 23 187
191 160 163 56 122
