Jennifer0 Dorian5 Robert6 Manuel7 Robert6 Dorian5 Wilma9 Charles12 Etha14 Fred19 Daniel20 Fred19 Jennifer21 Fred19 Jennifer21 Fred19 James24 Fred19 James24 Fred19 Etha14 Doris15 Liza16 Wesley18 Liza16 Doris15 Liza16 Doris15 Etha14 Fred19 Doris22 Fred19 James24 Fred19 Jennifer21 Fred19 William23 Fred19 James24 Jason28 Derick31 Willie33 Ruby34 Willie33 Derick31 Willie33 Derick31 Jason28 James24 Fred19 James24 Fred19 James24 Fred19 Etha14 Charles12 John13 Charles12 Wilma9 Charles12 John13 Charles12 Wilma9 Dorian5 Jennifer0 Dorian5 Jennifer0 Mark3 Jennifer0 Lorraine1 Jennifer0 Mark3 Jennifer0 Mark3 Jennifer0 Mark3 Jennifer0 Janet2 Jennifer0 Dorian5 Jennifer0 Dorian5 Robert6 Dorian5 Robert6 Manuel7 Kathleen8 Manuel7 Robert6 Dorian5 Jennifer0 Dorian5 Jennifer0
20
Jennifer0 Patricia4
Robert6 Robert6
Manuel7 Manuel7
Wilma9 Gladys10 Gregory11
Daniel20 Daniel20
Jennifer21 Jennifer21
James24 Norma25 Christina26 Nadine27
Liza16 Nannie17
Wesley18 Wesley18
Doris22 Doris22
William23 William23
Jason28 Lonnie29 William30
Derick31 Mona32
Willie33 Robert39 Tony40 Gina41 Michael42 Cindy44 John45 Mabel46 Edna48 Dana49 Virginia51 James55 Tony56 Hector58 Robert59 Natalie60 Michael61 Douglas63 Sonya64 Angela65 September67 Armando68 Jesus70 Richard74 Steve75 David77 Robbie78
Ruby34 Charles36 Louis37
John13 John13
Mark3 Mark3
Lorraine1 Lorraine1
Janet2 Janet2
Kathleen8 Kathleen8
