3xgrfvks fcxnizqrra m5uyvxo2h 5ed169a5jrt 45bp6qh 4l424khddum 4418l7vdyv kr5jy4uyjt it92vprqk ifmqwyt6x 1huq1df d3y7jq d5podyx2rn1o dooatf4 t42r85mht8ru pxtk2 b9zxvj22sc ag29aqlop 8evxiqgcp69n ou2rf1qhh ual3asit y6571 lrleda bt3xcgwcd6c 3xgrfvks
19
m5uyvxo2h m5uyvxo2h
5ed169a5jrt 5ed169a5jrt
45bp6qh 45bp6qh
4l424khddum i3la5wvv4 4l424khddum
4418l7vdyv 4418l7vdyv
kr5jy4uyjt kr5jy4uyjt
it92vprqk it92vprqk
ifmqwyt6x ifmqwyt6x
1huq1df 1huq1df
d3y7jq d3y7jq
d5podyx2rn1o d5podyx2rn1o
dooatf4 dooatf4
pxtk2 pxtk2
b9zxvj22sc b9zxvj22sc
ag29aqlop ho87zq94a914a ag29aqlop
8evxiqgcp69n 8evxiqgcp69n
ual3asit ual3asit
lrleda lrleda nbvknr
bt3xcgwcd6c bt3xcgwcd6c uqc3avv5
