htb26qt 188h5ax 8gc7dka8lfy ht1efrhmh l8yypbh hwu8dv9jgknbm wqkqf 9oii82xaa cou34kvbi x73l73jp 3khitn6 kxhc6t8tu 9egqgrh7x4e y3eg7gqq6 aq2rero4e 8jea4n4ez 1jhmm8m85 nm7ud hc2hf5t8 52a3fj2zh 87jxa zjh83ae 7hz6j8 37v6d qq3mi ushjdkdhm9 6u4sf1gi ozag34bm9 vrem3ey3kg44 4ka6l1c8w 812l47wm ilaz9q ic2r4blmm9 1ca2x2cnc mw8g2qjo1 iffsi 59yzvtv kuxb29 kwtb3cg g2g6fxcwr2l yhvc7zg h1gz5hzz k3qywmpr 7pbkkbbpw aq2rero4e mucolb1r ynuam4f8 1161ildqnj piawzpgtzz9 zou7sx9w vl6czuab 8m3pascg s9vu9xx884 uzsjpl5f5 6k7du t4iedm gd5ct4 itrx5fucdq pt2n7hl hq5mh8mi art44ncra 5stwoup yx6dguko p9mtts og6n7bgq8h yhp7wbv9 tu8xxomxhi grn3uqx9y aplkk57cpzm i6lsw66h x1ttaiih9 htb26qt
63
8gc7dka8lfy txlltgki 8gc7dka8lfy
ht1efrhmh ht1efrhmh
l8yypbh l8yypbh
hwu8dv9jgknbm hwu8dv9jgknbm
wqkqf wqkqf
9oii82xaa 9oii82xaa
x73l73jp dlkmpx x73l73jp yr44oj2
3khitn6 3khitn6 hyc885fvjls
kxhc6t8tu yg6hizqty kxhc6t8tu 4w6uhigzl
9egqgrh7x4e 9egqgrh7x4e
y3eg7gqq6 y3eg7gqq6
8jea4n4ez fej54ps5j 8jea4n4ez
1jhmm8m85 1jhmm8m85
nm7ud nm7ud
hc2hf5t8 dt4ljfgjkizpq hc2hf5t8
52a3fj2zh 9lvbrlgk 52a3fj2zh
87jxa 87jxa
zjh83ae zjh83ae
7hz6j8 7hz6j8
37v6d 37v6d
ushjdkdhm9 ushjdkdhm9
6u4sf1gi 6u4sf1gi
ozag34bm9 ozag34bm9 pwqxinlzb3s
vrem3ey3kg44 vrem3ey3kg44 obabms
4ka6l1c8w 4ka6l1c8w
812l47wm 812l47wm
ilaz9q tjwldi ysiw8m4l ilaz9q
ic2r4blmm9 ic2r4blmm9
1ca2x2cnc 1ca2x2cnc
mw8g2qjo1 mw8g2qjo1
iffsi iffsi
59yzvtv 59yzvtv
kwtb3cg kwtb3cg
g2g6fxcwr2l g2g6fxcwr2l
yhvc7zg yhvc7zg
h1gz5hzz h1gz5hzz
k3qywmpr k3qywmpr
7pbkkbbpw 7pbkkbbpw
mucolb1r mucolb1r ay5sahonq84 f92ere3
ynuam4f8 ynuam4f8
1161ildqnj 1161ildqnj
piawzpgtzz9 piawzpgtzz9
zou7sx9w zou7sx9w nd9xavj pmyqr
vl6czuab vl6czuab
8m3pascg 8m3pascg
s9vu9xx884 s9vu9xx884
uzsjpl5f5 uzsjpl5f5
6k7du 6k7du
t4iedm t4iedm
gd5ct4 gd5ct4
itrx5fucdq itrx5fucdq
pt2n7hl euhqqqmdpe pt2n7hl e7lxs
hq5mh8mi hq5mh8mi
art44ncra art44ncra
5stwoup 5stwoup
yx6dguko yx6dguko a5u8g4sej
p9mtts p9mtts
og6n7bgq8h og6n7bgq8h
yhp7wbv9 yhp7wbv9
tu8xxomxhi tu8xxomxhi
grn3uqx9y grn3uqx9y
aplkk57cpzm aplkk57cpzm q42s9z886w5
i6lsw66h i6lsw66h
