hC71hIuyRaST3AiaSZqg 8X2kWfVN7ACYeLRlwU5k D3gODzQIzHZRe5A487BX qsbRHSDlSHG3Ep5gugbq lrXvsaItMucJuqzZylSg CwkDmD51N1Lhnzhdl5se PUX0RecerGn3NX5t2hBc nnG2z19YXqYOoAxMQkFV 1uTE034Q24DWmybWBbX4 6jnt0RQvUBeXBhrLOwzh 3MmCPAjYheu6g9TkIxDm uwYFKqdXzHrDjwNLVxGZ C5aQkckiWq5qVUhbiI57 fxnnXXAtldMGBgqECnVx yMXdJdorJpzOHHt9uIfg D3gODzQIzHZRe5A487BX 4MuL6AbQo2ozZ4x7psrd fuNQ8Sfy86k6zaBQjwEz LI8fhHKJlh7mQx1nNK0m 2TderjwrXrNV2UBZ77eD 468JV90VoJDfHRf7bwGC 3MmCPAjYheu6g9TkIxDm UE66Ok3YtceUJCwuX3xr btiXecpJBKmrIHtQ7jPA hC71hIuyRaST3AiaSZqg
21
hC71hIuyRaST3AiaSZqg cXmjc3Wu4kjM1IHGgfA5 P6PcaiimLTne6w5m7SJi VkEnPX1CQCoh4CxlXSlf Ca5sYccbD9TUz7JLHrcf Wf6tYlitgmZKoXfughsS
8X2kWfVN7ACYeLRlwU5k sCcEFmBkhTop4sycKzuM t9sTQNaMU9o2HF5pm7xT
D3gODzQIzHZRe5A487BX xtgYSd34f56WAH3CCBpW IC3wlDskAWyf0o1M61kl g5fwwkfUKem4JdibLkXM Tgouk8HApNFShyYjQedR Mufarp9xGx29xj0P1ijS lVjpvSHc5hBrS7dzTmI1 b9q1t3OMZ6dXE5R6ca5w vXrEXAmThLoQVXFImZcg PFAHK1LPbENiUm01N8B0 Dv6lwBgjbbZceuQXFzFf
qsbRHSDlSHG3Ep5gugbq qsbRHSDlSHG3Ep5gugbq
CwkDmD51N1Lhnzhdl5se 2YL9dYowMkTTxjU0fVal
PUX0RecerGn3NX5t2hBc wqyhoOJuJuNfuZ1c9ZhU
nnG2z19YXqYOoAxMQkFV NXZByMrsstrrXRLxVcyg Mi1upMhcgP7iV16OWKN5 nOsoIFzZBhdd6bjP45Ba TrUW9m3qjkTMvqHNRot0 gZiMcGUkLd8qaWleLH1T nnG2z19YXqYOoAxMQkFV 72cxNTZ1Tw5teVGiR2xj 2dfprAgHp3T6RrgooKgP
1uTE034Q24DWmybWBbX4 JuSdCG8HSUzwufkmRvTN 6KcltWtleWJ6izN3XL0F 1ae7bJScGomdGEdgag5b 8w6JkwNghwwfzVWZlMG6 RNtZ6m1O9hQj2ovJiJE3 z0rRwRZbA1TaaAgS8PYu OLGSBuAPLZmdhTN6ApoS 1uTE034Q24DWmybWBbX4
6jnt0RQvUBeXBhrLOwzh 6jnt0RQvUBeXBhrLOwzh 1Oc2bGjHzXrMLiYLik5Z QHOT9LWV0s6xVVreglDh 7DZfG4yobV0xCcSaxf27 OBEPyJuvhH0Z9VoT2UNC g6Fit1BcwBIbAAJnBKGn
3MmCPAjYheu6g9TkIxDm 3MmCPAjYheu6g9TkIxDm kuIwHVHn49UEM4TprHKr
uwYFKqdXzHrDjwNLVxGZ WgneGAZv4qtDq8Q5DYZf
C5aQkckiWq5qVUhbiI57 bw0K7NVh1sgqlnescYkX R22TNV5lr1tmI44FcHvv 63EFNMvLteBrV7Lj9nA4 laRDyozSdXcFtmdQ5VqD 61VEe5QpRdEG1AHTZmSn W5rNQea9NsCafaUbLgWC nmwnnNlPCMIjajSEo2R3 oakCd1HozhO35GtImcF2 rW1b1NT9NaRlIIxoT8XF C5aQkckiWq5qVUhbiI57 yXrak2UUHdgFCsCWvgfp dsEyS8WvuzfBZPrbbzZx
fxnnXXAtldMGBgqECnVx EqrhH8oFQmMRN10foGjV 8IUV6HBSYn47shRwVW5F DmIjX4adnoqSEDmx2f39 mkGdh9qd7uj9x5W3Koxj FE29I03FH1qEyEvIQNGT
yMXdJdorJpzOHHt9uIfg yMXdJdorJpzOHHt9uIfg
4MuL6AbQo2ozZ4x7psrd 1wSeohNTb1oCspxe2x4j fzCA3w8Mu664WC0yRZb5 KqTw626stjcdChciHrJ6 4MuL6AbQo2ozZ4x7psrd
fuNQ8Sfy86k6zaBQjwEz fuNQ8Sfy86k6zaBQjwEz RDnAjQbgrCahBSBieO1p RSJQdRAK7H6zYHVeXyPj jLS4UljOCe6h8LwAOGRX NWAZrSnr0i1Dj5TA6dLc 24YcTAlCtPoNC11H3BAQ
LI8fhHKJlh7mQx1nNK0m IWOalMs6IXX5Ln6F9Eov 2QgUKFj4HV0dn5Ia55tj LI8fhHKJlh7mQx1nNK0m QYsTJmc2IUi36H1YK47s
2TderjwrXrNV2UBZ77eD 2TderjwrXrNV2UBZ77eD qyWH5Ui5kFJGpXM7i2RZ Z2YJKymsE6JEohxl2CgC
468JV90VoJDfHRf7bwGC ddzqPXECnHQT4a4RIpSF zbsjvfwSdNExCnTFLo8x NqvNOj5h3GSbJm5NawjL aGWdv30UuUFiszMErlJF eULKHiriYHElwEbrQo2X CgUyoeVDFzkf0g6EiF8w l5OFQGDhW1xJJ8ERuglz x81SdeDfzbsk8wgCHcJT 468JV90VoJDfHRf7bwGC
UE66Ok3YtceUJCwuX3xr YygsiZkXDS9oQ07w4psX OAcbYkMyAi1Iu0vWaaFc ymIUUgCvgB7r5le0Mh11 oq1GulTWdKtwAlNIQxnY EEWjQ3rZ3GM9oucA2vc5 COVfDobG5VcfcSxLDUch 5doygtE58PVlrfBbaaxD v0QCMKnmfkXllH4nQHen
btiXecpJBKmrIHtQ7jPA 4wWd3kvalFkda9M583i7 btiXecpJBKmrIHtQ7jPA UQEmoPmHSH2FlTDuXOEx
