200 156 178 117 105 114 108 125 104 106 108 101 1 37 1 67 1 27 1 37 1 92 1 17 1 10 1 29 1 70 1 17 1 99 1 65 1 19 1 71 1 67 1 59 1 35 1 96 1 54 1 61 1 79 1 94 1 61 1 37 1 35 1 83 1 70 1 73 1 94 1 71 1 89 1 52 1 33 1 9 1 93 1 63 1 17 1 101 200
28
1 2 3 4 5 6 7 8 11 12 13 14 15 16 18 20 21 22 23 24 25 26 28 30 31 32 34 36 38 39 40 41 42 43 44 45 46 47 48 49 50 51 53 55 56 57 58 60 62 64 66 68 69 72 74 75 76 77 78 80 81 82 84 85 86 87 88 90 91 95 97 98 100
37 37
67 67
27 27
92 92
17 17
10 10
29 29
70 70
99 99
65 65
19 19
71 71
59 59
35 35
96 96
54 54
61 61
79 79
94 94
83 83
73 73
89 89
52 52
33 33
9 9
93 93
63 63
