Chattanooga Bellevue Greensboro OuterHaven Frisco Detroit Irvine Akron Fresno Plano Yonkers Indianapolis Irving Atlanta NewOrleans Cleveland Gilbert SaltLakeCity Richmond Stockton ChulaVista Berkeley Scottsdale Austin Huntsville Fremont LittleRock CapeCoral BatonRouge Laredo Murfreesboro ElkGrove Pomona Albuquerque Cincinnati Savannah OklahomaCity Chicago OklahomaCity Chattanooga
33
Chattanooga Jackson
OuterHaven Spokane Louisville Boston
Frisco Aurora Baltimore Henderson Lexington Fayetteville KansasCity Orange Frisco
Detroit Alexandria Olathe Vancouver PortStLucie
Irvine Irvine Raleigh SaintPaul Syracuse
Akron Jacksonville Ontario SantaClarita Hayward Newark Akron
Fresno Worcester Corona Glendale FortWorth GrandRapids Lubbock
Plano Brownsville ElPaso Salem Midland Plano
Yonkers Yonkers Durham
Indianapolis Phoenix Riverside Indianapolis Anchorage
Irving Wichita
Atlanta Toledo
NewOrleans Washington
Cleveland Cleveland SanAntonio
Gilbert Denton Tallahassee
Richmond Richmond
ChulaVista Anaheim ChulaVista NewYork
Berkeley Knoxville Springfield Berkeley
Scottsdale Surprise Memphis Tempe Scottsdale
Austin Austin
Huntsville Tacoma Oxnard
Fremont Fremont SanBernardino Honolulu Boise
LittleRock LittleRock Shreveport SanJose
CapeCoral CapeCoral
BatonRouge Oceanside Bakersfield BatonRouge
Murfreesboro GardenGrove Charlotte Murfreesboro
ElkGrove McAllen SanFrancisco
Pomona Buffalo Pomona
Albuquerque Orlando Waco LosAngeles
Cincinnati DesMoines Paterson GrandPrairie Cincinnati
Savannah NewportNews FortLauderdale Savannah SanDiego
OklahomaCity Joliet Lincoln SantaAna Madison Fontana
Chicago Chicago Naperville
