Jacksonville Milwaukee Nashville ElPaso LosAngeles Raleigh Austin Omaha LongBeach LasVegas Charlotte Miami Oakland Phoenix OklahomaCity FortWorth SanJose Boston SanAntonio Detroit Tulsa Milwaukee Tucson Columbus Seattle Portland Arlington Louisville Atlanta Jacksonville
19
Jacksonville Jacksonville
Nashville ElPaso VirginiaBeach
LosAngeles Indianapolis LosAngeles
Raleigh Memphis
Austin Austin
LongBeach LongBeach
LasVegas LasVegas
Oakland Philadelphia Albuquerque
Phoenix Phoenix
FortWorth FortWorth
SanJose SanJose
Boston Boston
Tulsa Tulsa Minneapolis
Tucson Tucson
Columbus Columbus
Seattle Seattle
Portland Portland
Louisville Louisville
Atlanta Fresno SanFrancisco Atlanta
