SaintPaul Garland Newark Honolulu ChulaVista Cincinnati StPetersburg Lubbock Austin SanAntonio LongBeach Greensboro Chandler ElPaso LosAngeles Plano Fresno Lexington JerseyCity Lincoln Minneapolis Bakersfield OklahomaCity Hialeah Glendale Columbus Milwaukee Stockton SanFrancisco Madison SanJose SanDiego Tampa Toledo JerseyCity Denver Detroit Tucson Philadelphia Pittsburgh SantaAna Durham Phoenix Cincinnati ChulaVista Baltimore Albuquerque FortWayne Aurora Omaha Miami KansasCity Fresno Chesapeake Riverside Irvine SaintPaul
35
Newark Newark Scottsdale
Honolulu Honolulu Memphis
ChulaVista Charlotte Cincinnati
StPetersburg Henderson StPetersburg
Lubbock Lubbock
Austin Austin
SanAntonio SanAntonio
LongBeach LongBeach
Greensboro Dallas
Chandler Chandler
ElPaso ElPaso
Lexington Lexington
Lincoln Lincoln
Bakersfield Bakersfield
Hialeah Hialeah OklahomaCity
Columbus Glendale Columbus
Milwaukee Milwaukee
Stockton Houston Stockton
Madison Madison
SanJose SanJose
SanDiego SanDiego
Tampa Tampa
Toledo Atlanta
JerseyCity Laredo JerseyCity
Denver Denver
Tucson Tucson Raleigh
Pittsburgh Pittsburgh
Durham Durham WinstonSalem SantaAna
Phoenix Phoenix
Baltimore FortWorth Baltimore Indianapolis
FortWayne FortWayne Anchorage
Aurora Aurora
KansasCity NewOrleans
Fresno Plano Spokane
Chesapeake Chesapeake
