89 100 170 172 188 142 189 51 122 62 144 49 128 127 101 99 180 31 64 79 103 133 73 182 48 182 177 161 118 58 72 102 143 70 3 112 109 11 82 11 145 33 145 132 39 81 38 94 41 37 59 130 173 86 173 36 12 89
46
89 69
100 100 199
170 83
172 172 5
188 197 21 188
189 189
51 51 156
122 122 61
62 160
144 144
49 111 140 49
128 128 23
127 127 88 4 80
101 101 169 78
99 99 44
180 155
31 107 6 31
64 18 64
79 79
103 97 193 73
133 194 133 141
48 27 48 9
177 98 32
161 16
118 118 1
58 58
72 146 148 13
102 178 102
143 125 114
70 179 135 192 70
3 3 136
112 112
109 183 109
11 11
82 191 65 147 82
33 33 25 121
145 190 149 39 85
132 132 195
38 96 81 41 38
94 94 151
37 37
59 124 59 75
130 130
86 86 29 173 56
36 36
12 12 187
