FortCollins Akron Detroit Fullerton Duluth Layton Bellevue ChulaVista Alexandria Carrollton Joliet McAllen Akron Aberdeen ElMonte HighPoint Arvada Aberdeen Marysville Austin CostaMesa DaytonaBeach JohnsonCity DesMoines Abilene Burbank Atlanta Allentown Fargo Fayetteville Jackson Champaign Albany Howell Albany Harlingen FortCollins
30
FortCollins Bakersfield FortCollins Fremont Hollywood
Akron Akron Elizabeth
Detroit Beaumont Bethlehem Brighton Detroit Lacey
Fullerton Berkeley DavidsonCounty
Duluth CapeCoral GrandRapids Irvine
Layton ColoradoSprings DalyCity Denver Houston Layton
Bellevue Bellevue Independence Lakeland
ChulaVista Cary Irving
Alexandria Alexandria
Carrollton Carrollton Frederick Hampton Lafayette Lakewood
Joliet Anchorage Evansville Fairfield Joliet Lancaster LasCruces
McAllen BoiseCity Bradenton Chicago Eugene
Aberdeen Aberdeen Barnstable Boise CollegeStation ElPaso Gilbert
ElMonte ElMonte
Arvada Amarillo Arvada Erie FortWaltonBeach Hickory Inglewood Leominster Manchester
Marysville Augusta Dallas Jefferson
Austin Austin Cleveland Kennewick
CostaMesa Kalamazoo
DaytonaBeach Albuquerque
DesMoines Chandler DesMoines
Abilene Abilene LittleRock
Burbank Burbank Indianapolis
Atlanta Atlanta
Allentown Allentown AppleValley Bremerton Grayslake Henderson
Fargo AnnArbor Baltimore BonitaSprings Fargo
Fayetteville Appleton Brownsville Fayetteville
Champaign Champaign Elkhart Fontana Fresno Harrisburg
Albany CedarRapids Garland Lorain
Howell Jacksonville Louisville Lubbock
Harlingen Anaheim Danbury Harlingen Hemet Knoxville
