152 75 50 183 115 59 4 113 5 182 12 186 80 1 156 187 89 108 8 81 166 154 78 31 111 168 73 165 66 171 36 142 36 139 101 119 179 0 88 130 13 94 173 24 149 56 84 147 116 133 1 156 45 160 85 79 27 152
36
152 75
50 50 153
183 9 183
115 54
59 53
113 113
182 5 182
12 12
1 58
89 89 60
108 136 8
81 81 166
154 172 2 51
78 170 78
31 31 112
111 111
168 168
73 73 92
171 171 66
36 169 87
142 142 28
139 134 139 65 144
101 37 101
0 35 95 121 145 184 0
130 130 180
13 13 42 38
173 105 143 94 151
149 163 41 149 126
56 56
116 116 165 181
133 90
45 45
160 157 175
85 85 96
79 79
27 97 27
