location34 location39 location158 location74 location183 location192 location69 location73 location177 location72 location136 location182 location21 location126 location172 location188 location33 location159 location135 location101 location130 location51 location18 location142 location92 location43 location1 location175 location105 location128 location104 location76 location111 location52 location178 location165 location17 location40 location17 location4 location193 location61 location28 location45 location144 location109 location65 location46 location125 location133 location157 location97 location86 location77 location59 location32 location3 location170 location176 location83 location120 location119 location79 location64 location24 location100 location2 location19 location34
52
location34 location34
location39 location39
location158 location158
location74 location37
location183 location149
location192 location192 location15
location177 location177 location68 location54 location187
location72 location72 location140 location115
location136 location136
location182 location91
location21 location21
location126 location88 location139
location172 location47 location172
location188 location143 location12 location188
location159 location159
location135 location55 location135 location174
location101 location103
location130 location130
location142 location142
location92 location131 location134 location92 location60 location114
location175 location175
location105 location105
location76 location76
location111 location111
location52 location52 location162 location137
location165 location132 location155 location181 location71 location164 location107
location17 location17
location40 location197
location4 location23 location163 location27
location61 location117
location28 location28
location45 location45
location144 location144
location109 location109
location46 location46
location125 location125
location157 location157
location97 location189 location194 location99 location121
location86 location86
location77 location161
location59 location89 location167 location59
location3 location3
location170 location170
location176 location176
location83 location151 location199
location120 location120
location119 location119
location79 location9 location96 location0 location6 location79 location38 location180
location64 location64 location122
location24 location24
location2 location11 location90 location2
location19 location98
