location12 location84 location22 location25 location47 location76 location8 location57 location91 location83 location53 location89 location39 location79 location65 location74 location60 location1 location26 location67 location77 location0 location99 location58 location54 location42 location19 location84 location12
20
location12 location12
location47 location27 location35 location94
location76 location71
location8 location24
location57 location57
location91 location13 location49 location31
location83 location87
location53 location36
location89 location63 location5 location89
location79 location79 location16
location65 location28
location74 location74
location60 location60
location1 location1
location26 location26
location67 location51 location67
location77 location11 location77
location0 location72 location86 location0
location54 location14 location54
location19 location19
