0 39 0 43 101 7 164 15 23 122 2 196 16 89 77 63 30 179 180 46 17 35 114 37 5 93 92 0
24
0 160 161 162
39 132
43 100 102
101 101
7 106 107 108 145 146 147 151 152 153 167 168 193 194 198
164 163 164
15 142 144
23 109 118 120 169 175
122 121 122 123 177 178
2 119 137 138 148 150 176
196 149 195 196
16 131 184
77 127 128 129 181 182
63 140 141 190
30 103 104 105 115 136 165 166 173 187 188 189
179 124 133 134 135 179 185 186
180 125 126 180
46 130 183
17 110 111 170
35 112 113 171 172
114 114
5 117 139 143 191 192
93 116 154 155 156 174
92 157 158 159 197
