5 4 33 137 42 165 154 82 27 174 27 0 53 110 35 116 138 69 183 69 120 158 120 133 34 76 196 77 189 199 170 74 191 64 37 0 27 104 83 79 105 25 30 65 180 28 149 90 149 197 113 88 40 155 96 155 67 119 192 100 78 29 193 165 94 20 94 109 192 18 192 109 94 39 94 5
38
33 33
42 137 44 42
154 187 46 154
82 10 171 146
174 1 174 101
53 53
35 135 26 188 110
116 50 116 71 99
69 138 69 153 61 55
183 51 183
158 14 102 158 80
34 133 9 34 157 123 52 68 56
76 47 76 81 156 151
196 196 184
77 140 143 77
189 103 189
199 48 122 32 199
170 170
74 31
191 194 91
64 64
37 37 177
104 104 83
105 105 17
30 178 25
180 28 180
90 2 43 159 149
96 96 22
67 67 41
100 100
78 179 78
29 164
193 193
165 63 173
20 20 11
18 85 16 192 18
109 168 162 75 152 58
39 39 92
