A29 A5 A41 A73 A74 A52 A43 A20 A91 A4 A39 A21 A23 A78 A24 A81 A28 A40 A89 A85 A54 A65 A32 A16 A55 A61 A14 A58 A0 A1 A88 A6 A15 A82 A35 A96 A2 A7 A13 A97 A18 A81 A76 A95 A19 A73 A19 A72 A5 A57 A47 A66 A99 A93 A12 A46 A5 A29
38
A29 A29
A5 A27
A73 A73 A69
A52 A67 A52 A36
A43 A10
A91 A91
A4 A31 A51
A39 A39
A81 A34
A28 A28
A89 A89
A85 A85
A54 A3 A54
A65 A65 A79
A32 A32
A16 A16
A55 A55
A14 A14
A58 A92
A1 A60
A88 A88
A6 A30 A6
A15 A15 A38
A82 A82
A35 A35
A96 A96
A2 A2
A7 A77 A68 A90
A13 A13
A97 A97
A18 A18
A95 A95
A19 A26
A72 A72
A47 A47
A66 A66
A99 A99
A12 A59 A53 A12
