COM NIC MSR MYT NER ABW AGO MYS DZA DOM SAU EST ESH GBR GAB FIN FRO PSE RUS SGP HTI GNQ GUY HKG HND SDN PYF CHE LAO COL COM
25
COM CXR LBR KHM DMA NZL SGS DJI
NIC ITA IRL AUS NIC
MYT MYT ARM AZE
NER NER MTQ PNG
ABW ABW
MYS IRN IOT
DZA DZA
SAU MAC HRV RWA
EST GIB GHA
ESH FRA ESH ECU
GBR GBR GEO
GAB EGY GAB
FIN PAN ESP NFK GIN FSM JEY ALA FIN GMB
PSE CIV LKA ATG NRU KWT PSE NIU CAF
RUS BLM BDI BHS RUS BEN BHR BMU
SGP MOZ NPL PRY ALB HUN
HTI CAN GUM HTI MLI
GNQ GNQ PAK
HKG LIE MDA HKG KAZ CPV
HND HND GRC MAR COK
SDN REU SHN MEX SDN AFG CYP DEU LTU
PYF COG HMD POL CHN ARE COD
CHE KNA
LAO LUX LAO
COL KOR MMR IDN LBN COL JPN
