100 31 15 27 70 36 33 12 11 12 33 36 70 27 15 30 16 59 16 61 26 45 44 2 46 142 131 130 129 144 42 3 41 73 74 6 9 8 40 72 43 45 43 29 13 103 34 7 34 14 61 54 1 48 53 23 53 18 55 58 100 86 85 164 165 104 156 153 156 104 165 164 85 86 100 31 15 30 16 61 26 45 44 4 44 2 46 142 131 50 133 141 20 136 188 21 56 21 188 192 189 95 94 98 58 100
33
100 32
11 10 11 12 121
36 28 33 36
59 16 22 25 59
42 42
3 3
41 41
6 6
9 9
8 8
40 40
45 26 43 44 45
13 13 29
7 7 34 37 39
61 14 54 60
1 1 17
48 47 48 49
53 52 53
23 23 51
18 18
55 24 55
58 58
153 111 153
165 165
31 31
15 15 27 30
4 4 5
2 2 46
50 19 50
20 20
21 21
56 56 57
189 182 192
