LeonieHill Trafalgar SerangoonGarden Clementi PasirRisPark ConeyIsland Townsville Novena WestCoast Pandan Victoria Mandai Kranji Seletar ClementiCentral YishunCentral StraitsView ChangiBay TanglinHalt Phillip Ridout ChengSan NatureReserve NorthCoast ClarkeQuay YioChuKangWest Outram Tyersall OrangeGrove ChoaChuKangCentral YioChuKang WestCoast JooSengPayaLebar AnchorvaleBuangkok LeonieHill
23
Trafalgar Trafalgar GreenwoodPark
SerangoonGarden SerangoonGarden
PasirRisPark Guilin SembawangSprings Sentosa
ConeyIsland SungeiKadut ConeyIsland
Townsville Townsville
Novena Novena YuhuaWestBoonLay TampinesWest SingaporePolytechnic
Pandan AirportRoad PasirPanjang2
Victoria Victoria
Mandai BukitBatokCentral
Kranji Kranji
ClementiCentral ClementiCentral ChangiWest
YishunCentral PunggolTownCentre Woodgrove
TanglinHalt TuasBay TanglinHalt
Phillip Phillip Yishun
Ridout Ridout BishanEast
NorthCoast NorthCoast
ClarkeQuay FarrerPark SungeiRoad Semakau KampongGlam
Outram MonksHill Sennett Outram JurongWestCentral
Tyersall Tyersall DefuIndustrialPark
OrangeGrove Shipyard OrangeGrove NeeSoon
ChoaChuKangCentral ChoaChuKangCentral LoyangEast
YioChuKang Springleaf Boulevard YioChuKang MandaiWest
AnchorvaleBuangkok KallangWay AnchorvaleBuangkok
