F8 N8 I7 J4 B3 A8 G2 Q0 F1 P9 I4 F2 M6 A4 E6 G1 M7 N2 Q7 J8 S3 N7 S7 C7 L7 J2 K2 A6 T5 P7 R8 C5 I6 B4 D5 C0 P0 M9 I8 H0 C8 B1 A8 Q8 B7 R3 S6 C2 R2 G7 R7 N4 E0 B0 C4 B1 H1 Q1 P2 I2 B6 N0 K0 R1 K3 L6 H5 T7 H3 I9 O3 F8
54
N8 N8
I7 E3
B3 B3
A8 A8
Q0 Q0
F1 F1
P9 P9
I4 I4 F9
F2 C1 F2
M6 M6
E6 R4 D9
G1 G1 S5 K1
M7 M5
N2 E4 N2 A3
Q7 Q7 F6
J8 H6
N7 N7
S7 S7
L7 D4 G6 E7
J2 J2 O5 D7 I0
A6 K6
T5 D8 T8 T5
P7 Q3 P7 Q5 T1 R6
R8 R8
C5 P6
I6 B2 I6
B4 B4 N6
D5 E8 D5
C0 C0 A1 K5
P0 S2
I8 I8
H0 H0
C8 C8 O1 C3 A9
Q8 I3 Q8
R3 E5 G4 J0 O2
C2 C2 D3 L9
R2 M0
R7 H4 J1
N4 N4 S0 H2
E0 G0 S9
B0 B0 P5
C4 R0 C4
H1 H1
Q1 A0 E2
P2 P2
I2 A2 I2 T9
N0 N0 G9
K3 K3
L6 L6
H5 H5
T7 N1
H3 T0 H3 S8
I9 I9 R9
O3 O3
