Qwilfish Drampa Phanpy Skiddo Noibat Honedge Kakuna Treecko Seaking Bastiodon Shellder Xerneas Wailord Tauros Swadloon Munna Skorupi Tropius Scatterbug Taillow Drapion Lotad Wartortle Vespiquen Inkay Slurpuff Metang Steenee Jumpluff Stufful Amoonguss Crawdaunt Woobat Escavalier Weezing Metapod Gengar Bounsweet Froakie Magnemite Shellos Magmar Volcarona Vullaby Sandile Drampa Qwilfish
41
Qwilfish Qwilfish
Drampa Drampa
Skiddo Skiddo
Noibat Simisear Nincada Noibat
Honedge Weepinbell Honedge
Kakuna Kakuna
Treecko Treecko
Seaking Seaking
Bastiodon Whismur Bastiodon
Shellder Shellder
Wailord Plusle Wailord
Tauros Tauros
Swadloon Swadloon
Munna Munna
Skorupi Skorupi
Scatterbug Meloetta Scatterbug
Taillow Taillow
Drapion Drapion
Lotad Lotad
Vespiquen Vespiquen
Inkay Inkay
Slurpuff Slurpuff
Metang Metang
Steenee Steenee
Jumpluff Jumpluff
Stufful Stufful Conkeldurr
Amoonguss Amoonguss
Crawdaunt Porygon2 Crawdaunt
Woobat Woobat
Escavalier Escavalier
Weezing Weezing
Metapod Metapod
Gengar Gengar
Bounsweet Bounsweet
Froakie Froakie
Magnemite Magnemite Comfey
Shellos Shellos
Magmar Magmar
Volcarona Volcarona
Vullaby Vullaby
Sandile Sandile
