Burlington Honolulu Columbus Hampton Myrtle Killeen Prairie Davenport Merced Chattanooga Independence Naperville Bridgeport Miramar Clarke Cedar Rapids Denver Greenville Amarillo Hayward Chicago Louisville Buffalo Cambridge Burlington
24
Honolulu Honolulu
Columbus Columbus
Hampton McAllen Hampton
Myrtle Myrtle
Killeen Killeen
Prairie Prairie
Davenport Davenport
Merced Merced
Chattanooga Chattanooga
Independence Independence
Naperville Naperville
Bridgeport Bridgeport
Miramar Miramar
Clarke Clarke
Cedar Cedar
Rapids Rapids
Denver Denver
Greenville Greenville
Amarillo Amarillo
Hayward Hayward
Chicago Chicago
Louisville Louisville
Buffalo Buffalo
Cambridge Cambridge
