LegendsAquaticCenter DurantHall GolbousPlace ValleyLifeSciencesBu MemorialGlade CITRIS LewisHall SodaHall LeConteHall LevineFrickeSoftball GoldmanField SoutheastAsianStudie LawSchool SatherTower InvestigativeReporti NorthField StarrEastAsianLibrar NorthGateHall EucalyptusGrove LegendsAquaticCenter
19
LegendsAquaticCenter EllsworthParkingStru LegendsAquaticCenter
DurantHall DurantHall
GolbousPlace GolbousPlace
ValleyLifeSciencesBu ValleyLifeSciencesBu
MemorialGlade MemorialGlade
CITRIS CITRIS
LewisHall LewisHall
SodaHall SodaHall
LeConteHall LeConteHall
LevineFrickeSoftball LevineFrickeSoftball
GoldmanField GoldmanField
SoutheastAsianStudie SoutheastAsianStudie
LawSchool LawSchool
SatherTower SatherTower
InvestigativeReporti InvestigativeReporti
NorthField NorthField
StarrEastAsianLibrar StarrEastAsianLibrar
NorthGateHall NorthGateHall
EucalyptusGrove EucalyptusGrove
