McLaughlinHall MathematicalSciences HasteStreetChildDeve RecreationalSportsFa EastAsianStudiesInst GrinnellNaturalArea EnergyBiosciencesBui EtcheverryHall FacultyGlade Library PublicAffairsOfficeo ResidentialStudentSe SeniorHall HertzHall WarrenHall BancroftParkingStruc LegendsAquaticCenter EshlemanHall GiauqueHall SpiekerAquaticsCompl CNMAT1750ArchSt GoldmanSchool StephensHall CampusSharedServices StrawberryCanyonRecr LevineFrickeSoftball InsectaryGreenhouse Romeos UCBerkeleyExtension GianniniHall WomensFacultyClub MagnesCollectionofJe WitterRugbyField JonesChildStudyCente AnnaHeadAlumnaeHall Unit3ResidentHall ZellerbachHall EvansDiamond VisitorCenter DurantHall RedwoodGroveBotanica McLaughlinHall
41
McLaughlinHall SamsPad MoffittLibrary CareerCenter McLaughlinHall BerkeleyArtMuseumand BotanicalGarden SimpsonCenterforStud KroeberHall
MathematicalSciences MathematicalSciences
HasteStreetChildDeve HasteStreetChildDeve
RecreationalSportsFa RecreationalSportsFa
EastAsianStudiesInst EastAsianStudiesInst
GrinnellNaturalArea GrinnellNaturalArea
EnergyBiosciencesBui EnergyBiosciencesBui
EtcheverryHall EtcheverryHall
FacultyGlade FacultyGlade
Library Library
PublicAffairsOfficeo PublicAffairsOfficeo
ResidentialStudentSe ResidentialStudentSe
SeniorHall SeniorHall
HertzHall HertzHall
WarrenHall WarrenHall
BancroftParkingStruc BancroftParkingStruc
LegendsAquaticCenter LegendsAquaticCenter
EshlemanHall EshlemanHall
GiauqueHall GiauqueHall
SpiekerAquaticsCompl SpiekerAquaticsCompl
CNMAT1750ArchSt CNMAT1750ArchSt
GoldmanSchool GoldmanSchool
StephensHall StephensHall
CampusSharedServices CampusSharedServices
StrawberryCanyonRecr StrawberryCanyonRecr
LevineFrickeSoftball LevineFrickeSoftball
InsectaryGreenhouse InsectaryGreenhouse
Romeos Romeos
UCBerkeleyExtension UCBerkeleyExtension
GianniniHall GianniniHall
WomensFacultyClub WomensFacultyClub
MagnesCollectionofJe MagnesCollectionofJe
WitterRugbyField WitterRugbyField
JonesChildStudyCente JonesChildStudyCente
AnnaHeadAlumnaeHall AnnaHeadAlumnaeHall
Unit3ResidentHall Unit3ResidentHall
ZellerbachHall ZellerbachHall
EvansDiamond EvansDiamond
VisitorCenter VisitorCenter
DurantHall DurantHall
RedwoodGroveBotanica RedwoodGroveBotanica
