BerkeleyArtMuseumand BancroftLibrary ArchitectsEngineersA NorthGateHall HasteStreetChildDeve LegendsAquaticCenter BerkeleyArtMuseumand LawSchool SatherTower WarrenHall CareerCenter SpiekerAquaticsCompl MulfordHall Demography AlumniHouse SimpsonCenterforStud AcademicInnovationSt CoryHall MosesHall StanleyHall HavilandHall LatinAmericanStudies FacultyGlade UniversityHealthServ MathematicalSciences GianniniHall InvestigativeReporti FoxCottage2350Bowdit EastAsianStudiesInst WellmanHall ZellerbachHall EdwardsTrackStadiumG ClarkKerrCampus FacultyClub UpperHearstParkingSt GolbousPlace PacificFilmArchiveBe EvansHall CaliforniaHall EnergyBiosciencesBui BowlesHall HenryHWheelerBrainIm SimonHall Unit1ResidentHall InternationalHouse LowerHearstParkingSt NaturalResourcesLabo AHammock BanwayBuilding CesarEChavezStudentC KoretVisitorCenter ObservatoryHill NorthField MorrisonHall AnthonyHall McConeHall LawrenceHallofScienc EvansDiamond ChancellorsEsplanade IRLE BarrowsHall BancroftDanceStudio InsectaryGreenhouse GraduateTheologicalU GoldmanField MartinezCommons McLaughlinHall LawrenceBerkeleyNati CheitHall EllsworthParkingStru HearstMemorialMining LeConteHall MaxwellFamilyFieldan MagnesCollectionofJe ManvilleHall SutardjaDaiHall Sebastians MariesHouse PublicAffairsOfficeo UniversityHouse FallProgramforFreshm BerkeleyArtMuseumand
78
BerkeleyArtMuseumand KoshlandHall HaasSchoolofBusiness BerkeleyArtMuseumand Library LiKaShingCenter
BancroftLibrary BancroftLibrary
ArchitectsEngineersA ArchitectsEngineersA
LegendsAquaticCenter LegendsAquaticCenter
LawSchool LawSchool
SatherTower SatherTower
WarrenHall WarrenHall
CareerCenter CareerCenter
SpiekerAquaticsCompl SpiekerAquaticsCompl
MulfordHall MulfordHall
Demography Demography
AlumniHouse AlumniHouse
SimpsonCenterforStud SimpsonCenterforStud
AcademicInnovationSt AcademicInnovationSt
CoryHall CoryHall
MosesHall MosesHall
StanleyHall StanleyHall
HavilandHall HavilandHall
LatinAmericanStudies LatinAmericanStudies
FacultyGlade FacultyGlade
UniversityHealthServ UniversityHealthServ
MathematicalSciences MathematicalSciences
GianniniHall GianniniHall
InvestigativeReporti InvestigativeReporti
FoxCottage2350Bowdit FoxCottage2350Bowdit
EastAsianStudiesInst EastAsianStudiesInst
WellmanHall WellmanHall
ZellerbachHall ZellerbachHall
EdwardsTrackStadiumG EdwardsTrackStadiumG
ClarkKerrCampus ClarkKerrCampus
FacultyClub FacultyClub
UpperHearstParkingSt UpperHearstParkingSt
GolbousPlace GolbousPlace
PacificFilmArchiveBe PacificFilmArchiveBe
EvansHall EvansHall
CaliforniaHall CaliforniaHall
EnergyBiosciencesBui EnergyBiosciencesBui
BowlesHall BowlesHall
HenryHWheelerBrainIm HenryHWheelerBrainIm
SimonHall SimonHall
Unit1ResidentHall Unit1ResidentHall
InternationalHouse InternationalHouse
LowerHearstParkingSt LowerHearstParkingSt
NaturalResourcesLabo NaturalResourcesLabo
AHammock AHammock
BanwayBuilding BanwayBuilding
CesarEChavezStudentC CesarEChavezStudentC
KoretVisitorCenter KoretVisitorCenter
ObservatoryHill ObservatoryHill
NorthField NorthField
MorrisonHall MorrisonHall
AnthonyHall AnthonyHall
McConeHall McConeHall
LawrenceHallofScienc LawrenceHallofScienc
EvansDiamond EvansDiamond
ChancellorsEsplanade ChancellorsEsplanade
IRLE IRLE
BarrowsHall BarrowsHall
BancroftDanceStudio BancroftDanceStudio
InsectaryGreenhouse InsectaryGreenhouse
GraduateTheologicalU GraduateTheologicalU
GoldmanField GoldmanField
MartinezCommons MartinezCommons
McLaughlinHall McLaughlinHall
LawrenceBerkeleyNati LawrenceBerkeleyNati
CheitHall CheitHall
EllsworthParkingStru EllsworthParkingStru
HearstMemorialMining HearstMemorialMining
LeConteHall LeConteHall
MaxwellFamilyFieldan MaxwellFamilyFieldan
MagnesCollectionofJe MagnesCollectionofJe
ManvilleHall ManvilleHall
SutardjaDaiHall SutardjaDaiHall
Sebastians Sebastians
MariesHouse MariesHouse
PublicAffairsOfficeo PublicAffairsOfficeo
UniversityHouse UniversityHouse
FallProgramforFreshm FallProgramforFreshm
