Fizz Katarina Lucian Chen Zed StormSpirit Bane Rengar Leona KhaZix Mirana Kassadin Magnus CentaurWarrunner ShadowDemon NightStalker Rumble Omniknight Beastmaster FacelessVoid Thresh Weaver Trundle LoneDruid Zilean Medusa BountyHunter Venomancer Azir TahmKench Quinn Tiny Syndra Undying Heimerdinger Amumu Singed Kennen Fiddlesticks Visage Talon VelKoz Warlock Oracle Ziggs Tristana Pantheon Jinx Nidalee Ekko Nunu Timbersaw DeathProphet JarvanIV Viktor Nasus Gragas Terrorblade Janna Yorick Slark Xayah Kled Orianna LeBlanc Karma Sniper Annie Rubick Vladimir Irelia Brewmaster Techies Ryze Puck SpiritBreaker Cassiopeia Sven Morphling WinterWyvern Kayn TrollWarlord Huskar Sona ShadowShaman ShadowFiend Fizz
86
Fizz Fizz
Katarina Katarina
Lucian Lucian
Chen Chen
Zed Zed
StormSpirit StormSpirit
Bane Bane
Rengar Rengar
Leona Leona
KhaZix KhaZix
Mirana Mirana
Kassadin Kassadin
Magnus Magnus
CentaurWarrunner CentaurWarrunner
ShadowDemon ShadowDemon
NightStalker NightStalker
Rumble Rumble
Omniknight Omniknight
Beastmaster Beastmaster
FacelessVoid FacelessVoid
Thresh Thresh Jayce
Weaver Weaver
Trundle Trundle
LoneDruid LoneDruid
Zilean Zilean
Medusa Medusa
BountyHunter BountyHunter
Venomancer Venomancer
Azir Azir
TahmKench TahmKench
Quinn Quinn
Tiny Tiny
Syndra Syndra
Undying Undying
Heimerdinger Heimerdinger
Amumu Amumu
Singed Singed
Kennen Kennen
Fiddlesticks Fiddlesticks
Visage Visage
Talon Talon
VelKoz VelKoz
Warlock Warlock
Oracle Oracle
Ziggs Ziggs
Tristana Tristana
Pantheon Pantheon
Jinx Jinx
Nidalee Nidalee
Ekko Ekko
Nunu Nunu
Timbersaw Timbersaw
DeathProphet DeathProphet
JarvanIV JarvanIV
Viktor Viktor
Nasus Nasus
Gragas Gragas
Terrorblade Terrorblade
Janna Janna
Yorick Yorick
Slark Slark
Xayah Xayah
Kled Kled
Orianna Orianna
LeBlanc LeBlanc
Karma Karma
Sniper Sniper
Annie Annie
Rubick Rubick
Vladimir Vladimir
Irelia Irelia
Brewmaster Brewmaster
Techies Techies
Ryze Ryze
Puck Puck
SpiritBreaker SpiritBreaker
Cassiopeia Cassiopeia
Sven Sven Slardar
Morphling Morphling
WinterWyvern WinterWyvern
Kayn Vi Kayn
TrollWarlord TrollWarlord
Huskar Huskar
Sona Sona
ShadowShaman ShadowShaman
ShadowFiend ShadowFiend
