location1 location19 location93 location179 location158 location20 location178 location27 location175 location32 location163 location96 location125 location70 location143 location182 location110 location57 location186 location75 location31 location127 location165 location116 location196 location94 location181 location184 location91 location82 location49 location69 location100 location136 location84 location138 location157 location149 location46 location40 location172 location74 location160 location12 location15 location44 location5 location180 location135 location88 location35 location29 location118 location106 location1
52
location1 location90
location19 location92 location193
location93 location93
location179 location179
location158 location158 location28
location20 location20 location56
location178 location178
location27 location108 location27
location175 location175
location32 location32
location163 location87
location96 location85 location96
location70 location195 location2 location150 location95
location143 location169 location143 location171
location182 location182 location164
location110 location110 location142
location57 location57 location17 location152
location186 location186
location75 location139 location146 location75
location31 location133 location26
location127 location127
location165 location165 location154
location116 location116 location10
location196 location196
location94 location130 location22 location94
location181 location58 location181
location184 location159 location199 location184 location129
location91 location97 location68 location91
location82 location82
location49 location140 location49 location3
location69 location69 location107 location190
location100 location100 location33
location136 location11 location105 location136 location30
location84 location109
location138 location6
location157 location157
location149 location149
location46 location123 location46
location40 location40
location172 location172
location74 location74
location12 location12 location128
location15 location25 location111
location44 location44
location5 location5 location114
location180 location180
location135 location16 location13
location88 location161
location35 location35
location29 location197 location185
location118 location43 location188 location118 location148
location106 location106 location177 location59 location65 location37
