c5 g3 s3 j2 c3 o3 a8 a1 b3 g5 o2 g0 b1 p0 t7 f5 o8 c8 g9 l0 f3 j6 h3 s2 n6 h1 l6 q0 m4 g7 g8 t5 k1 g6 p7 a6 g1 o7 n3 h2 j7 a0 h6 s1 o6 o5 t6 l8 i5 n4 t0 h4 r7 e4 c5
54
c5 t9
g3 g3 o4
s3 s3
j2 j2 a4
c3 c3
o3 l1
a8 a8
a1 a1
b3 b3
g5 g5 e0
o2 q5 k6 o2
g0 g0
b1 d4 i1 b1 m0 a7
p0 p0
t7 t7 f2
f5 f5
o8 j3 p9 o8
c8 c8 k9
g9 g9 c4
l0 l0
f3 f3
j6 r2 j6
h3 h3
s2 s2 q3
n6 n6
h1 h1
l6 l6
q0 q0
m4 r1 m4
g7 g7 s9
g8 s7 g8 e2
t5 r4 g4 t5 e5
k1 t2 k1 f6
g6 g6 i0
p7 b7 p7
a6 a6
g1 g1 m7 h5
o7 o7
n3 n3
h2 h2 q8
j7 j7
a0 o0 a0
h6 h6 d5
s1 s1 j5
o6 o6 l4
o5 o5 b5
t6 t6 l3 h0
l8 l8 t8
i5 d6 n0 i5
n4 r9 i4 n4
t0 q1 t0 t1
h4 s4 h4
r7 r7
e4 e4 e1
