Loc1 Loc108 Loc77 Loc100 Loc61 Loc29 Loc15 Loc8 Loc146 Loc26 Loc75 Loc62 Loc28 Loc3 Loc149 Loc3 Loc28 Loc95 Loc165 Loc168 Loc99 Loc66 Loc178 Loc82 Loc12 Loc191 Loc156 Loc183 Loc126 Loc70 Loc130 Loc102 Loc42 Loc147 Loc16 Loc142 Loc18 Loc39 Loc176 Loc109 Loc31 Loc192 Loc153 Loc119 Loc30 Loc18 Loc150 Loc72 Loc19 Loc6 Loc87 Loc164 Loc125 Loc149 Loc157 Loc165 Loc1
43
Loc1 Loc97 Loc1
Loc108 Loc51 Loc69
Loc77 Loc188
Loc61 Loc64
Loc29 Loc73 Loc180 Loc29 Loc167 Loc132 Loc112 Loc128
Loc15 Loc15
Loc8 Loc198 Loc8
Loc26 Loc4 Loc26
Loc62 Loc186 Loc62
Loc28 Loc28
Loc3 Loc3 Loc196 Loc169
Loc149 Loc152
Loc95 Loc117 Loc38
Loc165 Loc113 Loc5 Loc37 Loc161 Loc121
Loc168 Loc45 Loc83
Loc99 Loc99
Loc66 Loc66
Loc178 Loc166 Loc199 Loc178
Loc82 Loc82 Loc68 Loc154
Loc12 Loc12
Loc191 Loc58
Loc156 Loc156
Loc183 Loc172 Loc160 Loc110 Loc106 Loc92 Loc60 Loc183
Loc126 Loc126 Loc171 Loc131
Loc70 Loc70 Loc194
Loc130 Loc130
Loc102 Loc102 Loc114
Loc16 Loc127 Loc22 Loc91 Loc175
Loc142 Loc104
Loc18 Loc122 Loc135 Loc18 Loc50
Loc39 Loc39 Loc89
Loc176 Loc111
Loc31 Loc76 Loc144 Loc31
Loc192 Loc192
Loc153 Loc33 Loc153
Loc119 Loc119
Loc150 Loc44 Loc150 Loc13 Loc36
Loc72 Loc72 Loc98
Loc19 Loc19
Loc6 Loc115 Loc6 Loc187
Loc87 Loc145 Loc87
Loc164 Loc164 Loc55 Loc155 Loc63 Loc123
Loc157 Loc59 Loc177 Loc157 Loc85
