Loc1 Loc37 Loc45 Loc27 Loc92 Loc98 Loc18 Loc63 Loc44 Loc25 Loc53 Loc65 Loc68 Loc47 Loc60 Loc43 Loc64 Loc55 Loc73 Loc3 Loc29 Loc52 Loc70 Loc10 Loc2 Loc31 Loc24 Loc79 Loc38 Loc54 Loc4 Loc87 Loc96 Loc41 Loc21 Loc17 Loc32 Loc1
29
Loc37 Loc49 Loc19
Loc45 Loc45 Loc76
Loc92 Loc13 Loc92
Loc98 Loc72 Loc98
Loc18 Loc90 Loc18
Loc63 Loc63
Loc44 Loc62
Loc25 Loc25 Loc56
Loc53 Loc53
Loc65 Loc65 Loc81 Loc69
Loc68 Loc68 Loc7
Loc47 Loc47
Loc43 Loc43
Loc64 Loc91 Loc15
Loc55 Loc80 Loc42 Loc55
Loc3 Loc3
Loc29 Loc29
Loc70 Loc70 Loc52 Loc50
Loc10 Loc6 Loc10
Loc2 Loc34 Loc11 Loc2
Loc31 Loc0 Loc22
Loc79 Loc46 Loc79
Loc38 Loc38
Loc4 Loc4
Loc87 Loc87 Loc74
Loc41 Loc41
Loc21 Loc9 Loc21
Loc17 Loc17
Loc32 Loc32
