loc1 loc5 loc4 loc3 loc2 loc7 loc16 loc11 loc15 loc14 loc13 loc12 loc17 loc26 loc21 loc22 loc27 loc36 loc31 loc32 loc37 loc46 loc41 loc42 loc47 loc56 loc51 loc52 loc57 loc66 loc61 loc62 loc67 loc76 loc71 loc72 loc77 loc86 loc81 loc82 loc87 loc96 loc91 loc92 loc97 loc106 loc101 loc102 loc107 loc116 loc111 loc115 loc114 loc113 loc112 loc117 loc126 loc121 loc122 loc127 loc136 loc131 loc135 loc134 loc133 loc132 loc137 loc146 loc141 loc142 loc147 loc156 loc151 loc152 loc157 loc166 loc161 loc162 loc167 loc176 loc171 loc172 loc177 loc186 loc181 loc182 loc187 loc196 loc191 loc196 loc187 loc182 loc183 loc184 loc185 loc181 loc186 loc177 loc172 loc173 loc174 loc175 loc171 loc176 loc167 loc162 loc163 loc162 loc161 loc166 loc157 loc152 loc153 loc154 loc155 loc160 loc155 loc151 loc156 loc147 loc142 loc143 loc144 loc145 loc141 loc146 loc137 loc132 loc131 loc136 loc127 loc122 loc123 loc124 loc125 loc121 loc126 loc117 loc112 loc111 loc116 loc107 loc102 loc103 loc104 loc105 loc101 loc106 loc97 loc92 loc93 loc94 loc95 loc91 loc96 loc87 loc82 loc81 loc86 loc77 loc72 loc71 loc76 loc67 loc62 loc61 loc65 loc64 loc63 loc62 loc67 loc76 loc71 loc72 loc77 loc86 loc81 loc85 loc84 loc85 loc81 loc86 loc77 loc72 loc71 loc75 loc71 loc76 loc67 loc62 loc61 loc66 loc57 loc52 loc53 loc54 loc55 loc51 loc56 loc47 loc42 loc43 loc42 loc41 loc46 loc37 loc32 loc31 loc36 loc27 loc22 loc23 loc24 loc25 loc21 loc26 loc17 loc12 loc11 loc16 loc7 loc2 loc1
59
loc1 loc6 loc10
loc4 loc8 loc9
loc15 loc19 loc20
loc13 loc18
loc17 loc17
loc26 loc26
loc27 loc27
loc36 loc36
loc31 loc38 loc39 loc40
loc46 loc37 loc46
loc41 loc50
loc47 loc47
loc56 loc56
loc66 loc57 loc66
loc96 loc87 loc96
loc97 loc97 loc106
loc115 loc119 loc120
loc113 loc118
loc134 loc138 loc139 loc140
loc147 loc147
loc191 loc197 loc198 loc199 loc200
loc196 loc187 loc196
loc184 loc188 loc189 loc190
loc186 loc177 loc186
loc174 loc178 loc179 loc180
loc176 loc167 loc176
loc163 loc168 loc169 loc170
loc166 loc166
loc157 loc157
loc154 loc158 loc159
loc160 loc160
loc156 loc156
loc144 loc148 loc149 loc150
loc137 loc137 loc146
loc127 loc127 loc136
loc123 loc128
loc124 loc129
loc125 loc130
loc117 loc117 loc126
loc107 loc107 loc116
loc103 loc108 loc109
loc105 loc110
loc94 loc98 loc99
loc95 loc100
loc65 loc70
loc64 loc68 loc69
loc67 loc67
loc76 loc76
loc85 loc90
loc84 loc88 loc89
loc86 loc77 loc86
loc72 loc78
loc75 loc79 loc80
loc53 loc58
loc54 loc59 loc60
loc43 loc48 loc49
loc23 loc28
loc24 loc29 loc30
loc16 loc7 loc16
