Liam Isaiah Joseph Mateo Alexander Mason Jayden Adam Ian Adam Brayden Jaxson Colton Josiah Eli Josiah Sebastian Aaron Thomas Dylan Owen Jose Sawyer Benjamin Connor Leonardo Theodore Nicholas Jordan Roman Jordan Asher Luke Christian Logan Colton Leo Isaiah Liam
19
Liam Liam
Joseph Joseph
Alexander Alexander
Mason Mason Elijah
Jayden Jayden
Ian Henry
Brayden Ethan Samuel
Jaxson Michael
Eli Oliver Lucas Jackson Wyatt
Sebastian Sebastian David
Thomas James
Dylan Dylan
Owen Noah Owen
Sawyer John
Benjamin Benjamin Carter
Roman Jacob Matthew
Luke Luke
Logan William Logan Aiden
Isaiah Daniel
