zero two one zero four zero one eight nine ten seventeen sixteen twentythree twentytwo twentynine thirtysix twentynine thirtysix thirtyseven thirtysix fortythree fortyfour fiftyone fiftyeight fiftyseven sixtyfour seventyone seventyseven seventysix eightythree ninety eightynine ninetysix ninetyfive ninetyfour ninetythree eightysix seventynine eighty seventynine seventyeight seventyone sixtyfour fiftyseven sixtythree sixtytwo fiftyfive fortyeight fortyseven fortysix thirtynine thirtyeight thirtyseven fortyfour fortythree fortynine fortytwo thirtyfive thirtyfour thirtyfive thirtyfour twentyseven twenty nineteen eighteen eleven four three zero
36
zero five six
two two
four four
eight fourteen
ten ten
sixteen fifteen
twentythree twentyfour twentyfive
twentytwo twentytwo
twentynine twentynine thirty
thirtysix thirtysix
thirtyseven thirtyseven
fortyfour fortyfour fortyfive
fiftyone fifty fiftyone fiftythree
fiftyeight sixty
fiftyseven fiftyseven
sixtyfour sixtyfive sixtysix sixtyseven sixtyeight seventy
seventyone seventyone
seventyseven seventyseven
seventysix seventyfive
eightythree eightytwo eightyfour
eightynine eightyeight eightynine
ninetyfive ninetyfive
eightysix eightyseven
seventynine seventynine
eighty eightyone
seventyeight seventyeight
sixtytwo sixtyone sixtytwo
fiftyfive fiftyfive
fortyeight fortyeight
fortyseven fortyseven
thirtynine thirtynine
thirtyfive thirtyfive
thirtyfour thirtythree thirtyfour
twenty twenty
eleven twelve
three three
