zero seven six thirteen fourteen eight nine sixteen seventeen twentyfour thirtyone thirtyeight fortyfive fortysix fortyseven forty fortyone thirtyfour twentyseven twenty nineteen eighteen eleven twelve five zero
21
zero three
seven seven
six six
thirteen thirteen
fourteen fourteen
nine nine
sixteen fifteen sixteen
twentyfour twentyfive
thirtyone thirtyone thirtytwo
thirtyeight thirtyseven thirtyeight
fortyfive fortyfive
fortysix fortysix
forty forty
fortyone fortytwo
thirtyfour thirtyfour thirtyfive
twenty twenty
nineteen nineteen
eighteen eighteen
eleven eleven
twelve twelve
five five
