zero six thirteen twenty twentyone fifteen eight one two one two nine ten eleven twelve eleven eighteen seventeen twentyfour thirtyone thirtyeight thirtynine forty fortyseven fortyeight fortynine fortythree fifty fiftyone fiftyeight fiftynine sixtysix seventythree seventytwo seventyone sixtyfour seventy sixtynine seventysix eightythree ninety ninetyseven ninetyeight onehunfive ninetyeight ninetyone eightyfour seventyeight seventynine eightysix eightyseven eightysix eightyfive ninetytwo ninetynine onehunsix onehunthirteen onehunnineteen onehuneighteen onehunseventeen onehuntwentyfour onehuntwentythree onehuntwentytwo onehuntwentynine onehuntwentyeight onehuntwentyseven onehunthirtyfour onehunfortyone onehunfortyeight onehunfortynine onehunfiftysix onehunsixtythree onehunsixtyfour onehunfiftyseven onehunfifty onehunfortythree onehunfortyfour onehunthirtyseven onehunthirtyeight onehunthirtynine onehunfortysix onehunfiftythree onehunfiftytwo onehunfiftythree onehunsixty onehunfiftynine onehunfiftyeight onehunfiftyone onehunfiftyeight onehunsixtyfive onehunseventytwo onehunseventynine onehuneighty onehuneightyone onehunseventyfour onehunseventythree onehunseventyfour onehunseventyfive onehuneightytwo onehunseventysix onehunsixtynine onehunsixtytwo onehunfiftyfive onehunsixtyone onehunfiftyfour onehunfortyseven onehunforty onehunthirtythree onehuntwentysix onehunnineteen onehuntwelve onehuneleven onehunten onehunnine onehuneight onehunseven onehun ninetythree ninetyfour ninetyfive ninetysix eightynine eightytwo seventyfive seventyfour sixtyseven sixtyeight sixtyone sixty fiftythree fiftytwo fortyfive thirtyeight thirtynine thirtyeight thirtyone twentyfour seventeen ten three zero
79
zero seven
six six
thirteen fourteen
twenty twenty
fifteen fifteen sixteen
one one
two two
ten ten
eleven eleven
twelve twelve
seventeen seventeen
twentyfour twentythree twentyfive twentysix twentyseven
thirtyone twentynine thirtythree thirtyfour
thirtyeight thirtyseven thirtyeight
fortynine fortynine
fortythree fortythree fortyfour
fifty fiftyfive
fiftyeight fiftyseven fiftyeight
sixtysix sixtysix
seventytwo seventytwo
seventyone seventyone seventyseven
sixtyfour sixtyfour
seventy seventy
sixtynine sixtynine
eightythree eightythree
ninetyeight ninetyeight
eightyfour eightyfour
seventyeight seventyeight
seventynine seventynine
eightyseven eightyseven
ninetynine ninetynine
onehunthirteen onehunthirteen
onehunnineteen onehunnineteen
onehuneighteen onehuneighteen
onehunseventeen onehunsixteen onehunseventeen
onehuntwentyfour onehuntwentyfour
onehuntwentythree onehuntwentythree
onehuntwentytwo onehuntwentyone
onehuntwentynine onehunthirty
onehuntwentyeight onehuntwentyeight
onehuntwentyseven onehuntwentyseven
onehunthirtyfour onehunthirtyfive
onehunfortynine onehunfortynine
onehunsixtythree onehunsixtythree
onehunsixtyfour onehunsixtyfour
onehunfiftyseven onehunfiftyseven
onehunfifty onehunfifty
onehunfortythree onehunfortythree
onehunfortyfour onehunfortyfour onehunfortyfive
onehunfortysix onehunfortysix
onehunsixty onehunsixty
onehunfiftynine onehunfiftynine
onehunsixtyfive onehunsixtyfive onehunsixtysix
onehunseventytwo onehunseventyone
onehunseventynine onehunseventyeight onehunninetytwo onehunninetythree
onehuneighty onehuneighty onehuneightyseven onehunninetyfour
onehuneightyone onehuneightyone
onehunseventyfour onehunseventyfour
onehunseventythree onehunseventythree
onehunseventyfive onehunseventyfive
onehuneightytwo onehuneightytwo
onehunseventysix onehunseventysix onehuneightyfour onehunninety onehunninetyone
onehunsixtynine onehunsixtynine onehunseventy
onehunsixtyone onehunsixtyone
onehunfiftyfour onehunfiftyfour
onehunforty onehunforty
onehuntwentysix onehuntwentysix
onehuneleven onehuneleven
onehunten onehunten
onehuneight onehuneight
onehun onehunone
eightytwo eightytwo
seventyfive seventyfive
sixtyseven sixtyseven
sixty sixty
fiftythree fiftythree
fiftytwo fiftytwo
fortyfive fortyfive
three three
