0 81 85 1 73 53 17 111 171 119 43 34 60 103 41 50 7 106 153 158 108 156 108 115 58 13 28 33 105 33 68 101 125 36 98 31 27 37 20 70 23 83 87 80 42 40 79 25 56 84 88 22 6 30 75 110 78 113 12 132 102 49 44 38 106 150 142 164 109 45 95 100 97 89 61 36 54 71 32 19 172 112 176 112 92 112 116 103 116 82 35 47 76 182 114 65 104 140 191 117 3 0
32
171 171
119 197 198 199
103 134 135 136 137
106 147 148 149 151 152 154
153 153
158 158
108 157 159 160 194
156 156
115 186 187
105 141 143 144 145 146
101 124 126 127 128 129 130
125 125
98 195 196
110 168 169 170
113 178 179
132 132
102 131 133 155
150 150
142 142
164 164
109 161 162 163 165 166 167 180
100 120 121 122 123
172 172
112 173 174 175 177
176 176
116 188 189 190
182 182
114 181 183 184 185
104 138 139
140 140
191 191
117 192 193
