188645 0FB66D FA567E EDC0CA 0D7DE7 E954F7 2EA2EE 2F1AB5 CEAE00 539A92 7E18E9 673B36 C0766C 07D80A 143B88 44716B 567883 C98FE7 31D332 B86446 8D0852 37F745 7BF2B5 D443EB D7CAF9 825884 4B39CA 61EDA9 3ADA02 61EDA9 35F60D 2C101C E0E349 B3243F 628AB2 B3243F 9B0EC2 29B2A4 EC05F7 DDF3EB 7E5598 0FBCDC 0A5C0E 0FBCDC 84EBFF 103C70 500783 35FF16 A5CCB5 DBDC9A A7E9D9 B7B073 657F93 B833F0 FA567E 0FB66D 188645
40
188645 188645
EDC0CA EF4D57
0D7DE7 467AB7
E954F7 E954F7
2F1AB5 9B9BDD
539A92 539A92
7E18E9 7E18E9
07D80A 07D80A
44716B 44716B
567883 6D778A
C98FE7 C98FE7
31D332 DD2694
B86446 4FBDE1
8D0852 8D0852
37F745 37F745
7BF2B5 D01E6B 784F83 FF8D45
D443EB D443EB
D7CAF9 D7CAF9
825884 48C2D5
4B39CA 19FFAB
61EDA9 E09D29
3ADA02 D5356A 3ADA02
35F60D AA8E14
2C101C CB09C0 2C101C
B3243F 1276AF
628AB2 D04F40 628AB2
9B0EC2 9B0EC2
29B2A4 29B2A4 724A76
EC05F7 FD1783
7E5598 3B1041 AFF8D1
0FBCDC 0FBCDC
0A5C0E 0A5C0E
84EBFF 84EBFF
500783 500783
35FF16 800641
A5CCB5 A5CCB5
DBDC9A DBDC9A 94D700 994F93
B7B073 A7E9D9 B7B073
B833F0 B833F0
0FB66D 0FB66D
