a1 a5 a6 a22 a21 a20 a24 a25 a26 a27 a59 a43 a59 a27 a11 a91 a92 a96 a95 a94 a93 a89 a88 a84 a85 a81 a80 a79 a78 a77 a73 a72 a68 a67 a66 a65 a64 a63 a62 a61 a57 a56 a55 a54 a53 a52 a51 a50 a49 a48 a47 a46 a45 a41 a40 a36 a35 a34 a33 a37 a38 a70 a6 a38 a54 a6 a5 a1
36
a1 a1 a3
a5 a4
a6 a6 a86
a22 a22
a21 a17
a20 a19 a20
a25 a25 a30
a27 a27 a28 a75
a59 a59 a60
a43 a43 a44
a11 a9 a11 a12 a14
a91 a91
a92 a92
a94 a94
a89 a89
a84 a83 a84
a81 a81
a80 a76
a78 a78
a73 a73
a68 a68
a67 a67
a65 a65
a62 a62
a57 a57
a54 a54
a52 a52
a51 a51
a49 a49
a46 a46
a41 a41
a36 a36
a35 a35
a33 a33
a38 a38
a70 a70
