a1 a5 a4 a5 a6 a182 a181 a177 a181 a180 a184 a185 a189 a188 a187 a27 a28 a29 a28 a27 a123 a124 a125 a124 a123 a139 a140 a141 a137 a136 a132 a133 a134 a118 a117 a116 a117 a118 a70 a69 a68 a72 a73 a77 a76 a75 a59 a60 a61 a57 a56 a52 a53 a49 a48 a44 a45 a44 a43 a171 a172 a173 a172 a171 a107 a108 a109 a108 a107 a155 a156 a157 a153 a152 a148 a149 a150 a86 a85 a86 a38 a37 a36 a37 a38 a22 a21 a20 a21 a17 a16 a12 a13 a12 a11 a91 a92 a96 a97 a101 a100 a101 a102 a166 a165 a166 a6 a5 a1
49
a1 a1
a4 a3 a4
a177 a177
a180 a179 a180
a189 a185 a190
a188 a188
a29 a25 a30
a28 a28
a124 a124
a125 a121 a126
a123 a11 a27 a43 a59 a75 a91 a107 a123 a139 a155 a171 a187
a140 a140
a141 a142
a137 a137
a132 a131 a132
a133 a129
a116 a115 a116
a117 a113
a69 a65
a68 a67 a68
a77 a73 a78
a76 a76
a61 a60 a62
a57 a57
a52 a51 a52
a49 a49
a44 a44
a45 a41 a46
a173 a169 a174
a172 a172
a109 a105 a110
a108 a108
a156 a156
a157 a158
a153 a153
a148 a147 a148
a149 a145
a85 a81 a83 a84
a38 a6 a22 a38 a54 a70 a86 a102 a118 a134 a150 a166 a182
a36 a35 a36
a37 a33
a20 a19 a20
a17 a17
a12 a12
a13 a9 a14
a92 a89 a92 a94
a97 a97
a100 a99 a100
a165 a161 a163 a164
