Bowles Birge Bechtel Minor Memorial Marugame SigmaOmicronPi Moses Wellman Lewis Campanile LeConte Stanley Cory Jacob Evan Blackwell Evan SigmaPhiOmega BearFoodCourt Hargrove Tan Warren Safeway Stebbins Greek Unit2 Wolf StrawberryCreek Wilde Bechtel Latimer Mulford Bowles
22
Bowles Calvin Etcheverry LaVals Graduate
Birge Birge
Bechtel Baker Simons Strada Daiso RoseGarden
Memorial Maxwell Barrows TacoBell AlphaSigmaPhi
Moses Moses Stacks Gypsys Sherman
Wellman Wellman Sutardja
Campanile Campanile Wurster Zellerbach Bongo ShengKee Spats Cheeseboard PiLambda PiAlphaPhi
LeConte VLSB RSF Boalt Kresge PeoplesPark Castro NorthGate ALS
Stanley Campbell Doe Koshland
Cory Extension
Jacob Foothill HearstAnnex Haas Unit1 Hildebrand Morgan Unit3 CKerr Martinez WayWest Pavilion Crossroads Browns YogurtPark Ridge Lothlorien Chipotle UCTheatre Barker GammaPhiBeta MFoundry NCEM
Evan Evan Cloyne
Blackwell Blackwell GenPlantBio
BearFoodCourt BearFoodCourt
Safeway Safeway
Greek Greek
Unit2 Unit2 IndianRock
Wolf Wolf
StrawberryCreek StrawberryCreek
Wilde Wilde
Latimer Edwards Rochdale Easterly
Mulford Mulford Crescent
