1 49 67 78 45 127 163 33 85 90 8 84 28 32 2 107 149 99 186 44 22 9 22 184 27 30 151 171 65 112 92 100 18 113 150 132 120 94 1
32
1 7
49 4 25 49 77
67 16 41 67 72 83 101
78 3 57 78
45 45 46
127 31 53
33 29 33 98
85 60 85
90 13 43 66 90 91
8 8
84 84
28 28
32 32
2 2 15 38 50 56 61 73 89
107 23 87
149 10 34 74 88
99 99
186 47 82
44 40 44 59
22 14 22 63
9 9 39 71 93
27 27 55
30 5 17 19 30 68 69 76 79
151 21 42 48 64 95
65 35 54 65 75
112 20 70 80
92 24 62 92 97
100 6 58 100
18 18 26 37 81 96
150 36
120 12 51
94 11 52 86 94
