159 77 75 37 46 192 130 64 57 63 121 166 27 173 133 17 36 66 10 171 69 138 81 28 9 31 114 175 13 106 197 6 52 156 56 14 97 126 172 152 19 137 127 137 76 149 4 44 107 189 117 48 182 47 148 41 20 24 193 153 5 102 158 170 79 32 141 161 100 59 147 101 137 76 184 165 65 93 154 179 16 178 8 167 15 129 142 127 109 159
63
159 22
77 77 190
75 38
37 37
46 46
192 192
64 128 174 64 111 34
63 63
121 121
27 169 145
133 133
17 17
36 36
10 10 200
69 155
138 138
81 11
28 28
31 31
114 35 114
175 88
13 13
106 106
6 43 6
52 52
156 156
56 191 96
14 14
97 97
126 126
172 172
137 137 85
127 146 61
76 76
149 21 140
4 4
44 60
107 134 107 120
117 72 7
48 48
47 47
148 51 148
41 41
20 87
24 24
193 193 53
102 82 102 123
158 185 116 158 74 99
79 79 3
32 32
100 100 199 181 139
59 59
147 157 40
101 101 132 45
165 165
65 65 98 26
93 93
154 2 154
178 178
167 167
15 15 71
129 86
109 122 180 109
