Home141 Home65 Home81 Home42 Home0 Home166 Home100 Home6 Home163 Home33 Home53 Home97 Home161 Home73 Home106 Home57 Home135 Home26 Home121 Home37 Home95 Home154 Home61 Home169 Home40 Home110 Home125 Home124 Home32 Home133 Home41 Home16 Home131 Home42 Home60 Home119 Home134 Home62 Home127 Home164 Home123 Home104 Home21 Home52 Home22 Home65 Home141
37
Home141 Home15
Home81 Home81
Home42 Home7
Home166 Home45
Home100 Home31 Home100 Home165 Home170 Home67 Home43
Home6 Home128
Home163 Home156
Home53 Home34 Home173 Home86 Home53
Home97 Home97
Home161 Home161
Home73 Home126 Home35 Home114 Home64 Home36 Home103 Home1
Home106 Home106
Home57 Home4
Home135 Home135 Home87
Home26 Home82 Home171 Home143 Home26 Home177
Home121 Home75
Home37 Home48 Home147 Home37 Home13
Home154 Home154 Home88
Home61 Home20 Home149 Home11 Home47
Home169 Home157 Home3 Home92
Home40 Home83 Home172
Home110 Home110
Home125 Home125
Home124 Home144 Home76 Home167 Home124 Home63 Home5
Home32 Home32
Home41 Home111
Home16 Home25 Home112 Home16
Home131 Home131
Home60 Home60 Home136
Home119 Home55 Home89
Home134 Home122 Home132 Home134 Home27
Home62 Home62 Home50 Home152
Home127 Home127
Home164 Home164
Home104 Home74
Home21 Home51 Home44 Home96
Home52 Home69 Home91 Home176 Home120 Home66 Home105
