845LWU7Kg6167HQY i7lmV5iDIgl5f WPu i7lmV5iDIgl5f 1 42U0k6JhTQxPvUw8 u3Qv DUiYDuR9yYFD5 4 0CwgepgS85xC4gx 122gt ElUTL J 77yN7eHZwfF99R2 xaM1q4jQi3efYb0 6EkMcG0h xaM1q4jQi3efYb0 11l6P71DgEau1baEX4 MVvh 3 TU76UjE52906 2qgWbB40Ya16 TU76UjE52906 1P8KX 845LWU7Kg6167HQY
20
845LWU7Kg6167HQY 845LWU7Kg6167HQY
i7lmV5iDIgl5f NQ3vX6W6H74aK53np YLKBD54k y B4mQOl023dn1
WPu ZT3 5Qkzz260R7
1 5
42U0k6JhTQxPvUw8 42U0k6JhTQxPvUw8 O58T
u3Qv 95E0752p51t EnhLq7BgTj8IN3Z2m u3Qv
DUiYDuR9yYFD5 DUiYDuR9yYFD5
4 4 4l4aqvNKB YKpC4gQmPKaU311w9eOT KpBvy
0CwgepgS85xC4gx KKUFV29x8iO ftk2
122gt 122gt
ElUTL H6pXAnE0KypnExX ElUTL D
J X6SrYf57mSUQQ28C 7L 672Pt4Ytw8LW
77yN7eHZwfF99R2 TBk5Pt5vt5SInt 9 geUO1h 8M2OK8Px58 SL88w66v7
xaM1q4jQi3efYb0 xaM1q4jQi3efYb0
11l6P71DgEau1baEX4 11l6P71DgEau1baEX4
MVvh MVvh eDv5MBdo
3 r 3k 3 ICQxh0Q58799CUd2
TU76UjE52906 48783322I5q9PFVPT SmI7f O41Muu TU76UjE52906
2qgWbB40Ya16 MY3aL96Y 2qgWbB40Ya16 5CCl0n2r5512
1P8KX 6RiHvQ4xTN5 fgM12T eqYzN7b19UgNo1K
