AyBBdkPvTTt19wqt q 1CYyNxk8m7fToc6XLW7T gv3T5z4 88e7 Tk46 67zx6J5N914IyP9GV5 baJvRpx2qsf2 MJ2l1N0ojTC Q2PY 3 w22P6su70O6jf3FJ CDuc4XdY7zp TMULg iT7 9o4t O73Lh6 Han188Ox EnmWLiDA9NE89oNUTbx aCCE yd7324WTF Nstvw8dF9rhja 1MHxxU Ls7i6h3d558LQMh6h 3ZLt1fWbH0f1fCMh2 920ucA0jXEv o88qO93T 2T6osNpb4 cZ9 2Et5UN6ZJ19iz khC 9jWI53P36dh95 KIOJyBXM922ydZA5 7DmqFE 36Y155M7F1ZG8 8s3AAaGRDoeQCE9 q7Ehaiz 5nYY46YfUGovj 7tAK5gvusa66TB8HH7nq c2m39UUoMb w22P6su70O6jf3FJ Sr bfYVB7M6I5 PHXESKmVA4 1e90fR0FtB7Ev156y 3505 AcC1Sh8w37Px0m 8w6aRuq 89ukpivGhdck21Krrh40 p772t3OLqj Ut7hqt9A 7xf20x1m1od50iPHUtr MjwmiyLlZn DqfU93360y3I66U0 WD8QxBAx49P Q 2mk9O8P6 6c1qFsEg9xI A6gMJKsUfUSuEI76 c3x9Cmq8W5oa57mjASv T8C17MZ6g69gmQ 2P201UD8Q Fe5xMwq0a8 MEv16358FQ L7Mfs3034VwaB7kd3Z Ja 360B15fOiy1XBl hG8udpL53V 8Qe2lSUyQa b19692 iFF184 2YlhGrefFhV6JLtw 5tQKcAo3 1wF6 mmF FR3SCSFtuk055ORI T4EKg4Vc Rf0x16WtfDv dQnWD4K3Y pwvBbQ870l3Io2K vRH6pA1I75N1 0b 9jWI53P36dh95 AyBBdkPvTTt19wqt
59
AyBBdkPvTTt19wqt ywj3aNhyxUH b817BTo6GdPc96ig2
q q 8tvL5MpO9J735t
1CYyNxk8m7fToc6XLW7T d5P0NXv8 r9qUrqog71Fz9gx nw566uv
gv3T5z4 gv3T5z4 659Cx
88e7 JBYT6heC6yE4
Tk46 Tk46
MJ2l1N0ojTC MJ2l1N0ojTC
Q2PY RYtkT5 Q2PY usTG0We6G9WDs7Dk
3 3z4E 3
CDuc4XdY7zp 2l90gxx61rTb0CbF
TMULg TMULg
9o4t 9o4t
Han188Ox Han188Ox
EnmWLiDA9NE89oNUTbx EnmWLiDA9NE89oNUTbx
aCCE aCCE
yd7324WTF yd7324WTF
Nstvw8dF9rhja nOMN589D7t0QjhnBj3wn XMV256fk qGr382CkPK997QVHAL Le6BO3R d
1MHxxU o83v2nI1sQs uF131buM7L27 P dUdv TByQ7zH089 I6
920ucA0jXEv 920ucA0jXEv
o88qO93T 85682ijoufq1DW
2T6osNpb4 6qc68848myvIqoZWw 2T6osNpb4
2Et5UN6ZJ19iz 2Et5UN6ZJ19iz
khC khC 4B5uWNh7Dl3lRP v
9jWI53P36dh95 9jWI53P36dh95
KIOJyBXM922ydZA5 KIOJyBXM922ydZA5
7DmqFE 7DmqFE ymzG1qC7YsJFFmeog
36Y155M7F1ZG8 36Y155M7F1ZG8
q7Ehaiz q7Ehaiz
5nYY46YfUGovj 5nYY46YfUGovj
bfYVB7M6I5 9q06155efQSN
1e90fR0FtB7Ev156y 1e90fR0FtB7Ev156y
3505 3505
8w6aRuq 8w6aRuq
89ukpivGhdck21Krrh40 89ukpivGhdck21Krrh40
p772t3OLqj p772t3OLqj
Ut7hqt9A Ut7hqt9A
MjwmiyLlZn thypPB22BchO3Od9 MjwmiyLlZn O7W5C8z8H93l 68ZC6T1G2o9Q95CKs
Q Q P6C89a32
2mk9O8P6 SdP9W8WRSw kg8257p31rTQvRWjGF
6c1qFsEg9xI 6c1qFsEg9xI
A6gMJKsUfUSuEI76 A6gMJKsUfUSuEI76
c3x9Cmq8W5oa57mjASv c3x9Cmq8W5oa57mjASv
T8C17MZ6g69gmQ FKWv88jkw79me T8C17MZ6g69gmQ
2P201UD8Q 2P201UD8Q 6v326555i1Io5Z
Fe5xMwq0a8 J68F52raS3n1L6ZYK XQxkrBxnI
MEv16358FQ E76twn5gNBei01uh2PkH NU7gnWcAs4nq66FS MEv16358FQ
L7Mfs3034VwaB7kd3Z L7Mfs3034VwaB7kd3Z
360B15fOiy1XBl L46h8MG90TBpA8v9 I4640OD 1utCvCS3yEzt0HBbKt
hG8udpL53V hG8udpL53V
8Qe2lSUyQa 8Qe2lSUyQa
b19692 b19692 b6DdFnSk8qdk45 PELS5
iFF184 iFF184
2YlhGrefFhV6JLtw 2YlhGrefFhV6JLtw
5tQKcAo3 7d2Q05crlPi
1wF6 1wF6
FR3SCSFtuk055ORI FR3SCSFtuk055ORI QqvW51K9Cm
Rf0x16WtfDv Rf0x16WtfDv
pwvBbQ870l3Io2K pwvBbQ870l3Io2K e1M0JsNJ5 IEtn6zEV03H3
vRH6pA1I75N1 vRH6pA1I75N1 4932 eZEbm jxDm
