0 90 113 166 143 154 199 142 107 179 185 84 130 55 63 24 84 97 147 95 145 114 129 184 40 158 46 22 109 31 141 60 198 6 115 163 34 76 106 68 58 118 77 164 75 11 121 153 12 139 16 57 18 82 127 48 42 10 122 21 17 33 72 28 41 161 71 148 94 160 138 89 26 108 54 98 119 168 126 20 53 102 65 61 14 29 150 96 73 99 32 25 169 103 30 51 47 110 125 87 85 149 167 175 178 171 101 2 36 56 174 93 124 92 105 141 60 140 0
73
0 0 15 37 43 50 52 59 62 86
90 79 90
199 39
107 9 80 81
84 84
55 55
63 63
24 24
97 97
95 95
184 35 69
40 40 44 49
46 46
22 22
109 5
31 31
141 64
60 60
198 88
6 6
34 34
76 7 76
68 68
58 58
77 77
75 75
11 11
153 66
12 3 12
16 16
57 1 57
18 18
82 82
48 48
42 42
10 10
21 21
17 13 17
33 33 74
72 72 83
28 28
41 41
71 45 67 71
94 94
89 23 89
26 26
54 54
98 98
20 20
53 53
65 65
61 61 70
14 14
29 29
96 96
73 73
99 99
32 32
25 25
30 30
51 51
47 47
87 87
85 85
149 8
175 91
171 4
2 2 27 78
36 36
56 56
93 38 93
92 92
105 19
