Soda loc106 loc25 loc53 loc58 loc179 loc1 loc5 loc73 loc4 loc54 loc160 loc18 loc135 loc4 loc135 loc43 loc50 loc83 loc94 loc17 loc129 loc4 loc82 loc98 loc5 loc82 loc132 loc85 loc78 loc130 loc4 loc91 loc143 loc2 loc184 loc62 loc67 loc44 loc5 loc1 loc104 loc19 loc195 loc1 loc182 loc46 loc44 loc2 loc67 loc2 loc5 loc2 loc104 loc2 loc4 loc168 loc46 loc162 loc182 loc1 loc5 loc92 loc57 loc75 loc92 loc179 loc3 Soda
20
Soda Soda
loc106 loc106 loc172 loc36 loc6 loc156 loc145
loc25 loc25 loc140
loc53 loc53
loc58 loc58
loc179 loc80 loc199 loc64
loc18 loc90
loc43 loc193 loc11 loc101 loc155 loc142 loc28 loc165 loc122 loc79 loc10 loc147 loc128 loc15 loc111 loc77 loc41 loc51 loc192 loc146 loc183 loc188 loc126 loc141 loc7 loc100 loc26 loc55 loc95 loc114 loc131 loc180 loc185 loc181 loc173 loc194 loc35 loc30 loc38 loc37 loc9 loc170 loc107 loc24 loc61 loc8 loc109 loc39 loc103 loc22 loc136
loc50 loc50
loc83 loc83
loc94 loc94 loc34 loc14 loc121 loc88 loc32 loc189 loc118 loc138 loc84 loc167 loc97
loc17 loc13 loc74 loc23 loc17
loc82 loc82
loc85 loc151
loc62 loc65
loc104 loc42 loc163 loc171 loc154
loc182 loc45
loc57 loc72 loc57 loc157 loc59 loc20
loc75 loc75 loc137 loc40
loc3 loc3
