fmdhlepsteinstdnkill epsteindlsfdntmkillh dnkillepsteinlshdtfm lhepsteinkilldtnmfsd lthfkilldnsmepsteind hsdlepsteinmnkilldft smfepsteindkillthlnd dmdepsteinnhkilllsft epsteinfsddmthkillnl hnsdkilllftdmepstein epsteinkillnmsdhtdlf dfslntkillmepsteindh killdmnsfhldepsteint tlsfdmdepsteinnhkill stepsteinhkillfmnldd lnsmkilltfdepsteindh dfdkillepsteinslmhnt lnsmkilltfdepsteindh dnkillepsteinlshdtfm epsteindlsfdntmkillh nhslfmepsteindtkilld ntlepsteindmfdshkill msfltdkillnepsteinhd tepsteinddfnlkillhms shmlepsteinkilldfntd ddlmnftepsteinhskill killnsfmhdepsteindtl epsteindlsfdntmkillh fmdhlepsteinstdnkill
22
fmdhlepsteinstdnkill nhmkilllsftepsteindd
epsteindlsfdntmkillh epsteindlsfdntmkillh
dnkillepsteinlshdtfm epsteinkillmsftnddlh dmepsteinfnhltkillsd dnkillepsteinlshdtfm killepsteinlhtfdsmdn dhkilllsepsteinmntdf nltdmsfepsteinkilldh mftkillepsteinndlhsd lmhdtfdepsteinnkills
lhepsteinkilldtnmfsd lhepsteinkilldtnmfsd
lthfkilldnsmepsteind ddtmkillepsteinflsnh epsteinskilldlndhmtf nkilltdhlmdepsteinsf hepsteinsddnfkillmlt
hsdlepsteinmnkilldft lndsdkilltmepsteinhf ndkillftdsmepsteinlh hsndepsteindlmtkillf epsteinmhndfkilltdls
dmdepsteinnhkilllsft fshtdepsteinmldnkill
epsteinfsddmthkillnl dhepsteindsnlkillfmt
hnsdkilllftdmepstein hnsdkilllftdmepstein
epsteinkillnmsdhtdlf depsteinnlsfmhtkilld nepsteinlmdkilldhfts
dfslntkillmepsteindh epsteintdkilllnfdhms lsdepsteinfmkillndth tlmsdhdnkillfepstein
killdmnsfhldepsteint killdmnsfhldepsteint flepsteindndhmtkills epsteinlshkilldnfdmt
tlsfdmdepsteinnhkill fmsepsteindntldhkill tlsfdmdepsteinnhkill
stepsteinhkillfmnldd stepsteinhkillfmnldd
lnsmkilltfdepsteindh lnsmkilltfdepsteindh
dfdkillepsteinslmhnt dlnsthfmepsteinkilld
nhslfmepsteindtkilld epsteindfhlmdnskillt hsdfepsteintlnkilldm hnfdtmlepsteinkillds
ntlepsteindmfdshkill ntlepsteindmfdshkill killmlepsteindthnfsd
msfltdkillnepsteinhd msfltdkillnepsteinhd dfkilllmtepsteinhdsn
tepsteinddfnlkillhms hdepsteinskillldtnfm
ddlmnftepsteinhskill fepsteinhsntddkilllm fhndskillepsteintldm ddlmnftepsteinhskill
killnsfmhdepsteindtl nfdhkilllsmtepsteind fdshnmkillepsteinltd tmlepsteinsdnfkillhd killnsfmhdepsteindtl
