dldkilltnmhfepsteins ldepsteinhmfnkillsdt killdepsteinmfltdshn smkillnepsteinfldthd epsteinlmkillfshnddt shfnmltepsteindkilld epsteinkillddfnthslm lntkillepsteinfsddhm mdkillntepsteindfhsl msepsteintlhnfkilldd mlepsteinskilldnftdh tldkillhsfnmepsteind nepsteinfthdldmkills fthlkillnepsteindsdm killhtdmdlnsfepstein ltfnsdhepsteinkilldm tldmepsteindkillfhsn hnsepsteinmkillfddtl hepsteinntdkillsdmfl dsftepsteindhkillmnl stmlepsteindnkilldfh killmdshdtnflepstein tsmdepsteinkillhfdln fdmtdepsteinkilllsnh mfndlsdepsteinhkillt tepsteinhsdkillmldfn sldhnfmtdkillepstein tlkillmnsddhfepstein dlshdtepsteinnkillfm nsepsteinfmdkillhldt killshdlmftnepsteind dkillnsepsteinfdmthl killdldepsteinmfsthn smtepsteinkilldfnhdl killhdfnsepsteinmltd mdkilllfdnstepsteinh nmkilllepsteintdsdfh hmndfkillslepsteintd epsteindmshtfldnkill stmepsteinkillnhddlf fhnmkillepsteinsdltd nmkilllepsteintdsdfh dldkilltnmhfepsteins
33
dldkilltnmhfepsteins msddkilllthepsteinfn
ldepsteinhmfnkillsdt mdkillnlsdtepsteinhf
killdepsteinmfltdshn tsdnhkilllmepsteindf epsteinsnmflhtdkilld killdepsteinmfltdshn dflstmkillepsteindhn
epsteinlmkillfshnddt dkillnmhldstfepstein fsepsteindkillhmtdln epsteinlmkillfshnddt skillthlfndepsteindm
shfnmltepsteindkilld fddsmepsteintnkillhl lepsteinkilldhfmstnd slepsteinkillfmddhtn dmtlsfhnkilldepstein shfnmltepsteindkilld mkillldnhepsteinstfd killtdslhfdepsteinnm fmtnkilldepsteindhsl killtepsteinddhlmnsf thdlskillnfdmepstein ndshkilldmlepsteinft
lntkillepsteinfsddhm mhdskillldftnepstein
mdkillntepsteindfhsl mdkillntepsteindfhsl tndskilldfepsteinmhl dmldfhskillntepstein epsteinhdkillltsmfdn dkillnmsfhtlepsteind
msepsteintlhnfkilldd msepsteintlhnfkilldd
mlepsteinskilldnftdh fmltddhnepsteinskill
tldkillhsfnmepsteind tldkillhsfnmepsteind depsteinlfnmkilldsht lhepsteintndkilldsmf
nepsteinfthdldmkills mkillthfdlnepsteinds dtsmdnlhfepsteinkill skillmfepsteinthddnl
fthlkillnepsteindsdm hepsteinnfdmlsdtkill depsteinftndhmkillsl nftmskilldldepsteinh lepsteindnhstfdmkill epsteindkilltlmnhsfd epsteinhnkillsldfdmt thnkillmddsepsteinfl
killhtdmdlnsfepstein killhtdmdlnsfepstein hmdkilllnepsteinfsdt nfltdmkillsdepsteinh sndldftmkillepsteinh mkilldlshdtfepsteinn lsmftnepsteinkillhdd
ltfnsdhepsteinkilldm killtdmsdfhnepsteinl ltfnsdhepsteinkilldm tepsteinmdfldhnskill
tldmepsteindkillfhsn nmdhepsteinkilltfsld
hnsepsteinmkillfddtl dhsepsteintlkillmfnd hnsepsteinmkillfddtl dhtepsteinkillsdflmn
hepsteinntdkillsdmfl lmkillepsteintsndfhd lhsntdepsteindkillmf hepsteinntdkillsdmfl depsteintkilllnmsfdh
dsftepsteindhkillmnl sdlhfnmdepsteintkill
killmdshdtnflepstein dlfdkilltepsteinhnms sdndhepsteinltkillfm fdskillndtmepsteinlh
tsmdepsteinkillhfdln tsmdepsteinkillhfdln epsteintfhndkilllmsd lkilldtnmsepsteindfh killfthnmsdlepsteind dhmkillfdltnsepstein
fdmtdepsteinkilllsnh fdmtdepsteinkilllsnh epsteinldtnfmshdkill nepsteindhkillltmsfd
mfndlsdepsteinhkillt killmfndshdtepsteinl ldepsteindhkilltsmfn dfdepsteintlnskillhm
tepsteinhsdkillmldfn tepsteinhsdkillmldfn
sldhnfmtdkillepstein fhdmnepsteindkillslt tdfkillslepsteinhdmn sldhnfmtdkillepstein
dlshdtepsteinnkillfm dlshdtepsteinnkillfm ldfsmnepsteinkilltdh
nsepsteinfmdkillhldt dtnkillsepsteinmdfhl hnskillepsteintfdmld
killshdlmftnepsteind ndkillthdepsteinlsmf hsepsteinfkillnmddtl tdkillepsteinsmhdfnl depsteinslkillhdftmn
killdldepsteinmfsthn killdldepsteinmfsthn dnldkillhmfstepstein
killhdfnsepsteinmltd killhdfnsepsteinmltd
mdkilllfdnstepsteinh mdkilllfdnstepsteinh lkillepsteintdshmfnd epsteinfthkilldnslmd ntmdhepsteinsdkillfl
hmndfkillslepsteintd hmndfkillslepsteintd mndtkillepsteindlfhs
epsteindmshtfldnkill killthsepsteindmlfdn epsteindmshtfldnkill dfkilllepsteinsnmhtd
fhnmkillepsteinsdltd fhnmkillepsteinsdltd mhkillepsteinddlfsnt
