Soda MartinezCommons Orinda CareerCenter GoldmanField CareerCenter ClarkKerrCampus SutardjaDaiHall MartinezCommons HildebrandHall MartinezCommons WarrenHall Pacifica Moffitt AnthonyHall HargroveMusicLibrary TangCenter SternHall UniversityHall ChvezStudentCenter MinorHallAddition SantaRosa Greenhouse SouthHall HellmanTennisComplex MartinezCommons Soda
21
Soda EtcheverryHall WicksonNaturalArea
MartinezCommons ClearyHall Pinole Saratoga Brisbane HertzHall MartinezCommons Unit1 Pittsburg Cory WomenFacultyClub FrankSchlessingerWay
Orinda GiauqueHall KleebergerFieldHouse Oakley Orinda Alameda
CareerCenter HearstMiningCircle CalvinLaboratory
GoldmanField GilmanHall GoldmanField HearstGreekTheatre
ClarkKerrCampus IshiCourt ClarkKerrCampus SanPablo
SutardjaDaiHall Campanile ZellerbachHall Healdsburg WestCircle EvansHall Insectary BlumHall
HildebrandHall Benicia Emeryville
WarrenHall BancroftLibrary Albany
Pacifica Fairfield LowerSproulPlaza Pacifica
Moffitt PimentelHall BarkerHall Unit3
AnthonyHall AnthonyHall KroeberHall SproulPlaza
HargroveMusicLibrary NorthGateHall HargroveMusicLibrary
TangCenter ChouHall EastGate SanRamon SanRafael Hillsborough
SternHall SternHall WellmanHall
UniversityHall ZellerbachPlayhouse DonnerLab WheelerHall LewisHall Piedmont Hayward
ChvezStudentCenter StadiumRimWay Belmont MulfordHall
MinorHallAddition FoundersRock MinorHallAddition StHelena
Greenhouse WursterHall
SouthHall SatherTower
HellmanTennisComplex WestGate
