aa0 aa1 aa5 aa8 aa9 ab0 ab1 ab5 ab8 ab9 ac0 ac5 ac1 ac6 ac3 ac2 ac4 ac9 ad0 ad9 ga0 ga1 ga3 ga4 ga8 ga9 gb0 gb1 gb8 gb9 gc0 gc6 gc5 gc9 gd0 gd2 gd5 gd6 gd7 gd9 ka0 ka2 ka5 ka7 ka9 kb0 kb2 kb6 kb9 kc0 kc9 kd0 kd2 kd4 kd6 kd9 aa0
33
aa5 aa5 aa6
aa8 aa3 aa4 aa7
ab5 ab5
ab8 ab2 ab4 ab7 ab8
ac6 ac6 ac8
ac3 ac3 ac7
ac2 ac2
ad9 ad4 ad5 ad6 ad7 ad8
ga1 ga2 ga6
ga3 ga3
ga4 ga4
ga8 ga7
gb0 gb2 gb3
gb1 gb4 gb6 gb7
gc0 gc1 gc2 gc3 gc8
gc5 gc5
gd5 gd3
gd6 gd4
gd7 gd7
gd9 gd8 gd9
ka2 ka2 ka6
ka5 ka5
ka7 ka7 ka8
kb0 kb7
kb2 kb2 kb5 kb8
kb6 kb6
kc0 kc1 kc2 kc5
kc9 kc6 kc8
kd0 kd1
kd2 kd3
kd4 kd4
kd6 kd5
kd9 kd8
