Egsmith Waltditch Durgrove Horslow Horsmoor Chelmden Edgwick Southborne Burfield Shaftbridge Chelmbeck Ashdown Farnsmith Wychsmith Chelmwang Hornborough Nortley Wetwick Sudwich Pemlow Sodey Leathermere Sudtree Wychbourne Barnton Durnell Whithall Whittree Egsmith
20
Waltditch Waltditch
Chelmden Chelmden Egtree
Burfield Wychnell Wywick Wychbeck
Shaftbridge Staplake Shaftbridge Penborne
Chelmbeck Flitgrove Chelmbeck
Ashdown Edgey Ashdown Shaftbage
Farnsmith Farnsmith
Wychsmith Wychsmith
Chelmwang Chelmwang
Hornborough Cookford
Nortley Stainbrough Nortley
Wetwick Wetwick
Sudwich Stapbeck Ashbourne Brackbrough
Pemlow Wenbeck Pemlow
Sodey Burbourne
Leathermere Leathermere
Sudtree Stainby Wenwold Sudtree
Wychbourne Wychbourne Egavon
Barnton Barnton
Whittree Wenside Alfchester
