Chelmbourne Casney Stafsted Aldport Maidenden Shrivlow Flitham Enbage Clerethorne Burchester Stapmoor Kingssted Prestbrook Wyhead Egborne Staintree Edgwich Whitover Stainhall Braincastle Staflow Rocktree Egcastle Chelmbourne
21
Chelmbourne Shaftwich Casford
Stafsted Elside Wenwang Edgchester Horncester
Aldport Alfby Leatherlake Leatherlow Whitavon
Maidenden Hartbage Enlow
Shrivlow Shrivlow Durditch
Flitham Flitham Kingsley
Enbage Sudwich Brainbridge Enbage Prestey
Clerethorne Barnside Stapthorne Dartsted
Burchester Shrivside
Stapmoor Stapmoor
Kingssted Pemwood Marlton
Prestbrook Sudworth
Wyhead Sodside Wyhead
Egborne Hornley Aldhall Bracklow Barnham Cookton Prestdon Egborne
Staintree Waltbrook Elgrove Wenborough Stapwell Staintree Alfwell
Edgwich Edgwich
Whitover Stainside Whitover
Stainhall Southmere Stainhall
Staflow Bursted Staflow Cleredon
Rocktree Hurstworth Whitborough Horndown Cookbridge Wenden Rocktree
Egcastle Pemwold Egcastle
