SantaClarita Miami Glasses Amarillo OklahomaCity Glasses Amarillo Washington Concord Victorville Murfreesboro Thornton Midland Escondido Indianapolis Stockton Allentown Omaha Ontario Boston Hartford Sunnyvale Surprise McAllen Torrance FortWayne Torrance Frisco Berkeley Akron Chandler FortCollins Carrollton SantaClarita
22
Glasses Independence Newark Worcester Bellevue Alexandria Garland
Amarillo Scottsdale Fayetteville StPetersburg
OklahomaCity OklahomaCity Lafayette SiouxFalls Brownsville LosAngeles Orlando
Washington Washington RanchoCucamonga WestValleyCity
Concord Concord
Victorville Victorville GardenGrove
Thornton Shreveport NewportNews Beaumont Huntsville Yonkers
Midland Midland
Indianapolis Austin Indianapolis
Stockton Stockton
Allentown Pomona Allentown Wichita
Omaha Omaha
Ontario Ontario
Boston Boston
Hartford Hartford LouisvilleJefferson LongBeach
Sunnyvale Sunnyvale Visalia
Surprise Surprise
FortWayne Henderson
Frisco LexingtonFa StLouis Waco PembrokePines
Berkeley Stamford
Chandler Paterson
Carrollton Carrollton
