Plano WestValleyCity Oceanside StPetersburg Tallahassee Cincinnati KansasCity Vancouver KansasCity Garland Kent Vancouver Beaumont Warren Sunnyvale Chesapeake Garland Providence Fontana Akron SantaAna SiouxFalls Shreveport Stamford Salinas DesMoines Elizabeth Portland GrandPrairie Fremont AugustaRichmond HuntingtonBeach Plano
28
Plano SantaClara Riverside Rockford Irving
WestValleyCity LasVegas Vallejo
Oceanside Houston SanAntonio Chicago NewHaven
StPetersburg Mesquite Dallas Surprise Thornton Worcester
Tallahassee Hampton Miami
Cincinnati Cincinnati Olathe
Vancouver Vancouver
Garland Omaha Garland
Kent Oxnard Denver
Beaumont Beaumont Montgomery Atlanta
Warren SanFrancisco Warren Cary MorenoValley OklahomaCity
Sunnyvale Norman Pasadena Sunnyvale
Chesapeake Charleston Ontario Mesa Wichita OWO Hayward Memphis Waco
Providence Lincoln Lafayette Huntsville
Fontana Hollywood SanJose Glasses
Akron Escondido Akron
SantaAna Norfolk LouisvilleJefferson Tulsa
SiouxFalls FortCollins SantaRosa Raleigh SiouxFalls Denton
Shreveport Laredo
Stamford Stamford Killeen Allentown
Salinas GardenGrove Davidson Salinas Anchorage
DesMoines StLouis AnnArbor FortLauderdale
Elizabeth Anaheim Elizabeth Lancaster Torrance JerseyCity Pikachu
Portland Glendale Tampa Portland ThousandOaks
GrandPrairie McAllen Pomona GrandPrairie
Fremont Brownsville SanBernardino Fremont Madison Knoxville SantaClarita CorpusChristi
AugustaRichmond AugustaRichmond
HuntingtonBeach Hartford LittleRock Greensboro SimiValley Corona NewOrleans HuntingtonBeach Mobile Irvine
