Jingzhou Ghugus Rembangan Gangtok NovyyBuh Sagalo NiagaraFalls KampLintfort SmederevskaPalanka Kirovsk RamganjMandi Bejucal Shizunaifurukawacho Jeypore RioFormoso Jinotega Chittaranjan Junagarh Tottori SanJosedeOcoa Ketrzyn Herzliyya LondonderryCountyBor TanahMerah Shively Lysva Malnate Kabarnet Sanaa Sarzedo AzZuwaytinah Khabarovsk Chegem Entroncamento TarguSecuiesc Jingzhou
28
Ghugus Manduria Ghugus Veenendaal
Rembangan SaintMichael Colachel Rembangan Ibri Thamaga
Gangtok Gangtok BeneBeraq
Sagalo CoonRapids Sagalo
NiagaraFalls elCampello
KampLintfort Ermelo
Kirovsk Kirovsk
Bejucal Bejucal
Shizunaifurukawacho Shizunaifurukawacho Shumen
Jeypore Jeypore
RioFormoso Radnor RioFormoso
Jinotega Depok Carouge FortLauderdale
Chittaranjan Chittaranjan
Tottori Tottori
SanJosedeOcoa SanJosedeOcoa
Ketrzyn Ouarzazat Ketrzyn
LondonderryCountyBor LondonderryCountyBor
TanahMerah TanahMerah
Shively Shively Rangae
Lysva Lysva
Malnate Kheri Malnate Srinagar
Kabarnet BurgbeiMagdeburg Kabarnet Tabatinga Carmichael
Sanaa Sanaa JabalosSaraj
Sarzedo Sarzedo
AzZuwaytinah AzZuwaytinah Ronse
Khabarovsk Crespo Khabarovsk
Chegem Chegem
Entroncamento Entroncamento
