LesLilas Gastonia Bury GongdanglegiKulon VillaPauladeSarmient ChalcodeDiazCovarrub Pezinok Cachan SouthSaintPaul Kemise Aracuai AinArnat Battambang Embu Sosnovka SpanishTown Ronnenberg Chelles Lalago AinBessem Naron CapimGrosso SantanadoLivramento Korsakov Ipil Espiye ElCentro DrexelHill Andrychow Shimofurano Arzamas Haripur Pozzuoli SanJuandelaMaguana HalfWayTree Wangon Razam Licata Wachtberg Anjarah CamRanh Haora Nahorkatiya LesLilas
38
Gastonia Akcaabat
Bury Braila PriegodeCordoba Bury
GongdanglegiKulon Sobue Acarau
VillaPauladeSarmient VillaPauladeSarmient
ChalcodeDiazCovarrub Rivas BlueIsland Kambove ChalcodeDiazCovarrub MineralnyeVody
Pezinok SenaMadureira Belalcazar Pezinok
Cachan Morwa Acireale Mabopane AshtonunderLyne
SouthSaintPaul Ibirataia SouthSaintPaul SenadorPompeu Angleton Sorada
Kemise Kemise
Aracuai Zhaodong Aracuai
AinArnat AinArnat MadinatHamad
Battambang Johnston Battambang
Embu WestIslip Tabou FetestiGara Twante Embu
Sosnovka Sosnovka HaciendaLaCalera Shieli Daokou Wenchi
SpanishTown SpanishTown Lloydminster Izhevsk Kineshma
Chelles Vaniyambadi Itororo Oerlinghausen Manacapuru Shurugwi Gowurdak
Lalago Shchekino
AinBessem AinBessem Kairouan Ortaca
Naron Ontinyent KotRadhaKishan
CapimGrosso CapimGrosso
SantanadoLivramento Butuan Mocoa SantanadoLivramento
Korsakov NahiyatashShinafiyah Korsakov
Ipil Fuxin Escada
Espiye Espiye
Andrychow Andrychow Turek GuaMusang
Shimofurano Shimofurano Gorgan
Arzamas Hirosaki Arzamas
Haripur Haripur Langenhorn
Pozzuoli Pozzuoli
SanJuandelaMaguana SanJuandelaMaguana Gunzenhausen NoblePark
HalfWayTree Nagar
Wangon EastLongmeadow Wangon
Licata Vyazniki Prostejov Skelmersdale FortWorth
Wachtberg Rhondda PortoVelho
Anjarah Khulm Yafo Anjarah
CamRanh Kaifeng MonteAlegre
Haora Haora SaintCyrlEcole
Nahorkatiya Hangu Garbsen Baramula TagbilaranCity Kotka
