6a5e7697411b4a5f9bee 9413e484b07844a0b2a5 6a5e7697411b4a5f9bee e0cb3963860e4d049310 7c65eef332d54dcba793 113cbb314b8c423e99ac 0584f8431be341e5ab2e 6ea877c3766c4669a150 6e67d80aec8b4fc0a0f4 821d08dd9ba24bb68d87 007c7db5797943e7bd04 5a90ec8096c2423fb598 ebbbcdcdb3554877aeb0 a737bd3c10c74fb98ecb c576aa1a65a847f98480 03b01369da244ae890f3 3f86be020a0e43e4b1ff a11604bab4bc49008828 a5e69939e9704f81a60e a517a99fa3bb48a69b2a 72c52cfc431e4b0b82bd 33067b0a316045d2baa2 357df26b1d784692ab06 eda12a5063b14342827b 9c906b337e8b4f708f0e 8c79891875674c808014 553f444e3f5a4cb1913d 8c79891875674c808014 9c906b337e8b4f708f0e eda12a5063b14342827b 728908ec3cef4db29934 4d6e33ce0fc84c6ea69d 950cb52e3a1446d9af98 a11604bab4bc49008828 6c8fdc64a38545c8997a 6a5e7697411b4a5f9bee
27
6a5e7697411b4a5f9bee d8c441caf295405aaf52 ce0b9987a99a4073beab
9413e484b07844a0b2a5 68b5e6aea12140d2bb26 5042f23712404074ac94 f4f0866d5e97488aa802 87ecc0a3a59f407c9b3d
e0cb3963860e4d049310 e0cb3963860e4d049310
7c65eef332d54dcba793 bc0a76f3195549949d49 d8981e847a1946839e08
113cbb314b8c423e99ac 113cbb314b8c423e99ac
0584f8431be341e5ab2e 4e25f87635bb4843b59f a72944b166b948ed8afb
6ea877c3766c4669a150 6ea877c3766c4669a150
6e67d80aec8b4fc0a0f4 6e67d80aec8b4fc0a0f4 e73af41069ed4943a52c
007c7db5797943e7bd04 e3697cd0e4bb4631b60b f451d0f96c4e44e5a7a2 863d51b71d174e18a8b2
5a90ec8096c2423fb598 5a90ec8096c2423fb598
ebbbcdcdb3554877aeb0 ebbbcdcdb3554877aeb0 e0d6bb0c69d74ec5a7c2
c576aa1a65a847f98480 4da00804134d4fc9a85c 008aafd1b0ec4150aacc
03b01369da244ae890f3 5c8da1e70e304c18a2e4
3f86be020a0e43e4b1ff 3b86319574304aac82c1 3f86be020a0e43e4b1ff
a11604bab4bc49008828 ab6a4a3d324a4e118998 a1480b86aa6b4e8ab46b
a5e69939e9704f81a60e a5e69939e9704f81a60e
a517a99fa3bb48a69b2a bbb11a04c8a343348a26
33067b0a316045d2baa2 95119be28c194159a1ee 00ab75eeae43479b93a1 f911fa4d522a4357aa0b
357df26b1d784692ab06 7a06c0a05152448791da
eda12a5063b14342827b cc5f406e2dcd46bebe75 4aadb3216b4343adbebd
9c906b337e8b4f708f0e 268fc1cec41445e9ae4c ced33625aef44e049e40 1733e0b32fcb468e9db5
8c79891875674c808014 6c5164d75c654b6e9e3b
553f444e3f5a4cb1913d ac82fe0455c04a6fbc21 12424155e29a4ad09224
728908ec3cef4db29934 728908ec3cef4db29934
4d6e33ce0fc84c6ea69d 365700b51db445e3a31a
950cb52e3a1446d9af98 c1b06ccaa4874b00a961 4fd54063e8fe4e6591e3 950cb52e3a1446d9af98 e9189c39d6f9459fb82b
6c8fdc64a38545c8997a dcee8e551d34480d82e2 9a007b07478f49ea8ad1
