Dannemora Fire Goshen Highfalls Haviland Fishers Forest Odessa Frewsburg Delhi Freeville Hancock Geneva Depew Hicksville Herkimer Freeport Ghent Downey Herrings Deferiet Dansville Delevan Galeville Fishkill Davis Forestville Granville Northville Depauville Fredonia Harbor Hewlett Dexter Fulton Glasco Harrisville Hawthorne Nunda Herricks Delmar Frankfort DeRuyter Hamburg Dannemora
35
Dannemora Fabius
Fire Earlville Fire
Goshen Firthcliffe Florida
Haviland Franklin
Fishers Fishers
Forest Forest
Frewsburg Dunkirk Frewsburg
Delhi Delhi
Freeville Farnham Freeville
Hancock Flower
Geneva Fairport Geneva
Depew Depew
Herkimer Fayetteville
Freeport Fair Fonda Freeport Gasport
Ghent Ghent
Deferiet Deferiet
Dansville Dansville Delanson Franklinville
Delevan Delevan
Galeville Galeville
Fishkill Fishkill
Davis Davis
Forestville Forestville
Granville Deer
Depauville Depauville
Fredonia Fredonia
Hewlett Fairview
Dexter Dexter Fairmount Germantown
Fulton Falconer Fulton Gardiner
Harrisville Farmingville
Hawthorne Friendship
Herricks Deposit
Delmar Delmar
Frankfort Flanders Frankfort
DeRuyter DeRuyter
Hamburg Fleischmanns
