Acton Carlsbad Bellflower Georgetown Adelanto Clayton Adelanto Fowler Coronado Boron Dorris Corralitos Bradbury Bakersfield Canyondam Encinitas Armona Fullerton Claremont Clio August Fresno Bluewater Cartago Covelo Ashland Alhambra Cambria Cayucos Arvin Bishop Carson Delano Chualar Dunsmuir Calimesa Barstow Capitola Delleker Buttonwillow Corona Auberry Cupertino Bloomington Ceres Auburn Berkeley Crest Azusa Cobb Esparto Almanor Farmersville Gardena Belden Alhambra Brawley Columbia Avalon Alamo Banning Antioch Folsom Bayview Albany Escondido Fruitdale Avenal Fortuna Diablo Clayton Alhambra Burlingame Ducor Cerritos Aptos Bystrom Anaheim Calistoga Belvedere Arcadia Belmont Brisbane Corning Burbank Galt Brentwood Biola Crestline Colusa Cromberg Calexico Florin Friant Bolinas Bellflower Carlsbad Acton
68
Carlsbad Alpaugh Calipatria Carlsbad
Bellflower Bellflower
Adelanto Adelanto
Clayton Arcata
Boron Boron
Bradbury Bradbury
Bakersfield Bakersfield Beaumont Burney
Canyondam Canyondam
Armona Armona
Fullerton Avery
August August Castroville
Bluewater Bluewater
Cartago Bodfish Cartago
Covelo Altadena Caruthers
Ashland Ashland
Alhambra Alhambra
Cambria Cambria
Cayucos Cayucos
Arvin Arvin
Bishop Bishop Brea
Carson Carson
Chualar Carmichael
Calimesa Calimesa
Barstow Barstow
Capitola Capitola
Buttonwillow Boronda Bowles Buttonwillow
Auberry Auberry
Bloomington Bloomington
Ceres Ceres
Auburn Auburn
Berkeley Alameda Berkeley Carrick
Azusa Azusa Bootjack
Cobb Cabazon
Esparto Blythe
Almanor Almanor
Gardena Campbell
Belden Belden
Brawley Biggs Brawley
Columbia Alpine Carpinteria
Avalon Avalon
Alamo Alamo
Banning Amesti Banning
Antioch Antioch Atascadero
Folsom Caribou
Bayview Bayview
Albany Albany
Escondido Atwater
Fruitdale Byron
Avenal Avenal Benicia
Fortuna Bonsall Calwa
Diablo Arnold Artesia
Burlingame Burlingame
Cerritos Anderson Bell Broadmoor Cerritos
Aptos Aptos
Bystrom Aromas Bystrom
Anaheim Anaheim
Calistoga Beckwourth Calistoga
Belvedere Belvedere Bonita
Arcadia Arcadia
Belmont Belmont
Brisbane Brisbane
Burbank Burbank Camarillo
Brentwood Brentwood Calabasas
Biola Arbuckle Biola
Cromberg Bradley
Calexico Atherton Blairsden Calexico
Florin Alturas
Bolinas Angwin Bolinas
