Acadia Capitol Kobuk Pinnacles Sequoia Arches Kings Yosemite Denali Katmai Everglades Congaree Caverns Rocky Biscayne Cuyahoga Channel Lassen Isle Shenandoah Crater Badlands Basin Gunnison Bend Tortugas Acadia
19
Capitol Capitol
Sequoia Guadalupe
Arches Arches
Denali Denali
Everglades Everglades
Congaree Congaree
Caverns Caverns
Biscayne Biscayne
Cuyahoga Cuyahoga
Channel Channel Gateway Indiana
Lassen Smoky
Isle Brycecanyon Teton Isle
Shenandoah Haleakala
Crater Crater
Badlands Badlands Canyonlands
Basin Basin
Gunnison Gunnison Glacier
Bend Bend
Tortugas Tortugas
