h0 h67 h21 h83 h65 h2 h52 h1 h7 h1 h6 h1 h51 h55 h9 h10 h54 h13 h60 h79 h12 h93 h16 h62 h92 h50 h18 h81 h63 h94 h41 h82 h22 h64 h35 h47 h46 h36 h98 h37 h28 h91 h40 h90 h39 h75 h87 h74 h45 h84 h66 h85 h29 h99 h86 h38 h89 h88 h31 h72 h32 h34 h33 h23 h44 h68 h42 h0
41
h21 h21
h2 h2
h1 h1
h7 h3 h7
h6 h4 h5 h6 h8
h55 h14
h9 h9
h10 h10 h11
h13 h13
h60 h15
h12 h12
h16 h16
h92 h17 h49
h50 h50
h18 h18 h20
h81 h48
h41 h41
h22 h22
h35 h35
h47 h47
h46 h46
h36 h36
h98 h19
h37 h37
h28 h27 h28
h40 h40
h39 h39
h45 h25 h45
h66 h26
h85 h24
h29 h29
h38 h38
h31 h31
h72 h30
h32 h32
h34 h34
h33 h33
h23 h23
h44 h44
h68 h43
h42 h42
