pace mixture chair pardon notebook reliable charity swear tool liver swop nationalist confrontation boom triple candle enemy desk development native mature rob excuse forge coast lifestyle election interactive father comfortable honor sign speaker due weapon tolerate decisive greeting begin lake thirsty dough linger physics note deter terms hospitality teacher ex spoil bleed environment node gate shy terminal paper viable likely other quadruple electronics exclusive dip opposed feature quiet snuggle prospect title exile vegetarian market country throne structure respect pace
60
pace pace
mixture output mercy
chair chair
pardon pardon
notebook financial
swear rent swear
tool railcar tool
liver liver
swop coffin swop guarantee bowel attraction
nationalist acceptance scheme
confrontation confrontation
boom boom
triple triple
candle candle home rage
enemy control stress illusion ask enemy
desk injection
development exempt development skeleton
native virgin widen native pipe
mature mature page
rob rob
excuse excuse
forge forge
coast profound coast
lifestyle cotton lifestyle
election buffet election
interactive interactive
comfortable comfortable
honor dive
due audience shiver due ignore
tolerate injury assignment flag
decisive decisive
greeting greeting
begin begin
dough dough
physics physics
note tablet note
deter deter
terms thumb
teacher teacher
spoil spoil
bleed drawer pig curriculum smile headline offset
environment environment interface
gate identity coincide straighten
shy error
paper autonomy
viable viable atmosphere
likely likely
other other
quadruple imposter quadruple
electronics electronics
exclusive exclusive
dip dip
feature feature
title driver
exile exile
market market
country knot country
throne throne
structure structure
respect respect
