3a 23a 4a 8a 4a 93a 23a 94a 4a 5a 73a 47a 8a 62a 43a 5a 1a 62a 43a 41a 63a 77a 101a 69a 30a 65a 58a 12a 74a 88a 11a 15a 11a 74a 35a 25a 14a 60a 18a 19a 39a 67a 14a 36a 68a 20a 42a 10a 38a 10a 2a 100a 2a 13a 85a 33a 13a 34a 66a 20a 52a 103a 61a 6a 61a 72a 51a 0a 59a 95a 3a
36
23a 64a 23a 28a 57a
4a 4a
93a 93a
5a 5a
73a 56a 73a
47a 47a
62a 62a
43a 43a
1a 71a 1a
41a 41a 32a
63a 22a
77a 77a
30a 30a
65a 65a
58a 58a
88a 87a 88a 21a
15a 15a
35a 44a 35a
25a 25a
14a 14a
60a 60a
39a 39a
67a 67a
42a 42a
10a 16a
38a 38a 7a
13a 99a 31a
34a 34a
66a 66a
52a 52a
61a 61a 37a 40a 84a 83a
6a 49a 98a 79a 29a 92a 6a 75a 96a
72a 80a 72a
51a 9a 51a 53a
0a 0a
59a 48a
