0 1 10 11 22 23 24 25 35 36 37 28 29 18 9 18 8 7 6 15 26 35 46 56 57 68 77 87 77 88 98 99 109 98 108 117 116 127 137 147 156 157 167 177 188 178 189 178 188 189 188 187 186 195 194 193 184 183 173 174 164 154 144 133 143 142 151 162 171 181 182 171 161 150 140 141 131 121 120 110 111 102 112 113 114 115 116 106 96 86 85 74 65 55 54 44 43 33 32 31 22 21 20 10 0
68
1 2
11 12
22 22
23 4
24 24
35 45
37 48 37
28 17
29 29 39
18 18
9 9
8 8
7 16
6 5
15 15
26 26
56 67
68 68
77 77 76
87 87
88 89
98 98
99 99
109 118 129
108 108 107
116 116
127 127
137 139 149
147 146 147
156 155 166
157 158
167 167 176
188 188 198
178 178
189 189 199
187 196 187
186 186 175
184 184
183 183
174 165
164 164 153
154 154
133 132 123 133
143 152
151 151
181 181
182 182
161 160 161
150 150
140 130 140
131 122
120 120
110 80 101
111 111
102 82 103 71 83 81 70 102
113 104
114 125 114 105
106 95
96 96
86 86
85 94
74 64 73 72
54 53
43 61 51 43 42
33 33
31 31
21 21
20 20
