BU DL DI AP AZ DW GG DX CV HM AT DR GE DN EY DT CH CJ ES DU AA FE HH BE CP CV AW ET CT AF DI FU DS FU EG FV BM HI EH GZ GI AV GR GO BU
39
BU BU HF
DL DV DL
DI DI CZ
AP EC AP
AZ FG GK CK
DW GY FL DP EN GS
GG GP DD
DX DX
CV FD CV
HM BK BZ HM HP
AT CM EQ AT FP
DR DR
GE DK DM BN GE BQ
EY EY
DT CQ DT AR
CH CX
CJ DQ
ES FR ES
DU AN FF GA FS GH DU
AA CY GQ BG
FE DZ
HH HH
BE EL HJ BE EV GM
CP BY CO
AW CA
ET ET HA
CT CT
AF AF
FU EO AY FU
DS DS GT BA
EG HC BF EG CD CI CR
BM BM BH
HI BW FN HG EK CW
EH EH AX
GZ FI
GI AE ER
AV AV
GR GN DJ
GO FW AQ CS DE FB GO FY
