Mf966TmCJF9l0PTKetVd CxdADQl1Lh5mGQMAravk QH0BDGvVyxRCKFz8HI8X CxdADQl1Lh5mGQMAravk q4ugkwSY6ViNm0c39aSs u4VGAkqq00Jhej3knMJI N7mkTpLI9Mgh0txBOflw XfWllIgv9lA6ZwGuKvLt km12BN3CByUGmRV2tX7b zwf9ghy1nblZx3HkGhp8 W1IcDWCQWwTCriXsjtm4 aU4DeG46NC8vRU6N0ahg PLyQF48YPXs4LxxIxWHM BCVfaQnOCgLubJ23r8nF IwnN6xRahpjWnxZTYR2F HKK5Jm9eHd0V7gvBWuw9 QMmklR1fA1rnjMsU1WMc K2vXRMB1uOAo2LiHd1lH VqBuOSJBVqxMG4rldwQn yk5giKs9pvqErT2HCEPA JWE9kJZ3fUSBbRtkVScl Mf966TmCJF9l0PTKetVd
20
Mf966TmCJF9l0PTKetVd Xucw5TdPOzp0SQGWHjkE fsCdklolnC3ndvzFtyM3 dOWv4G57nxm9UArCvQlq TBEGhhvsdStRJh2Eqkyf tH0lbMmdJDVlC4Pr7uAb QZIvvAQe1weWyQjLrGi1
CxdADQl1Lh5mGQMAravk CxdADQl1Lh5mGQMAravk cAkwFDH7tSQkP40ewGcD 5ebtvAsyAh8vEmm1Z3wm
QH0BDGvVyxRCKFz8HI8X 2bMCdMiNzTpm8a2kNe9G AjMqEYKq0eELwsiEhQNE SQhK0n9L9aixdJxvdeKd mGfIqoDGGajPXw9RvY8S
q4ugkwSY6ViNm0c39aSs NvfSRypj4POoHWC3jDz3 GfTqQpqjWivAFXbCN2BL sSdPSXUotKahf03SRnBn KCy3uvDFe4h3kwRgxFiX
u4VGAkqq00Jhej3knMJI 1wZce3qjltyIzzlL1Zfw Q4jkxyPtGKis0eXik3Gg byF5FvS6RJUrgCsP3o6T Hpniux0SkkA6CliHWNDc u4VGAkqq00Jhej3knMJI WQlZty1AKP9gLfjz0EYW 4mRiy2s23Ljl4N4CqEav
N7mkTpLI9Mgh0txBOflw CLNCAWQgYnzuvt7RChAf N7mkTpLI9Mgh0txBOflw JfWSVxbK8iOEPzK7FV9x WZxeHszJ2ShfYgJs53YV R87rV3jFUvYuE0RN4Z4a
XfWllIgv9lA6ZwGuKvLt S0PhmGw8tyUPzxvRSE5R 7c4FoaFf1TJetsLZUEok XfWllIgv9lA6ZwGuKvLt
km12BN3CByUGmRV2tX7b 3Yod5nNtIcKNmTtNQ3xH km12BN3CByUGmRV2tX7b a6uUA0TEdnZwD1b73O9r ZPAxEbVjKWTr0cDqLbA0 flliQzyn5hSC8yLOMyYJ acwLCbshqBQuYbTzAPRI 4mdSIFCsq2HySOzm2H4M
zwf9ghy1nblZx3HkGhp8 4CVQrsejmjPmVL7elf2w ul7ierPjffkmvfh4Ylme iRg3oRlKsAtLuOm5tUrC czjPVxJvSz9DoMc0Y7Vv bBJ5TDHtVrSIxXmQJ63J aH2XDl7CjGFhEP3bbYjH eA2uctxdjBuXDZUrmUHy
W1IcDWCQWwTCriXsjtm4 KKiBHd9DTQAd6AZYxlK3 zDq8bGYKiSYw3c53IWfw y3cL4LyhfEAlU1Jj1Xj6 W1IcDWCQWwTCriXsjtm4 ZDA7k1XMUYTsnmCfuUtR
aU4DeG46NC8vRU6N0ahg GzkbHop7cJv0CvjQalTE kGhQ3uDjcFA7MLP7UF4W aU4DeG46NC8vRU6N0ahg kVdbGuYm0jD2q8vsLFHY Yw0z9L8p6xIk7hgYCgVd NtZncVsU7O40k1BXousH
PLyQF48YPXs4LxxIxWHM PLyQF48YPXs4LxxIxWHM Ad4iMaOuAofXNjJzNKWl 1crXui4lUlMG7IuTFiXo lrLgTYF7nIsDkEYlxuHz BcvYB1mubFuRTbgMUsXg
BCVfaQnOCgLubJ23r8nF OGxA8YvD4WfIxOfmtWm4 BCVfaQnOCgLubJ23r8nF wtlCpdxHbUUmSY7DnD2u OyOgefgJfgx6VwEfudZn
IwnN6xRahpjWnxZTYR2F jAzyDyaN1mD5Ei1RjCiO Y5ZKsuPbCDUQp5LjPNey Crbc9OlCoJ9dTIJXXsjb IwnN6xRahpjWnxZTYR2F HhITLZSwERe6osGRUBXt ydEppVwK15UN0USyP00U
HKK5Jm9eHd0V7gvBWuw9 BLgd9OLqnPIJY5LCIxDK HKK5Jm9eHd0V7gvBWuw9 b2icxuMf1zEyF7ImMEzE Ic20PkDM6xxefUTvJEIQ
QMmklR1fA1rnjMsU1WMc p6bp9pYgtaGo4Q50DQAM QMmklR1fA1rnjMsU1WMc e2usEAoRX2qu6mneHOxg wyZ3Q4gHyaxpdYdezyjU 7ArLVA3N0doHBQAlCDtl
K2vXRMB1uOAo2LiHd1lH wNmo9den9k6ySqzO7o0M trOoQ3enuOI8GUJqwAMC UvtGaTsTes8Gs4gE8ya3 CHHJQHxp9VQGraviPBS2 bLojQFXmB5k6r0zKTWYe TmdW4dU59umpgT9XX8G3 0O3lDJvzYSiuZNzHimQX VaRx19QfIOvUT5pZyulj
VqBuOSJBVqxMG4rldwQn VqBuOSJBVqxMG4rldwQn 56ePYTmTGzdOHfvnLEPd
yk5giKs9pvqErT2HCEPA rzYdrZxXnbXlOjFVWVaR TkZ4LHIfwKap48xdp8m2 JfzkldRR1w0Y52KBg47D 1aGCWVuyE8DRxIV204ZW pxBA1Tii62WPeRWcccVp jZUUy27kZ3z2uIv0PGPy
JWE9kJZ3fUSBbRtkVScl YrtjNlKZcZnAXu7owFPA JWE9kJZ3fUSBbRtkVScl RrBlUMzlEzdRa5S1pyiF
