L0 L17 L175 L12 L13 L107 L144 L131 L145 L4 L5 L187 L130 L70 L3 L2 L7 L2 L103 L2 L7 L28 L29 L197 L38 L140 L102 L43 L14 L161 L61 L101 L83 L96 L20 L189 L117 L193 L113 L64 L0
36
L0 L73 L33 L176 L116 L164 L53 L123 L168
L17 L98 L119 L18 L127
L175 L192 L142 L175
L12 L50 L12
L13 L13 L149 L178
L107 L107
L144 L144 L65
L131 L188 L160 L46
L145 L81 L145 L146 L194
L4 L54 L41 L31
L187 L121 L47 L109 L165
L130 L130 L143 L26
L70 L69
L3 L153 L3 L30 L138
L2 L57 L2 L10
L7 L7
L103 L8 L95
L28 L135 L106 L27 L152 L139
L29 L29 L125 L97 L49
L197 L197 L177
L38 L39 L74 L38
L140 L1
L102 L196 L102
L43 L62
L14 L75 L14 L48 L104
L161 L163 L23 L199 L58 L68 L157 L132
L61 L61 L60
L101 L141 L80
L83 L84 L82
L96 L24 L96
L20 L94 L77 L20
L189 L147
L117 L118 L110 L52
L193 L55 L112
L113 L113
L64 L64 L59
