loc0 loc24 loc2 loc38 loc196 loc113 loc169 loc2 loc0 loc3 loc18 loc66 loc52 loc88 loc13 loc154 loc72 loc42 loc15 loc0 loc41 loc0 loc12 loc16 loc5 loc103 loc3 loc42 loc4 loc76 loc13 loc58 loc0 loc27 loc71 loc116 loc17 loc0
24
loc24 loc22 loc23 loc25 loc26
loc2 loc45 loc46 loc48 loc49
loc38 loc38 loc39
loc196 loc195 loc196 loc198 loc199
loc113 loc108 loc109 loc111 loc112 loc119 loc120 loc123 loc124 loc126 loc127
loc169 loc173 loc174 loc176 loc177 loc180 loc181 loc183 loc184 loc188 loc189 loc191 loc192
loc18 loc18
loc66 loc85 loc86 loc92 loc93 loc95 loc96
loc52 loc53 loc54 loc56 loc57
loc88 loc88 loc89
loc13 loc14
loc154 loc134 loc135 loc137 loc138 loc141 loc142 loc144 loc145 loc149 loc150 loc152 loc153 loc157 loc158 loc160 loc161 loc164 loc165 loc167 loc168
loc72 loc73 loc74
loc42 loc42
loc15 loc15
loc41 loc41
loc5 loc7 loc8 loc10 loc11
loc103 loc101 loc102 loc104 loc105
loc76 loc77 loc78 loc80 loc81
loc58 loc60 loc61 loc63 loc64
loc27 loc29 loc30 loc32 loc33
loc71 loc70 loc71
loc116 loc116 loc117
loc17 loc17
