FacultyClub Investigative MartinezCommons UniversityHouse NorthGate Library OptometryLibrary OBrien Koshland Birge AnthropologyLibrary Hilgard DonnerLaboratory CITRIS MLK BrainImagingCenter Jacobs Unit3 Manville Warren SutardjaDai StudentUnion Mulford McCone EnergyBuilding NewspapersLibrary BancroftDance ArtHistoryLibrary Spieker FPF StowPlaza CareerCenter Morrison Stephens AndersenAuditorium BancroftLibrary SproulPlaza HealthServices Durham EarthquakeLibrary Cheit IRLE FacultyClub
39
FacultyClub FacultyClub
Investigative Investigative
MartinezCommons MartinezCommons
UniversityHouse UniversityHouse
Library Library
OptometryLibrary OptometryLibrary
OBrien OBrien
Koshland Koshland MelvinLaboratory
Birge Birge
AnthropologyLibrary AnthropologyLibrary Sproul
Hilgard BioscienceLibrary Hilgard
DonnerLaboratory SpringerGateway DonnerLaboratory
CITRIS CITRIS
MLK Etcheverry
BrainImagingCenter BrainImagingCenter
Jacobs Pimentel Jacobs
Unit3 HearstGym Unit3
Manville Manville
Warren PacificFilmArchive Warren
SutardjaDai SutardjaDai
StudentUnion StudentUnion EarthLibrary
Mulford Mulford
McCone InternationalHouse
EnergyBuilding EnergyBuilding
NewspapersLibrary LawrenceofScience NewspapersLibrary
BancroftDance BancroftDance
ArtHistoryLibrary MediaCenter ArtHistoryLibrary
Spieker Spieker
FPF FPF
StowPlaza StowPlaza
CareerCenter CareerCenter
Morrison Morrison
Stephens Stephens
AndersenAuditorium AndersenAuditorium
SproulPlaza SproulPlaza
Durham Durham
EarthquakeLibrary EarthquakeLibrary
Cheit Wheeler Cheit
IRLE IRLE
