FacultyClub MLK BrainImagingCenter Bechtel Chou HearstFieldAnnex StudentUnion Stanley VisualCenter Latimer FoxCottage Davis SimpsonCenter Warren SEAsianLibrary LatinAmerican SpringerGateway Campbell LeConte Birge Stephens OBrien EnergyBuilding Wheeler CareerCenter Durant VLSB Senior Investigative MediaCenter DonnerLaboratory HearstGreekTheatre StowPlaza Cheit CesarChavez UniversityHouse BioscienceLibrary OptometryLibrary McCone Boalt MSRI LawSchool ArtHistoryLibrary MathLibrary Mulford Cleary BancroftDance BerkeleyLawLibrary Morrison SutardjaDai FPF HealthServices EastAsianLibrary PhysicsLibrary HearstGym EarthLibrary NorthGate TheGlade JacksonHouse SproulPlaza Giannini SocialLibrary BancroftLibrary Library FacultyClub
62
FacultyClub FacultyClub EarthquakeLibrary
MLK MLK
BrainImagingCenter BrainImagingCenter WooHonFai
Bechtel AquaticCenter Bowles Bechtel
HearstFieldAnnex NewspapersLibrary HearstFieldAnnex
StudentUnion StudentUnion LawrenceofScience AnthropologyLibrary
Stanley HearstFountain Stanley
VisualCenter AndersenAuditorium VisualCenter
Latimer Latimer
FoxCottage FoxCottage
Davis InternationalHouse Davis
SimpsonCenter SimpsonCenter MaxwellField
Warren Warren
SEAsianLibrary SEAsianLibrary EngineeringLibrary FoundersRock
LatinAmerican Unit3 BerkeleyWayWest LatinAmerican
SpringerGateway SpringerGateway
Campbell IRLE Campbell
LeConte LeConte
Birge Birge
Stephens Stephens
OBrien OBrien
EnergyBuilding EnergyBuilding Wellman IdaHouse
Wheeler Wheeler
CareerCenter CareerCenter Soda
Durant Durant
VLSB VLSB
Senior Senior EthnicLibrary
Investigative Investigative MelvinLaboratory
MediaCenter MediaCenter UpperHearstParking
DonnerLaboratory Hilgard DonnerLaboratory
HearstGreekTheatre HearstGreekTheatre
StowPlaza StowPlaza
Cheit PacificFilmArchive Cheit MartinezCommons
CesarChavez CesarChavez
UniversityHouse UniversityHouse
BioscienceLibrary BioscienceLibrary Jacobs
OptometryLibrary OptometryLibrary
McCone McCone
Boalt Boalt
MSRI MSRI
LawSchool LawSchool
ArtHistoryLibrary Durham ArtHistoryLibrary AlumniHouse
MathLibrary Koshland MathLibrary
Mulford Mulford Hildebrand
BancroftDance BancroftDance Giauque
BerkeleyLawLibrary Spieker Sproul CITRIS BerkeleyLawLibrary BanwayBuilding
Morrison Morrison
SutardjaDai SutardjaDai
FPF FPF
HealthServices HealthServices
EastAsianLibrary Evans EastAsianLibrary
PhysicsLibrary PhysicsLibrary
HearstGym Pimentel HearstGym
EarthLibrary EarthLibrary
NorthGate NorthGate
TheGlade TAAP
JacksonHouse Etcheverry Underhill
SproulPlaza SproulPlaza
Giannini Manville
SocialLibrary SocialLibrary
BancroftLibrary BancroftLibrary
Library Library
