FacultyClub BioscienceLibrary Manville Hilgard Cheit Wheeler Durham SutardjaDai UniversityHouse ArtHistoryLibrary EarthquakeLibrary Stephens Spieker Unit3 HearstGym Etcheverry Library OBrien PacificFilmArchive BrainImagingCenter CITRIS StudentUnion Morrison Mulford FacultyClub
21
FacultyClub FacultyClub
BioscienceLibrary BioscienceLibrary
Manville Pimentel Manville
Hilgard Hilgard
Cheit Cheit
Wheeler Wheeler
Durham SproulPlaza Durham
SutardjaDai SutardjaDai
UniversityHouse UniversityHouse FPF
EarthquakeLibrary EarthquakeLibrary
Spieker Spieker
Unit3 CareerCenter
HearstGym HearstGym
Etcheverry Etcheverry
Library Library
OBrien OBrien
PacificFilmArchive LawrenceofScience PacificFilmArchive
BrainImagingCenter BrainImagingCenter
StudentUnion StudentUnion
Morrison Morrison
Mulford Mulford
