0 20 80 149 171 65 102 124 71 169 99 131 25 85 145 51 15 153 35 74 35 6 141 103 105 17 97 75 69 162 195 119 92 56 135 44 47 88 120 52 172 123 154 33 67 18 168 155 77 96 76 188 132 83 191 82 174 48 87 140 66 42 144 49 93 197 90 46 94 104 13 199 198 26 134 117 31 60 0
72
80 80
149 149
171 171 180
65 65
102 102
124 124
71 71 73
169 169
99 99
131 131
25 25
85 85
145 145
51 51
15 15 177
153 153
74 74
35 35
141 141
103 103 139
105 105
17 17 55
97 97
75 75
69 69
162 64 162 167
195 195
119 119 143
92 92
56 19 38 56
135 135
44 44
47 47
88 88
120 120
52 52 113
172 172
123 123
154 154
33 8 33 170
67 67
18 18
168 168
155 155
77 77
96 91 96
76 76
188 161 188
132 132
83 83
191 191
82 82
174 136 174
48 48
87 87
140 114 140
66 58
42 32 42 181
144 175
49 49 106 178
93 93
197 197
90 90
46 46
94 94
104 173
13 3 13 133
199 199
26 26
134 134
117 117 158
60 60 112 148
