159 164 32 189 92 158 102 5 177 64 57 79 160 88 131 44 107 130 192 46 90 168 187 29 175 114 197 106 13 63 121 166 27 173 152 172 119 86 129 15 167 1 112 127 61 188 85 54 200 10 66 36 17 133 171 69 138 81 30 11 104 25 45 72 7 117 124 31 156 56 93 65 51 148 47 182 153 193 53 163 132 101 147 157 71 136 71 139 100 33 75 77 140 149 76 137 127 109 159
68
159 22
164 43 6
32 32
189 178 59
92 116
158 185 158 74 99
102 82 102 123
177 128 174 111 34
64 64
79 79 3
88 88
44 60
107 134 107 120
192 192
46 46
114 35 114
106 106
13 13
63 63
121 121
27 169 145
172 126 172 97
119 191
86 86
129 41
15 15
167 167
127 146
61 61
85 85
200 200
10 10
36 36
17 17
133 133
69 155
138 138
81 28
11 11
104 87
45 45
72 72
7 7
31 31
156 52 156
56 96 14
93 93 2 154
65 65 98 26 165
51 51
148 148
47 47
182 48
193 193 24
53 53
132 132
101 101
147 40
157 157
71 71
139 139
100 100 199 181
75 38 37
77 77 190
140 140
149 21 4
76 76
137 137
109 122 180 109
