Home141 Home109 Home157 Home93 Home14 Home93 Home89 Home119 Home172 Home31 Home67 Home100 Home67 Home100 Home48 Home29 Home37 Home29 Home154 Home29 Home96 Home30 Home51 Home147 Home93 Home62 Home134 Home2 Home26 Home121 Home26 Home82 Home143 Home34 Home174 Home53 Home164 Home170 Home101 Home170 Home165 Home79 Home110 Home40 Home83 Home10 Home11 Home88 Home149 Home20 Home28 Home73 Home28 Home150 Home36 Home150 Home76 Home5 Home86 Home174 Home53 Home174 Home86 Home5 Home167 Home60 Home16 Home25 Home120 Home115 Home91 Home115 Home120 Home135 Home87 Home101 Home94 Home166 Home162 Home157 Home109 Home141
43
Home141 Home15
Home89 Home3 Home55 Home89
Home172 Home172
Home31 Home31 Home50
Home100 Home100 Home43
Home67 Home67
Home48 Home48 Home125
Home37 Home37 Home13
Home154 Home154 Home32 Home128
Home96 Home44 Home96
Home51 Home51
Home147 Home147
Home62 Home62 Home152 Home134 Home127
Home2 Home97 Home132
Home121 Home156 Home75
Home26 Home26
Home82 Home82 Home171 Home177
Home143 Home122 Home143
Home34 Home34 Home173 Home176 Home111
Home164 Home164
Home101 Home4 Home170
Home165 Home165
Home110 Home110
Home83 Home83 Home27
Home11 Home88 Home11 Home47
Home20 Home20 Home126 Home149
Home28 Home35 Home64 Home1
Home73 Home106 Home114 Home161
Home36 Home7 Home36 Home103
Home76 Home76 Home105
Home86 Home86
Home53 Home53
Home5 Home144 Home124 Home63 Home5
Home167 Home167
Home60 Home60 Home136
Home16 Home131 Home112 Home16
Home25 Home25 Home81 Home74
Home120 Home69 Home120
Home91 Home91 Home66
Home135 Home135
Home87 Home87
Home166 Home45
Home157 Home157 Home92
