K BB W CC CE BJ BI AN CR BC AA Q F AU AE L BH BF AI T BS S CL CQ AD AR BD BG AL AJ FN CU R AQ AG CK AZ CG CM BV BW BT C CD AH CI CS AS P N CV CO BA AB A AV BL H CT U G E BO AK CJ AO B CP AP BU CN V BE AW BM BN BK D AX Z CA AM AT BQ AF J CH Y O BX M CB BR I CF BZ X AC AY K
98
K K
BB BB
W W
CC CC
CE CE
BJ BJ
BI BI
AN AN
CR CR
BC BC
AA AA
Q Q
F F BP
AU AU
AE AE
L L
BH BH
BF BF
AI AI
T T
BS BS
S S
CL CL
CQ CQ
AD AD
AR AR
BD BD
BG BG
AL AL
AJ AJ
CU CU
R R
AQ AQ
AG AG
CK CK
AZ AZ BY
CG CG
CM CM
BV BV
BW BW
BT BT
C C
CD CD
AH AH
CI CI
CS CS
AS AS
P P
N N
CV CV
CO CO
BA BA
AB AB
A A
AV AV
BL BL
H H
CT CT
U U
G G
E E
BO BO
AK AK
CJ CJ
AO AO
B B
CP CP
AP AP
BU BU
CN CN
V V
BE BE
AW AW
BM BM
BN BN
BK BK
D D
AX AX
Z Z
CA CA
AM AM
AT AT
BQ BQ
AF AF
J J
CH CH
Y Y
O O
BX BX
M M
CB CB
BR BR
I I
CF CF
BZ BZ
X X
AC AC
AY AY
