lllIl1I 11IIII1 Ill11II I1llll1 IIl1l1I lII111l 11lI11I I11I111 l1IllI1 lll1111 l1lllll lll1I1l lIllIll II11l1l lIIl11l IIlI1lI llIIII1 I111I1I 11Il111 Il1Il1I lI11III IlI1II1 l1I111I 1I1I1lI l1l11l1 1111I11 lI1l111 lI1Ill1 I11111l lllIl1I
24
11IIII1 11IIII1
Ill11II Ill11II
I1llll1 I1llll1
IIl1l1I IIl1l1I
lII111l lII111l
11lI11I 1l11lII 11lI11I
I11I111 ll111ll I11I111
l1IllI1 l1IllI1 I1ll1II 1llI111 IlI1Il1 III1llI l1IIl1l
lll1111 1l1lIlI I1llII1 l1Ill11 l1lll11 1I1lllI
l1lllll l1lllll 1IlIl1I
lll1I1l lll1I1l
lIllIll lIllIll
II11l1l lIl111I II11l1l lIIlII1
lIIl11l lIIl11l II1Il1I 1I1I1l1
llIIII1 llIIII1 I11I11l
I111I1I I111I1I
Il1Il1I Il1Il1I IIlIllI
IlI1II1 lI11III Ill1I11 IlI1II1 III111I
l1I111I l1I111I 1lIl11I
1I1I1lI 1I1I1lI
l1l11l1 l1l11l1
1111I11 111lI1I llI1lII
lI1l111 11111lI lI1l111 1I1l1Il 1I11Ill
I11111l I11111l
