Satish KRM4B PYD9SISJI ENMF R6VBAVZ0B ZY9VPYMXA PZMGYZL 4INC2D8SDN Z6H98 NSBI OXWYDF VFRT26 1BZLEM PTL1QU OK29GJ UVP4WIKK 399VM5PU6 BVNZ FS1RWBVR7 9XFF YXBMACC ZRYV5F WZ1MC3189 92R432 Satish
20
KRM4B KRM4B
PYD9SISJI PYD9SISJI
R6VBAVZ0B PTWCQ R6VBAVZ0B
ZY9VPYMXA ZY9VPYMXA
PZMGYZL PZMGYZL
4INC2D8SDN 4INC2D8SDN
Z6H98 Z6H98 ER2YSPML1C
NSBI NSBI
OXWYDF BBFYA9B OXWYDF
VFRT26 VFRT26
1BZLEM 1BZLEM
PTL1QU PTL1QU
UVP4WIKK UVP4WIKK
399VM5PU6 399VM5PU6
FS1RWBVR7 FS1RWBVR7
9XFF 9XFF
YXBMACC YXBMACC
ZRYV5F ZRYV5F
WZ1MC3189 WZ1MC3189 ICTGXV KSHB2KG
92R432 92R432
