Satish 01G9IQ2 KCOFJD GH8C G4QE3I 8UPUEGO UDBFED EFIKTK4Y0Y ZRI9UW M71OYIS RP28W1 HQG39M FGYJ1J H41HZ6 1UCE G7PWWJ 716QJY W71YV1R66L 79KTC8AS9 3IXHQXHYBV LBR67PCKBJ DYYG23O 9K8PLAET A118 G90OCSZY E37ZKA8WK AV4KL GILAN21GR3 26PG HBQM42U Q7Z37G5 FM2HEMVR1 ET82NVH9 2BLLD3SK GNVXN 6PVQIBNB9 3WJYJDDU CB93 5T3W L7QS0UEPJ ZMQ5BH M649OA E9DZLL GT9LU YQB2CII950 02X2C 5XYO CXQDH6YMZ8 CV6NHW7M 7T8I47 Y99D5Y12 LQQ5IH LTI99R ZMZIWZ CKNDWG 4VE7V Satish
51
Satish 4C88SXD
01G9IQ2 01G9IQ2
KCOFJD KCOFJD
GH8C 3J6SSA GH8C 5HULMUDLAQ
G4QE3I G4QE3I
8UPUEGO 8UPUEGO
EFIKTK4Y0Y EFIKTK4Y0Y 4P0LGP0
ZRI9UW LM7KL5G3V B3R68HYWZ
M71OYIS EEZS ARTWTP9 M71OYIS
RP28W1 IHN21LA4 RP28W1
HQG39M HQG39M KBI1CALMNJ
FGYJ1J DNIV2BOR2P DST5W4G0 PMXEOGGIQ
H41HZ6 QW15YTSV H41HZ6 E2DHWGC
1UCE YU3U1T 1UCE JX6GCY MLKOJ
G7PWWJ 8MDFNIK8AY 0TRB9358 FWM5C
W71YV1R66L W71YV1R66L
79KTC8AS9 P6RI91D87 79KTC8AS9
3IXHQXHYBV 3IXHQXHYBV
LBR67PCKBJ LBR67PCKBJ
DYYG23O DYYG23O
9K8PLAET A8WYICH3 9K8PLAET
A118 A118 H1LQ91V
G90OCSZY 9QJRN G90OCSZY PIW6IC50D ZH2INF FM2G14H8I FPZT
E37ZKA8WK 91ZONFE M35E O44VZ E37ZKA8WK
GILAN21GR3 GILAN21GR3
26PG 26PG YSRPP HM48FZD0
HBQM42U HBQM42U GN4G0L2
Q7Z37G5 VGYKKKOFLZ Q7Z37G5
FM2HEMVR1 FM2HEMVR1 ZZACWP
ET82NVH9 ET82NVH9 7622OJ
2BLLD3SK 2BLLD3SK E5HD
GNVXN GNVXN 8TH7QVQY
6PVQIBNB9 6PVQIBNB9
3WJYJDDU 3WJYJDDU
CB93 CB93
5T3W Q7ZEY 7GAD3F
L7QS0UEPJ B690 L7QS0UEPJ
ZMQ5BH ZMQ5BH
M649OA M649OA
E9DZLL 9V10EOH E9DZLL
GT9LU ETB2 2B1K6EW9CL
YQB2CII950 YQB2CII950
02X2C VOAV C8WREP 02X2C
5XYO SQLSVN 5XYO
CXQDH6YMZ8 J2ETZ1C CXQDH6YMZ8
CV6NHW7M ETNCY9XH2 CV6NHW7M
7T8I47 7T8I47
LQQ5IH LQQ5IH MXJIYJYNH4
ZMZIWZ 4UE11 ZMZIWZ
CKNDWG PUW25N CKNDWG
4VE7V DDB26ZHC 4VE7V
