Satish CXLQGGJ746 0I7Y F3YJ QJ0LM8 M6CD1Y QHH48VD7JJ JOBN3N PL0UHK SKLZM VNYZ5QVO77 2FB0FS3KWX OJ27JN021 7CRTCJA RX6VI EXNDPNTC0 B0H9VDIK IQXEPH9QO K936 S657MFMG 19LN SUC1CH EG23K O9SQOADVF FPB1OLF3 EHS8A QAL7Z5UN 6HNG U0LMCHUU JSSS9HX QU5Y0N2LQ V7T5SI WQM0D4 Satish
31
Satish N26J6EU
CXLQGGJ746 CXLQGGJ746 PQ09CSX
0I7Y V4R09 0I7Y
F3YJ F3YJ
QJ0LM8 QJ0LM8 5HGKBK
M6CD1Y M6CD1Y
QHH48VD7JJ QHH48VD7JJ 07XQDCJI
JOBN3N JOBN3N
PL0UHK PL0UHK F1G8HC
SKLZM SKLZM 6WSDW AO31B76
VNYZ5QVO77 VNYZ5QVO77
2FB0FS3KWX 2FB0FS3KWX
OJ27JN021 OJ27JN021
7CRTCJA 7CRTCJA O2N6HBZK8
RX6VI RX6VI
B0H9VDIK 5N65HLXKU B0H9VDIK IEYK8
IQXEPH9QO IQXEPH9QO
K936 K936
S657MFMG S657MFMG
19LN 19LN
SUC1CH SUC1CH
EG23K QL51A0KUT EG23K
FPB1OLF3 ITHI7K6W1B FPB1OLF3
EHS8A EHS8A
QAL7Z5UN QAL7Z5UN
6HNG 6HNG
U0LMCHUU U0LMCHUU 59E13RE
JSSS9HX JSSS9HX
QU5Y0N2LQ QU5Y0N2LQ
V7T5SI V7T5SI QEAJAFMPY ODSGN281 XGYWBMTWT VNCFO
WQM0D4 WQM0D4 R2POU4T AETBJC
