129 83 130 89 4 101 80 161 9 92 183 47 5 40 88 149 87 96 2 108 125 43 128 177 0 190 128 79 61 188 16 143 121 53 49 8 20 91 126 68 110 6 85 178 26 163 41 195 105 32 29 194 71 59 7 25 180 46 111 4 197 19 129
48
130 36 130
89 89
4 11 158 103 81 4
101 101 84
161 161 9
92 137 92
183 183
47 62 58 44
5 5 174 40
88 88
87 87 33
96 97 63 96 191 76
2 2
108 114 108
125 125
43 21
177 65 177
0 160 15 145 0 82
190 190 64
79 152
61 61
188 188
16 16
121 121 150 189 171
53 53
49 123 49 155
8 17 48 8 57
91 91
126 126
110 110 55 14
6 51 6
85 23 56 85
178 178 39
26 128 26
163 163
195 195
105 105 192
32 98
29 29 157
194 194
71 156 99
59 95 59
7 175 151
25 196 25
180 180
46 122 100 107 109
111 142 50 184 66 13
197 197
