AyBBdkPvTTt19wqt b817BTo6GdPc96ig2 Le6BO3R lP84Whn Le6BO3R d Le6BO3R lP84Whn Nstvw8dF9rhja nOMN589D7t0QjhnBj3wn 5nYY46YfUGovj nOMN589D7t0QjhnBj3wn Nstvw8dF9rhja 2P201UD8Q aCCE yd7324WTF NESaNvTSnt9E9du 98E9ia5 2qbTYSv3J FR3SCSFtuk055ORI T4EKg4Vc Rf0x16WtfDv dQnWD4K3Y JbMQX8p9 AcC1Sh8w37Px0m 8w6aRuq A 1e90fR0FtB7Ev156y A Ru0A1pKIpZYWG O7W5C8z8H93l MjwmiyLlZn 68ZC6T1G2o9Q95CKs MjwmiyLlZn thypPB22BchO3Od9 E76twn5gNBei01uh2PkH 2a5Zkf5zd4Va3 O73Lh6 Han188Ox DqfU93360y3I66U0 9q06155efQSN 8kQ991Y80Dy 4B5uWNh7Dl3lRP khC 7DmqFE 360B15fOiy1XBl 1utCvCS3yEzt0HBbKt I4640OD b6DdFnSk8qdk45 6nB9xzJ7b5115Qu5 b19692 0Lw86e I6 o83v2nI1sQs I6 0Lw86e 1MHxxU 920ucA0jXEv o88qO93T 2T6osNpb4 6qc68848myvIqoZWw 2l90gxx61rTb0CbF 5tQKcAo3 q 5tQKcAo3 o 5tQKcAo3 1wF6 mmF 1CYyNxk8m7fToc6XLW7T nw566uv r9qUrqog71Fz9gx IEtn6zEV03H3 pwvBbQ870l3Io2K iFF184 XMV256fk Nstvw8dF9rhja h5 CDuc4XdY7zp h5 MEv16358FQ Fe5xMwq0a8 MnF3RrhkA5IuhY 336P8 J68F52raS3n1L6ZYK 336P8 Q WD8QxBAx49P Q 2mk9O8P6 SdP9W8WRSw 2mk9O8P6 6c1qFsEg9xI jxDm QE9dXn5y6j2YYh jxDm FKWv88jkw79me T8C17MZ6g69gmQ ymzG1qC7YsJFFmeog 7DmqFE 36Y155M7F1ZG8 JbMQX8p9 dQnWD4K3Y pwvBbQ870l3Io2K iFF184 Q2PY RYtkT5 8Qe2lSUyQa RYtkT5 Q2PY RYtkT5 Q2PY EL5n1KQ3kn Ut7hqt9A EL5n1KQ3kn Q2PY 3 9jWI53P36dh95 AyBBdkPvTTt19wqt
58
b817BTo6GdPc96ig2 ywj3aNhyxUH b817BTo6GdPc96ig2
Le6BO3R Le6BO3R
lP84Whn qGr382CkPK997QVHAL
d d
5nYY46YfUGovj q7Ehaiz 5nYY46YfUGovj
nOMN589D7t0QjhnBj3wn nOMN589D7t0QjhnBj3wn
2P201UD8Q 2P201UD8Q c3x9Cmq8W5oa57mjASv
aCCE aCCE
98E9ia5 89ukpivGhdck21Krrh40 gv3T5z4 659Cx
FR3SCSFtuk055ORI FR3SCSFtuk055ORI QqvW51K9Cm
Rf0x16WtfDv Rf0x16WtfDv
8w6aRuq 8w6aRuq
A O7W5C8z8H93l
1e90fR0FtB7Ev156y 1e90fR0FtB7Ev156y
MjwmiyLlZn thypPB22BchO3Od9 MjwmiyLlZn
68ZC6T1G2o9Q95CKs 68ZC6T1G2o9Q95CKs
E76twn5gNBei01uh2PkH E76twn5gNBei01uh2PkH NU7gnWcAs4nq66FS
Han188Ox Han188Ox EnmWLiDA9NE89oNUTbx 9o4t
DqfU93360y3I66U0 Tk46 9q06155efQSN
8kQ991Y80Dy v
4B5uWNh7Dl3lRP 4B5uWNh7Dl3lRP
khC khC 2Et5UN6ZJ19iz
360B15fOiy1XBl hG8udpL53V
I4640OD L46h8MG90TBpA8v9 I4640OD 1utCvCS3yEzt0HBbKt
b6DdFnSk8qdk45 b6DdFnSk8qdk45 PELS5
b19692 b19692
0Lw86e uF131buM7L27 dUdv
o83v2nI1sQs o83v2nI1sQs 6v326555i1Io5Z I6
1MHxxU JBYT6heC6yE4 P TByQ7zH089
o88qO93T 85682ijoufq1DW 920ucA0jXEv
2T6osNpb4 6qc68848myvIqoZWw 2T6osNpb4
2l90gxx61rTb0CbF 2l90gxx61rTb0CbF
q q 8tvL5MpO9J735t
o A6gMJKsUfUSuEI76 7d2Q05crlPi
1wF6 1wF6
nw566uv nw566uv
IEtn6zEV03H3 d5P0NXv8 e1M0JsNJ5 IEtn6zEV03H3 r9qUrqog71Fz9gx
pwvBbQ870l3Io2K pwvBbQ870l3Io2K
XMV256fk XMV256fk
CDuc4XdY7zp TMULg
MEv16358FQ yd7324WTF MEv16358FQ L7Mfs3034VwaB7kd3Z
J68F52raS3n1L6ZYK J68F52raS3n1L6ZYK
Q Q P6C89a32
SdP9W8WRSw SdP9W8WRSw kg8257p31rTQvRWjGF
6c1qFsEg9xI 6c1qFsEg9xI
jxDm vRH6pA1I75N1 4932 jxDm
QE9dXn5y6j2YYh eZEbm
FKWv88jkw79me FKWv88jkw79me T8C17MZ6g69gmQ
7DmqFE 7DmqFE KIOJyBXM922ydZA5 ymzG1qC7YsJFFmeog
36Y155M7F1ZG8 36Y155M7F1ZG8
iFF184 2YlhGrefFhV6JLtw iFF184
8Qe2lSUyQa 8Qe2lSUyQa
Q2PY Q2PY
RYtkT5 RYtkT5 usTG0We6G9WDs7Dk
EL5n1KQ3kn MJ2l1N0ojTC
Ut7hqt9A p772t3OLqj Ut7hqt9A XQxkrBxnI
3 3z4E 3
9jWI53P36dh95 9jWI53P36dh95 3505
