loc0 loc23 loc51 loc94 loc72 loc93 loc91 loc9 loc88 loc6 loc35 loc34 loc29 loc70 loc98 loc75 loc28 loc53 loc7 loc48 loc33 loc86 loc68 loc81 loc4 loc62 loc45 loc43 loc49 loc50 loc99 loc23 loc0
25
loc23 loc23 loc84
loc51 loc51
loc94 loc21
loc72 loc72
loc93 loc93 loc26
loc91 loc39 loc91 loc31
loc88 loc8 loc88
loc6 loc6 loc61 loc79
loc35 loc35
loc34 loc34
loc29 loc29
loc75 loc75
loc28 loc28
loc7 loc7 loc54
loc48 loc24 loc48
loc33 loc33
loc86 loc69 loc86
loc68 loc52
loc81 loc81 loc25
loc4 loc65 loc42
loc62 loc20 loc16 loc62 loc90
loc45 loc45
loc49 loc49
loc50 loc40
loc99 loc99
