a0 f4 f5 g1 g2 g4 g8 f5 f4 a0 b6 a0 d3 c8 d3 a0 c3 c4 d1 c6 d1 a0 b9 a0 k8 a0 p1 p2 p3 p4 p5 p6 p7 p8 h0 e8 g9 a0 a3 c0 a3 a0 h2 i4 h2 a0 a1 a0 l0 a0 o9 o8 o7 o6 o5 o4 o3 o2 o1 o0 n9 n8 n7 n6 n5 n4 a0 k3 a0 k5 a0 k9 a0 d8 e9 d8 d7 e7 e6 e7 d7 a0 d6 e3 e2 e1 e0 d4 a0 b5 b4 a0 h7 i7 h7 a0 l0 l1 l2 l3 l4 l5 l6 l7 l6 l5 l4 l3 l2 l1 l0 a0 h9 a0 m4 n0 m5 n2 m5 n0 m4 a0 k1 a0
54
a0 i1 i2 i3 i6 k0 k2 k4 k6 k7 o9 p0 p9
g2 g1 g2 g3
g4 g4 g5 g6
g8 g7 g8 i0
b6 b6 b7
c8 c8 c9
d3 c7
c3 c3
c4 c4 c5
c6 c6
b9 b8 b9
k8 k8
p1 p1
p2 p2
p3 p3
p4 p4
p5 p5 p6
p7 p7 p8
g9 e8 g9
c0 c0 c1
a3 c2
i4 i4 i5
a1 b0 b1 b2 b3
l0 l0 l1
o7 o6 o7 o8
o4 o4 o5
o3 o2 o3
o0 n9 o0 o1
n8 n7 n8
n5 n5 n6
n4 n4
k3 k3
k5 k5
k9 k9
e9 e9 g0
e6 e5 e6
e7 e7
d6 e4
e3 e3
e2 e2
e1 e1
e0 e0
b5 b5
b4 b4
i7 i7 i8
l2 l2 l3
l4 l4
l5 l5
l6 l6
l7 l7 l8 l9
h9 i9
n2 n2 n3
m5 n0 n1
k1 k1
