Soda loc80 loc72 loc63 loc23 loc61 loc12 loc92 loc53 loc29 loc53 loc96 loc86 loc63 loc50 loc33 loc71 loc19 loc45 loc49 loc45 loc66 loc45 loc32 loc48 loc45 loc90 loc67 loc26 loc43 loc22 loc21 loc57 loc64 loc8 loc31 loc41 loc31 loc8 loc17 loc83 loc91 loc83 loc64 loc72 loc6 loc44 loc6 Soda
27
Soda loc18
loc80 loc79
loc72 loc72
loc23 loc30 loc23 loc61
loc12 loc12
loc92 loc92
loc29 loc53 loc55 loc29 loc13 loc28 loc95
loc86 loc96 loc86 loc10 loc99
loc33 loc33
loc71 loc71
loc19 loc19
loc45 loc45 loc81 loc93
loc49 loc49 loc73 loc20
loc66 loc66 loc36 loc97
loc32 loc32
loc48 loc48
loc67 loc90 loc67 loc26
loc43 loc43
loc21 loc21
loc57 loc57
loc41 loc41 loc38
loc31 loc31
loc8 loc8
loc17 loc17
loc83 loc83
loc91 loc91 loc68
loc44 loc40 loc44 loc39 loc89
