Soda loc3 loc63 loc86 loc96 loc53 loc55 loc29 loc95 loc29 loc53 loc92 loc12 loc61 loc23 loc63 loc22 loc43 loc26 loc67 loc90 loc45 loc49 loc45 loc66 loc45 loc32 loc48 loc45 loc19 loc71 loc33 loc50 loc6 loc44 loc6 loc72 loc64 loc83 loc91 loc68 loc91 loc83 loc17 loc8 loc31 loc8 loc64 loc57 loc80 Soda
26
Soda loc18
loc86 loc96 loc86 loc10 loc99
loc55 loc53 loc55 loc29 loc13
loc95 loc28 loc95
loc92 loc92
loc12 loc12
loc23 loc30 loc23 loc61
loc67 loc90 loc67 loc26 loc43
loc45 loc45 loc81 loc93
loc49 loc49 loc73 loc20
loc66 loc66 loc36 loc97
loc32 loc32
loc48 loc48
loc19 loc19
loc71 loc71
loc33 loc33
loc44 loc40 loc44 loc39 loc89
loc72 loc72
loc91 loc91
loc68 loc68 loc38
loc83 loc83
loc17 loc17
loc8 loc8
loc31 loc31 loc41
loc57 loc57
loc80 loc21 loc79
