Soda loc106 loc36 loc106 loc25 loc53 loc179 loc43 loc27 loc164 loc47 loc87 loc192 loc170 loc196 loc142 loc196 loc51 loc196 loc170 loc192 loc87 loc47 loc164 loc41 loc77 loc173 loc77 loc27 loc43 loc92 loc75 loc137 loc75 loc72 loc57 loc157 loc59 loc157 loc57 loc92 loc129 loc17 loc94 loc34 loc14 loc34 loc189 loc32 loc34 loc84 loc34 loc13 loc74 loc50 loc43 loc27 loc176 loc38 loc193 loc181 loc111 loc30 loc39 loc198 loc24 loc31 loc128 loc112 loc111 loc180 loc27 loc43 loc82 loc168 loc104 loc163 loc42 loc177 loc182 loc179 loc199 loc64 loc3 Soda
38
Soda Soda
loc36 loc106 loc172 loc36 loc6 loc156 loc145
loc53 loc25 loc53 loc58 loc140
loc192 loc192 loc126
loc196 loc185 loc61
loc142 loc142 loc7
loc51 loc155 loc51 loc103
loc170 loc170
loc41 loc101 loc77 loc41 loc188 loc141 loc22
loc173 loc146 loc173 loc107
loc75 loc75
loc137 loc137 loc40
loc72 loc72
loc57 loc57
loc59 loc59 loc20
loc157 loc157
loc94 loc94
loc14 loc14 loc121 loc88
loc189 loc189
loc32 loc32
loc84 loc84 loc167 loc97
loc34 loc34 loc118 loc138
loc13 loc13
loc74 loc74 loc23 loc17
loc50 loc50 loc83
loc176 loc165 loc183 loc100 loc95 loc194 loc35 loc9 loc8
loc38 loc193 loc122 loc147 loc111 loc55 loc114 loc38
loc181 loc26 loc181 loc37
loc30 loc11 loc30 loc39 loc136
loc198 loc28 loc109
loc24 loc24
loc112 loc128
loc180 loc79 loc10 loc15 loc131 loc180
loc82 loc82 loc65
loc163 loc42 loc163 loc171 loc154
loc182 loc45 loc90 loc151
loc199 loc80 loc199 loc64
loc3 loc3
