99 58 135 161 62 41 16 190 16 17 23 5 138 133 113 30 85 137 150 137 97 43 157 119 48 26 175 32 79 75 156 193 49 107 158 81 100 69 55 120 53 162 53 7 47 2 19 95 159 131 105 76 52 103 176 99
42
99 99
58 102 149
135 8 61 88
161 161
62 73 80
41 41
190 190
17 17
23 5 68 78 165 180
138 20 170
113 51 59 114 124 148
30 30
85 127 174 186
150 150
137 28 185
97 97
43 18 56 66
157 132 172
119 119
48 122
26 26 39
175 15 155 178 188
32 34 90 98
75 75
156 70 142
49 10 27 123 125
107 4 42 94 117 163
81 9 126 158 166
100 100
69 25 82 83 173
55 55 169
120 160 171
53 53
162 0 130
7 111
47 47
2 40 63 112 146 168 181 192
19 1 12 33 184
95 24 106 164 183
131 131
52 22 92 103 151 167
176 35
