99 176 151 110 155 36 98 152 6 123 49 193 142 199 154 167 76 105 111 7 18 182 23 165 162 46 27 116 69 82 31 104 120 46 81 126 118 4 14 178 79 188 176 12 19 2 47 196 88 29 129 8 128 164 168 157 30 113 64 190 189 43 97 196 137 186 85 45 41 95 106 52 103 176 99
53
99 99
151 151
155 155
98 98
152 34 90
6 75
123 123
49 10 125
142 70 142
199 26 39 42
154 122 149
167 167
105 131 161
111 111
18 18
182 5 20 68 78 180
165 165
162 0 53
27 27
116 117 163
69 25 83 94 173
82 82
104 130 169
120 55 160 171
81 9 100 158 166
126 126
4 4
178 178
188 15 188
12 12
19 1 33 184
2 40 63 112 146 181 192
47 47
88 88
129 28 61
8 8
128 73 80
164 164
168 168
157 119 132 172
30 30
113 51 59 114 124 148 170
190 17 190
43 56 66
97 97
137 150
186 186
85 127 174
45 185
41 41
95 24 106 183
52 22 92 103
176 35 102
