destitute encumbrance anvil Curtis MN Hindi Loomis Rio Darwin septillion transpiration schedule slowdown minion Dominican bobble mediate Fisk Andersen diligent Auberge Modesto Elizabethan combine illusion bifurcate connubial funny millennium choice stanza balustrade swordtail Hewlett ripe barnacle destitute
30
anvil anvil
Curtis trill
MN MN
Hindi Hindi
Loomis Loomis
Rio Rio
Darwin Darwin
septillion creekside papal septillion
transpiration transpiration
schedule schedule
slowdown amateur slowdown
minion minion
Dominican Bleeker Dominican embassy
bobble McCall bobble
mediate mediate
Fisk Fisk
Andersen Andersen Halstead Vega yogurt
diligent diligent swingy tate
Auberge Auberge jewel
Modesto Modesto
Elizabethan Elizabethan
combine extractor
illusion illusion
connubial connubial
funny Gilmore funny midget
choice choice fatten shroud
stanza Injun stanza
balustrade Isfahan balustrade
Hewlett Hewlett decor swordfish
ripe ripe
