woebegone Fisk mediate Fisk swingy archive explosion cowhand midstream bunch barnacle broil thirteen involuntary lexicon swordfish funky millennium PDP Sunday PDP limitate Wheller car griddle illusion trimester Zorn torus icon Winchester connubial Simon Rodney Auberge Palo trill funny switchmen woebegone encumbrance slowdown numerology Hewlett Durango monotonous dreadnought monotonous MN Irvin simulate Stephen PDP limitate Tucson taft shovel deletion MN casserole felony woebegone
44
Fisk Fisk
mediate mediate
swingy swingy
archive archive dull papal postscript softball sphalerite
cowhand Andersen explosion
midstream midstream
bunch bunch
barnacle barnacle broil
thirteen catenate thirteen
involuntary backplate involuntary mitre spill
lexicon Modesto Vega
swordfish swordfish
funky funky
millennium inform millennium secondary
PDP PDP oriole septillion
Sunday Sunday anvil silage whatsoever
Wheller Wheller
car car
illusion griddle illusion
trimester Curtis deduce transfuse trimester yogurt
Zorn December Zorn
torus coarse embroil
icon icon update
Winchester Winchester bat connubial directory
Simon Darwin Goodrich Simon
Auberge Auberge Rodney
trill administer fulsome
funny McCall funny wingspread yearn
switchmen Gilmore imperishable
encumbrance relaxation transonic
slowdown slowdown
numerology diligent numerology stanza viscous
Hewlett Hewlett
Durango Durango Reilly bifurcate sinh
dreadnought dreadnought
monotonous monotonous
Irvin Irvin mack
Stephen Stephen simulate
limitate limitate
Tucson Tucson extrovert
shovel choice shovel
MN exothermic noon
casserole casserole renaissance
felony Isfahan babysat equipping felony tate thoroughfare
