index97 index51 index60 index48 index26 index8 index9 index22 index56 index61 index72 index13 index14 index41 index6 index64 index27 index7 index33 index73 index2 index83 index32 index38 index42 index16 index70 index43 index25 index76 index94 index3 index15 index23 index84 index49 index44 index97
32
index97 index1 index97
index51 index39 index51 index63
index60 index60
index48 index31 index48 index78
index26 index26 index57
index8 index8
index9 index9
index22 index22 index91
index56 index10 index24
index61 index58
index72 index72
index13 index13
index14 index0 index14
index41 index41
index6 index6 index85
index27 index27
index33 index7 index33
index73 index73
index2 index2
index32 index32 index35
index38 index38
index42 index42
index70 index29 index52 index59 index70
index43 index43
index25 index25
index76 index76
index94 index94
index3 index3
index15 index15
index23 index23
index84 index11 index49 index79
index44 index44 index68
