index155 index180 index144 index66 index136 index52 index102 index109 index167 index158 index92 index109 index23 index33 index9 index190 index85 index15 index169 index42 index75 index117 index60 index140 index137 index165 index24 index174 index37 index196 index47 index35 index16 index110 index27 index141 index4 index28 index61 index17 index67 index14 index22 index39 index29 index130 index118 index11 index88 index83 index121 index108 index5 index111 index199 index131 index156 index56 index106 index155
46
index155 index155
index144 index144
index66 index66
index52 index52
index102 index6 index21 index63 index172
index167 index49 index109 index167
index158 index158 index159
index92 index58 index92
index23 index23
index9 index9
index190 index19 index116 index190
index15 index15
index169 index42 index169
index75 index10 index40 index50 index95 index134 index186
index117 index31 index89
index60 index60
index137 index81 index137 index170
index165 index165
index24 index24 index69
index174 index174
index37 index25 index37
index196 index62 index143 index196
index47 index47
index35 index30
index110 index3 index110 index113
index27 index27 index97
index141 index87 index128 index141
index4 index4 index126
index61 index17 index125 index150
index67 index67 index164
index14 index14 index44 index124 index142
index22 index22 index86 index198
index39 index39 index107 index133 index157
index130 index26 index96 index115 index130
index118 index118
index11 index11 index90
index88 index88 index152
index83 index83
index121 index18 index57 index114 index121
index108 index108
index5 index5
index199 index32 index112 index199
index131 index20 index99 index131
index156 index100 index129 index156
index56 index55 index56
index106 index106
