fmdhlepsteinstdnkill epsteindlsfdntmkillh nhslfmepsteindtkilld hnfdtmlepsteinkillds msfltdkillnepsteinhd dfkilllmtepsteinhdsn nfdhkilllsmtepsteind killnsfmhdepsteindtl fdshnmkillepsteinltd fddsepsteinhnlkilltm ddtmkillepsteinflsnh hepsteinsddnfkillmlt nkilltdhlmdepsteinsf lndsdkilltmepsteinhf fshtdepsteinmldnkill dmdepsteinnhkilllsft hnsdkilllftdmepstein nepsteinlmdkilldhfts ntlepsteindmfdshkill lnsmkilltfdepsteindh stepsteinhkillfmnldd fkillepsteindlhdnsmt epsteinkillmsftnddlh fkillepsteindlhdnsmt nltdmsfepsteinkilldh hnfdtmlepsteinkillds epsteindfhlmdnskillt dlnsthfmepsteinkilld flepsteindndhmtkills killdmnsfhldepsteint ndkillftdsmepsteinlh hsdlepsteinmnkilldft hsndepsteindlmtkillf tlmsdhdnkillfepstein lsdepsteinfmkillndth tlmsdhdnkillfepstein fmsepsteindntldhkill tlsfdmdepsteinnhkill epsteinfsddmthkillnl dmdepsteinnhkilllsft hnsdkilllftdmepstein ddlmnftepsteinhskill dnkillepsteinlshdtfm killepsteinlhtfdsmdn dnkillepsteinlshdtfm mftkillepsteinndlhsd tmsdnfdlkillhepstein lkilltndepsteindsmfh fmdhlepsteinstdnkill
36
fmdhlepsteinstdnkill epsteindlsfdntmkillh nhmkilllsftepsteindd
nhslfmepsteindtkilld hsdfepsteintlnkilldm
msfltdkillnepsteinhd msfltdkillnepsteinhd
dfkilllmtepsteinhdsn dfkilllmtepsteinhdsn
nfdhkilllsmtepsteind nfdhkilllsmtepsteind
killnsfmhdepsteindtl fdshnmkillepsteinltd killnsfmhdepsteindtl epsteinskilldlndhmtf
ddtmkillepsteinflsnh ddtmkillepsteinflsnh
hepsteinsddnfkillmlt hepsteinsddnfkillmlt
nkilltdhlmdepsteinsf nkilltdhlmdepsteinsf
lndsdkilltmepsteinhf lndsdkilltmepsteinhf
fshtdepsteinmldnkill fshtdepsteinmldnkill
nepsteinlmdkilldhfts depsteinnlsfmhtkilld nepsteinlmdkilldhfts
ntlepsteindmfdshkill ntlepsteindmfdshkill killmlepsteindthnfsd
lnsmkilltfdepsteindh lnsmkilltfdepsteindh
stepsteinhkillfmnldd stepsteinhkillfmnldd
epsteinkillmsftnddlh epsteinkillmsftnddlh dmepsteinfnhltkillsd
nltdmsfepsteinkilldh nltdmsfepsteinkilldh
hnfdtmlepsteinkillds hdepsteinskillldtnfm hnfdtmlepsteinkillds
epsteindfhlmdnskillt epsteindfhlmdnskillt
dlnsthfmepsteinkilld dlnsthfmepsteinkilld
flepsteindndhmtkills flepsteindndhmtkills epsteinlshkilldnfdmt
killdmnsfhldepsteint killdmnsfhldepsteint epsteintdkilllnfdhms
ndkillftdsmepsteinlh ndkillftdsmepsteinlh
hsdlepsteinmnkilldft epsteinmhndfkilltdls
hsndepsteindlmtkillf hsndepsteindlmtkillf
lsdepsteinfmkillndth lsdepsteinfmkillndth
tlmsdhdnkillfepstein tmlepsteinsdnfkillhd tlmsdhdnkillfepstein
fmsepsteindntldhkill fmsepsteindntldhkill
tlsfdmdepsteinnhkill tlsfdmdepsteinnhkill
epsteinfsddmthkillnl dhepsteindsnlkillfmt
hnsdkilllftdmepstein hnsdkilllftdmepstein
ddlmnftepsteinhskill fepsteinhsntddkilllm fhndskillepsteintldm ddlmnftepsteinhskill
dnkillepsteinlshdtfm dnkillepsteinlshdtfm lmhdtfdepsteinnkills
killepsteinlhtfdsmdn killepsteinlhtfdsmdn dhkilllsepsteinmntdf
mftkillepsteinndlhsd mftkillepsteinndlhsd
tmsdnfdlkillhepstein lhepsteinkilldtnmfsd
