tepsteinfdkilldlmhns hdkillfmtslndepstein nfdhepsteinltsdmkill lepsteinfdkillsdnmht dhlepsteindkillsmtnf mfskillnhlddtepstein thmepsteinlkillfsndd slepsteinftndkillmdh htskillepsteindnlfdm ndlmhepsteintdskillf tmhsnfepsteinldkilld nkillsdtdhfmlepstein epsteinthsdmndkillfl snldmtkillfepsteindh msnepsteinfkillhtdld fnmhskilldepsteinltd dtepsteindnhmskillfl killepsteintdldshfnm nlhtdsdepsteinfmkill killepsteintdldshfnm thsfnmkilldlepsteind ndlepsteinhdtskillfm ldnmepsteinhfstdkill hfskillnepsteinldtdm hdepsteinsmdtnflkill tepsteinfdkilldlmhns
19
nfdhepsteinltsdmkill nfdhepsteinltsdmkill
lepsteinfdkillsdnmht lepsteinfdkillsdnmht
dhlepsteindkillsmtnf dhlepsteindkillsmtnf
thmepsteinlkillfsndd thmepsteinlkillfsndd epsteindsmnlfdtkillh
slepsteinftndkillmdh epsteinsdfmhltkillnd
htskillepsteindnlfdm htskillepsteindnlfdm
ndlmhepsteintdskillf ndlmhepsteintdskillf
tmhsnfepsteinldkilld tmhsnfepsteinldkilld
epsteinthsdmndkillfl nkillsdtdhfmlepstein epsteinthsdmndkillfl
snldmtkillfepsteindh snldmtkillfepsteindh
msnepsteinfkillhtdld hkillmepsteinstdfdnl msnepsteinfkillhtdld
fnmhskilldepsteinltd fnmhskilldepsteinltd
killepsteintdldshfnm killepsteintdldshfnm
nlhtdsdepsteinfmkill nlhtdsdepsteinfmkill
thsfnmkilldlepsteind tskillepsteinhfmddnl
ndlepsteinhdtskillfm ndlepsteinhdtskillfm
ldnmepsteinhfstdkill skilldnmlhdftepstein hldmepsteindsnkilltf hepsteinnfstkilllmdd
hfskillnepsteinldtdm killnfhdsdltepsteinm
hdepsteinsmdtnflkill fnlskillhtepsteindmd hdepsteinsmdtnflkill
