55 72 98 108 73 36 7 71 102 93 18 104 89 48 75 4 14 54 90 81 92 11 25 96 41 15 9 77 2 51 79 106 112 99 80 32 61 34 16 45 52 49 65 23 100 20 6 103 31 12 63 62 3 42 107 83 69 46 58 39 67 29 21 35 57 37 85 44 110 13 87 94 55
71
55 27 55 70
72 60 72
98 98
108 108
73 73
36 36
7 7
71 71
102 102
93 93
18 18
104 104
89 89
48 48
75 75
4 4
54 54
90 90
81 81
92 92
11 11
25 25
96 96
41 41
15 15
9 9
77 77
2 2
51 51
79 79
106 106
112 112
99 99
80 80
32 32
61 61
34 34
16 16
45 45
52 52
49 49
65 65
23 23
100 100
20 20
6 6
103 103
31 31
12 12
63 63
62 62
3 3
42 42
107 107
83 83
69 69
46 46
58 58
39 39
67 67
29 29
21 21
35 35
57 57
37 37
85 85
44 44
110 110
13 13
87 87
94 94
