Rhode East Cheyenne Jefferson Heating Durham Foothill Boalt International McLaughlin Trenton Class Oregon Stadium Jacobs Insectary Observatory Valley Life University Moses Edwards Illinois Topeka Police Hearst Hartford Jones Concord Etcheverry Lower Utah Kentucky Annapolis Krutch Mississippi Durant Maryland Chvez Blackwell Simpson Silver Olympia Martin Harrisburg Clark Richmond Minnesota Barrows Nashville Nevada Baton LeConte Pennsylvania Columbia Tang Bowles Berkeley Santa BART Montana Tennessee Columbus Maxwell Birge Hargrove Cleary Hawaii Chou Bancroft Montgomery CNMAT Lansing Warren Madison Mulford West Mathematical Wisconsin Simon Haste Morrison Sproul Little Hertz Salt Springer Energy Rhode
88
Rhode Rhode
East East
Cheyenne Cheyenne
Jefferson Jefferson
Heating Campanile Heating Austin
Durham Durham
Foothill Foothill
Boalt Boalt
International International
McLaughlin McLaughlin
Trenton Trenton
Class Class
Oregon Oregon
Stadium Stadium
Jacobs Jacobs
Insectary Insectary
Observatory Observatory
Valley Valley
Life Life
University Donner University
Moses Cory Moses
Edwards Edwards
Illinois Illinois
Topeka Topeka
Police Police
Hearst Hearst
Hartford Hartford
Jones Jones
Concord Concord
Etcheverry Etcheverry
Lower Lower
Utah Utah
Kentucky Hellman Michigan Kentucky Grinnell
Annapolis Annapolis
Krutch Krutch
Mississippi Mississippi
Durant Durant
Maryland Maryland
Chvez Chvez Brain
Blackwell Blackwell
Simpson Simpson
Silver Silver
Olympia McEnerney Olympia
Martin Martin
Harrisburg Harrisburg
Clark Clark
Richmond Providence Richmond
Minnesota Minnesota
Barrows Barrows
Nashville Nashville
Nevada Nevada
Baton Baton
LeConte LeConte
Pennsylvania Pennsylvania
Columbia Florida Columbia
Tang Tang
Bowles Bowles
Berkeley Berkeley
Santa Santa
BART BART
Montana Montana
Tennessee Tennessee
Columbus Columbus
Maxwell Maxwell
Birge Birge
Hargrove Hargrove
Cleary Cleary
Hawaii Hawaii
Chou Chou
Bancroft Bancroft
Montgomery Montgomery
CNMAT CNMAT
Lansing Lansing
Warren Warren
Madison Madison
Mulford Mulford
West West
Mathematical Mathematical
Wisconsin Wisconsin
Simon Simon
Haste Haste
Morrison Moffitt Morrison
Sproul Sproul
Little Little
Hertz Hertz
Salt Salt
Springer Springer
Energy Energy
