Soda AnthonyHall BerkeleyArtMuseum DavisHall Dwinelle EastAsianLibrary CampbellHall CyclotronRd EvansDiamond BarrowLane BarrowsHall BARTStation BirgeHall EtcheverryHall BoaltHall BancroftLibrary EastGate ChouHall CalvinLaboratory Greenhouse BanwayBldg BarkerHall AlumniHouse CheitHall BlackwellHall EshlemanHall BrainImagingCenter BerkeleyWayWest EdwardsStadium CaliforniaHall MinorHallAddition ChanShunAuditorium DonnerLab CareerCenter VLSB Soda
34
Soda DurantHall
AnthonyHall AnthonyHall Campanile
BerkeleyArtMuseum BerkeleyArtMuseum
DavisHall DavisHall
Dwinelle Dwinelle
EastAsianLibrary EastAsianLibrary
CampbellHall CampbellHall
CyclotronRd CyclotronRd
EvansDiamond EvansDiamond
BarrowLane BarrowLane Cory
BarrowsHall BarrowsHall
BARTStation BARTStation
BirgeHall BirgeHall BlumHall
EtcheverryHall CNMAT EtcheverryHall
BoaltHall BoaltHall
BancroftLibrary BancroftLibrary
EastGate EastGate
ChouHall ChouHall
CalvinLaboratory CalvinLaboratory ClarkKerrCampus
Greenhouse BotanicalGarden
BanwayBldg BanwayBldg
BarkerHall BarkerHall
AlumniHouse AlumniHouse DoeMemorialLibrary
CheitHall CheitHall
BlackwellHall BlackwellHall
EshlemanHall EshlemanHall
BrainImagingCenter BrainImagingCenter
BerkeleyWayWest BerkeleyWayWest
EdwardsStadium EdwardsStadium
CaliforniaHall CaliforniaHall
ChanShunAuditorium ChanShunAuditorium
DonnerLab DonnerLab
CareerCenter CareerCenter
VLSB VLSB
