Soda EtcheverryHall BirgeHall ClarkKerrCampus IshiCourt ChouHall StadiumRimWay GiauqueHall BarrowsHall LewisHall BarkerHall PimentelHall BancroftLibrary HargroveMusicLibrary NorthGateHall Piedmont FoundersRock SternHall MLK WomenFacultyClub Healdsburg SutardjaDaiHall EvansHall Hayward WestCircle HertzHall SproulPlaza Albany SanRafael Fairfield Orinda KleebergerFieldHouse WursterHall HearstGreekTheatre MulfordHall ClearyHall SimonHall MartinezCommons Soda
37
EtcheverryHall EtcheverryHall WicksonNaturalArea
BirgeHall WheelerHall GoldmanField Cory
ClarkKerrCampus ClarkKerrCampus
IshiCourt IshiCourt SanPablo Pacifica Benicia
ChouHall Belmont HearstMiningCircle ChouHall EastGate Hillsborough
StadiumRimWay StadiumRimWay
GiauqueHall GiauqueHall Alameda
BarrowsHall Oakley WestGate
LewisHall LewisHall
BarkerHall BarkerHall FrankSchlessingerWay
PimentelHall PimentelHall
BancroftLibrary BancroftLibrary Unit1
HargroveMusicLibrary HargroveMusicLibrary
NorthGateHall DonnerLab NorthGateHall
Piedmont Piedmont
FoundersRock FoundersRock MinorHallAddition
SternHall SternHall WellmanHall
MLK Brisbane
WomenFacultyClub WomenFacultyClub
Healdsburg Healdsburg
SutardjaDaiHall Campanile Insectary BlumHall
EvansHall EvansHall SanRamon
Hayward Saratoga Hayward Unit3
WestCircle KroeberHall WestCircle
HertzHall HertzHall
SproulPlaza AnthonyHall Emeryville SproulPlaza
Albany Albany
SanRafael SanRafael
Fairfield Fairfield
Orinda LowerSproulPlaza Orinda
KleebergerFieldHouse SatherTower KleebergerFieldHouse StHelena
WursterHall WursterHall
HearstGreekTheatre GilmanHall HearstGreekTheatre CalvinLaboratory
MulfordHall ZellerbachPlayhouse ZellerbachHall MulfordHall
ClearyHall ClearyHall
SimonHall Pinole Pittsburg
MartinezCommons MartinezCommons
