1 126 97 9 188 100 112 108 183 121 14 45 93 13 32 116 76 132 129 7 70 127 87 3 137 119 20 34 165 167 91 139 68 181 186 172 152 120 175 28 92 163 140 190 143 53 35 78 60 178 52 82 81 25 64 176 65 18 164 117 118 114 12 68 74 123 2 147 95 27 155 99 184 59 182 170 1
69
126 126
97 97 161
9 89 9 131
188 67 188
100 100
112 112 21
108 192 108
183 183
121 149 121
14 14
45 45
93 93
13 13
32 32 122 77
116 116
76 76
132 42 132
129 129
7 7
127 127 70 17
87 87
3 11 3
137 137 148
119 119 197
20 20
34 159 34
165 165 6
167 167
91 91
139 139
181 181 191
186 186
172 172
120 57 120
28 28
92 151 92
163 163
140 140
190 190
143 143 79
53 53
35 35
78 36 78
60 60 180
178 178
52 52
81 153 40 81
25 25
64 64
176 176
65 65
164 164
117 117
118 118
114 114
12 12
68 68 94
74 74
123 142 123
2 2
147 147 44
95 95
27 160 27
155 29 155
99 99
184 16 184
59 59
182 182
170 170
