1 48 192 99 81 40 159 183 121 91 147 2 119 197 87 127 87 131 35 100 78 155 129 164 89 9 188 160 6 151 120 57 92 180 123 64 25 94 32 178 137 3 97 65 93 45 182 59 14 13 116 176 179 53 190 140 114 94 68 181 126 132 42 149 77 163 172 186 79 143 112 1
66
192 192 108
99 99
81 153 81
40 40
159 159 34
183 183
121 121
91 139 167 91
147 147 44
2 2
119 119 20
197 197
127 127 70 17
87 87
131 131
35 35
100 100
78 36 78
155 27 29 155
129 7 129
164 164
89 89
9 9
188 67 188
160 160 95
6 165 6
151 151
120 120
57 57
92 28 92
180 60 180 161
123 74 142 123
64 64
25 25
94 94
32 32 122
178 52 178
137 137 148
3 11 3
97 97
65 65
93 93
45 45
182 182
59 59
14 14
13 13
116 116
176 176
53 53
190 170 190
140 140
114 118 114
68 12 68
181 181 191
126 126 76
132 132
42 16 42
149 184 149 117
77 77
163 163
172 172
186 186
79 79
143 143
112 112 21
