pump distributor diagram overlook plug unanimous button ghost park pipe anger prospect forest category guideline line sentiment physical wage descent float range pedestrian preoccupation genetic packet admiration appearance lot sit feign innovation need aspect row hallway leadership reflection rock engineer nominate pursuit ground mouse privilege ensure consideration formulate reject tip title attractive lemon minor valley performance depressed wear brain sweet sticky freedom separate polish gloom parallel pray fairy linger impound literature exercise survival affect mud judicial pump
76
pump pump
distributor distributor
diagram diagram
overlook overlook
plug plug
unanimous unanimous
button button
ghost ghost
park park
pipe pipe
anger anger
prospect prospect
forest forest
category category
guideline guideline
line line
sentiment sentiment
physical physical
wage wage
descent descent
float float
range range
pedestrian pedestrian
preoccupation preoccupation
genetic genetic
packet packet
admiration admiration
appearance appearance
lot lot
sit sit
feign feign
innovation innovation hierarchy
need need
aspect aspect
row row
hallway hallway
leadership leadership
reflection reflection
rock rock
engineer engineer
nominate nominate
pursuit pursuit
ground ground
mouse mouse
privilege privilege
ensure ensure
consideration consideration
formulate formulate
reject reject
tip tip
title title
attractive attractive
lemon lemon
minor minor
valley valley
performance performance
depressed depressed
wear sacrifice wear
brain brain
sweet sweet
sticky sticky
freedom freedom
separate separate
polish polish
gloom gloom
parallel parallel
pray pray
fairy fairy
linger linger
impound impound
literature literature
exercise exercise
survival survival
affect affect
mud mud
judicial judicial
