paint learning complain determine glamorous finish ice indicate ambiguous rake inherit slam same stink nutty measure diligent floor thumb imported desire ray route blade wooden paint
25
paint paint
learning learning
complain complain
determine determine
glamorous glamorous
finish finish
ice ice
indicate indicate
ambiguous ambiguous
rake rake
inherit inherit
slam slam
same same
stink stink
nutty nutty
measure measure
diligent diligent
floor floor
thumb thumb
imported imported
desire desire
ray ray
route route
blade blade
wooden wooden
