0 100 106 100 105 100 102 100 0 11 3 75 3 4 3 0 86 20 10 81 0 100 104 100 103 100 101 110 101 108 101 111 101 112 101 113 101 109 167 109 101 100 0 57 31 64 7 35 31 89 31 25 70 5 17 77 17 68 17 0 100 107 100 0
32
106 147 149 106 142 145 144 146
105 138 105
102 124 123 118 121 102
11 58 55
75 18 28 54 29 75
4 14 87 63 51 56 96 49 4
86 90 85 86 98 62
20 20 43
10 83 99 10
81 81 82
104 104 136
103 128 130 127
101 117 196 101 198 194
110 172 169 175 171 173 168
108 156 158 160 154
111 177 178
112 182 180 112 179
113 189 188 113
167 167 109
57 57 21
64 72
7 7
35 35 31 53
89 26 1 89
25 25 24 59
70 70 65
5 42 5
17 17 66 13
77 77 22
68 44 68
107 152 153 151
100 100
