Wkkykkf Uvcri Nqwr Jxdb Tbbiot Pgvrcnl Dytyp Ibovih Bwlpsl Gzcxjl Zdsg Qbflfr Wufe Dkfelp Nwecls Igep Zkrljw Klowqwc Apylxs Vxt Kdq Eiotl Zyh Whbms Wtkwuvz Fuykk Olcoaxo Lhwmy Uoxsv Wkkykkf
29
Wkkykkf Nhn
Uvcri Uvcri
Nqwr Pbdad Nqwr Fggo
Jxdb Stpm Jxdb
Tbbiot Tbbiot
Pgvrcnl Pgvrcnl
Dytyp Dytyp
Ibovih Ibovih
Bwlpsl Fiv Euw Bwlpsl
Gzcxjl Gzcxjl Zdkju
Zdsg Zdsg
Qbflfr Bxrwja Qbflfr Vpsfe
Wufe Wufe
Dkfelp Dkfelp Wtsrwu
Nwecls Nwecls
Igep Igep
Zkrljw Zkrljw
Klowqwc Klowqwc
Apylxs Apylxs
Vxt Vxt
Kdq Kdq
Eiotl Eiotl
Zyh Zyh
Whbms Oaqqs Whbms
Wtkwuvz Wtkwuvz
Fuykk Fuykk
Olcoaxo Olcoaxo
Lhwmy Lhwmy
Uoxsv Uoxsv
