loc0 loc51 loc27 loc143 loc155 loc83 loc17 loc47 loc187 loc59 loc135 loc171 loc147 loc71 loc191 loc35 loc69 loc19 loc29 loc139 loc119 loc91 loc189 loc193 loc93 loc73 loc175 loc111 loc185 loc123 loc15 loc89 loc103 loc105 loc75 loc115 loc149 loc153 loc129 loc11 loc165 loc157 loc179 loc131 loc99 loc97 loc107 loc195 loc161 loc177 loc13 loc57 loc101 loc21 loc87 loc109 loc55 loc127 loc65 loc145 loc125 loc133 loc1 loc43 loc197 loc141 loc159 loc45 loc181 loc151 loc173 loc85 loc95 loc121 loc199 loc79 loc39 loc183 loc53 loc81 loc37 loc163 loc67 loc117 loc77 loc49 loc33 loc61 loc31 loc25 loc167 loc63 loc0
91
loc51 loc51
loc27 loc27
loc143 loc143
loc155 loc155
loc83 loc5 loc41 loc83
loc17 loc9 loc17
loc47 loc47
loc187 loc187
loc59 loc59
loc135 loc135
loc171 loc171
loc147 loc147
loc71 loc71
loc191 loc191
loc35 loc35
loc69 loc69
loc19 loc19
loc29 loc29
loc139 loc139
loc119 loc119
loc91 loc91
loc189 loc189
loc193 loc193
loc93 loc93
loc73 loc73
loc175 loc175
loc111 loc111
loc185 loc185
loc123 loc123
loc15 loc15
loc89 loc89
loc103 loc103
loc105 loc105
loc75 loc75
loc115 loc115
loc149 loc7 loc149
loc153 loc153
loc129 loc129
loc11 loc11
loc165 loc165
loc157 loc157
loc179 loc179
loc131 loc131
loc99 loc99
loc97 loc97
loc107 loc107
loc195 loc195
loc161 loc161
loc177 loc177
loc13 loc13
loc57 loc57
loc101 loc101
loc21 loc21
loc87 loc87
loc109 loc109
loc55 loc55
loc127 loc127
loc65 loc65
loc145 loc145
loc125 loc125
loc133 loc113 loc133
loc1 loc1
loc43 loc43
loc197 loc197
loc141 loc141
loc159 loc159
loc45 loc45
loc181 loc181
loc151 loc151
loc173 loc173
loc85 loc85
loc95 loc95
loc121 loc3 loc121
loc199 loc199
loc79 loc79
loc39 loc39
loc183 loc183
loc53 loc53
loc81 loc23 loc81
loc37 loc37
loc163 loc163
loc67 loc67
loc117 loc117 loc169
loc77 loc77
loc49 loc49
loc33 loc33
loc61 loc61
loc31 loc31
loc25 loc25
loc167 loc137 loc167
loc63 loc63
