stop0 stop137 stop42 stop180 stop16 stop128 stop41 stop68 stop162 stop105 stop181 stop106 stop135 stop163 stop194 stop31 stop39 stop189 stop124 stop183 stop195 stop89 stop18 stop84 stop2 stop109 stop186 stop77 stop187 stop23 stop73 stop167 stop191 stop80 stop4 stop182 stop3 stop69 stop147 stop144 stop81 stop7 stop74 stop60 stop21 stop172 stop122 stop17 stop88 stop123 stop34 stop40 stop112 stop101 stop51 stop70 stop25 stop92 stop65 stop114 stop139 stop150 stop54 stop15 stop33 stop100 stop166 stop133 stop153 stop96 stop55 stop38 stop102 stop158 stop13 stop8 stop159 stop197 stop145 stop155 stop14 stop138 stop199 stop130 stop171 stop126 stop176 stop58 stop22 stop9 stop156 stop90 stop35 stop72 stop62 stop192 location18 stop148 stop0
97
stop0 stop0 stop142
stop137 stop137
stop42 stop42 stop44 stop64
stop180 stop180
stop16 stop16
stop128 stop128
stop41 stop41
stop68 stop68
stop162 stop162
stop105 stop105
stop181 stop181
stop106 stop106
stop135 stop135
stop163 stop163
stop194 stop194
stop31 stop31
stop39 stop39
stop189 stop189
stop124 stop124
stop183 stop183
stop195 stop195
stop89 stop89
stop18 stop18
stop84 stop84
stop2 stop2
stop109 stop109
stop186 stop186
stop77 stop77
stop187 stop187
stop23 stop23
stop73 stop73
stop167 stop167
stop191 stop191
stop80 stop80
stop4 stop4
stop182 stop182
stop3 stop3
stop69 stop69
stop147 stop147
stop144 stop144
stop81 stop81
stop7 stop7
stop74 stop74
stop60 stop60
stop21 stop21
stop172 stop172
stop122 stop122
stop17 stop17
stop88 stop88
stop123 stop123
stop34 stop34
stop40 stop40
stop112 stop112
stop101 stop101
stop51 stop51
stop70 stop70
stop25 stop25
stop92 stop92
stop65 stop65
stop114 stop114
stop139 stop139
stop150 stop150
stop54 stop54
stop15 stop15
stop33 stop33
stop100 stop100
stop166 stop166
stop133 stop133
stop153 stop153
stop96 stop96
stop55 stop55
stop38 stop38
stop102 stop102
stop158 stop158
stop13 stop13
stop8 stop8
stop159 stop159
stop197 stop197
stop145 stop145
stop155 stop155
stop14 stop14
stop138 stop138
stop199 stop199
stop130 stop130
stop171 stop171
stop126 stop126
stop176 stop176
stop58 stop58
stop22 stop22
stop9 stop9
stop156 stop156
stop90 stop90
stop35 stop35
stop72 stop72
stop62 stop62
stop192 stop192
stop148 stop148
