Soda A C J C A B H AB S B A Soda A5 D6 D3 B7 B5 B7 A9 A5 Soda A G N AA AP AA N G A E Q E A Soda a0 c9 d5 d7 d4 d7 d10 b10 b9 c10 a7 c9 a0 Soda A D K AI AU AI AJ T K D A Soda C2 D4 D7 D5 A1 A7 C10 D9 C10 A7 C9 Soda a b k ab k l ad m b a Soda A E P E A F M F A Soda C4 E3 B2 E5 B1 E5 B2 C5 Soda a i x u i y j aa at aa j i a Soda a0 a5 d6 d3 c1 b5 b7 a9 a5 a0 Soda a h ak h a e p o n d a Soda a0 c5 e3 b2 c7 b2 e5 b1 e5 b2 c5 a0 Soda
58
J J AF
H H
AB AB
D3 D3
B7 B7
B5 A3 B5 C1
A9 A9
A5 A5
AP AP
N N
Q AG Q
d5 d5
d4 c3 e1
d7 d7
b9 b9 d1 d9
a7 a1 a7
c9 c9
AI AS
AU AU
AJ AW
T T
D4 C3 E1
D7 D7
D5 D5
A7 A1 A7
D9 B9 D1 D9
C9 C9
b b
ab ab av
l l ax
ad ad
P P
M AC AO
E3 C5 E3
B2 C7
E5 B3 E5
B1 B1 E7
x x
u v an
y ap
j j
at z ar at
a f
d3 d3
b5 a3 b5 c1
b7 b7
a9 a9
a5 a5
h h
ak r t aj al
p p af ah
n n
d d
e3 e3
b2 e5
c7 b3 c7
b1 b1 e7
c5 c5
