507 91cb 26a5d 2513a 648c 16eff 2604f 34c98 200ca 32460 155dc 82b6 aff5 11e8f 2b5c6 11988 1056c 19737 25b48 25641 18d29 388ec 30636 e742 3428a 1790d 36ac2 13cb9 379d7 dd34 1f1b5 1ab53 17e14 15fea ba03 3246 214e6 360b4 8cc4 1c97d 2bacd 3387c 24c33 141c0 36fc9 a5e7 2fc28 33d83 507
45
507 164f1 2c9e2
91cb 1ecae 27972 91cb 2a6b1
26a5d 26a5d 12396
2513a 22902 2513a 26f64 356a6
648c 648c
16eff 16eff
2604f 23817 6993 2604f
34c98 9bd9 150d5 c411
200ca 200ca 374d
32460 3c54 32460 169f8
155dc 155dc 1e2a ec49
82b6 82b6 4662 32e6e
aff5 aff5
11e8f 11e8f
2b5c6 78a8 11988 2b5c6
1056c 1056c 18822
19737 19737
25b48 1923 23d1e 25b48
25641 25641
18d29 18d29 1831b
388ec d326 d82d 388ec
30636 5577 30636
e742 e742 2ddfe 31a52
3428a 3428a c918
1790d 38df3 1790d
36ac2 36ac2
13cb9 13cb9
379d7 1d892 379d7
dd34 dd34 20fdf
1f1b5 1f1b5
1ab53 33375 1ab53
17e14 2f21a 17e14 2472c
15fea 146c7 15fea 1ba68
ba03 3012f ba03
3246 1dd99 3246
214e6 22e09 214e6
360b4 27e79 360b4 28d8e
8cc4 8cc4 2cee9
1c97d 10065 1c97d
2bacd 374d0 2bacd
3387c 2b0bf 3387c 1a64c 23310
24c33 2e305 24c33
36fc9 36fc9
2fc28 2d8f7 2fc28
33d83 4b69
