node0 node6 node55 node47 node74 node46 node90 node75 node86 node26 node54 node28 node1 node84 node62 node60 node78 node51 node72 node50 node52 node67 node5 node64 node58 node85 node68 node81 node87 node76 node88 node83 node80 node89 node31 node97 node8 node0
29
node0 node93
node6 node79 node82
node55 node55
node74 node74 node91 node92 node95
node90 node90
node75 node75
node86 node86
node54 node54
node1 node71 node98
node84 node84
node62 node62
node60 node56 node60 node96
node78 node53 node61 node78
node51 node51
node72 node72
node50 node50
node52 node52 node94
node67 node66 node67
node5 node64 node65 node69 node99
node58 node58 node63
node85 node85
node68 node68 node73 node77
node81 node81 node87
node76 node57 node76
node83 node59 node83 node88
node80 node80
node89 node89
node97 node97
node8 node70
