node0 node184 node173 node188 node168 node126 node185 node6 node151 node6 node189 node174 node74 node153 node124 node32 node102 node135 node73 node199 node70 node59 node194 node49 node141 node55 node122 node25 node142 node100 node169 node147 node145 node195 node148 node143 node30 node192 node139 node164 node118 node117 node103 node170 node150 node181 node36 node159 node152 node125 node161 node197 node163 node177 node109 node182 node116 node105 node45 node5 node186 node101 node156 node57 node115 node154 node127 node175 node120 node106 node172 node187 node5 node119 node114 node166 node70 node176 node70 node160 node136 node18 node183 node137 node146 node112 node134 node0
67
node0 node162 node191
node184 node130 node184
node173 node167 node173
node188 node188
node168 node126 node168 node198
node185 node185
node151 node111 node151
node189 node104 node189
node174 node174
node153 node153
node124 node124
node102 node102
node135 node135
node199 node199
node194 node178 node194
node141 node141 node179 node180
node55 node122 node133
node142 node142
node169 node169 node193
node147 node147
node145 node145
node195 node195
node148 node148
node143 node143
node30 node144 node149 node165
node192 node192
node139 node113 node139
node164 node164
node118 node110 node118
node117 node117
node103 node103
node170 node131 node170
node150 node150
node181 node181
node36 node158 node159
node152 node152 node171
node125 node125 node128
node161 node161
node197 node100 node121 node197
node163 node163
node177 node155 node177
node182 node109 node182
node116 node116
node105 node105
node186 node132 node186
node101 node101
node156 node156
node57 node107
node115 node115
node154 node127 node154
node175 node175
node120 node120
node106 node106
node172 node172 node190
node187 node187
node119 node114 node119 node138
node166 node166
node70 node123 node140
node176 node176
node160 node160
node136 node136
node18 node108
node183 node129 node183 node196
node137 node137
node146 node146 node157
node112 node112
node134 node134
