Building99 Building98 Building51 Building50 Building48 Building50 Building48 Building67 Building47 Building49 Building66 Building52 Building43 Building61 Building63 Building67 Building53 Building71 Building62 Building74 Building60 Building59 Building57 Building59 Building60 Building55 Building76 Building77 Building79 Building26 Building23 Building32 Building38 Building29 Building38 Building32 Building23 Building28 Building6 Building8 Building4 Building9 Building10 Building12 Building20 Building15 Building18 Building15 Building20 Building22 Building92 Building96 Building93 Building89 Building90 Building91 Building90 Building89 Building98 Building99
25
Building51 Building51
Building50 Building50
Building47 Building47
Building49 Building49
Building66 Building66
Building52 Building52
Building43 Building43
Building61 Building61
Building63 Building63
Building67 Building67
Building53 Building53
Building71 Building62 Building69 Building44 Building71
Building74 Building55 Building74
Building57 Building68 Building57
Building76 Building81 Building76
Building23 Building26 Building23 Building25 Building28
Building29 Building41 Building42 Building39 Building33
Building8 Building6 Building0 Building8 Building7 Building5
Building9 Building9
Building12 Building12
Building20 Building20 Building21
Building18 Building18 Building16
Building96 Building94 Building96 Building92 Building83 Building85 Building82
Building93 Building97 Building93
Building91 Building91 Building88
