Egsmith Waltditch Wenside Alfchester Whittree Stainby Wenwold Sudtree Leathermere Sudtree Flitgrove Chelmbeck Marlover Hurstlow Edgey Shaftbage Ashdown Farnsmith Wychsmith Chelmwang Hornborough Cookford Wychbourne Barnton Ashbourne Sudwich Pemlow Sudwich Nortley Stainbrough Egtree Chelmden Egtree Wychnell Burfield Wywick Wychbeck Staplake Penborne Watchavon Shaftbridge Burfield Wywick Barnton Egsmith
31
Waltditch Waltditch
Wenside Wenside Burbourne
Alfchester Alfchester
Stainby Stainby Brackbrough
Wenwold Wenwold
Leathermere Leathermere
Sudtree Sudtree
Flitgrove Flitgrove
Chelmbeck Chelmbeck
Edgey Edgey
Shaftbage Shaftbage
Ashdown Ashdown
Farnsmith Farnsmith
Wychsmith Wychsmith
Chelmwang Chelmwang
Cookford Cookford
Wychbourne Wychbourne Egavon
Ashbourne Stapbeck Ashbourne
Sudwich Wetwick
Pemlow Wenbeck Pemlow
Nortley Nortley
Stainbrough Stainbrough
Egtree Egtree
Chelmden Chelmden
Wychnell Wychnell
Wywick Wywick
Wychbeck Wychbeck
Staplake Staplake
Penborne Penborne
Shaftbridge Shaftbridge
Barnton Barnton
