Chelmbourne Edgwich Staintree Cookbrook Enlow Maidenden Hartbage Bracklow Pemwood Sodside Kingsbrook Dartsted Clerethorne Stapthorne Cookbrook Stafthorne Waltbrook Stafthorne Staintree Alfwell Aldhall Egborne Barngrove Stapwell Alfby Elside Stainfield Wenden Elgrove Wenborough Prestey Enbage Stainside Southmere Stainhall Shrivlow Barnden Rocktree Whitborough Rocktree Staflow Cleredon Staflow Bursted Edgchester Wenwang Sudworth Melborne Egcastle Melborne Casford Wetborne Chelmbourne
37
Chelmbourne Shaftwich
Edgwich Edgwich Staintree
Enlow Enlow
Hartbage Hartbage
Bracklow Bracklow
Pemwood Pemwood
Sodside Sodside
Dartsted Dartsted
Clerethorne Barnside
Stapthorne Stapthorne Stapmoor
Waltbrook Hurstworth Waltbrook
Alfwell Alfwell Marlton
Aldhall Aldhall
Egborne Barnham Cookton Egborne
Barngrove Hornley Prestdon
Stapwell Stapwell
Alfby Alfby Leatherlake Leatherlow
Elside Elside Whitavon
Wenden Wenden
Elgrove Elgrove Wenborough
Prestey Sudwich Brainbridge Prestey
Enbage Enbage Flitham Kingsley
Stainside Stainside Whitover
Southmere Southmere Shrivside Stainhall
Shrivlow Shrivlow
Barnden Durditch
Rocktree Cookbridge Rocktree
Whitborough Whitborough Horndown
Staflow Staflow
Cleredon Wyhead Cleredon
Bursted Bursted
Edgchester Edgchester Horncester
Wenwang Wenwang
Sudworth Sudworth
Egcastle Egcastle
Melborne Pemwold
Casford Casford
