0 1 2 3 4 5 20 36 50 65 80 95 80 79 94 93 108 92 91 107 122 106 90 75 60 45 31 47 63 48 62 64 65 80 81 82 83 84 85 100 85 86 87 103 104 89 59 58 73 57 41 56 41 25 10 9 24 23 7 6 5 4 19 18 17 16 0
30
0 0 15
5 5 7
20 20 35
36 36 50 51 52
95 95 110 111
79 78
94 93 109
108 108 124
122 122
106 106 120 121
90 90 105
75 75 76
45 30 45
31 31 46
47 47
63 63
80 80
83 83
84 98
85 70 85
100 100 115 116
87 88
103 103 119
57 57 73
56 56 71
41 41 55
25 25 40
10 10 13 28
23 8 23 68
18 3 18 34
