0 136 146 136 91 157 50 77 116 75 108 92 35 134 128 168 125 133 83 60 141 4 14 178 193 86 199 186 197 105 81 105 196 26 8 166 8 39 151 82 58 99 85 17 118 48 51 111 126 74 63 93 185 27 153 110 44 67 96 137 191 127 109 165 107 159 42 84 173 89 18 103 163 175 69 12 10 133 184 33 107 117 0
54
0 49
146 146
91 91
157 157 70 50
77 182 77
116 116 32 120 98
75 75
108 108 102
35 24 9 138
134 134 128
168 156 168
125 125
133 133
83 83 36
60 104
141 4 20
14 14
193 178 193
86 106
199 199
186 186 180
197 197
81 121 81 78
196 179 196
26 26 176
166 166
151 151 39
58 58
85 160 85 19 99
17 17
118 64 22 31
48 48
51 126 111 51 149 79
74 74
63 155 63
185 185 27
153 6 38
44 44
67 67 96 47 95
137 137
165 109
159 159 87
42 42
173 173 65
89 89
18 18 139
103 103 28 170 145
163 194 163
175 175
69 69
12 25 12 130
10 100 10
184 184
117 117 119
