SantaClarita Escondido Chesapeake Wichita Omaha Allentown Pomona Stockton Indianapolis Austin Frisco LexingtonFa SanDiego Henderson FortWayne Torrance Surprise Sunnyvale Hartford LouisvilleJefferson WestValleyCity Washington RanchoCucamonga Cary Orlando OklahomaCity Newark Alexandria OverlandPark Independence Modesto Memphis Yonkers Thornton Shreveport Victorville Concord Lubbock Carrollton SantaClarita
23
SantaClarita Carrollton
Wichita Wichita
Omaha Omaha Ontario
Pomona Pomona Stockton Allentown
Austin PembrokePines Austin Indianapolis
LexingtonFa LexingtonFa
SanDiego StLouis Stamford Paterson Waco
Henderson Henderson
Surprise Surprise
Sunnyvale Sunnyvale Visalia
Hartford Boston Hartford LongBeach
LouisvilleJefferson LouisvilleJefferson
Washington Washington RanchoCucamonga WestValleyCity
Orlando Brownsville Orlando
OklahomaCity OklahomaCity Lafayette StPetersburg LosAngeles
Newark Newark
Alexandria Worcester Bellevue Alexandria Garland
Independence Independence Scottsdale Fayetteville SiouxFalls
Yonkers Yonkers
Thornton Midland NewportNews Beaumont Huntsville
Shreveport Shreveport
Victorville Victorville GardenGrove
Concord Concord
