Plano Riverside Tallahassee Miami Olathe Irvine HuntingtonBeach Surprise Peoria Knoxville Fremont SantaClarita Spokane GrandPrairie Shreveport Allentown Fontana LosAngeles Lancaster Elizabeth Orlando Seattle Garland Jackson Frisco GardenGrove CedarRapids Philadelphia Salinas Springfield FortCollins SantaRosa Tampa Denton Raleigh SanAntonio LouisvilleJefferson Reno Norfolk FortLauderdale AnnArbor Anchorage Thornton Worcester Syracuse LasVegas Clyde OklahomaCity Pasadena Norman Sunnyvale Washington Memphis OWO Chesapeake Wichita Lafayette JerseyCity Lafayette Ontario Albuquerque Atlanta Beaumont Warren SanFrancisco SantaClara Plano
46
Plano SantaClara Riverside Rockford Irving
Tallahassee Cincinnati Hampton
Miami Miami
Olathe Olathe
Irvine LittleRock Irvine
HuntingtonBeach Hartford AugustaRichmond SimiValley HuntingtonBeach Mobile
Surprise Surprise Greensboro Corona NewOrleans
Knoxville Brownsville SanBernardino Knoxville
Fremont Fremont Madison
Spokane SantaClarita Pomona CorpusChristi
GrandPrairie McAllen GrandPrairie
Allentown Stamford Killeen Allentown
Fontana Hollywood SanJose Escondido Glasses Akron
Lancaster Lancaster Torrance
Elizabeth Anaheim Elizabeth
Seattle Lincoln
Garland Omaha Garland
GardenGrove GardenGrove
Salinas Salinas
Springfield Chicago
FortCollins FortCollins SantaRosa SiouxFalls
Tampa Tampa Portland ThousandOaks Laredo
Denton Denton
Raleigh Glendale Raleigh
SanAntonio Davidson Houston SanAntonio NewHaven
LouisvilleJefferson LouisvilleJefferson Tulsa
FortLauderdale Norfolk FortLauderdale
AnnArbor StLouis AnnArbor
Anchorage Anchorage
Thornton Thornton
Worcester Mesquite Dallas Worcester
LasVegas LasVegas
Clyde Vallejo
OklahomaCity Cary OklahomaCity
Pasadena MorenoValley Pasadena
Norman Norman
Sunnyvale Sunnyvale
Memphis Charleston Montgomery Mesa Memphis
OWO OWO Hayward
Wichita Wichita
Lafayette Lafayette Huntsville
JerseyCity JerseyCity Pikachu
Ontario Ontario Waco
Atlanta Atlanta Oxnard Denver
Beaumont Beaumont Vancouver
Warren SanFrancisco Warren
