vLeODpVlYSBeYNDYoXha uyPyJzKFqWxgSNmpkDrB zxeoSbTqbWPpSzalAtBI MlwlINEFqmyzZNPXRLJF ROtRYAvFkNWuCvofIroy fvEcAuRDdfuHEPLNpaTz fHcdXnOxSadpKeCUwNYm NAHeKyyhAObyyUEUSkSU gMqbbwopmbxmOomqZjfm ZjjqpiSiaWnmxJgUtucv aCucdhmWbhlrgfstQigR BXzACdzjLITNgbmDPlEu UAwuKFcUHFyvaFCTLpOT QQSjCkgLAWAPObYQvNsB jwIBHKkXHTPVsOJwBOsr VhDSPHxolLkNxxDnpUyx fPxvnMVMFwhJbNBURdgD FqdjKgdpEanmCnmxJMFA ybrQlUhznqOhsvndWAbl ruLqpYqEzGGiKysvsarb AdXveYSBaneNwCQzrdSw gMqbbwopmbxmOomqZjfm CmbFyJmcvVqyCmJgQxeI NciLXNPTvMoXdbTDZmlg QkAjrUUuVdzSMnlfJLcO FEqXJcVrZfnSsHEUPhnl xQaDpDGAXhDYzSMnMWvb TwgqMzgExFHTIfcwfBnr JfHUEGGyknWmebdthZai mlipOrSnGcxXtoXBbRyl iDucfyZGMCbCQbXjbQqM CfkBzkPETvagyIDCsLTD oCvaAQKOXXWgeSNnUmae OVoYVQPnlYoZBBKtyuLk TCAkluAESUWAMGFeNcGN FqdjKgdpEanmCnmxJMFA ajvbaFpYiEBJySPsSLaI DqUxIMslnixWfmkjQTmS wRjMmrpRuknxqunJrMAE gzxzakmqbxbsOczuQVLG DDEuYWXXufMefzDjgEFm biqCAetglYuANrTRzMiX vLeODpVlYSBeYNDYoXha
30
uyPyJzKFqWxgSNmpkDrB uyPyJzKFqWxgSNmpkDrB
zxeoSbTqbWPpSzalAtBI pdXCnKagnvEntNTuPHdK dyUDfEGgAoSshTRjMZZg zxeoSbTqbWPpSzalAtBI
MlwlINEFqmyzZNPXRLJF tVzUgXVoBYxBMnkkwFmk MlwlINEFqmyzZNPXRLJF
fvEcAuRDdfuHEPLNpaTz fvEcAuRDdfuHEPLNpaTz sXfgLMwoysnMazVSWnhc
fHcdXnOxSadpKeCUwNYm fHcdXnOxSadpKeCUwNYm
NAHeKyyhAObyyUEUSkSU NAHeKyyhAObyyUEUSkSU
aCucdhmWbhlrgfstQigR aCucdhmWbhlrgfstQigR BXzACdzjLITNgbmDPlEu
QQSjCkgLAWAPObYQvNsB cvlwIwajcIlbhZbyFgmq RjKEHTlRvtaVBbyqZVAw QQSjCkgLAWAPObYQvNsB
jwIBHKkXHTPVsOJwBOsr jwIBHKkXHTPVsOJwBOsr
VhDSPHxolLkNxxDnpUyx VhDSPHxolLkNxxDnpUyx iBYHAWUhqeQPjphQzpdN PLDOWRIeaCSVLMyDadzC
fPxvnMVMFwhJbNBURdgD fPxvnMVMFwhJbNBURdgD
FqdjKgdpEanmCnmxJMFA FcEsyaTmqpoyvbDrHjlc
ybrQlUhznqOhsvndWAbl ybrQlUhznqOhsvndWAbl
ruLqpYqEzGGiKysvsarb ruLqpYqEzGGiKysvsarb
AdXveYSBaneNwCQzrdSw AdXveYSBaneNwCQzrdSw
gMqbbwopmbxmOomqZjfm UgFPXEAdAfcfHGIbNTsq gMqbbwopmbxmOomqZjfm gIttwvzcgONwFblnGIqq
CmbFyJmcvVqyCmJgQxeI CmbFyJmcvVqyCmJgQxeI
NciLXNPTvMoXdbTDZmlg NciLXNPTvMoXdbTDZmlg
QkAjrUUuVdzSMnlfJLcO QkAjrUUuVdzSMnlfJLcO
FEqXJcVrZfnSsHEUPhnl ASXwCgVTXDdhSXJwFovC
xQaDpDGAXhDYzSMnMWvb WCCOEUYmDvzZlrkDAqoi xQaDpDGAXhDYzSMnMWvb
TwgqMzgExFHTIfcwfBnr TwgqMzgExFHTIfcwfBnr DWWCMAjZQQIEKOIiHFQN cZgmtoPGHxdozTaDMiyf
mlipOrSnGcxXtoXBbRyl NVEtShKeuxpaFIOiyVqE mlipOrSnGcxXtoXBbRyl
iDucfyZGMCbCQbXjbQqM jzQJaGLLiuQLhhyqBagr iDucfyZGMCbCQbXjbQqM
CfkBzkPETvagyIDCsLTD CfkBzkPETvagyIDCsLTD
OVoYVQPnlYoZBBKtyuLk OVoYVQPnlYoZBBKtyuLk CPszTohYUHARNedzFlDK
ajvbaFpYiEBJySPsSLaI sBkAYRISjTYinLFSNcKW fToHwimUqLsKcKLZHiUX
DqUxIMslnixWfmkjQTmS DqUxIMslnixWfmkjQTmS TqyFrXuGvuBuqnpYbjKc
wRjMmrpRuknxqunJrMAE iBjjCWwkYToOKfrrLnny
gzxzakmqbxbsOczuQVLG gzxzakmqbxbsOczuQVLG gEufXNuuWhnlbNYaoQFJ
