wNqlpYNsRbJEgiGpKxrU lbWonvEbeplndKguSTkk lIpVoDPUIfHCPpjswogJ QjbdwbUnopENkiNyqirZ lIpVoDPUIfHCPpjswogJ yscsUFTNNyaVMKBztBdV lIpVoDPUIfHCPpjswogJ lbWonvEbeplndKguSTkk igyeOiSdezmmXGTwMzLw oKAKfpUUuLItChLyByFh IvXQutSorlqOgnSVAIUd jUSlIFtitQxyvVLJjiCc scpUkbcaYSAsHhSktebT FYfGkhtzhjqJHqxmUsVx kwPuYZgJgVVJfdBGUtPw HeWrJOKsDjgdrcamgZLN uUKZHvHmBrpBHjYWNaUL MBJqOYmxhUYbldNVEdRy QePOUWiXcAUCoHETxuGS MBJqOYmxhUYbldNVEdRy NzDQJknJPDEkcwCHzzbF pzrGQEObzJGPnfATEYDc NzDQJknJPDEkcwCHzzbF oZXYedlbtBLmkfoVmgta NzDQJknJPDEkcwCHzzbF oHoxoLeyDYnKZDzgMtxI WoTuprXYItmuBoyNwAcV wNqlpYNsRbJEgiGpKxrU lbWonvEbeplndKguSTkk eOfnBeTgmYCNEnRUhlEK eCBFrcppbiLzdGQubocl CbGuHgZfQMmSOfHDFJnK XtZHoAxqEyzvMChzPHpN WMWBpOSnHGywZjCgaYyY RlHeRhvUOhGhZVGGJuED gFUGYXSirCYiFTivWNah gcXUxTVUZWsOwtRNeDDa GMxGouyyndiUBMqMdOoc kwPuYZgJgVVJfdBGUtPw FYfGkhtzhjqJHqxmUsVx efZntVbfQTvIUOiRNPSH EEeDJaHeajXXlwYcHTeJ MBJqOYmxhUYbldNVEdRy PZwTcKCPsEmpxetNZvef pMOSpTzPTPLXHLOQMjnt FWnudSYFvYQJHehOpEKf fpoTaBKmVdlDCxFwCFoz KcrnMnFDTrBKaUaGpdLY mgNeYYUOPKpLeiVEFIXd oDgfEuAVpeOlkkTIMDLw eCBFrcppbiLzdGQubocl ubMKewvRqrviLcycMHcN xlbpuxAjoVPJWPCWBEkJ CWozbDsqFUhTlbxWhCmh shugRMnaHVqQSmKaNBgu wvSJDoqoPGAkYgSuPFPw FGiPoAZuhTTxiAlzRDIV cMYyKTXGNKnFzrpwnXUl jeqqhISPyRIhGBNohHEu ANDviqMIuFwdcboQDprt juzxSpUVuccJUMBOcJjO gFUGYXSirCYiFTivWNah gqsFUfkkQrlyYYdSXwmt xgBrJmdXVwtxgRuCBhMe edlAtPQdNXJQPCIzpkyX qoaNjvaRghiMQXaVEoQe syonLisTOSczosCwoILE CvZkdIYtdeDHtwufupie QyXpliHSeQOPIsurIcpa CvZkdIYtdeDHtwufupie UIlSMnVKIdNiXZNSiHsI fgzJCwocQniGlXAZHJId vIbIQYXZnmYrooTLYNtu EmbDgEECbkHbfAfHCgwB TOntbQDzHvMkxiKuanmw gFUGYXSirCYiFTivWNah gqsFUfkkQrlyYYdSXwmt DZEpVGVXkxHljziwItaS ADVVlRLpnspleRTgeTdu ndaHivGVVtIUvLiyUWcm ZauPfhkpsGmhbvkhkltR SiOEBWtHUiopSvDVOkjb JvFxbsySBAiFiOUrzrBi WoTuprXYItmuBoyNwAcV wNqlpYNsRbJEgiGpKxrU
55
QjbdwbUnopENkiNyqirZ QjbdwbUnopENkiNyqirZ
yscsUFTNNyaVMKBztBdV yscsUFTNNyaVMKBztBdV EhDFVLWZueLOrdjEOzEQ VRpSthoDcomqMDsGoVql
lIpVoDPUIfHCPpjswogJ cwgJAHVpCCTmuckJkncL wfEFdNDcColoskjTjcLm nCedHqGgdWAicwyuYWpg
igyeOiSdezmmXGTwMzLw igyeOiSdezmmXGTwMzLw NYdfLxXxFVvLEbDKzXWn
oKAKfpUUuLItChLyByFh oKAKfpUUuLItChLyByFh
IvXQutSorlqOgnSVAIUd NJZlnWyeJFrkOwoqHKtT IvXQutSorlqOgnSVAIUd
jUSlIFtitQxyvVLJjiCc bFmSeBrfNuxjYPUDCLYq XPPBMlNyfVVeZGIzTCEW jUSlIFtitQxyvVLJjiCc
scpUkbcaYSAsHhSktebT scpUkbcaYSAsHhSktebT kyApsCeFkLoLFCdkazaE JVONrXhhmtFWhFfDiOXW lSJjEsqamUCgRZdCmdyI
HeWrJOKsDjgdrcamgZLN HeWrJOKsDjgdrcamgZLN ccdJRKiTXwIErdhSIxfh aGPbLNWYAMujnfHCTCMo zHPSSEtFTQIbLYMdHqgP
MBJqOYmxhUYbldNVEdRy MBJqOYmxhUYbldNVEdRy hLaNXBYgTzgUhvjmqUTu PZwTcKCPsEmpxetNZvef
QePOUWiXcAUCoHETxuGS QePOUWiXcAUCoHETxuGS gDYKDrbERUXTnCayjBrC
NzDQJknJPDEkcwCHzzbF NzDQJknJPDEkcwCHzzbF NPSPGRTNRcKKVpsBRSwh
pzrGQEObzJGPnfATEYDc pzrGQEObzJGPnfATEYDc
oZXYedlbtBLmkfoVmgta svUOWvTJLneAqJGnExpc oZXYedlbtBLmkfoVmgta joWAhkfNqIEECnBeulGl
oHoxoLeyDYnKZDzgMtxI oHoxoLeyDYnKZDzgMtxI
WoTuprXYItmuBoyNwAcV NtyLZDOaSczVvOGdocUp
lbWonvEbeplndKguSTkk qfRRtdRbhYJBARMfPlZM lbWonvEbeplndKguSTkk
eOfnBeTgmYCNEnRUhlEK eOfnBeTgmYCNEnRUhlEK
eCBFrcppbiLzdGQubocl ZwvojvRdUOYNJXIwAqgC SitzoubgYFeTjmkLjVPz TEPaiCedHTXapLxoBXMp
CbGuHgZfQMmSOfHDFJnK CbGuHgZfQMmSOfHDFJnK
XtZHoAxqEyzvMChzPHpN XtZHoAxqEyzvMChzPHpN
WMWBpOSnHGywZjCgaYyY WMWBpOSnHGywZjCgaYyY
RlHeRhvUOhGhZVGGJuED jznspKyqlmxZtgfQUJVB RlHeRhvUOhGhZVGGJuED eiLPqIroFfCGzqSAlzAp
gcXUxTVUZWsOwtRNeDDa gcXUxTVUZWsOwtRNeDDa
GMxGouyyndiUBMqMdOoc GMxGouyyndiUBMqMdOoc
kwPuYZgJgVVJfdBGUtPw kwPuYZgJgVVJfdBGUtPw
efZntVbfQTvIUOiRNPSH efZntVbfQTvIUOiRNPSH
EEeDJaHeajXXlwYcHTeJ EEeDJaHeajXXlwYcHTeJ
pMOSpTzPTPLXHLOQMjnt pMOSpTzPTPLXHLOQMjnt oLMkSrYLQRLHmPiuLCTC
FWnudSYFvYQJHehOpEKf FWnudSYFvYQJHehOpEKf
fpoTaBKmVdlDCxFwCFoz fpoTaBKmVdlDCxFwCFoz
KcrnMnFDTrBKaUaGpdLY KcrnMnFDTrBKaUaGpdLY
mgNeYYUOPKpLeiVEFIXd mgNeYYUOPKpLeiVEFIXd
ubMKewvRqrviLcycMHcN ihxEqMQIIvyQmtrtMjeO imEmCMbYEtZJJkwxkSDD
xlbpuxAjoVPJWPCWBEkJ xlbpuxAjoVPJWPCWBEkJ
shugRMnaHVqQSmKaNBgu shugRMnaHVqQSmKaNBgu
wvSJDoqoPGAkYgSuPFPw QeYNNLpZMBxyiFbZMPFY wvSJDoqoPGAkYgSuPFPw UdSbtwxTqTJxOiUoxEqw
cMYyKTXGNKnFzrpwnXUl wuSVWJYvpiWaQAHXocSG cMYyKTXGNKnFzrpwnXUl vTbNxpVTEoFlSjvvVvfG
ANDviqMIuFwdcboQDprt YTwycpmzEWCqqTELtzXc ANDviqMIuFwdcboQDprt
juzxSpUVuccJUMBOcJjO juzxSpUVuccJUMBOcJjO
gFUGYXSirCYiFTivWNah ayQgUwyRuQVKeyFLPNbQ erZKLqpCZsYKDnOCaBGq VIPPawblKbhOVWrmrWBx
xgBrJmdXVwtxgRuCBhMe xgBrJmdXVwtxgRuCBhMe
edlAtPQdNXJQPCIzpkyX edlAtPQdNXJQPCIzpkyX NIJaJxCurulNUdZZMxFk
syonLisTOSczosCwoILE syonLisTOSczosCwoILE zNRhhVdMWUgTnnqmAfeY kqcEdfKLaRzxOhAIzchh aIuYyryCOUGVeCAqbqkg
QyXpliHSeQOPIsurIcpa DpztIuGTRpGuLsdlODJw QyXpliHSeQOPIsurIcpa XvUPApTFkqaSSizYsCIr
CvZkdIYtdeDHtwufupie CvZkdIYtdeDHtwufupie szyiMlKhtyOynWjcoMsm ZXihCBEQBTdisqSlEMsj
UIlSMnVKIdNiXZNSiHsI eobSFtKBbBdcVrTOREdK bEfUXCTlwRBndElSbPGf UIlSMnVKIdNiXZNSiHsI
fgzJCwocQniGlXAZHJId fgzJCwocQniGlXAZHJId
vIbIQYXZnmYrooTLYNtu vIbIQYXZnmYrooTLYNtu wlySPverjehsBxldyigf
EmbDgEECbkHbfAfHCgwB EmbDgEECbkHbfAfHCgwB
gqsFUfkkQrlyYYdSXwmt nreoVgWrBhNXFZgTBlXO
DZEpVGVXkxHljziwItaS DZEpVGVXkxHljziwItaS
ADVVlRLpnspleRTgeTdu ADVVlRLpnspleRTgeTdu
ZauPfhkpsGmhbvkhkltR ZauPfhkpsGmhbvkhkltR
JvFxbsySBAiFiOUrzrBi JvFxbsySBAiFiOUrzrBi
