oUyBZvEHNPOWtAsHANHU ikjgYLaZRolSrbIYyKBd CXrruomvXfADUrHxMwZi ikjgYLaZRolSrbIYyKBd tItiZloipgPmLuONrNnZ eqwycKZriorIAbsUBjxu VVzvLIOwARaWwhQTKPrx OWCblOtQanZakRLMqMxz eWVKeYegIFOJxvfRkjek QFaSXENOfunmdZIBqDsS UMfDYlvFlUVuogMRkWNG QFaSXENOfunmdZIBqDsS JKNUHFrXPStBWMuUOVkj tItiZloipgPmLuONrNnZ cAvnOxZJtanpVvcAxJHM tItiZloipgPmLuONrNnZ eqwycKZriorIAbsUBjxu hNRcEeFjmsmOnuOdNAXl eWGFHgdBASXJbxQbYrCG hNRcEeFjmsmOnuOdNAXl eqwycKZriorIAbsUBjxu MeohNnftDTzllMTGwxnG CCYBPFZgoOONzoEeTKzC CcspnGXfrmzZRWjdMjLd PojKKQvEDmFOnJinujFi hpQFeVriPZmwKZcYFAWN rqqedkokePZFdhDbMNpX IuNNJvHSmYKpVBzmzuJX fDAbzsYfiXDxOIsITcQl JGmrlhNqKarRJZMikIzR oUyBZvEHNPOWtAsHANHU
20
oUyBZvEHNPOWtAsHANHU oUyBZvEHNPOWtAsHANHU
CXrruomvXfADUrHxMwZi CXrruomvXfADUrHxMwZi
VVzvLIOwARaWwhQTKPrx VVzvLIOwARaWwhQTKPrx
OWCblOtQanZakRLMqMxz OWCblOtQanZakRLMqMxz
eWVKeYegIFOJxvfRkjek eWVKeYegIFOJxvfRkjek
UMfDYlvFlUVuogMRkWNG lPMfQyVLDIZczBuDgsVQ UMfDYlvFlUVuogMRkWNG
JKNUHFrXPStBWMuUOVkj JKNUHFrXPStBWMuUOVkj
cAvnOxZJtanpVvcAxJHM cAvnOxZJtanpVvcAxJHM
hNRcEeFjmsmOnuOdNAXl hNRcEeFjmsmOnuOdNAXl
eWGFHgdBASXJbxQbYrCG eWGFHgdBASXJbxQbYrCG
eqwycKZriorIAbsUBjxu eqwycKZriorIAbsUBjxu
MeohNnftDTzllMTGwxnG MeohNnftDTzllMTGwxnG
CCYBPFZgoOONzoEeTKzC CCYBPFZgoOONzoEeTKzC
CcspnGXfrmzZRWjdMjLd CcspnGXfrmzZRWjdMjLd oMKDNkBacLxexXKHqXfF QMnEKXGwZYUlreveNjwA
PojKKQvEDmFOnJinujFi PojKKQvEDmFOnJinujFi
hpQFeVriPZmwKZcYFAWN NBTlGJqSnWahMvuDlXAm hpQFeVriPZmwKZcYFAWN
rqqedkokePZFdhDbMNpX IUJDEWwYxhQimsCqnrFH
IuNNJvHSmYKpVBzmzuJX znYRMYifzQwyixuIXDnz IuNNJvHSmYKpVBzmzuJX
fDAbzsYfiXDxOIsITcQl NVPacTSrBMpDkMBotiWB
JGmrlhNqKarRJZMikIzR gUlgGYCPZjsRiFLqnVun
