0 98 100 73 5 80 77 7 40 76 63 18 44 33 74 84 90 68 67 3 56 96 30 85 19 86 10 69 20 37 15 32 78 26 45 23 65 12 92 27 62 9 72 53 21 99 94 82 71 4 43 83 24 52 87 93 39 54 58 50 38 35 61 1 97 28 59 75 2 6 14 34 36 55 51 22 41 49 89 42 79 60 8 57 11 47 16 88 29 81 48 66 70 25 13 64 95 46 0
97
98 98
100 100
73 73
5 5
80 80
77 77
7 7
40 40
76 76
63 63
18 18
44 44
33 33
74 74
84 84
90 90
68 68
67 67
3 3
56 56
96 96
30 30
85 85
19 19
86 86
10 10
69 69
20 20
37 37
15 15
32 32
78 78
26 26
45 45
23 23
65 31 65
12 12
92 92
27 27
62 62
9 9
72 72
53 53
21 21
99 99
94 94
82 82
71 71
4 4
43 43
83 83
24 24
52 52
87 87
93 93
39 39
54 54
58 58
50 50
38 38
35 35
61 61
1 1
97 97
28 28
59 59
75 75
2 2
6 6
14 14
34 34
36 36
55 55
51 51
22 22
41 41
49 49 91
89 89
42 42
79 79
60 60
8 8
57 57
11 11
47 47
16 16
88 17 88
29 29
81 81
48 48
66 66
70 70
25 25
13 13
64 64
95 95
46 46
