Soda L78 L116 L75 L22 L62 L183 L45 L49 L69 L135 L163 L98 L89 L117 L97 L54 L119 L172 L12 L99 L108 L5 L164 L103 L145 L68 L114 L92 L63 L150 L130 L166 L83 L167 L151 L113 L188 L192 L70 L147 L61 L81 L149 L176 L183 L23 L39 L35 L132 L43 L4 L198 L193 L190 L158 L121 L173 L13 L85 L141 L25 L84 L27 L171 L191 L86 L133 L169 L189 L76 L168 L194 L0 L157 L50 L93 L174 L34 L37 L90 L44 L159 L11 L107 L32 L24 L122 L186 Soda
84
L116 L116
L75 L75
L22 L22 L14
L62 L62
L183 L183
L45 L45
L49 L49
L69 L69
L135 L135 L67
L163 L163
L98 L98
L89 L89
L117 L117
L97 L97
L54 L54
L119 L101 L60 L119
L172 L172
L12 L12
L99 L99
L108 L108 L126
L5 L5
L164 L164
L103 L103
L145 L145 L9
L68 L143 L68
L114 L114
L92 L92
L63 L63
L150 L150
L130 L130
L166 L166
L83 L83 L177
L167 L167
L151 L151
L113 L113
L188 L188
L192 L192
L70 L70
L61 L61
L81 L81
L149 L149
L176 L176
L23 L23
L39 L39
L35 L35
L132 L132
L43 L43
L4 L4
L198 L198
L193 L193
L190 L190
L158 L115 L158
L121 L121 L52
L173 L173
L13 L13
L85 L85
L25 L25
L84 L84
L27 L27
L171 L171
L191 L191 L21
L86 L86
L133 L133
L169 L169
L189 L74 L189
L76 L76
L168 L168
L194 L194
L0 L0
L157 L157
L50 L50 L102
L93 L93
L174 L174
L34 L34
L37 L37
L90 L90 L125
L44 L44
L159 L159
L11 L11 L124
L107 L107
L32 L32
L24 L24
L122 L122
L186 L186 L79
