Soda location1 location88 location47 location4 location8 location6 location79 location91 location77 location12 location52 location59 location23 location100 location57 location16 location159 location36 location86 location29 location13 location99 location32 location84 location24 location27 location173 location26 location50 location87 location71 location96 location92 location44 location11 location34 location35 location17 location39 location43 location22 location19 location98 location51 location7 location90 location69 location64 location18 location30 location14 location48 location3 location9 location53 location89 location82 location2 location94 location5 location42 location73 location21 location25 location62 location37 location65 location31 location55 location66 location40 location70 location78 location85 location56 location74 location75 location46 location45 location50 location10 location33 location76 Soda
80
location1 location1
location88 location88
location47 location72 location47
location4 location4
location8 location8
location6 location95 location6
location79 location79
location91 location91
location77 location77
location12 location12
location52 location52
location59 location59
location23 location61 location23
location100 location100 location60
location57 location57
location16 location16
location36 location36
location86 location86
location29 location29
location13 location80 location13
location99 location97 location99
location32 location49 location32
location84 location84
location24 location24
location27 location27
location26 location26
location50 location50
location87 location87
location71 location71 location28
location96 location96
location92 location92
location44 location44
location11 location11
location34 location34 location20
location35 location35
location17 location17
location39 location58 location39
location43 location43
location22 location22
location19 location19
location98 location98
location51 location51
location7 location7
location90 location90
location69 location69
location64 location64
location18 location18
location30 location38 location30
location14 location14
location48 location48
location3 location3
location9 location9
location53 location53
location89 location54 location89
location82 location82
location2 location2
location94 location94
location5 location15 location5 location63 location83 location93
location42 location42
location73 location73
location21 location21
location25 location25
location62 location62
location37 location37
location65 location65 location67
location31 location31
location55 location55
location66 location66
location40 location40
location70 location70
location78 location78
location85 location85
location56 location56
location74 location74
location75 location75
location46 location46
location45 location45 location81
location10 location10 location41
location33 location68 location33
location76 location76
