Soda walsh shah ashley ritter rosen danyal patagonia garbers davis grace garcia annie eshaan ruhi kevin aidan lo martinez noor sarina rabie ian golden juliann daniel caroline andrew sunny lewke tamara alvin yip shen rob krishnan roshan massachusetts sriram djajadi vilaythong amanda chloe berit meghan castro singhal connor winifred woolf Soda
49
walsh walsh
shah shah
ashley ashley
ritter ritter
rosen rosen
danyal danyal
patagonia patagonia
garbers garbers
davis davis
grace grace
garcia garcia
annie annie
eshaan eshaan
ruhi ruhi
kevin kevin
aidan aidan
lo lo
martinez martinez
noor noor
sarina sarina
rabie rabie
ian ian
golden golden
juliann juliann
daniel daniel
caroline caroline
andrew andrew
sunny sunny
lewke lewke
tamara jarrett tamara
alvin alvin
yip yip
shen shen
rob rob
krishnan krishnan
roshan roshan
massachusetts massachusetts
sriram sriram
djajadi djajadi
vilaythong vilaythong
amanda amanda
chloe chloe
berit berit
meghan meghan
castro castro
singhal singhal
connor connor
winifred winifred
woolf woolf
