Soda vikram melissa srivastava evan sunny shah ishaan maniku wong scott bears mack gobears zou soman wyatt oscar celine adhikiari liang alvin doshi chloe krista kanika umar brett parham rob lebron yip king grace logan patagonia rouzbahani connor maya chung chase george barth erika vilaythong angelis ritter du zhifei krishnan xin weaver tyler andrew sun massachusetts ohio hanlon franco li danyal winifred ellen daniel ashley caroline singorahardjo hari olivia zhou subbaraj kevin kaur emily jacob greg saurav singhal wu ravi aanika ani ahluwalia berit gregory ruhi djajadi amanda mittal chen lewke william nichole srinivasan cal charles Soda
96
Soda lindsey
vikram vikram
melissa melissa
srivastava srivastava
evan evan
sunny sunny
shah shah
ishaan ishaan
maniku maniku
wong wong
scott scott
bears bears
mack mack
gobears gobears
zou zou
soman soman
wyatt wyatt
oscar oscar
celine celine
adhikiari adhikiari
liang liang
alvin alvin
doshi doshi
chloe chloe
krista krista
kanika kanika
umar umar
brett devesh brett
parham parham
rob rob
lebron lebron
yip yip
king king
grace grace
logan logan
patagonia patagonia
rouzbahani rouzbahani
connor eshaan connor
maya maya
chung chung
chase chase
george george
barth barth
erika erika annie
vilaythong vilaythong
angelis angelis
ritter ritter
du du
zhifei zhifei
krishnan krishnan
xin xin
weaver weaver
tyler tyler
andrew andrew
sun sun
massachusetts massachusetts
ohio ohio
hanlon hanlon
franco franco
li li
danyal danyal sophia
winifred winifred
ellen ellen
daniel daniel
ashley ashley
caroline caroline
singorahardjo singorahardjo
hari hari
olivia olivia
zhou zhou
subbaraj subbaraj
kevin kevin
kaur kaur
emily emily
jacob jacob
greg greg
saurav saurav
singhal singhal
wu wu
ravi ravi
aanika aanika
ani ani
ahluwalia ahluwalia
berit berit
gregory gregory
ruhi ruhi
djajadi djajadi
amanda amanda
mittal mittal
chen chen
lewke lewke
william william
nichole nichole
srinivasan srinivasan
cal cal
charles charles
