Jingzhou Lysva Kheri Srinagar Veenendaal Depok Rangae Shively BurgbeiMagdeburg Kabarnet SanJosedeOcoa Tottori Kiruna BeneBeraq Khabarovsk AzZuwaytinah Ronse Carouge Carmichael Carouge Ouarzazat Entroncamento Jeypore RioFormoso Rembangan Colachel AbualMatamir Sarzedo Sanaa Kabarnet Tabatinga CoonRapids Malnate TanahMerah LondonderryCountyBor Ghugus Jingzhou
31
Lysva Lysva
Kheri Ermelo Kheri
Srinagar Kirovsk Srinagar
Veenendaal Shizunaifurukawacho Shumen Veenendaal
Depok Depok FortLauderdale
Rangae Rangae
Shively Shively
BurgbeiMagdeburg Chittaranjan BurgbeiMagdeburg
Kabarnet Kabarnet
SanJosedeOcoa SanJosedeOcoa Ketrzyn
Tottori Tottori
BeneBeraq Gangtok BeneBeraq
Khabarovsk Chegem Crespo Khabarovsk
AzZuwaytinah AzZuwaytinah
Ronse Ronse
Carouge Carouge
Carmichael elCampello Carmichael
Ouarzazat Ouarzazat
Entroncamento Entroncamento
Jeypore Jeypore
RioFormoso Radnor RioFormoso
Rembangan SaintMichael Rembangan Thamaga
Colachel Colachel Ibri
Sarzedo Sarzedo
Sanaa Sanaa JabalosSaraj
Tabatinga Tabatinga
CoonRapids CoonRapids Sagalo
Malnate Malnate
TanahMerah TanahMerah Bejucal
LondonderryCountyBor LondonderryCountyBor
Ghugus Manduria Ghugus
