LesLilas Ipil Rivas Shurugwi Malpe Shimofurano Andrychow FetestiGara Nagar Shimofurano Gorgan NahiyatashShinafiyah SaintCyrlEcole SantanadoLivramento Kotka BlueIsland ChalcodeDiazCovarrub MineralnyeVody TagbilaranCity Ortaca AinBessem Mandan Battambang Johnston Nangi Escada Pozzuoli Haripur Turek Bury Braila Kambove Prostejov Vaniyambadi Winnipeg Biskra Izhevsk KotRadhaKishan Mocoa Kineshma Gunzenhausen SouthSaintPaul Angleton Banting Shchekino CapimGrosso Geiro Skelmersdale Tabou EastLongmeadow Bourgoin Pezinok Belalcazar Pezinok Garbsen Acireale Tabou Embu Twante Daokou NorthAurora Aracuai Hangu Mabopane Khulm Lloydminster Korsakov Sobue Mandan Butuan Kaifeng Aringay Morwa Acarau Akcaabat Gastonia LesLilas
62
Rivas Rivas
Shurugwi Shurugwi
Malpe Itororo Shieli
Shimofurano Shimofurano Arzamas
Andrychow SanJuandelaMaguana Andrychow
FetestiGara FetestiGara PortoVelho
Nagar Nagar
Gorgan Manacapuru Gorgan
NahiyatashShinafiyah NahiyatashShinafiyah
SaintCyrlEcole Haora SaintCyrlEcole
SantanadoLivramento SantanadoLivramento
Kotka NoblePark Kotka
BlueIsland BlueIsland MadinatHamad
ChalcodeDiazCovarrub ChalcodeDiazCovarrub
MineralnyeVody MineralnyeVody
TagbilaranCity Hirosaki TagbilaranCity
Ortaca Ortaca
AinBessem AinBessem
Battambang AinArnat Battambang
Johnston Rhondda Johnston Kairouan Wenchi
Escada Escada
Pozzuoli Pozzuoli
Haripur Haripur Langenhorn
Turek Turek
Bury PriegodeCordoba Bury
Braila Braila
Kambove Kambove MonteAlegre
Prostejov Prostejov
Vaniyambadi Yafo Vaniyambadi
Izhevsk Izhevsk
KotRadhaKishan KotRadhaKishan
Mocoa Mocoa Fuxin
Kineshma SpanishTown Kineshma
Gunzenhausen Gunzenhausen
SouthSaintPaul Kemise Ibirataia SouthSaintPaul Sorada
Angleton Angleton
Banting GuaMusang
Shchekino Shchekino Espiye AshtonunderLyne
CapimGrosso CapimGrosso
Skelmersdale Vyazniki HaciendaLaCalera Skelmersdale FortWorth
Tabou Tabou
EastLongmeadow Gowurdak EastLongmeadow Wangon
Belalcazar Belalcazar Oerlinghausen
Pezinok SenaMadureira Pezinok
Garbsen Garbsen
Acireale Ontinyent Baramula Acireale
Embu WestIslip Embu
Twante Twante
Daokou Sosnovka Daokou
NorthAurora VillaPauladeSarmient
Aracuai Zhaodong Aracuai
Hangu Hangu
Mabopane Mabopane
Khulm Khulm Anjarah
Lloydminster Lloydminster
Korsakov Korsakov
Sobue Sobue SenadorPompeu
Butuan Butuan
Kaifeng Kaifeng
Morwa Morwa
Acarau Acarau
Akcaabat Akcaabat
