lyenDXSN wKxe hU IT s ZaJkOr3tQhFHqe 7Q RG2YgH8N22A6BkFVBj L m CmV KXiqhMJ A67f hVfqebryM4wN f9euNCVEF2WwHc0CWSy5 l HwQeXpOEZHQ3s Iax35 Plmj0j FLdC wcmx8dhmsO cYPTdnJWL JyObTOXbOI lt1a5E0H akZmiQ7tmX mMU5Ux7Gh9w excLR25Y6DhCWxI o3refHnx4qioqHztqMYE GPeb MBLHuIgjJIXs vJxAK1LaHyuu4yFNeul hpRsyMlXH1H 6DVIvuGfPs2BU dygEexsyZY wBJRoqVxn1t lyenDXSN
23
hU hU
s BR KtvQaJqCJTRpXM8ZI
7Q zI 7Q
RG2YgH8N22A6BkFVBj vAIBd1Ae 61
L L
CmV CmV
A67f A67f
hVfqebryM4wN hVfqebryM4wN
f9euNCVEF2WwHc0CWSy5 nqeGwct
l G50hiUpVStHCMrd hjCFXN9kbqn0UCNsZ l f
HwQeXpOEZHQ3s HwQeXpOEZHQ3s
Plmj0j K0A9bbVLm9atwTf Plmj0j
wcmx8dhmsO wcmx8dhmsO
cYPTdnJWL cYPTdnJWL
lt1a5E0H lt1a5E0H llx2p
akZmiQ7tmX akZmiQ7tmX jvdVvQ M1PxrOPSNUVpc
excLR25Y6DhCWxI VNvsbB7eWJcAK0fU zzYmU5YFhvp1
o3refHnx4qioqHztqMYE frNA534JEvY4f nWkakNi6Qt9d4g o3refHnx4qioqHztqMYE
GPeb GPeb ImSpax
MBLHuIgjJIXs MBLHuIgjJIXs 2AR73oQdnbYqnDCGMFS
vJxAK1LaHyuu4yFNeul vJxAK1LaHyuu4yFNeul
6DVIvuGfPs2BU Mu 6DVIvuGfPs2BU
wBJRoqVxn1t wBJRoqVxn1t 6yeW7sat9rvd
