6a5e7697411b4a5f9bee 9413e484b07844a0b2a5 5042f23712404074ac94 9eb57289806f45558a8e 774136cce4044ed08bc6 53a42035b7034adda5bf 2ce2b2e6256542928a0d dcee8e551d34480d82e2 2ce2b2e6256542928a0d 9a007b07478f49ea8ad1 65b7af53d28f4262bf8f 268fc1cec41445e9ae4c d231535a16d747168db6 ce0b9987a99a4073beab 1cf20cc5d55a441b8446 3b86319574304aac82c1 046ea34f2b9e444f969d d8981e847a1946839e08 a5e69939e9704f81a60e c1b06ccaa4874b00a961 950cb52e3a1446d9af98 4d6e33ce0fc84c6ea69d 365700b51db445e3a31a 4d6e33ce0fc84c6ea69d 821d08dd9ba24bb68d87 c0dbf396a3c644f697c5 113cbb314b8c423e99ac f3b9015900fe419ca570 728908ec3cef4db29934 f4f0866d5e97488aa802 87ecc0a3a59f407c9b3d d40f6eaafcf0402eb0d7 ec71cd3332104923a6b2 cfd801acdfd6452696dd f451d0f96c4e44e5a7a2 6e595bd5dd23413fa0e3 79e28a889fa348f89be3 a72944b166b948ed8afb 4cc41845ed58465488d9 f911fa4d522a4357aa0b 95119be28c194159a1ee 33067b0a316045d2baa2 0b24d415cd09478386e1 a61d50df0af14d43bea8 5c8da1e70e304c18a2e4 e42a313b3fc84870ab92 b0d847fc7911439a9eb5 bb70a9f783b44f29aa76 357df26b1d784692ab06 6ea877c3766c4669a150 0584f8431be341e5ab2e bd02ba8637cd4d18b24e a0c4fb99291e488f872a 9c906b337e8b4f708f0e eda12a5063b14342827b 4aadb3216b4343adbebd eda12a5063b14342827b cc5f406e2dcd46bebe75 6c5164d75c654b6e9e3b bbb11a04c8a343348a26 eb69bfc02d474eb3a982 8b66dcad1ad547c08800 9456190223044624836d 2cc84eddeb0f411a85bd 53c9cb5cf7384868ac19 6e67d80aec8b4fc0a0f4 53c9cb5cf7384868ac19 94e0719061a446db8f0d e0cb3963860e4d049310 6a5e7697411b4a5f9bee
35
6a5e7697411b4a5f9bee 68b5e6aea12140d2bb26
5042f23712404074ac94 5042f23712404074ac94
dcee8e551d34480d82e2 dcee8e551d34480d82e2
2ce2b2e6256542928a0d 008aafd1b0ec4150aacc
65b7af53d28f4262bf8f e0d6bb0c69d74ec5a7c2 ab6a4a3d324a4e118998 9a007b07478f49ea8ad1
268fc1cec41445e9ae4c 268fc1cec41445e9ae4c
ce0b9987a99a4073beab ce0b9987a99a4073beab
1cf20cc5d55a441b8446 1733e0b32fcb468e9db5
3b86319574304aac82c1 3b86319574304aac82c1
d8981e847a1946839e08 a1480b86aa6b4e8ab46b ac82fe0455c04a6fbc21 d8981e847a1946839e08
a5e69939e9704f81a60e a5e69939e9704f81a60e
c1b06ccaa4874b00a961 c1b06ccaa4874b00a961 d8c441caf295405aaf52
950cb52e3a1446d9af98 4fd54063e8fe4e6591e3 950cb52e3a1446d9af98 e9189c39d6f9459fb82b
365700b51db445e3a31a 365700b51db445e3a31a 5a90ec8096c2423fb598
113cbb314b8c423e99ac 113cbb314b8c423e99ac
728908ec3cef4db29934 728908ec3cef4db29934
f4f0866d5e97488aa802 f4f0866d5e97488aa802
87ecc0a3a59f407c9b3d 87ecc0a3a59f407c9b3d
cfd801acdfd6452696dd 4da00804134d4fc9a85c 863d51b71d174e18a8b2
f451d0f96c4e44e5a7a2 ced33625aef44e049e40 f451d0f96c4e44e5a7a2
a72944b166b948ed8afb a72944b166b948ed8afb
f911fa4d522a4357aa0b f911fa4d522a4357aa0b
95119be28c194159a1ee 95119be28c194159a1ee 00ab75eeae43479b93a1
0b24d415cd09478386e1 bc0a76f3195549949d49
5c8da1e70e304c18a2e4 5c8da1e70e304c18a2e4 3f86be020a0e43e4b1ff
e42a313b3fc84870ab92 ebbbcdcdb3554877aeb0
bb70a9f783b44f29aa76 7a06c0a05152448791da
6ea877c3766c4669a150 6ea877c3766c4669a150
0584f8431be341e5ab2e 4e25f87635bb4843b59f
4aadb3216b4343adbebd 4aadb3216b4343adbebd
cc5f406e2dcd46bebe75 cc5f406e2dcd46bebe75
6c5164d75c654b6e9e3b bbb11a04c8a343348a26 6c5164d75c654b6e9e3b
9456190223044624836d e3697cd0e4bb4631b60b
6e67d80aec8b4fc0a0f4 6e67d80aec8b4fc0a0f4 e73af41069ed4943a52c
e0cb3963860e4d049310 e0cb3963860e4d049310 12424155e29a4ad09224
