0 25 77 51 39 163 10 5 57 171 6 26 66 169 64 168 116 134 119 110 88 62 185 100 183 96 3 23 37 58 84 43 32 8 81 20 195 42 103 113 76 30 68 105 107 114 160 125 115 148 162 19 41 83 78 191 144 188 60 53 67 104 196 182 152 70 71 176 52 109 14 174 175 65 190 166 151 146 93 159 86 40 121 85 102 132 24 55 21 22 56 172 173 48 59 72 38 97 187 0
98
0 0
25 25
77 77
51 51
39 35 39
163 163 126
10 10
5 5
57 57
171 171
6 6
26 26
66 66
169 169
64 64
168 168
116 116
134 134
119 119
110 110
88 88
62 62
185 185
100 100
183 183
96 96
3 3
23 23
37 37
58 58
84 84
43 43
32 32
8 8
81 81
20 20
195 195
42 42
103 103
113 113
76 76
30 30
68 68
105 105
107 107
114 114
160 160
125 125
115 115
148 148
162 162
19 19
41 41
83 83
78 78
191 191
144 144
188 188
60 60
53 53
67 67
104 104
196 196
182 182
70 70
71 71
176 176
52 52
109 109
14 14
174 174
175 175
65 65
190 190
166 166
151 151
146 146
93 93
159 159
86 86
40 40
121 121
85 85
102 102
132 132
24 24
55 55
21 21
22 22
56 56
172 172
173 173
48 48
59 59
72 72
38 38
97 97
187 187
