Location0 Location1 Location3 Location5 Location7 Location9 Location11 Location13 Location15 Location17 Location19 Location21 Location23 Location25 Location27 Location29 Location31 Location33 Location35 Location37 Location39 Location41 Location43 Location45 Location47 Location49 Location51 Location53 Location55 Location57 Location58 Location57 Location59 Location61 Location63 Location65 Location67 Location69 Location71 Location73 Location75 Location77 Location79 Location81 Location83 Location85 Location87 Location89 Location91 Location93 Location95 Location97 Location99 Location0
36
Location1 Location2
Location3 Location4
Location5 Location6
Location7 Location8 Location10
Location11 Location12
Location13 Location14
Location15 Location16
Location17 Location18 Location20
Location21 Location22 Location24
Location25 Location26 Location28
Location29 Location30
Location31 Location32
Location33 Location34 Location36
Location37 Location38 Location40
Location41 Location42
Location43 Location44
Location45 Location46
Location47 Location48 Location50
Location51 Location52
Location53 Location54
Location55 Location56
Location58 Location58
Location57 Location60
Location63 Location62 Location64 Location66
Location67 Location68
Location69 Location70
Location71 Location72
Location73 Location74 Location76
Location77 Location78 Location80
Location83 Location82 Location84
Location85 Location86 Location88
Location89 Location90
Location91 Location92
Location93 Location94
Location95 Location96
Location97 Location98
