0 68 18 163 18 164 18 147 18 140 18 156 151 146 154 159 131 176 197 165 171 174 162 186 143 134 142 168 183 20 68 0
24
163 163
164 164
18 130 132 133 135 136 137 138 139 141 144 145 148 149 150 152 153 155 157 158 160 161
147 147
140 140
156 156
151 151
146 146
154 154
159 159
131 131
176 176
197 197
165 165
171 171
174 174
162 162
186 186
143 143
134 134
142 142
168 168
183 183
20 166 167 169 170 172 173 175 177 178 179 180 181 182 184 185 187 188 189 190 191 192 193 194 195 196 198 199
