2 31 181 67 55 195 113 95 196 7 123 43 21 3 47 5 48 191 145 97 135 197 164 41 43 85 111 103 110 36 63 35 27 76 161 199 102 165 178 175 109 75 57 11 49 73 119 121 166 37 142 143 89 25 185 154 77 1 149 72 189 2
48
2 9
31 31 93
181 91 169 181
67 67
55 19 55
195 71 195
113 113
95 15 39 95
196 105 171
7 7 99 151
123 87 123
21 21 79 157 167
3 3
47 47 107
5 5 155
191 117 191
145 145
97 33 69 97 101 135
164 83 197
41 41
43 43
85 85
111 111 163
103 61 103
110 115 183
36 141
35 35 63
27 17 27 131
161 29 161
199 199
165 165
175 175
109 59 109
57 57 75
11 11 139
49 49 179
73 73
119 119
121 45 53 121 189
37 37
143 143
89 89
25 25 173 185
154 129 133 137 159
77 23 65 77 187
1 1 13 51 147 153
149 149 193
72 81 125 127 177
