S 1M 1Ea 1Ec 1Ea 1Ee 1Ea 1M 1Bf 1M 1Af 1Ag 1Af 1Ab 1Af 1M 1Ca 1Cb 1Ca 1M 1Da 1M S 3M 3Aa 3Ab 3Af 3Ag 3Aj 3Ag 3Af 3M S 1M S 2M 2Ea 2M 2Ca 2Cb 2Cc 2Cb 2Ca 2M 2Af 2Ag 2Af 2Ab 2Af 2M S 3M 3Ea 3M 3Da 3M 3Ca 3Cb 3Cc 3Cb 3Ca 3M 3Bf 3M S 4M 4Af 4Ab 4Af 4Ag 4Af 4M 4Ca 4Cb 4Cc 4Cb 4Ca 4M 4Bf 4M 4Ea 4Ec 4Ea 4M 4Da 4M S 2M 2Bf 2M S
38
1Ea 1Ek
1Ec 1Eh 1Ei
1Ee 1Ee
1Bf 1Bf 1Bi 1Bj
1Ag 1Ag 1Ah 1Ai 1Aj
1Ab 1Ab 1Ac 1Ad 1Ae
1Ca 1Ca
1Cb 1Cb 1Cc 1Cd
1Da 1Dd 1De
3Aa 3Aa
3Ab 3Ab 3Ac 3Ad 3Ae
3Aj 3Aj
3Ag 3Ag 3Ah 3Ai
3M 3Bb 3Ca 3Fe
1M 1Aa 1Bb 1Fe
2Ea 2Ee 2Eh 2Ei 2Ek
2Ca 2Ca
2Cc 2Cc 2Cd
2Cb 2Cb
2Ag 2Ag 2Ah 2Ai 2Aj
2Ab 2Ab 2Ac 2Ad 2Ae
3Ea 3Ee 3Eh 3Ei 3Ek
3Da 3Dd 3De
3Cc 3Cc 3Cd
3Cb 3Cb
3Bf 3Bf 3Bi 3Bj
4Ab 4Ab 4Ac 4Ad 4Ae
4Ag 4Ag 4Ah 4Ai 4Aj
4Ca 4Ca
4Cc 4Cc 4Cd
4Cb 4Cb
4Bf 4Bf 4Bi 4Bj
4Ec 4Eh 4Ei
4Ea 4Ee 4Ek
4Da 4Dd 4De
4M 4Aa 4Bb 4Fe
2M 2Aa 2Bb 2Dd 2De 2Fe
2Bf 2Bf 2Bi 2Bj
