0 1 6 11 16 21 16 11 12 11 16 21 26 29 26 21 25 21 26 32 31 35 31 37 36 42 41 46 51 53 51 57 56 59 56 61 66 71 76 81 87 86 92 91 96 101 103 101 96 91 94 91 96 101 105 101 106 112 111 116 121 127 126 130 126 131 136 141 146 151 156 162 161 164 161 167 166 171 176 181 186 192 191 196 197 198 0
25
0 7 3
21 22 17 14 19 33 27 32
12 13 12
29 30 29
25 24 25
35 35 34
37 38
36 42 39
46 58 44 48 47
53 53 52
59 60 59
71 73 72 63 78 79 65 83 64 75 62 70 68 87 84 74 80 82
92 90 93
103 103 102
94 95 94
96 100 99 109 107 98 112 108 97
105 105 104
121 114 118 122 127 113 128
130 130 129
136 135 137 144 143 139 145 140 142 149 138
162 163 155 152 162 153 159
164 164 165
166 169 173 170
181 192 189 183 184 180 179 187 185
191 193 195
