BY5DUgv6 UQ4QaUHy H2BV5cDz UQ4QaUHy xvUBVRdA QfsaQspW zSMh8yQJ hc6YxxqG zSMh8yQJ rZiSDNtK aPSEsY2w E85AysUp Rv8rDvqp 1cr6aFpX PagRRYIg nKZTEeUl YLp2gziD 8tOszPqV H8eN9fj5 lvlSObqb CrvusN6e WlxPulQd JMul31yq 7IV7YjRX mjMe14fC 9IHe97Yy HXMHfRTC iT0t8noc NL9qZEp0 GVK6CciB AMieum8U rGjz0gOd S9dNuWxm ayFODfwg w3Radp7c FSF4Na2U KJQpAqYk Pi99fmGL KuVHgP1J yqX5KOVJ xTHVuNZl tDh0gTYH 7CrB3pCm yYTqCbSD Y93BYexY ucMA0iSv R4zDiMu3 0zB29H2A OpfVa1HT 8KVhuJvd Ym8LPSnY FPDwKJIj q1vN3eei c9Hgvc9w kkvcm3Qd vVYZOPt6 o1w8sSXK gbolqDJc 6nj6dyOK K3J88UDV 1aJdK4y9 xULc5Xg4 6GJHoNdy UQ4QaUHy BY5DUgv6
25
H2BV5cDz H2BV5cDz
xvUBVRdA QeSUIsQ1
hc6YxxqG gd207oOq hc6YxxqG
rZiSDNtK rZiSDNtK
aPSEsY2w aPSEsY2w
Rv8rDvqp Rv8rDvqp
PagRRYIg 1cr6aFpX PagRRYIg
nKZTEeUl nKZTEeUl
8tOszPqV 8tOszPqV
lvlSObqb CrvusN6e lvlSObqb
WlxPulQd JMul31yq g5YhtPSt 8ni5D4t7 WlxPulQd
7IV7YjRX 7IV7YjRX HEJxX3gA
iT0t8noc iT0t8noc UmgiH1K9 9IHe97Yy
NL9qZEp0 NL9qZEp0
rGjz0gOd rGjz0gOd AMieum8U
S9dNuWxm S9dNuWxm ayFODfwg
xTHVuNZl yqX5KOVJ xTHVuNZl tDh0gTYH
R4zDiMu3 0zB29H2A R4zDiMu3 ucMA0iSv
OpfVa1HT OpfVa1HT
FPDwKJIj FPDwKJIj
q1vN3eei q1vN3eei c9Hgvc9w
o1w8sSXK mXjWiYol o1w8sSXK
gbolqDJc gbolqDJc 6nj6dyOK UfRMeyI7
1aJdK4y9 K3J88UDV 1aJdK4y9 xULc5Xg4
6GJHoNdy sR6JAufL 2mQchaeu B0wYReom Af1jBIly 8e8OWOIi
