ZtfcEeD9 lwKMUcFL lWuh5cH8 uEOMgmS6 7VEdC8Bn KZzTlcqA KbQF6Z1I VgwgAKMz FqE4GP0Y Wznv2rRv tKnzhLx5 pDb2VAD0 SqpsWXRw NvpMZWSs yptfWPBC aDGqWHym 4FNIiWtX Fj27Gybu 4FNIiWtX aDGqWHym yptfWPBC HTyyntxa 1dr1nBQ7 ijk5cHsH 8LVjFaQv RGBDWX4o 97y3ut3B d5gzYuse LvdUl8D5 J2tz5Jy2 8Rfeklr1 J2tz5Jy2 LvdUl8D5 qnVestAH PLFYaVF6 FdbcCrtB GZiGmLq9 fa3ra0T7 Ah46Ofm8 SUGv8yIU REvLgkhf X4DALK1Z Rd2M5nw8 CczWZLd1 tHTE6eug n7VUygaC 2KepLMXB APMxsbBa d4U8kEOb 3MYamZSb cZyhnB0I 0PR6ikBf xRPgtW5C kTn5Wdms 80BwLCcj poaWnZDO FGbFUcoj P0hOEoLv svPb07cv y7NjqOqM CBKWpDQv gX4kBNm4 JqKGA9ul AmaYXBsi NpH6Hpsr jKNn1ZQ1 WPOgjVLu bJ22zvWV yRH0nOtz 7P5zi9hu Tb8W969R yIRIspJJ UiMRtBop CGddIqkC aZcuESum 6dJ0UicP xkCjqYXa 1gtWVzKV nDVKj516 bUsapUoo aSd01nMZ 3L2NkWiR zpLQ0R0G RleTQaHw oECxPSEB dB8nWjnw eF0ueRyu qtXV58SN mrK2EXuk ca785uLx EB4WBsTV aACN5TTZ h4MzKYRp iF2sCG7R B65DnegI xzWL2Pp8 IZjIq9He RjDUex61 lqKnzPvP mlHu9OVg aWGQETjI gKOyNQPh aWGQETjI mlHu9OVg EAWv9kfQ wZJN4OBT kMauNR5Y gmal2HHS zvH4AKmS 43ehQX6O YWqBlkAs eJJL3lWa CxnbNU8s 4pgwpiHi miUcr0K7 eHAI1Emd 8avKqSxh ZCQYXo7t FgxkC8N1 MeetuZNx Q6NMHx0B 04vrMVdi c6ZWTltk L5pBwvut Zy3im4wi U7cZo0h2 wusYsf5E 6hjWynHN DA7bDRCs xZQyzblz MwmVLu2P FGbFUcoj VDai7XkI Pz0LLMil VDai7XkI Q7hUKAHQ 1Xrx7hj3 Q2HoHQU7 dzvtjag1 NSdaWdL7 SG64DwCC n7cwD1GE 7czjmzr9 91Uq51QB m9MRh7a0 JfDq1Cs2 tCAdUY4B VDai7XkI mSd4Nw6v 9FVeC0va ciNFdHxl b850DFfF u2ZI4Bp6 KcGXxWyr 0MyIUMFM n0riP8Jl w0QWGw2L xI4hMIxA v654W2Kr O5yBujnu WvzZeqnS IdGLl1to PMzcqvQL W7b2i2pG BkhTgoaJ CIF8DWXL yWlzbESz oqraQ3aF NBKhkccj rbWYBihd nFqouQp3 6MPulFAv ZtfcEeD9
38
ZtfcEeD9 nFqouQp3 ZtfcEeD9 lWuh5cH8 rbWYBihd
VgwgAKMz KZzTlcqA FqE4GP0Y Wznv2rRv VgwgAKMz
Fj27Gybu Fj27Gybu TNblhkGK
yptfWPBC aDGqWHym yptfWPBC HTyyntxa
1dr1nBQ7 ijk5cHsH 1dr1nBQ7
d5gzYuse 8LVjFaQv d5gzYuse LvdUl8D5
8Rfeklr1 J2tz5Jy2 8Rfeklr1 eFJgi8X6 sFR9mcaG
FdbcCrtB FdbcCrtB qnVestAH fa3ra0T7 PLFYaVF6
Rd2M5nw8 X4DALK1Z OJgw7XgR Rd2M5nw8
APMxsbBa 2KepLMXB
3MYamZSb 3MYamZSb
kTn5Wdms xRPgtW5C kTn5Wdms
CBKWpDQv svPb07cv CBKWpDQv gX4kBNm4 y7NjqOqM
NpH6Hpsr NpH6Hpsr jKNn1ZQ1 AmaYXBsi
yRH0nOtz bJ22zvWV 7P5zi9hu Tb8W969R yRH0nOtz
6dJ0UicP CGddIqkC
aSd01nMZ 1gtWVzKV aSd01nMZ
zpLQ0R0G RleTQaHw zpLQ0R0G
qtXV58SN ntaFp6yn eF0ueRyu
ca785uLx EB4WBsTV ca785uLx mrK2EXuk
B65DnegI B65DnegI xzWL2Pp8
RjDUex61 RjDUex61 lqKnzPvP ZS8CQaI7
gKOyNQPh EAWv9kfQ BOlNhFGU gKOyNQPh mlHu9OVg o4xf7nVd 62Mn9lau aWGQETjI
kMauNR5Y wZJN4OBT kMauNR5Y zvH4AKmS
YWqBlkAs 43ehQX6O YWqBlkAs CxnbNU8s
8avKqSxh 04vrMVdi miUcr0K7 8avKqSxh
U7cZo0h2 U7cZo0h2 wusYsf5E
FGbFUcoj FGbFUcoj poaWnZDO
Pz0LLMil Pz0LLMil hBRDGWam uMuBYvMK
Q7hUKAHQ Q7hUKAHQ
dzvtjag1 dzvtjag1
SG64DwCC SG64DwCC NSdaWdL7
m9MRh7a0 91Uq51QB JfDq1Cs2
tCAdUY4B WOCLylig tCAdUY4B
mSd4Nw6v 7Xy44hse mSd4Nw6v
ciNFdHxl ciNFdHxl
w0QWGw2L O5yBujnu w0QWGw2L 0MyIUMFM
PMzcqvQL PMzcqvQL CIF8DWXL W7b2i2pG IdGLl1to
