yqRn7pcv i4M5A6hw fsgAjhrq ou6pOA5T hC2ZPbzA cbK8BQiu Wvomb2LC 2XMfF8YA uzY67sfN hcJG54h4 6XOrbPEm 5Zo9R33z mB6fiF0u rJm7nPd7 o5fxSomz mmiVeCrf LQU5lyru rKjRBwvM fstmfCC0 7xyYvlir XlaUIvCb zcy1X765 xaYYL0Xr yqRn7pcv
21
yqRn7pcv yqRn7pcv
i4M5A6hw i4M5A6hw
fsgAjhrq fsgAjhrq 1JmiRMy2
hC2ZPbzA hC2ZPbzA
cbK8BQiu Tv0Ngo2a
Wvomb2LC Wvomb2LC
2XMfF8YA 2XMfF8YA
uzY67sfN lRFv66dO uzY67sfN
hcJG54h4 hcJG54h4
6XOrbPEm 6XOrbPEm
5Zo9R33z 5Zo9R33z
mB6fiF0u mB6fiF0u
rJm7nPd7 rJm7nPd7
o5fxSomz o5fxSomz
mmiVeCrf mmiVeCrf
LQU5lyru LQU5lyru
rKjRBwvM rKjRBwvM
7xyYvlir 7xyYvlir
XlaUIvCb XlaUIvCb
zcy1X765 zcy1X765
xaYYL0Xr ne5PzSYX RKTqv0lO xaYYL0Xr
