74 1 10 4 52 65 57 8 9 7 15 20 6 49 25 22 18 11 55 64 56 54 46 14 23 61 63 33 48 30 42 13 16 44 24 28 2 50 0 60 34 21 39 43 38 47 35 41 29 31 12 40 51 26 45 17 19 5 36 59 58 32 3 53 74
63
1 1 62
10 10 27
4 4
52 52
65 65
57 57
8 8
9 9
7 7
15 15
20 20
6 6
49 49
25 25
22 22
18 18 37
11 11
55 55
64 64
56 56
54 54
46 46
14 14
23 23
61 61
63 63
33 33
48 48
30 30
42 42
13 13
16 16
44 44
24 24
28 28
2 2
50 50
0 0
60 60
34 34
21 21
39 39
43 43
38 38
47 47
35 35
41 41
29 29
31 31
12 12
40 40
51 51
26 26
45 45
17 17
19 19
5 5
36 36
59 59
58 58
32 32
3 3
53 53
