93 18 62 70 130 75 113 77 165 117 49 161 168 164 87 136 147 34 56 122 159 45 51 110 91 116 82 84 111 86 119 86 57 132 105 101 104 124 169 155 131 36 95 2 19 12 64 170 144 79 54 125 53 39 107 24 107 126 65 49 174 129 93
45
18 18 46 62 80 138 157
70 70 146
75 75 130
113 102
77 77 143
165 43 165
117 117
49 49
161 81 137 161
168 168
87 14 66 87 99
136 136
147 26 147 176
34 34 90 121
56 56
122 122
51 51
110 40 47 72 91 110
116 116
82 52 63 82 151
84 84 163
111 111
86 86
119 1 119
132 57 67
105 105
101 101 172
124 124
169 20 169
155 155
131 38 115 131
36 36 95 109
2 2 73
19 19 154
64 64 140
170 108 170
144 171
79 61 79
125 125 141
53 53 177
39 39
24 4 24 76 98
65 65
174 174
129 27 74 129
