Dannemora Fabius Mills Fishkill Galeville Germantown Dexter Fulton Gardiner Hannibal Odessa Flanders Odessa Frewsburg Odessa Depauville Ghent Hillburn Hamburg Flower Oceanside Freeport Herkimer Nyack Delanson Dansville Deferiet Fishers Haviland Franklin Delhi Freeville Farnham Florida Goshen Fire Earlville Deposit Herricks Depew Geneva Fairview Hewlett Fleischmanns Fonda Fabius Dannemora
32
Fabius Fabius
Fishkill Davis Fishkill
Galeville Galeville
Germantown Delmar Germantown
Dexter Dexter Fairmount
Fulton Fulton
Gardiner Falconer Friendship Gardiner
Flanders Flanders Frankfort
Frewsburg Dunkirk Frewsburg
Depauville Depauville Fredonia
Ghent Ghent
Hamburg DeRuyter
Flower Flower
Oceanside Fair Gasport
Freeport Forestville Freeport
Herkimer Fayetteville
Delanson Deer Delanson
Dansville Dansville Delevan Franklinville
Deferiet Deferiet
Fishers Fishers Forest
Franklin Franklin
Delhi Delhi
Farnham Farnham Freeville
Florida Farmingville Florida
Fire Fire
Earlville Earlville Firthcliffe
Deposit Deposit
Depew Depew
Geneva Fairport Geneva
Fairview Fairview
Fleischmanns Fleischmanns
Fonda Fonda
