Dannemora Hamburg DeRuyter Frankfort Goshen Florida Farmingville Highland Freeport Ghent Depauville Fredonia Gowanda Franklinville Dansville Delanson Nyack Fulton Dexter Fulton Gardiner Falconer Gardiner Hannibal Odessa Frewsburg Delhi Franklin Haviland Fishers Deferiet Germantown Galeville Fishkill Mills Fairview Geneva Hancock Flower Hamburg Fleischmanns Fonda Hempstead Deposit Earlville Fire Dannemora
30
Dannemora Fire
DeRuyter DeRuyter
Frankfort Flanders Frankfort
Florida Farnham Florida
Farmingville Farmingville
Freeport Fair Forestville Freeport
Depauville Depauville Ghent
Fredonia Fayetteville Fredonia
Franklinville Franklinville
Dansville Dansville Delevan
Delanson Deer Delanson
Fulton Fulton
Dexter Dexter Fairmount
Falconer Falconer Gasport
Gardiner Friendship Gardiner
Frewsburg Dunkirk Frewsburg
Delhi Delhi Freeville
Franklin Franklin
Fishers Fishers Forest
Deferiet Deferiet
Germantown Delmar Germantown
Galeville Galeville
Fishkill Davis Fishkill
Fairview Fairview
Geneva Depew Fairport Geneva
Flower Flower
Fleischmanns Fleischmanns
Fonda Fabius Fonda
Deposit Deposit
Earlville Earlville Firthcliffe
