Acton Carlsbad Encinitas Friant Bloomington Ducor Bayview Colfax Calexico Cromberg Cypress Cromberg Cypress Colma Ashland Clearlake Ferndale Columbia Brawley Corning Arcata Belden Alhambra Cambria Cayucos Arvin Bishop Carson Antioch Folsom Caribou Anderson Ceres Auburn Berkeley Alameda Carrick Bonita Fallbrook Farmington Dublin Brisbane Burbank Galt Brentwood Diablo Clayton Bystrom Buttonwillow Boronda Davis Calimesa Barstow Capitola Azusa Bootjack Aromas Barstow Capitola Bradley Caruthers Covelo Farmersville Carpinteria Gardena Campbell Coachella Amesti Broadmoor Cerritos Bluewater Biola Cutten Chowchilla Benicia Alpaugh Bell Artesia Fresno August Castroville Fontana Canyondam Encinitas Carlsbad Acton
64
Carlsbad Bellflower Carlsbad
Friant Bolinas
Bloomington Auberry Bloomington
Ducor Burlingame
Bayview Albany Bayview
Calexico Alturas Atherton Blairsden Calexico
Colma Bonsall Bradbury
Ashland Ashland
Ferndale Alamo
Columbia Alpine Avalon
Brawley Brawley
Arcata Arcata
Belden Belden
Alhambra Alhambra
Cambria Almanor Cambria
Cayucos Cayucos
Arvin Arvin
Bishop Bishop Brea Byron
Carson Calwa Carson
Antioch Antioch Atascadero
Folsom Atwater
Caribou Caribou
Anderson Anderson
Ceres Ceres
Auburn Auburn
Berkeley Armona Berkeley
Alameda Alameda
Carrick Carrick
Bonita Belvedere Bonita
Fallbrook Biggs
Dublin Arnold
Brisbane Belmont Brisbane
Burbank Arcadia Burbank Camarillo
Brentwood Brentwood
Clayton Adelanto
Bystrom Anaheim Bystrom Calistoga
Buttonwillow Bowles Buttonwillow
Boronda Beckwourth Boronda
Calimesa Calimesa
Barstow Barstow
Capitola Capitola
Azusa Azusa
Bootjack Bootjack Burney
Aromas Aromas
Bradley Bradley
Caruthers Caruthers
Covelo Altadena Bodfish Cartago
Carpinteria Carpinteria
Campbell Campbell
Coachella Calabasas Carmichael
Amesti Amesti Cabazon
Broadmoor Broadmoor
Cerritos Aptos Cerritos
Bluewater Bluewater
Biola Arbuckle Biola Blythe
Chowchilla Avenal Avery
Benicia Beaumont Benicia
Alpaugh Alpaugh Calipatria
Bell Bell
Artesia Artesia
Fresno Angwin Banning
August August Boron
Castroville Castroville
Canyondam Bakersfield Canyondam
