Acton Compton Bowles Buttonwillow Bystrom Anaheim Brisbane Corning Cambria Alhambra Burlingame Ducor Cloverdale Bootjack Florin Calexico Colfax Bayview Folsom Antioch Atascadero Farmersville Auburn Berkeley Alameda Carrick Bonita Belvedere Arcadia Belmont Brisbane Corning Arcata Corning Brawley Columbia Avalon Ceres Anderson Ceres Bloomington Cupertino Cromberg Colusa Adelanto Fowler August Fresno Artesia Bell Fullerton Avery Capitola Barstow Calimesa Burbank Arcadia Calwa Carson Bishop Fruitdale Bishop Brea Azusa Capitola Bradley Arnold Campbell Crockett Calipatria Crockett Cabazon Amesti Broadmoor Cerritos Bluewater Cartago Arbuckle Biola Brentwood Calabasas Beaumont Copperopolis Bakersfield Canyondam Encinitas Carlsbad Acton
52
Bowles Bowles
Buttonwillow Beckwourth Boronda Buttonwillow
Bystrom Aptos Aromas Bystrom
Anaheim Anaheim Calistoga
Cambria Almanor Cambria Cayucos
Alhambra Alhambra Ashland Belden
Burlingame Burlingame
Cloverdale Altadena
Bootjack Bootjack
Florin Alturas
Calexico Atherton Blairsden Calexico
Bayview Albany Bayview
Antioch Antioch Banning
Atascadero Angwin Atascadero Bonsall
Berkeley Armona Berkeley
Carrick Alameda Carrick
Bonita Bonita
Arcadia Arcadia Belvedere
Belmont Belmont
Brisbane Brisbane
Arcata Arcata
Brawley Biggs Brawley
Columbia Alpine Carpinteria
Avalon Alamo Avalon
Anderson Anderson Caribou
Ceres Auburn Ceres
Bloomington Bloomington
Cupertino Auberry Carmichael
Adelanto Adelanto
August August Boron Castroville
Artesia Artesia
Bell Alpaugh Bell Cerritos
Avery Avery
Capitola Capitola
Barstow Barstow
Calimesa Calimesa
Burbank Burbank Camarillo
Calwa Calwa
Bishop Arvin Bishop Carson
Fruitdale Atwater Avenal Byron
Brea Azusa Brea
Bradley Bradley Caruthers
Arnold Arnold Campbell
Calipatria Calipatria
Cabazon Cabazon
Broadmoor Amesti Broadmoor
Cartago Bluewater Bodfish Cartago
Arbuckle Arbuckle Blythe
Biola Biola Brentwood
Beaumont Beaumont Benicia Calabasas
Bakersfield Bakersfield Bradbury Burney Canyondam
Carlsbad Bellflower Bolinas Carlsbad
