Soda RepublicCity RokusIsland LakeLaogai Omashu CaveOfTwoLovers SiWongDesert IslandOfKyoshi EmberIsland SouthernWaterTribe NorthernWaterTribe EasternAirTemple WesternAirTemple SouthernAirTemple NorthernAirTemple BaSingSe TheKindegarden Homeworld Ooo PolarExpress Hel SantasWorkshop Cocytus Phlegethon Lethe Acheron Styx Ganges Othrys TirNaNog Troy Kailash Olympus Droon Asphodel Tartarus Elysium Asgard Yggdrasil Vanaheim Muspelheim Niffelheim Mustafar Bespin Coruscant Naboo Tatooine Hoth Volantis Tyrosh Pentos2 Norvos Myr Norvos Pentos2 Tyrosh Volantis Hoth Tatooine Naboo Coruscant Bespin Mustafar Niffelheim Muspelheim Vanaheim Yggdrasil Asgard Elysium Tartarus Asphodel Droon Olympus Kailash Troy TirNaNog Othrys Ganges Styx Acheron Lethe Phlegethon Cocytus SantasWorkshop Hel PolarExpress Ooo Homeworld TheKindegarden BaSingSe NorthernAirTemple SouthernAirTemple WesternAirTemple EasternAirTemple NorthernWaterTribe SouthernWaterTribe EmberIsland IslandOfKyoshi SiWongDesert CaveOfTwoLovers Omashu LakeLaogai RokusIsland RepublicCity Soda
31
Acheron Acheron Lethe
Styx Styx
Othrys TirNaNog Othrys
Droon Droon Olympus
Asgard Yggdrasil Asgard
Niffelheim Mustafar Niffelheim Muspelheim
Volantis Tyrosh Volantis
Pentos2 Pentos2
Norvos Norvos
Myr Lorath Lys Myr
Hoth Hoth
Tatooine Tatooine
Naboo Naboo Coruscant
Bespin Bespin
Vanaheim Vanaheim
Elysium Elysium Tartarus
Asphodel Asphodel
Troy Kailash Troy
Ganges Ganges
Phlegethon Phlegethon Cocytus
Hel SantasWorkshop Hel PolarExpress
Ooo Ooo Homeworld
TheKindegarden TheKindegarden
BaSingSe BaSingSe NorthernAirTemple
WesternAirTemple SouthernAirTemple WesternAirTemple EasternAirTemple
NorthernWaterTribe NorthernWaterTribe SouthernWaterTribe
EmberIsland EmberIsland IslandOfKyoshi
CaveOfTwoLovers SiWongDesert CaveOfTwoLovers Omashu
LakeLaogai LakeLaogai
RokusIsland RokusIsland
RepublicCity RepublicCity
