h0 h42 h68 h44 h23 h33 h34 h32 h72 h38 h86 h99 h29 h85 h66 h84 h45 h46 h36 h98 h37 h28 h91 h40 h91 h28 h27 h97 h20 h18 h50 h49 h92 h62 h16 h78 h61 h15 h60 h13 h54 h10 h9 h3 h56 h4 h6 h1 h51 h55 h9 h11 h59 h94 h41 h82 h22 h64 h35 h47 h46 h45 h74 h45 h84 h66 h26 h67 h21 h67 h0
32
h0 h42 h43
h23 h23 h33 h44
h34 h34
h72 h30 h31 h32 h38
h29 h29
h85 h24
h36 h19 h36
h37 h37
h40 h39 h40
h27 h27 h28
h20 h20
h18 h18
h50 h50
h49 h49
h92 h17
h16 h16
h15 h15
h13 h13
h3 h3 h4
h6 h5 h6 h8
h1 h1 h7
h9 h9 h10 h14
h11 h11
h59 h12
h41 h41
h22 h22
h35 h35 h48
h47 h47
h46 h46
h45 h25 h45
h26 h26
h21 h2 h21
