Loc2 Loc76 Loc67 Loc99 Loc6 Loc44 Loc53 Loc12 Loc51 Loc90 Loc61 Loc14 Loc96 Loc24 Loc1 Loc33 Loc26 Loc57 Loc58 Loc57 Loc60 Loc83 Loc15 Loc59 Loc86 Loc55 Loc8 Loc21 Loc7 Loc0 Loc7 Loc21 Loc93 Loc56 Loc36 Loc2
31
Loc2 Loc82
Loc76 Loc41 Loc52
Loc67 Loc67
Loc99 Loc19 Loc66
Loc6 Loc6
Loc44 Loc9 Loc11
Loc53 Loc53
Loc12 Loc3 Loc4
Loc51 Loc10 Loc32 Loc45
Loc90 Loc90
Loc61 Loc16 Loc74 Loc80
Loc14 Loc14
Loc96 Loc40 Loc54
Loc24 Loc24
Loc1 Loc1
Loc33 Loc28 Loc46
Loc26 Loc26
Loc58 Loc58
Loc57 Loc92
Loc60 Loc60
Loc83 Loc34 Loc35 Loc91
Loc15 Loc15
Loc59 Loc17 Loc75
Loc86 Loc86
Loc55 Loc22 Loc71
Loc8 Loc8 Loc64
Loc7 Loc7
Loc0 Loc0 Loc48
Loc93 Loc73 Loc77
Loc56 Loc56
Loc36 Loc13 Loc27 Loc43
