Loc1 Loc10 Loc142 Loc157 Loc38 Loc88 Loc18 Loc199 Loc118 Loc126 Loc141 Loc164 Loc133 Loc164 Loc11 Loc126 Loc33 Loc146 Loc97 Loc113 Loc151 Loc59 Loc151 Loc113 Loc36 Loc7 Loc131 Loc182 Loc45 Loc198 Loc178 Loc91 Loc75 Loc98 Loc50 Loc58 Loc197 Loc158 Loc132 Loc150 Loc8 Loc84 Loc22 Loc3 Loc127 Loc15 Loc121 Loc37 Loc162 Loc9 Loc47 Loc155 Loc51 Loc69 Loc95 Loc23 Loc70 Loc106 Loc165 Loc56 Loc17 Loc64 Loc71 Loc1
47
Loc1 Loc13 Loc16 Loc30 Loc100
Loc10 Loc67 Loc107 Loc137 Loc143
Loc142 Loc39 Loc52
Loc157 Loc103 Loc192
Loc38 Loc38
Loc18 Loc18
Loc199 Loc14 Loc46 Loc76 Loc99
Loc118 Loc118
Loc141 Loc141
Loc133 Loc133 Loc171
Loc11 Loc11
Loc33 Loc33
Loc146 Loc6 Loc25 Loc97 Loc145 Loc175
Loc113 Loc77
Loc59 Loc59 Loc123
Loc151 Loc151
Loc36 Loc74
Loc7 Loc7
Loc182 Loc182
Loc45 Loc62 Loc170
Loc198 Loc96 Loc122 Loc167
Loc178 Loc27 Loc129 Loc147
Loc91 Loc91 Loc94 Loc128
Loc75 Loc75 Loc111
Loc98 Loc85 Loc149
Loc50 Loc50
Loc197 Loc44 Loc197
Loc158 Loc20 Loc140
Loc132 Loc132
Loc8 Loc8 Loc153
Loc84 Loc60 Loc101 Loc159
Loc22 Loc53 Loc183
Loc3 Loc3
Loc15 Loc15
Loc121 Loc5 Loc189
Loc37 Loc37
Loc162 Loc54 Loc144 Loc154 Loc172
Loc9 Loc9
Loc47 Loc31 Loc83 Loc163 Loc168 Loc176
Loc155 Loc61 Loc109
Loc51 Loc0 Loc51
Loc23 Loc23 Loc32 Loc95 Loc124
Loc106 Loc65 Loc106 Loc190
Loc165 Loc19 Loc110 Loc160 Loc177 Loc188
Loc56 Loc180 Loc195
Loc17 Loc17 Loc57
Loc71 Loc71
