Loc1 Loc10 Loc192 Loc119 Loc46 Loc199 Loc14 Loc185 Loc133 Loc164 Loc141 Loc174 Loc146 Loc97 Loc113 Loc151 Loc59 Loc151 Loc113 Loc18 Loc131 Loc3 Loc22 Loc183 Loc90 Loc167 Loc178 Loc94 Loc194 Loc91 Loc166 Loc135 Loc58 Loc197 Loc158 Loc186 Loc170 Loc165 Loc195 Loc56 Loc188 Loc66 Loc190 Loc193 Loc47 Loc176 Loc70 Loc15 Loc12 Loc77 Loc179 Loc172 Loc162 Loc64 Loc1
42
Loc1 Loc13 Loc16 Loc30 Loc100
Loc10 Loc67 Loc107 Loc137 Loc143
Loc192 Loc103 Loc192
Loc119 Loc38
Loc46 Loc46
Loc14 Loc14 Loc182
Loc133 Loc8 Loc133 Loc171
Loc141 Loc11 Loc141
Loc174 Loc33 Loc60 Loc101 Loc118 Loc159
Loc146 Loc6 Loc25 Loc97 Loc145 Loc175
Loc59 Loc59 Loc123
Loc151 Loc151
Loc18 Loc18
Loc131 Loc7 Loc76 Loc99
Loc3 Loc3
Loc183 Loc53 Loc183
Loc90 Loc153
Loc167 Loc62 Loc167
Loc178 Loc27 Loc147
Loc94 Loc94
Loc91 Loc91 Loc128
Loc166 Loc75 Loc111
Loc135 Loc85 Loc149
Loc58 Loc50 Loc129
Loc197 Loc44 Loc197
Loc158 Loc20 Loc132 Loc140
Loc186 Loc96 Loc122
Loc170 Loc170
Loc165 Loc19 Loc110 Loc160 Loc177 Loc180
Loc195 Loc195
Loc188 Loc188
Loc190 Loc190
Loc193 Loc0 Loc51 Loc109
Loc47 Loc31 Loc61 Loc83 Loc163 Loc168
Loc176 Loc176
Loc70 Loc23 Loc32 Loc65 Loc95 Loc106 Loc124
Loc15 Loc5 Loc15 Loc189
Loc77 Loc74 Loc77
Loc179 Loc39 Loc52
Loc172 Loc172
Loc162 Loc9 Loc17 Loc37 Loc54 Loc57 Loc144 Loc154
Loc64 Loc71
