C0 C107 C187 C82 C187 C151 C68 C121 C191 C161 C185 C166 C168 C129 C169 C152 C192 C172 C196 C137 C134 C160 C164 C122 C114 C177 C142 C139 C171 C105 C153 C145 C170 C124 C132 C193 C162 C119 C165 C123 C108 C159 C103 C195 C182 C126 C144 C181 C149 C198 C157 C101 C154 C167 C141 C190 C146 C184 C179 C0
57
C0 C0
C107 C107
C187 C97 C54 C87 C88 C120 C127
C82 C8 C25
C151 C47 C104
C68 C18 C68
C121 C95 C121 C194
C191 C31
C161 C161 C110
C185 C185 C48 C100
C166 C166
C168 C168 C93
C129 C129
C169 C169 C50
C152 C152
C192 C5 C192 C51 C1
C172 C172
C196 C11 C196 C43
C137 C137 C55 C32
C134 C134
C160 C160 C59
C164 C164
C122 C122
C114 C114
C177 C58
C142 C10 C7
C139 C139
C171 C171 C28
C105 C45 C105
C153 C153
C145 C145
C124 C124
C132 C132
C193 C193
C162 C52 C3
C119 C119
C165 C165 C57
C123 C123
C108 C66
C159 C35 C16 C63
C103 C103
C195 C19 C20
C182 C182
C126 C49
C144 C144
C181 C181
C149 C149
C198 C74 C198 C86 C71
C157 C78 C77
C101 C101
C154 C154 C30
C167 C167 C26 C27
C141 C4 C56 C141
C190 C190
C146 C146 C84
C184 C70 C24 C2
C179 C179
