9iIwk jASvw oqPYQ jASvw 9iIwk h2rea 0mah3 ChXAd 0mah3 rrNj1 Esl6u fS0W8 k64Ok ZgtaX pXCjI k6V9L vrNke 5ioW1 XZKtP 5ioW1 YH6mk Y7IDR WJNpN 1uRw3 knY3U vE0Pj WGJpQ aHGHb RhUVQ QVYVG HOs1b 1xmtC Mj2eQ ZzWHp MA43U jYfXn Ew56P LZomt QVYVG HOs1b jT5CK 6EWVx 9iIwk
24
9iIwk jT5CK 5R5Xa 9iIwk 5BDPJ
oqPYQ 0GdkR oqPYQ
jASvw jASvw
h2rea h2rea
ChXAd 1eRkH ChXAd
fS0W8 fS0W8 p9vQm BnAjj
ZgtaX veOJ7 JgjFI Vake4 iCgvV ZgtaX
pXCjI pXCjI
5ioW1 5ioW1
XZKtP bXinH XZKtP dw7aX Be0ab
YH6mk YH6mk
Y7IDR Y7IDR 4a0W8
WJNpN 5VT1H AgYPL tnjfN
1uRw3 1uRw3 jAwQw Ri2t4 1pxZM y89SK
vE0Pj vE0Pj
WGJpQ WGJpQ
aHGHb kmzhT aHGHb
RhUVQ RhUVQ
1xmtC qkJ6b XYzcU 1xmtC
ZzWHp iEXNY Mj2eQ ZzWHp
jYfXn jYfXn
Ew56P SgDk6
LZomt LZomt
QVYVG 7G74f
