9iIwk 5R5Xa 9iIwk h2rea 0mah3 rrNj1 Esl6u fS0W8 k64Ok ZgtaX BnAjj k64Ok fS0W8 Esl6u rrNj1 5R5Xa 1xmtC qkJ6b jT5CK q0lus 1uRw3 FbFgI 1uRw3 1pxZM LJqKh aHGHb WGJpQ vE0Pj knY3U 1uRw3 WJNpN Y7IDR YH6mk 5ioW1 XZKtP Be0ab 5ioW1 YH6mk WJNpN 1uRw3 Ri2t4 1uRw3 QVYVG LZomt QVYVG RKW0P jYfXn MA43U ZzWHp iEXNY jASvw oqPYQ jASvw 9iIwk 6EWVx 9iIwk
30
9iIwk 9iIwk
5R5Xa 5R5Xa
h2rea h2rea
0mah3 1eRkH ChXAd
ZgtaX veOJ7 JgjFI pXCjI Vake4 iCgvV ZgtaX
BnAjj BnAjj
fS0W8 fS0W8 p9vQm
1xmtC XYzcU 1xmtC
qkJ6b qkJ6b
jT5CK jT5CK 5BDPJ
1uRw3 1uRw3
1pxZM 1pxZM
aHGHb kmzhT aHGHb
WGJpQ WGJpQ
vE0Pj vE0Pj
knY3U jAwQw
Y7IDR Y7IDR 4a0W8
5ioW1 5ioW1
XZKtP bXinH XZKtP dw7aX
Be0ab Be0ab
YH6mk YH6mk
WJNpN 5VT1H AgYPL tnjfN
Ri2t4 Ri2t4 y89SK
QVYVG 7G74f RhUVQ
LZomt SgDk6 LZomt
jYfXn jYfXn
ZzWHp Mj2eQ ZzWHp
iEXNY iEXNY
jASvw jASvw
oqPYQ 0GdkR oqPYQ
