HAZtD 6gp0A kPB79 EyMEe vfAR8 EyMEe z82fM F7CZj iKwe0 F7CZj RN9nS ED9em CXkxa 3NU9e aWuHk 1gvq4 rH3nx AwFdf 2zHfe fExZu wVSYr WVEjT Agb0E eVDVP Ia6ul kvy7i Q5zY0 69WZh 15wtn p3gJd 9cp56 sU69u RWE9G 0FMEI tgL8p DmTRc GrnJ7 rmW0U bMhFI GfIsc DmTRc tgL8p 0FMEI RWE9G 0FMEI R6NzB v0WXM iHR3J SE1WY VJX0I R6NzB 0FMEI tgL8p DmTRc GrnJ7 iIQll Vg6Sz iPRoT Q8lcd GaZ4O H1xt8 o2JtM e7SjH o2JtM 8x5TS ejBhY 6sv9O HAKlt 0moVI SxklZ BaYb3 1VA1I IOpdQ 7kY28 Xqwfz jyRQW zcuSA 4PSW9 9cp56 u60s4 cC0Rg p3gJd DaieK XbFfE mJExt iqOI4 UqGfS kPB79 6gp0A HAZtD
37
HAZtD wnnBN
kPB79 4Tt2a 4PXv9
vfAR8 vfAR8 bW6Ms
z82fM z82fM
iKwe0 J0OP0 iKwe0 Cg1yP
ED9em 5h4rt ED9em
3NU9e RN9nS Lusir
1gvq4 GxQg8 1gvq4 lJnz7 rH3nx
AwFdf kNG2j AwFdf
fExZu SEkfX fExZu v7hOX
Agb0E VG4na WVEjT Agb0E
eVDVP eVDVP Ia6ul
69WZh 4AhmX cu5FB zrVPv jesVt mdIe6 aegld ox9Gx wedr3 69WZh
p3gJd cC0Rg p3gJd acHTt cpzS8
sU69u 5EAEu
DmTRc 4jcrD DmTRc
GrnJ7 gNinx UbqWX v9joy iaaYU
rmW0U HOuAL CHx6u 9tf0w
bMhFI bMhFI lF8gH
RWE9G R6NzB 2GCiD
iHR3J iHR3J
SE1WY TzGS5 fWz4T EgumV
Vg6Sz p4kTx iIQll Vg6Sz
Q8lcd Q8lcd
H1xt8 H1xt8
e7SjH xKTIz DuU0x 2LhKB BIY9X E6pda
0moVI 0moVI Pk19A HAKlt iimZq 6owsT 8Qx0C
SxklZ OWqP4 SxklZ VESmp
1VA1I Zok18 1VA1I
IOpdQ IOpdQ BaYb3
7kY28 7kY28 URrao fiXIW
Xqwfz pLg86
4PSW9 0F8yg zcuSA
u60s4 Zxvdf gpbSj u60s4
DaieK uPUO1 DaieK
XbFfE aWuHk O8CwF iqOI4 TlJnt
UqGfS UqGfS NqBQW X2hjX Ssao4
