HAZtD F7CZj J0OP0 EyMEe vfAR8 aWuHk DaieK p3gJd 9cp56 sU69u RWE9G 0FMEI tgL8p DmTRc GfIsc bMhFI CHx6u rmW0U GrnJ7 SEc9N v9joy GrnJ7 iIQll Vg6Sz iPRoT Q8lcd Jbr8u o2JtM TvWc0 DuU0x e7SjH o2JtM 8x5TS ejBhY 6sv9O HAKlt iimZq 6owsT OWqP4 rVnMc SxklZ BaYb3 1VA1I IOpdQ Xqwfz jyRQW Tp7uZ cC0Rg p3gJd cpzS8 AwFdf 2zHfe fExZu v7hOX fExZu 2zHfe AwFdf cpzS8 kjZGl UQeyk EgumV fWz4T iHR3J v0WXM R6NzB 0FMEI RWE9G 0FMEI tgL8p 0FMEI jesVt 4AhmX 93R2m 4AhmX jesVt 69WZh Q5zY0 kvy7i Ia6ul eVDVP Agb0E WVEjT wVSYr 2zHfe AwFdf rH3nx 1gvq4 Q9Dex 1gvq4 cC0Rg u60s4 jyRQW Xqwfz jcSDd Xqwfz jyRQW zcuSA 4PSW9 9cp56 p3gJd XbFfE O8CwF XbFfE aWuHk 3NU9e CXkxa ED9em CXkxa 3NU9e aWuHk mJExt iqOI4 UqGfS kPB79 4Tt2a kPB79 6gp0A HAZtD
52
HAZtD wnnBN
J0OP0 J0OP0 iKwe0 Cg1yP
vfAR8 z82fM vfAR8 bW6Ms
aWuHk aWuHk
DaieK uPUO1 DaieK
sU69u 5EAEu
DmTRc 4jcrD DmTRc
bMhFI bMhFI lF8gH
CHx6u CHx6u
rmW0U HOuAL 9tf0w
SEc9N gNinx UbqWX iaaYU
v9joy v9joy
iIQll p4kTx iIQll Vg6Sz
Q8lcd Q8lcd
Jbr8u H1xt8
DuU0x DuU0x BIY9X
e7SjH xKTIz 2LhKB E6pda
HAKlt 0moVI Pk19A HAKlt
iimZq iimZq 8Qx0C
6owsT OWqP4 6owsT
SxklZ SxklZ VESmp
1VA1I Zok18 1VA1I
IOpdQ IOpdQ BaYb3
cC0Rg cC0Rg
cpzS8 acHTt cpzS8
AwFdf kNG2j AwFdf
v7hOX SEkfX v7hOX
fExZu fExZu
fWz4T TzGS5 fWz4T EgumV
iHR3J iHR3J
R6NzB R6NzB
RWE9G 2GCiD
93R2m cu5FB aegld
4AhmX 4AhmX
69WZh zrVPv jesVt mdIe6 ox9Gx wedr3 69WZh
eVDVP eVDVP Ia6ul
Agb0E VG4na Agb0E
WVEjT WVEjT
rH3nx rH3nx
Q9Dex GxQg8 1gvq4 lJnz7
u60s4 Zxvdf gpbSj u60s4
Xqwfz pLg86
jcSDd 7kY28 URrao fiXIW
4PSW9 0F8yg zcuSA
p3gJd p3gJd
O8CwF O8CwF TlJnt
3NU9e RN9nS Lusir
ED9em 5h4rt ED9em
mJExt iqOI4
UqGfS UqGfS NqBQW X2hjX Ssao4
kPB79 4PXv9
4Tt2a 4Tt2a
