1 43 14 7 93 91 156 105 78 199 115 153 132 15 132 168 49 138 103 119 98 18 26 66 175 185 96 159 193 186 176 56 137 142 125 129 182 194 99 23 46 53 136 58 90 121 71 161 92 31 162 31 174 86 110 12 57 116 157 163 152 60 158 83 64 3 140 108 12 190 82 1
64
1 52
43 43
14 7 42 14
93 127 147 93 88
91 36 51 91 128
156 18 156 13
105 105
78 78
199 199 130
115 115
153 153
15 15
132 132
168 101
49 49
138 138
103 103
119 119
98 98
26 26
66 66
175 89 175
185 185
96 96
159 159
193 193
186 186
176 176
56 56
137 137
142 142
129 129
182 182
194 194
99 99
23 84 23
46 46
53 53
136 136
58 58
90 90
121 121
71 71
161 161
92 92
162 162
31 31
174 174
86 86
110 110
12 12
57 57
116 95 116
157 157
163 163
152 152
60 60
83 83
64 64
3 3
140 140
108 108
190 190
82 82
