location1 location180 location179 location178 location175 location172 location173 location170 location171 location168 location167 location166 location169 location71 location72 location73 location43 location46 location45 location48 location51 location28 location29 location32 location35 location34 location35 location38 location41 location40 location112 location109 location106 location103 location100 location101 location98 location95 location92 location91 location92 location89 location86 location17 location14 location81 location84 location85 location82 location79 location76 location75 location60 location57 location56 location59 location62 location65 location68 location156 location157 location160 location159 location156 location68 location25 location24 location23 location26 location27 location30 location33 location34 location7 location6 location3 location26 location3 location4 location7 location8 location62 location142 location139 location136 location133 location130 location2 location1
64
location1 location1
location179 location179
location178 location177
location175 location175
location173 location173
location171 location87 location171
location168 location165
location167 location167
location166 location15 location163
location169 location169
location71 location71 location147
location72 location69
location73 location73 location117 location119 location121
location43 location43
location46 location47 location49 location151
location45 location45
location51 location19 location51
location28 location31 location123
location29 location29
location35 location35
location34 location37 location149
location38 location39
location41 location41
location112 location111 location113 location115
location109 location109
location106 location105 location107
location103 location103
location100 location97 location99
location101 location101
location95 location95
location92 location93
location91 location91
location89 location89
location86 location83
location17 location17
location14 location11 location13
location81 location81
location85 location85
location79 location79
location76 location77
location75 location75
location60 location61 location63
location57 location57
location56 location53 location55
location59 location59
location65 location65
location68 location67 location125
location156 location153 location155
location157 location157
location160 location161
location159 location159
location25 location25
location24 location21
location23 location23
location27 location27
location33 location33
location7 location7
location6 location5 location9 location137
location3 location3
location142 location141 location143 location145
location139 location139
location136 location135
location133 location133
location130 location127 location129 location131
