Abbey Matilda Kayley Riley Eden Avni Isabella Lilia Nora Rayna Rebecca Ruth Tara Yoselin Karma Marisol Shannon Haven Kristina Mira Mckinley Lillie Lana Vivian Sophia Maeve Carlee Jamiya Helen Kiera Liberty Dana Jordin Ayanna Alexia Beatrice Harley Kimberly Tanya Abbey
38
Matilda Matilda
Kayley Kayley
Riley Lisa Riley
Eden Eden
Avni Avni
Isabella Isabella Presley
Lilia Lilia
Nora Nora
Rayna Rayna
Rebecca Rebecca
Ruth Ruth
Tara Tara
Yoselin Yoselin
Karma Karma
Marisol Marisol
Shannon Shannon
Haven Haven
Kristina Kristina
Mira Mira
Mckinley Mckinley
Lillie Lillie
Lana Lana
Vivian Vivian
Sophia Sophia
Maeve Maeve
Carlee Carlee
Jamiya Jamiya
Helen Helen
Kiera Kiera
Liberty Liberty
Dana Dana
Jordin Jordin
Ayanna Ayanna
Alexia Alexia
Beatrice Beatrice
Harley Harley
Kimberly Kimberly
Tanya Tanya
