Taozhuang Chharra Jackson Rosedale Gudermes Strathfield Memmingen Villa Nonsan Rutherglen Somma Donggongon Boo Ulu Southsea Calauan Artur Hechingen Uran Esmeraldas Bourbonnais Longgang Norco Vernon Tupelo Esperanza Bang Waverly Azrou Ramla Chharra Taozhuang
30
Taozhuang Taozhuang
Chharra Ilesa Besuki Wesseling Sicklerville
Jackson Jackson
Rosedale Rosedale
Gudermes Gudermes
Strathfield Strathfield
Memmingen Memmingen
Villa Cibinong Villa Aytos Rafiganj
Nonsan Nonsan
Rutherglen Gauting Rutherglen Oulmes
Somma Somma
Donggongon Donggongon
Boo Durazno Boo
Ulu Ulu
Southsea Kallio Sarandi Freetown
Calauan Calauan
Artur Camayenne New Alatyr Artur
Hechingen Hechingen
Uran Jingzhou Fort Jinotepe Pottstown Uran
Esmeraldas Esmeraldas
Bourbonnais Bourbonnais
Longgang Longgang
Norco Udumalaippettai
Vernon Middle Severodvinsk Caravaca
Tupelo Tupelo
Esperanza Esperanza
Bang Bang
Waverly Waverly
Azrou Azrou
Ramla Ramla
