Ilesa Foshan American Krymsk An Bobigny Sillanwali Krymsk Puerto Onex Hermsdorf Sceaux Valletta Calauan Rhosllanerchrugog Milagro Alexandria Memmingen Palm Marburg Meizhou Minas Mouscron Uran Tupelo Milledgeville Stuttgart Jagna Aklera Sishui Landshut Perth Great Bensheim Jashpurnagar Magomeni Polohy Alfenas Aistala Villaquilambre Stupino Ventimiglia Jiangyan Davis Puducherry Talipparamba MitryMory Bogovinje Valday Claremont Malden Ilesa
50
Ilesa Ilesa
Foshan Foshan Sirsi
American American
An An
Bobigny Bobigny
Sillanwali Sillanwali
Krymsk Ada Tiruppuvanam GernikaLumo
Puerto Puerto
Onex Onex
Hermsdorf Oberhausen Hermsdorf Aleshtar
Sceaux Sceaux
Valletta Valletta Itacoatiara
Calauan Skalica Calauan Shagamu LonsleSaunier Paredes
Rhosllanerchrugog Rhosllanerchrugog
Milagro Milagro
Alexandria Alexandria
Memmingen Memmingen WaltonontheNaze
Palm Palm
Marburg Mexborough Lille Marburg
Meizhou Meizhou
Minas New Chacabuco Dahlem
Mouscron Mouscron
Uran Azrou Uran
Tupelo Tupelo
Milledgeville Milledgeville
Stuttgart Stuttgart
Jagna Jagna
Aklera Aklera
Sishui Sishui
Landshut Landshut
Perth Resplendor Perth UlanUde Tak Shaowu Niort Sorsogon Brzeg Clermont
Great Tyoply Great
Bensheim Brunswick Bensheim Campobasso Zaozhuang Gariadhar Ramla Bang PointeClaire Oulmes Kyzylorda
Jashpurnagar Jashpurnagar
Magomeni Magomeni
Polohy Bavly Polohy
Alfenas Alfenas
Aistala Palafrugell PortVila Rutland DehiwalaMount Bon Tharu
Villaquilambre Villaquilambre
Stupino Stupino
Ventimiglia Yingkou Ventimiglia Barracas Viewpark
Jiangyan Jiangyan
Davis Davis Toledo
Puducherry Puducherry
Talipparamba Talipparamba
MitryMory Aurora Guli MitryMory Lodwar Ponta Copperas
Bogovinje Bogovinje
Valday Tupiza Valday
Claremont Claremont
Malden Malden
