Lesnoy Hueytown Brentwood Zgorzelec Beveren Pingyi Malaut Sungurlu Winsford Sun Hueytown Hudiksvall Blackpool Gisborne Artur Portogruaro Stade Ishim Visitacion GatesNorth Lesnoy
19
Lesnoy Lesnoy
Brentwood Brentwood
Zgorzelec Zgorzelec Yangambi
Beveren Kundla
Pingyi Pingyi
Malaut Malaut
Sungurlu Sungurlu
Winsford Winsford
Sun Sun
Hueytown Hueytown Franceville
Hudiksvall Hudiksvall
Blackpool Blackpool
Gisborne Dharmapuri Meerut Gisborne
Artur Artur
Portogruaro Portogruaro
Stade Stade
Ishim Ishim
Visitacion Rutherglen Visitacion Glogovac
GatesNorth GatesNorth
