108 30 102 7 51 101 49 1 183 92 83 140 131 23 6 48 34 178 78 170 128 53 90 96 57 81 174 188 35 5 26 103 136 123 156 184 71 82 56 189 177 186 54 195 95 68 50 110 75 150 179 157 107 38 31 133 63 126 112 120 138 79 46 61 17 13 44 66 21 158 64 73 193 11 148 182 99 142 25 117 191 100 137 197 151 108
57
108 69
30 121
7 7
101 101
49 49 109
1 1
183 146
92 65 84 92
83 83
140 140 43
23 129 23
48 48
178 34 130
78 78
170 170
128 128
53 37 53
96 57 96
81 81
188 188 19 153 144 174
35 14 35
5 5
26 26 45
136 136
156 187 167
184 184
82 82 71
56 56 177
186 186
54 54
95 95
68 68 85
110 110 75 77
150 150
179 179
157 157 15
38 107 190 31 38
133 133
63 63
126 126
120 120
138 138
79 79 36
46 46 32
17 67 61 17
13 44 13
66 66
64 64
73 134 73
11 39 11
148 176 148 182 28
99 99
142 114 142
117 24 117
191 100 118 181
137 137 197
151 151 143
