108 30 186 155 128 170 54 107 38 31 190 49 170 101 51 7 51 7 69 13 44 163 46 61 17 67 120 112 144 188 35 14 35 5 26 127 45 185 154 82 39 146 78 140 131 34 48 6 23 95 68 95 119 110 75 179 157 59 109 160 73 189 177 184 156 118 191 117 25 142 92 196 94 11 193 37 53 90 96 134 100 191 148 182 197 151 143 63 158 21 66 47 108
63
30 121
186 186
128 128
54 54
107 107
31 31 38
190 190
170 49 170
101 101
7 7
69 69
13 13 79
44 44 36
46 46 32
61 61
17 67 17
120 138 120
112 126
144 81 144
188 188 19 153 174
14 14 35
5 5
26 26
127 45
154 136
82 56 82 71
39 39
146 146
78 78
140 83 140 43 130
34 34
48 48
23 129 23
68 68 85
95 95
119 110 1 77
75 75 150
179 179
157 157 15
109 109
73 73
177 177
184 184
156 187 167
118 118
117 24 117
142 114 142
92 65 92
196 84
11 11
37 37 64
53 53
96 57 96
134 134
100 100 181
148 176 148 28
182 99 182
197 137 197
151 151
143 143
63 63
66 66
47 133
