1 11 96 26 84 119 72 107 73 71 144 65 78 116 90 56 94 29 138 5 102 77 36 23 132 50 60 122 48 47 24 17 6 20 114 32 18 140 66 128 126 41 70 136 118 52 1 59 12 80 10 100 3 64 58 40 82 112 106 76 34 44 42 68 30 125 130 28 22 16 120 131 1 113 46 101 3 104 99 124 142 89 54 137 108 2 1 14 1
81
1 35 38 62 74 83 86 95 98 110 134 143
11 11
96 96
26 26
84 84
119 119
72 72
107 107
71 71
144 144
65 65
78 78
116 116
90 90
56 56
94 4 8 53 88 92 94
29 29
138 138
5 5
102 102
77 77
36 36
23 23
132 132
50 50
60 60
122 122
48 48
47 47
24 24
17 17
6 6
20 20
114 114
32 32
18 18
140 140
66 66
128 128
126 126
41 41
70 70
136 136
118 118
52 52
59 59
12 12
80 80
10 10
100 100
64 64
58 58
40 40
82 82
112 112
106 106
76 76
34 34
44 44
42 42
68 68
30 30
125 125
130 130
28 28
22 22
16 16
120 120
131 131
113 113
46 46
101 101
104 104
124 124
142 142
89 89
54 54
137 137
108 108
2 2
14 14
