create top think farewell accessible ballot crew basketball minimize adult skip bracket pride creation maze community scrap nationalism deck breakin tin exotic line colon cancel direct pupil predict steward pastel suffer mechanism prove celebration perception belief contract battery fuss magnitude concern absorption feign company hide merit childish create
47
create appear
top top
think think
farewell farewell
accessible accessible
ballot ballot
crew crew
basketball basketball
minimize minimize
adult adult
skip skip
bracket bracket
pride pride
creation creation
maze linear maze
community community
scrap scrap
nationalism nationalism
deck deck
breakin breakin
tin tin transmission
exotic exotic
line line
colon colon
cancel cancel
direct direct
pupil pupil
predict predict
steward steward
pastel pastel
suffer suffer
mechanism mechanism
prove prove
celebration celebration
perception perception
belief dose belief
contract contract
battery battery
fuss fuss
magnitude magnitude
concern concern
absorption absorption
feign feign
company company
hide hide
merit merit
childish childish
