pride hide shelter thread formation present mechanism skip battery whole dedicate thank leash appear pupil transaction adult bracket wrong huge childish deck valid desk magnetic transmission farewell seller line scrap prove mosaic company fuss ballot makeup tin basketball direct deter crew dose perception berry car dramatic denial breakin salmon colon equinox trance minimize community east pastel maze loud contract predict accessible cancel knit linear offensive mind gift partnership celebration integrated concern lobby traction top create steward absorption merit exotic dilemma think work fortune belief homosexual creation glide rabbit nationalism domestic tribe feign vote magnitude craftsman inhibition suffer bring pride
98
pride pride
hide hide
shelter shelter
thread thread
formation formation
present present
mechanism mechanism
skip skip
battery battery
whole whole
dedicate dedicate
thank thank
leash leash
appear appear
pupil pupil
transaction transaction
adult adult
bracket bracket
wrong wrong
huge huge
childish childish
deck deck
valid valid
desk dialect desk
magnetic magnetic
transmission transmission
farewell farewell
seller seller
line line
scrap scrap
prove prove
mosaic mosaic
company company
fuss fuss
ballot ballot
makeup makeup
tin tin
basketball basketball
direct direct
deter deter
crew crew
dose dose
perception perception
berry berry
car car
dramatic dramatic
denial denial
breakin breakin
salmon salmon
colon colon
equinox equinox
trance trance snap
minimize minimize
community community
east east
pastel pastel
maze maze
loud loud
contract contract
predict predict
accessible accessible
cancel cancel
knit knit
linear linear
offensive offensive
mind mind
gift gift
partnership partnership
celebration celebration
integrated integrated
concern concern
lobby lobby
traction traction
top top
create create
steward steward
absorption absorption
merit merit
exotic exotic
dilemma dilemma
think think
work work
fortune fortune
belief belief
homosexual homosexual
creation creation
glide glide
rabbit rabbit
nationalism nationalism
domestic domestic
tribe tribe
feign feign
vote vote
magnitude magnitude
craftsman craftsman
inhibition inhibition
suffer suffer
bring bring
