steward childish top basketball company perception creation battery ballot hide farewell adult exotic crew think tin minimize pastel community linear scrap belief skip deck steward
23
childish childish
top top
basketball basketball
company company
perception perception
creation appear creation
battery battery
ballot ballot
hide concern hide
farewell farewell
adult adult
exotic exotic
crew crew
think think
tin tin
minimize minimize
pastel pastel
community community
linear linear
scrap scrap
belief belief
skip skip
deck deck
