location4 location3 location55 location85 location36 location50 location93 location77 location38 location28 location61 location99 location79 location15 location68 location76 location91 location11 location92 location54 location44 location53 location83 location75 location57 location18 location2 location81 location78 location88 location14 location16 location74 location47 location6 location24 location56 location13 location69 location9 location43 location37 location34 location4
40
location4 location4
location3 location89 location3
location55 location55
location85 location85
location36 location36
location50 location60 location50
location93 location93
location77 location77
location38 location38
location28 location28
location61 location94 location61 location95
location99 location99
location79 location79
location15 location15
location68 location98 location68
location76 location1 location76
location91 location91
location11 location11
location54 location54
location44 location44
location53 location53
location83 location83
location57 location57
location2 location2
location81 location81
location78 location78
location88 location88
location14 location62
location16 location16 location23
location74 location74
location47 location47
location6 location6
location24 location24
location56 location56
location13 location13
location69 location69 location66
location9 location86
location43 location43 location70 location0
location37 location37
location34 location34
