1 114 1 168 169 168 1 22 24 23 22 1 10 13 11 12 10 1 156 1 64 1 100 101 102 105 102 101 100 1 50 51 52 54 53 55 52 51 50 1 72 73 74 72 1 6 1 14 1 106 1 160 162 161 160 1 18 19 18 1 2 5 2 1 110 113 111 112 110 1 118 119 118 1 26 27 28 27 26 1 164 1 176 177 178 177 176 1 122 123 124 122 1 150 151 152 155 152 151 150 1 126 127 128 127 126 1 60 63 61 60 1 76 77 78 77 76 1 172 173 174 172 1 68 69 68 1 56 1
40
114 115 116 117
169 169 170 171
24 24 25
23 23
13 13
11 11
12 12
156 157 158 159
64 65 66 67
105 103 104 105
54 54
53 53
55 55
73 73
74 74 75
6 7 8 9
14 15 16 17
106 107 108 109
162 162
161 161 163
19 19 20 21
5 3 4 5
113 113
111 111
112 112
119 119 120 121
28 28 30
164 165 166 167
178 178 180
123 123
124 124 125
155 153 154 155
128 128 130
63 63
61 61 62
78 78 80
173 173
174 174 175
69 69 70 71
56 57 58 59
