3a 95a 59a 41a 22a 32a 43a 5a 93a 64a 4a 47a 73a 70a 62a 71a 30a 58a 35a 24a 87a 88a 24a 44a 39a 14a 34a 13a 31a 2a 10a 16a 42a 20a 52a 103a 83a 37a 96a 89a 49a 80a 53a 51a 0a 59a 48a 95a 3a
32
41a 41a
22a 77a 22a
32a 32a
43a 43a 1a
5a 5a
93a 93a
64a 64a 23a 28a 57a
4a 4a
47a 47a
73a 56a 73a
62a 62a
71a 71a
30a 65a 30a
58a 58a 67a
35a 35a
87a 87a 15a
88a 88a 21a
44a 44a
39a 60a 39a 25a
34a 34a 14a 66a
31a 99a 31a
10a 38a 7a
16a 16a
42a 42a
52a 52a
83a 61a 37a 40a 84a 83a 72a
96a 79a 29a 75a 96a
49a 49a 98a 92a 6a
53a 9a 80a 53a
51a 51a
0a 0a
48a 48a
