loc0 loc66 loc9 loc4 loc48 loc20 loc90 loc21 loc44 loc30 loc46 loc24 loc56 loc24 loc40 loc51 loc70 loc42 loc86 loc39 loc54 loc96 loc15 loc80 loc18 loc14 loc12 loc2 loc63 loc60 loc74 loc36 loc82 loc78 loc34 loc36 loc62 loc27 loc58 loc27 loc38 loc0
34
loc0 loc0
loc66 loc66
loc4 loc4
loc48 loc10 loc32 loc48 loc50
loc20 loc20
loc90 loc6 loc90
loc44 loc44
loc30 loc30
loc46 loc46
loc56 loc56
loc24 loc24
loc40 loc40
loc51 loc76
loc70 loc70
loc42 loc8 loc42 loc84 loc88
loc86 loc86
loc39 loc64 loc72 loc94
loc54 loc54
loc96 loc96
loc80 loc80
loc18 loc18 loc52
loc14 loc14
loc12 loc12
loc2 loc2
loc63 loc28 loc98
loc60 loc60
loc74 loc74
loc36 loc36 loc68
loc82 loc82
loc78 loc22 loc26 loc78
loc34 loc34
loc62 loc62
loc58 loc16 loc58 loc92
loc38 loc38
