loc0 loc132 loc36 loc160 loc174 loc198 loc162 loc180 loc45 loc134 loc90 loc144 loc148 loc48 loc106 loc165 loc126 loc28 loc63 loc124 loc27 loc66 loc68 loc24 loc110 loc51 loc130 loc168 loc70 loc42 loc153 loc186 loc78 loc22 loc117 loc86 loc39 loc94 loc117 loc158 loc117 loc100 loc192 loc112 loc159 loc108 loc12 loc0
45
loc0 loc0
loc132 loc2 loc38 loc62 loc74 loc132
loc36 loc36 loc102 loc196
loc160 loc160
loc174 loc56 loc174 loc190
loc198 loc44 loc198
loc162 loc30 loc162
loc180 loc180
loc45 loc6 loc164 loc182
loc134 loc134
loc90 loc90 loc104 loc170
loc144 loc20 loc32 loc144
loc148 loc148
loc48 loc10 loc48 loc50
loc106 loc106
loc165 loc4 loc128
loc126 loc126
loc28 loc28 loc60
loc63 loc98
loc124 loc124
loc27 loc16 loc58 loc92 loc116
loc66 loc66 loc120 loc156
loc68 loc68
loc24 loc24 loc46 loc114
loc110 loc110
loc51 loc40 loc76
loc130 loc130
loc168 loc118 loc168
loc70 loc70
loc42 loc8 loc42 loc84 loc166 loc176 loc188
loc153 loc88 loc138 loc152
loc186 loc34 loc186
loc78 loc26 loc78
loc22 loc22 loc82
loc86 loc86
loc39 loc54 loc64 loc72 loc140 loc142
loc94 loc94
loc117 loc136 loc154 loc194
loc158 loc158
loc100 loc100
loc192 loc18 loc80 loc122 loc172 loc178 loc192
loc112 loc96 loc112
loc159 loc52 loc184
loc108 loc14 loc108
loc12 loc12 loc146 loc150
