0 1 2 3 4 5 15 26 16 7 8 18 29 38 48 57 67 76 77 88 98 108 117 127 136 147 156 166 155 154 164 153 143 132 122 123 113 114 105 95 96 106 95 94 84 83 73 72 71 72 82 92 103 102 103 104 105 106 107 108 118 129 138 149 158 168 178 189 188 187 196 186 185 184 183 182 171 161 150 140 130 120 110 100 90 81 70 61 51 42 43 33 23 12 2 11 21 10 0
48
4 5 4
26 15 16 26 45
8 9 18 8 17
29 29 39
48 48 37
67 68 67
76 86 76 87
77 77
98 99 98 89
127 127 116
147 146 147
166 166 175 167 165 176
155 154 155
164 164 153
143 152 132 133
122 122 111
123 123
114 125 114
95 95
96 96
94 94
83 83
73 64 73
71 61 71 70
72 72
82 82
103 103
102 101 102
104 104
105 105
107 107
108 108 118
129 139 129
149 158 149
178 178 188
189 189 199 198
196 186 196 187
183 184 183
182 181 182
161 160 151 150 161
140 140
130 130 120
81 80 81
42 31 51 42
43 53 43
33 33 24
2 12 2
21 20 22 21
