0 27 7 59 19 15 8 20 95 44 89 2 35 69 65 5 50 49 25 3 82 18 10 57 71 75 48 61 76 21 53 24 38 33 79 81 74 92 54 4 64 73 87 12 29 46 88 77 52 98 9 70 34 80 62 68 60 47 22 93 26 16 17 39 42 56 67 78 97 41 6 37 90 86 31 30 23 43 63 13 36 91 28 32 58 72 51 1 99 55 40 66 84 96 14 45 0
96
0 0
27 27
7 7
59 59
19 19
15 15
8 8 85
20 20
95 95
44 44
89 89
2 2
35 35
69 69
65 65
5 5
50 50
49 49
25 25
3 3
82 82
18 18
10 10
57 57
71 71
75 75
48 48
61 61
76 76
21 21
53 53
24 24
38 38
33 33
79 79
81 81
74 74
92 92
54 54
4 4
64 64
73 73
87 87
12 12
29 29
46 46
88 88
77 77
52 52
98 98
9 9
70 70
34 34
80 80
62 62
68 68
60 60
47 47 83
22 22
93 93
26 26
16 16
17 17
39 39
42 42
56 56
67 67
78 78
97 97
41 41
6 6
37 37
90 90
86 11 86
31 31
30 30
23 23
43 43
63 63
13 13
36 36
91 91
28 28
32 32
58 58
72 72
51 51
1 1
99 99
55 55
40 40
66 66
84 84
96 94 96
14 14
45 45
