Qatar Georgia Mali DemofChina Singapore Peru Kosovo Tunisia Tajikistan Belgium Montenegro Uzbekistan UnitedKingdom Haiti GuineaBissau Tuvalu Egypt Gabon Guyana Estonia SanMarino CzechRepublic VaticanCity Lebanon Senegal RussianFederation Tanzania Morocco Kyrgyzstan Belarus Liberia Malta Angola CostaRica Sweden Mozambique SierraLeone Andorra Nicaragua Albania France Mongolia SaintLucia Danzig UAE Armenia Macedonia Burundi Australia Qatar
49
Qatar Netherlands America
Georgia Georgia
Mali Mali
DemofChina DemofChina
Singapore Singapore
Peru Peru
Kosovo Kosovo
Tunisia Tunisia
Tajikistan Tajikistan
Belgium Belgium
Montenegro Montenegro
Uzbekistan Uzbekistan
UnitedKingdom UnitedKingdom
Haiti Haiti
GuineaBissau GuineaBissau
Tuvalu Tuvalu
Egypt Egypt
Gabon Gabon
Guyana Guyana
Estonia Estonia
SanMarino SanMarino
CzechRepublic CzechRepublic
VaticanCity VaticanCity
Lebanon Lebanon
Senegal Senegal
RussianFederation RussianFederation
Tanzania Tanzania
Morocco Morocco
Kyrgyzstan Kyrgyzstan
Belarus Belarus
Liberia Liberia
Malta Malta
Angola Angola
CostaRica CostaRica
Sweden Sweden
Mozambique Mozambique
SierraLeone SierraLeone
Andorra Andorra
Nicaragua Nicaragua
Albania Albania
France France
Mongolia Mongolia
SaintLucia SaintLucia
Danzig Danzig
UAE UAE
Armenia Armenia
Macedonia Macedonia
Burundi Burundi
Australia Australia
