Albania Suriname Greece Seychelles Bhutan Mongolia PapuaNewGuinea CentralAfricanRep Andorra MountAthos Togo Qatar UAE Germany Serbia UnitedKingdom Portugal Eritrea SaudiArabia Kazakhstan Philippines Mauritania Algeria Nepal Burma NewZealand Danzig SriLanka Burkina Paraguay Netherlands IvoryCoast Pakistan Mali Poland Israel Rwanda Gabon Guatemala Japan RussianFederation Lithuania VaticanCity SolomonIslands Ethiopia TheGambia Newfoundland Kosovo Panama SaintLucia Liechtenstein NorthKorea Lesotho Comoros Cyprus Yemen Switzerland Estonia Argentina Fiji Italy SaintKitts Bulgaria Jamaica Dominica Cuba Niger SaoTomPrincipe Djibouti France BosHerzegovina Vanuatu Grenada Australia Laos Brazil Ukraine Mauritius Cambodia Latvia Luxembourg Malaysia Belarus EquatorGuinea Norway Finland CapeVerde America Peru Maldives Thailand Venezuela Tanzania Chile Kiribati Bahamas Slovenia SierraLeone Albania
95
Suriname Hungary Suriname
Greece Tunisia Romania Greece
Seychelles Rome Seychelles
Bhutan Bhutan Ethiopia
Mongolia Mongolia
PapuaNewGuinea PapuaNewGuinea
CentralAfricanRep CentralAfricanRep
Andorra Andorra
MountAthos MountAthos
Togo Togo
Qatar Qatar
UAE UAE
Germany Germany
Serbia Serbia
UnitedKingdom UnitedKingdom
Portugal Portugal
Eritrea Eritrea
SaudiArabia SaudiArabia
Kazakhstan Kazakhstan
Philippines Philippines
Mauritania Mauritania
Algeria Algeria
Nepal Nepal
Burma Burma
NewZealand NewZealand
Danzig Danzig
SriLanka SriLanka
Burkina Burkina
Paraguay Paraguay
IvoryCoast IvoryCoast
Pakistan Pakistan
Mali Mali
Poland Poland
Israel Israel
Rwanda Rwanda
Gabon Gabon
Guatemala Guatemala
Japan Japan
RussianFederation RussianFederation
Lithuania Lithuania
VaticanCity VaticanCity
SolomonIslands SolomonIslands
TheGambia TheGambia
Newfoundland Newfoundland
Kosovo Kosovo
Panama Panama
SaintLucia SaintLucia
Liechtenstein Liechtenstein
NorthKorea NorthKorea
Lesotho Lesotho
Comoros Comoros
Cyprus Cyprus
Yemen Yemen
Switzerland Switzerland
Estonia Estonia
Argentina Argentina
Fiji Fiji
Italy Italy
SaintKitts SaintKitts
Bulgaria Bulgaria
Jamaica Jamaica
Dominica Dominica
Cuba Cuba
Niger Niger
SaoTomPrincipe SaoTomPrincipe
Djibouti Djibouti
France France
BosHerzegovina BosHerzegovina
Vanuatu Vanuatu
Grenada Grenada
Australia Australia
Laos Laos
Brazil Brazil
Ukraine Ukraine
Mauritius Mauritius
Cambodia Cambodia
Latvia Latvia
Luxembourg Luxembourg
Malaysia Malaysia
Belarus Belarus
EquatorGuinea EquatorGuinea
Norway Norway
Finland Finland
CapeVerde CapeVerde
America America
Peru Peru
Maldives Maldives
Thailand Thailand
Venezuela Venezuela
Tanzania Tanzania
Chile Chile
Kiribati Kiribati
Bahamas Bahamas
Slovenia Slovenia
SierraLeone SierraLeone
