l0 h0 h4 l40 h3 h7 h42 h6 h11 h45 h5 h44 h25 h39 l13 l36 l13 h47 h34 h38 h15 l32 h36 l12 h16 l12 h17 h43 h17 h37 h14 l15 h12 l0 l38 h29 l30 h30 h21 h30 h20 h18 l0
31
l0 h1
h0 h0 h2
h4 h4
h3 h3 h5 h8
h7 h7 h10
h42 h42
h6 h6
h11 h9 h11
h45 h45
h44 h24 h44
h25 h25
h39 h39
l13 h26 h40
l36 h41 h46
h47 h33 h47
h34 h34 h35
h38 h38
h15 h15
h36 h36
h16 h16
h17 h17
h43 h43
h37 h37
h14 h14
h12 h12 h13 h49
h29 h29 h32
l30 h23 h27 h28
h30 h30 h48
h21 h21 h22
h20 h19 h20
h18 h18 h31
