l0 h0 h92 h58 l91 h67 h54 l42 h59 h61 l97 h82 h64 h86 h43 l21 l62 h16 l45 h14 l45 h29 h80 h28 l95 h23 h80 h17 l53 l72 h27 l31 l13 h8 l88 l20 h49 h31 l39 h98 l28 l10 h66 l59 h66 h11 h88 h65 h12 h4 h53 h20 h57 h94 h56 l17 h34 h32 h79 h35 h90 h3 l0
44
l0 h0
h92 h24 h46 h47 h92
h58 h6 h58 h84
l91 h25
h67 h67 h73
h54 h54 h55 h96
l42 h59 h81
h61 h61
h82 h60 h82
h86 h64 h86
h43 h43
h16 h15 h16 h85
h14 h14 h71
h29 h7 h29 h70 h76
h80 h50 h80
h28 h28
l95 h44 h45 h51
h23 h22 h23 h77
h17 h17
l72 h62
h27 h27
l31 h26 h63
h8 h8
l88 h9 h36 h40 h95
l20 h37 h41 h87
h49 h48 h49
h31 h31 h69 h78
h98 h98
l28 h21
h66 h66 h72
l59 h38 h75
h11 h11
h88 h19 h42 h65 h88 h99
h12 h12 h13 h97
h4 h4 h5 h18
h53 h52 h53
h20 h10 h20
h57 h57 h93
h94 h56 h94
h32 h30 h32
h79 h33 h68 h79
h35 h34 h35
h90 h39 h90
h3 h1 h2 h3 h74 h83 h89 h91
