vBhpoFdJZxyttIlfaf7D XX8iZd9Mw56dkKCstFAC qkrT0EYt8AHuefFD25g1 XWHR07Y6kfSBbEuD62PN JEGgKJfdY8owvwdYhKMk rkMvLqMMN5Aq3onq5XeZ 535WuquKiicRqEyzCI3d MiPSEwVMn3bbGh4tbRTf vLwJebpyApE3MPksc9OW d6xeP6xeDJ3O2jY8D4pB WwLzOfqcc3FIzub2jh8R 9B0w6Ahn3NsugfNn6veD 6koX1rNvAwrB84m39eQv 6PPTzNGrNxrgfdvm8cwZ 17OoKHzumyPaqfjSSc7S oFNlFPub6zLirsQwo0fu fp9JaV5iTp8QxXwwkR68 uUumBfQJDh6S0d06Kb78 fHfopcx4v3MKBN0TMn7s ohy3S5QXymEhh63dMBQE R7crXexksQ4TN5zY2ck3 InZnvPu8h9zAoLCNj2in 2LthmnS3Cdd5FBfY5GQ9 8Le4AI986fwHZXPoOMK1 RpMJGAvULIBCQ0RI369s cs6LkMYfySGYUzb8VLcc WN0Nl06Zx9w6LYUHMZam jTdja1e2hUhydiExPlJM RRlYwTFLYqL48JIMSAmC qM7lEl3z2COceXw7x0EC 37APL8dpwT5Ds5AIG0t4 NAqhSs9OpS9XtIaJtTCD n2Cqtp5v2DuwGX7LhuzE nB1RHSnvjX4nG0Tch5En XBxLd5K0m0Gtk5fTL45q zs7X4IJgeJEM8iqAbvF3 eKaPpzrMwOPxNzeoOSFH EHYUZOt1fTtm7KJue8on XYk0VV4ujV55qqS8YiHV W1jWYYdH0atiKtbaVDRT J00g7hlLLSWTXvTYK9v2 DybFcuyeWxt51LawzVvs mv3tFPDoT2NlrLp24T9l 8mLI4Cl8exxeLw5eLCvi 4ilNvg3IkxoJuvkwqYsS 7PoxePhwnlLvMilKVpER R6ZzYYWqarkWldqbKDab vBhpoFdJZxyttIlfaf7D
46
XX8iZd9Mw56dkKCstFAC XX8iZd9Mw56dkKCstFAC
qkrT0EYt8AHuefFD25g1 qkrT0EYt8AHuefFD25g1
XWHR07Y6kfSBbEuD62PN XWHR07Y6kfSBbEuD62PN
JEGgKJfdY8owvwdYhKMk JEGgKJfdY8owvwdYhKMk
rkMvLqMMN5Aq3onq5XeZ rkMvLqMMN5Aq3onq5XeZ
535WuquKiicRqEyzCI3d 535WuquKiicRqEyzCI3d
MiPSEwVMn3bbGh4tbRTf MiPSEwVMn3bbGh4tbRTf
vLwJebpyApE3MPksc9OW vLwJebpyApE3MPksc9OW
d6xeP6xeDJ3O2jY8D4pB rMd1TXBMCuFfO59jF1Tq d6xeP6xeDJ3O2jY8D4pB
WwLzOfqcc3FIzub2jh8R WwLzOfqcc3FIzub2jh8R
9B0w6Ahn3NsugfNn6veD 9B0w6Ahn3NsugfNn6veD
6koX1rNvAwrB84m39eQv tUVqKo1E6AibIE6zShkv 6koX1rNvAwrB84m39eQv
6PPTzNGrNxrgfdvm8cwZ 6PPTzNGrNxrgfdvm8cwZ
17OoKHzumyPaqfjSSc7S 17OoKHzumyPaqfjSSc7S
oFNlFPub6zLirsQwo0fu oFNlFPub6zLirsQwo0fu
fp9JaV5iTp8QxXwwkR68 fp9JaV5iTp8QxXwwkR68
uUumBfQJDh6S0d06Kb78 uUumBfQJDh6S0d06Kb78
fHfopcx4v3MKBN0TMn7s fHfopcx4v3MKBN0TMn7s
ohy3S5QXymEhh63dMBQE ohy3S5QXymEhh63dMBQE wHEcyeduhdH7p3Lr1PtC
R7crXexksQ4TN5zY2ck3 R7crXexksQ4TN5zY2ck3
InZnvPu8h9zAoLCNj2in InZnvPu8h9zAoLCNj2in
2LthmnS3Cdd5FBfY5GQ9 2LthmnS3Cdd5FBfY5GQ9
8Le4AI986fwHZXPoOMK1 8Le4AI986fwHZXPoOMK1
RpMJGAvULIBCQ0RI369s RpMJGAvULIBCQ0RI369s
cs6LkMYfySGYUzb8VLcc cs6LkMYfySGYUzb8VLcc
WN0Nl06Zx9w6LYUHMZam WN0Nl06Zx9w6LYUHMZam
jTdja1e2hUhydiExPlJM jTdja1e2hUhydiExPlJM
RRlYwTFLYqL48JIMSAmC RRlYwTFLYqL48JIMSAmC
qM7lEl3z2COceXw7x0EC iki3BohF22ET0rMPxXQ5 qM7lEl3z2COceXw7x0EC
37APL8dpwT5Ds5AIG0t4 37APL8dpwT5Ds5AIG0t4
NAqhSs9OpS9XtIaJtTCD NAqhSs9OpS9XtIaJtTCD
n2Cqtp5v2DuwGX7LhuzE n2Cqtp5v2DuwGX7LhuzE
nB1RHSnvjX4nG0Tch5En nB1RHSnvjX4nG0Tch5En
XBxLd5K0m0Gtk5fTL45q XBxLd5K0m0Gtk5fTL45q
zs7X4IJgeJEM8iqAbvF3 zs7X4IJgeJEM8iqAbvF3
eKaPpzrMwOPxNzeoOSFH eKaPpzrMwOPxNzeoOSFH
EHYUZOt1fTtm7KJue8on EHYUZOt1fTtm7KJue8on
XYk0VV4ujV55qqS8YiHV XYk0VV4ujV55qqS8YiHV
W1jWYYdH0atiKtbaVDRT W1jWYYdH0atiKtbaVDRT
J00g7hlLLSWTXvTYK9v2 J00g7hlLLSWTXvTYK9v2
DybFcuyeWxt51LawzVvs DybFcuyeWxt51LawzVvs
mv3tFPDoT2NlrLp24T9l mv3tFPDoT2NlrLp24T9l
8mLI4Cl8exxeLw5eLCvi 8mLI4Cl8exxeLw5eLCvi
4ilNvg3IkxoJuvkwqYsS 4ilNvg3IkxoJuvkwqYsS
7PoxePhwnlLvMilKVpER 7PoxePhwnlLvMilKVpER
R6ZzYYWqarkWldqbKDab R6ZzYYWqarkWldqbKDab
