vBhpoFdJZxyttIlfaf7D JEGgKJfdY8owvwdYhKMk n2Cqtp5v2DuwGX7LhuzE oFNlFPub6zLirsQwo0fu 9B0w6Ahn3NsugfNn6veD WwLzOfqcc3FIzub2jh8R XBxLd5K0m0Gtk5fTL45q 535WuquKiicRqEyzCI3d W1jWYYdH0atiKtbaVDRT 4ilNvg3IkxoJuvkwqYsS 7PoxePhwnlLvMilKVpER XX8iZd9Mw56dkKCstFAC XWHR07Y6kfSBbEuD62PN qkrT0EYt8AHuefFD25g1 uUumBfQJDh6S0d06Kb78 6PPTzNGrNxrgfdvm8cwZ R7crXexksQ4TN5zY2ck3 InZnvPu8h9zAoLCNj2in fHfopcx4v3MKBN0TMn7s rMd1TXBMCuFfO59jF1Tq MiPSEwVMn3bbGh4tbRTf nB1RHSnvjX4nG0Tch5En 8Le4AI986fwHZXPoOMK1 2LthmnS3Cdd5FBfY5GQ9 R6ZzYYWqarkWldqbKDab rkMvLqMMN5Aq3onq5XeZ ohy3S5QXymEhh63dMBQE eKaPpzrMwOPxNzeoOSFH zs7X4IJgeJEM8iqAbvF3 NAqhSs9OpS9XtIaJtTCD J00g7hlLLSWTXvTYK9v2 8mLI4Cl8exxeLw5eLCvi mv3tFPDoT2NlrLp24T9l d6xeP6xeDJ3O2jY8D4pB vLwJebpyApE3MPksc9OW RpMJGAvULIBCQ0RI369s qM7lEl3z2COceXw7x0EC iki3BohF22ET0rMPxXQ5 cs6LkMYfySGYUzb8VLcc WN0Nl06Zx9w6LYUHMZam jTdja1e2hUhydiExPlJM fp9JaV5iTp8QxXwwkR68 tUVqKo1E6AibIE6zShkv 6koX1rNvAwrB84m39eQv XYk0VV4ujV55qqS8YiHV EHYUZOt1fTtm7KJue8on RRlYwTFLYqL48JIMSAmC wHEcyeduhdH7p3Lr1PtC vBhpoFdJZxyttIlfaf7D
48
vBhpoFdJZxyttIlfaf7D 37APL8dpwT5Ds5AIG0t4
JEGgKJfdY8owvwdYhKMk JEGgKJfdY8owvwdYhKMk
n2Cqtp5v2DuwGX7LhuzE n2Cqtp5v2DuwGX7LhuzE
oFNlFPub6zLirsQwo0fu oFNlFPub6zLirsQwo0fu
9B0w6Ahn3NsugfNn6veD 9B0w6Ahn3NsugfNn6veD
WwLzOfqcc3FIzub2jh8R WwLzOfqcc3FIzub2jh8R
XBxLd5K0m0Gtk5fTL45q XBxLd5K0m0Gtk5fTL45q
535WuquKiicRqEyzCI3d 535WuquKiicRqEyzCI3d
W1jWYYdH0atiKtbaVDRT W1jWYYdH0atiKtbaVDRT
4ilNvg3IkxoJuvkwqYsS 4ilNvg3IkxoJuvkwqYsS
7PoxePhwnlLvMilKVpER 7PoxePhwnlLvMilKVpER
XX8iZd9Mw56dkKCstFAC XX8iZd9Mw56dkKCstFAC
XWHR07Y6kfSBbEuD62PN XWHR07Y6kfSBbEuD62PN
qkrT0EYt8AHuefFD25g1 qkrT0EYt8AHuefFD25g1
uUumBfQJDh6S0d06Kb78 uUumBfQJDh6S0d06Kb78
6PPTzNGrNxrgfdvm8cwZ 17OoKHzumyPaqfjSSc7S 6PPTzNGrNxrgfdvm8cwZ
R7crXexksQ4TN5zY2ck3 R7crXexksQ4TN5zY2ck3
InZnvPu8h9zAoLCNj2in InZnvPu8h9zAoLCNj2in
fHfopcx4v3MKBN0TMn7s fHfopcx4v3MKBN0TMn7s
rMd1TXBMCuFfO59jF1Tq rMd1TXBMCuFfO59jF1Tq
MiPSEwVMn3bbGh4tbRTf MiPSEwVMn3bbGh4tbRTf
nB1RHSnvjX4nG0Tch5En nB1RHSnvjX4nG0Tch5En
8Le4AI986fwHZXPoOMK1 8Le4AI986fwHZXPoOMK1
2LthmnS3Cdd5FBfY5GQ9 2LthmnS3Cdd5FBfY5GQ9
R6ZzYYWqarkWldqbKDab R6ZzYYWqarkWldqbKDab
rkMvLqMMN5Aq3onq5XeZ rkMvLqMMN5Aq3onq5XeZ
ohy3S5QXymEhh63dMBQE ohy3S5QXymEhh63dMBQE
eKaPpzrMwOPxNzeoOSFH DybFcuyeWxt51LawzVvs eKaPpzrMwOPxNzeoOSFH
zs7X4IJgeJEM8iqAbvF3 zs7X4IJgeJEM8iqAbvF3
NAqhSs9OpS9XtIaJtTCD NAqhSs9OpS9XtIaJtTCD
J00g7hlLLSWTXvTYK9v2 J00g7hlLLSWTXvTYK9v2
8mLI4Cl8exxeLw5eLCvi 8mLI4Cl8exxeLw5eLCvi
mv3tFPDoT2NlrLp24T9l mv3tFPDoT2NlrLp24T9l
d6xeP6xeDJ3O2jY8D4pB d6xeP6xeDJ3O2jY8D4pB
vLwJebpyApE3MPksc9OW vLwJebpyApE3MPksc9OW
RpMJGAvULIBCQ0RI369s RpMJGAvULIBCQ0RI369s
qM7lEl3z2COceXw7x0EC qM7lEl3z2COceXw7x0EC
iki3BohF22ET0rMPxXQ5 iki3BohF22ET0rMPxXQ5
cs6LkMYfySGYUzb8VLcc cs6LkMYfySGYUzb8VLcc
WN0Nl06Zx9w6LYUHMZam WN0Nl06Zx9w6LYUHMZam
jTdja1e2hUhydiExPlJM jTdja1e2hUhydiExPlJM
fp9JaV5iTp8QxXwwkR68 fp9JaV5iTp8QxXwwkR68
tUVqKo1E6AibIE6zShkv tUVqKo1E6AibIE6zShkv
6koX1rNvAwrB84m39eQv 6koX1rNvAwrB84m39eQv
XYk0VV4ujV55qqS8YiHV XYk0VV4ujV55qqS8YiHV
EHYUZOt1fTtm7KJue8on EHYUZOt1fTtm7KJue8on
RRlYwTFLYqL48JIMSAmC RRlYwTFLYqL48JIMSAmC
wHEcyeduhdH7p3Lr1PtC wHEcyeduhdH7p3Lr1PtC
