Mf966TmCJF9l0PTKetVd dOWv4G57nxm9UArCvQlq flliQzyn5hSC8yLOMyYJ jAzyDyaN1mD5Ei1RjCiO OGxA8YvD4WfIxOfmtWm4 trOoQ3enuOI8GUJqwAMC GzkbHop7cJv0CvjQalTE aU4DeG46NC8vRU6N0ahg KKiBHd9DTQAd6AZYxlK3 4CVQrsejmjPmVL7elf2w CHHJQHxp9VQGraviPBS2 pxBA1Tii62WPeRWcccVp 5ebtvAsyAh8vEmm1Z3wm 56ePYTmTGzdOHfvnLEPd byF5FvS6RJUrgCsP3o6T 4mdSIFCsq2HySOzm2H4M S0PhmGw8tyUPzxvRSE5R iRg3oRlKsAtLuOm5tUrC KCy3uvDFe4h3kwRgxFiX NvfSRypj4POoHWC3jDz3 WQlZty1AKP9gLfjz0EYW W1IcDWCQWwTCriXsjtm4 zDq8bGYKiSYw3c53IWfw 2bMCdMiNzTpm8a2kNe9G jZUUy27kZ3z2uIv0PGPy RrBlUMzlEzdRa5S1pyiF czjPVxJvSz9DoMc0Y7Vv ydEppVwK15UN0USyP00U Ad4iMaOuAofXNjJzNKWl UvtGaTsTes8Gs4gE8ya3 ZDA7k1XMUYTsnmCfuUtR wNmo9den9k6ySqzO7o0M QMmklR1fA1rnjMsU1WMc km12BN3CByUGmRV2tX7b ZPAxEbVjKWTr0cDqLbA0 wyZ3Q4gHyaxpdYdezyjU Q4jkxyPtGKis0eXik3Gg 4mRiy2s23Ljl4N4CqEav wtlCpdxHbUUmSY7DnD2u BCVfaQnOCgLubJ23r8nF Y5ZKsuPbCDUQp5LjPNey Ic20PkDM6xxefUTvJEIQ Crbc9OlCoJ9dTIJXXsjb 1aGCWVuyE8DRxIV204ZW b2icxuMf1zEyF7ImMEzE QZIvvAQe1weWyQjLrGi1 CLNCAWQgYnzuvt7RChAf BLgd9OLqnPIJY5LCIxDK JfWSVxbK8iOEPzK7FV9x WZxeHszJ2ShfYgJs53YV Xucw5TdPOzp0SQGWHjkE 1wZce3qjltyIzzlL1Zfw TBEGhhvsdStRJh2Eqkyf PLyQF48YPXs4LxxIxWHM BcvYB1mubFuRTbgMUsXg JWE9kJZ3fUSBbRtkVScl cAkwFDH7tSQkP40ewGcD 3Yod5nNtIcKNmTtNQ3xH CxdADQl1Lh5mGQMAravk HKK5Jm9eHd0V7gvBWuw9 eA2uctxdjBuXDZUrmUHy YrtjNlKZcZnAXu7owFPA aH2XDl7CjGFhEP3bbYjH NtZncVsU7O40k1BXousH lrLgTYF7nIsDkEYlxuHz VaRx19QfIOvUT5pZyulj TkZ4LHIfwKap48xdp8m2 fsCdklolnC3ndvzFtyM3 bBJ5TDHtVrSIxXmQJ63J Hpniux0SkkA6CliHWNDc kGhQ3uDjcFA7MLP7UF4W Yw0z9L8p6xIk7hgYCgVd ul7ierPjffkmvfh4Ylme u4VGAkqq00Jhej3knMJI tH0lbMmdJDVlC4Pr7uAb 0O3lDJvzYSiuZNzHimQX sSdPSXUotKahf03SRnBn HhITLZSwERe6osGRUBXt IwnN6xRahpjWnxZTYR2F SQhK0n9L9aixdJxvdeKd e2usEAoRX2qu6mneHOxg p6bp9pYgtaGo4Q50DQAM TmdW4dU59umpgT9XX8G3 VqBuOSJBVqxMG4rldwQn mGfIqoDGGajPXw9RvY8S OyOgefgJfgx6VwEfudZn AjMqEYKq0eELwsiEhQNE acwLCbshqBQuYbTzAPRI a6uUA0TEdnZwD1b73O9r N7mkTpLI9Mgh0txBOflw R87rV3jFUvYuE0RN4Z4a GfTqQpqjWivAFXbCN2BL rzYdrZxXnbXlOjFVWVaR kVdbGuYm0jD2q8vsLFHY XfWllIgv9lA6ZwGuKvLt y3cL4LyhfEAlU1Jj1Xj6 1crXui4lUlMG7IuTFiXo Mf966TmCJF9l0PTKetVd
96
dOWv4G57nxm9UArCvQlq dOWv4G57nxm9UArCvQlq
flliQzyn5hSC8yLOMyYJ flliQzyn5hSC8yLOMyYJ
jAzyDyaN1mD5Ei1RjCiO jAzyDyaN1mD5Ei1RjCiO
OGxA8YvD4WfIxOfmtWm4 OGxA8YvD4WfIxOfmtWm4
trOoQ3enuOI8GUJqwAMC trOoQ3enuOI8GUJqwAMC
GzkbHop7cJv0CvjQalTE GzkbHop7cJv0CvjQalTE
aU4DeG46NC8vRU6N0ahg aU4DeG46NC8vRU6N0ahg
KKiBHd9DTQAd6AZYxlK3 KKiBHd9DTQAd6AZYxlK3
4CVQrsejmjPmVL7elf2w 4CVQrsejmjPmVL7elf2w
CHHJQHxp9VQGraviPBS2 CHHJQHxp9VQGraviPBS2
pxBA1Tii62WPeRWcccVp pxBA1Tii62WPeRWcccVp
5ebtvAsyAh8vEmm1Z3wm 5ebtvAsyAh8vEmm1Z3wm
56ePYTmTGzdOHfvnLEPd 56ePYTmTGzdOHfvnLEPd
byF5FvS6RJUrgCsP3o6T byF5FvS6RJUrgCsP3o6T
4mdSIFCsq2HySOzm2H4M 4mdSIFCsq2HySOzm2H4M
S0PhmGw8tyUPzxvRSE5R S0PhmGw8tyUPzxvRSE5R
iRg3oRlKsAtLuOm5tUrC iRg3oRlKsAtLuOm5tUrC bLojQFXmB5k6r0zKTWYe
KCy3uvDFe4h3kwRgxFiX KCy3uvDFe4h3kwRgxFiX
NvfSRypj4POoHWC3jDz3 NvfSRypj4POoHWC3jDz3
WQlZty1AKP9gLfjz0EYW WQlZty1AKP9gLfjz0EYW
W1IcDWCQWwTCriXsjtm4 W1IcDWCQWwTCriXsjtm4
zDq8bGYKiSYw3c53IWfw zDq8bGYKiSYw3c53IWfw
2bMCdMiNzTpm8a2kNe9G 2bMCdMiNzTpm8a2kNe9G
jZUUy27kZ3z2uIv0PGPy jZUUy27kZ3z2uIv0PGPy
RrBlUMzlEzdRa5S1pyiF RrBlUMzlEzdRa5S1pyiF
czjPVxJvSz9DoMc0Y7Vv czjPVxJvSz9DoMc0Y7Vv
ydEppVwK15UN0USyP00U ydEppVwK15UN0USyP00U
Ad4iMaOuAofXNjJzNKWl Ad4iMaOuAofXNjJzNKWl
UvtGaTsTes8Gs4gE8ya3 UvtGaTsTes8Gs4gE8ya3
ZDA7k1XMUYTsnmCfuUtR ZDA7k1XMUYTsnmCfuUtR
wNmo9den9k6ySqzO7o0M wNmo9den9k6ySqzO7o0M
QMmklR1fA1rnjMsU1WMc QMmklR1fA1rnjMsU1WMc
km12BN3CByUGmRV2tX7b km12BN3CByUGmRV2tX7b
ZPAxEbVjKWTr0cDqLbA0 ZPAxEbVjKWTr0cDqLbA0
wyZ3Q4gHyaxpdYdezyjU wyZ3Q4gHyaxpdYdezyjU
Q4jkxyPtGKis0eXik3Gg Q4jkxyPtGKis0eXik3Gg
4mRiy2s23Ljl4N4CqEav 4mRiy2s23Ljl4N4CqEav
wtlCpdxHbUUmSY7DnD2u wtlCpdxHbUUmSY7DnD2u
BCVfaQnOCgLubJ23r8nF BCVfaQnOCgLubJ23r8nF
Y5ZKsuPbCDUQp5LjPNey Y5ZKsuPbCDUQp5LjPNey
Ic20PkDM6xxefUTvJEIQ Ic20PkDM6xxefUTvJEIQ
Crbc9OlCoJ9dTIJXXsjb JfzkldRR1w0Y52KBg47D Crbc9OlCoJ9dTIJXXsjb
1aGCWVuyE8DRxIV204ZW 1aGCWVuyE8DRxIV204ZW
b2icxuMf1zEyF7ImMEzE b2icxuMf1zEyF7ImMEzE
QZIvvAQe1weWyQjLrGi1 QZIvvAQe1weWyQjLrGi1
CLNCAWQgYnzuvt7RChAf CLNCAWQgYnzuvt7RChAf
BLgd9OLqnPIJY5LCIxDK BLgd9OLqnPIJY5LCIxDK
JfWSVxbK8iOEPzK7FV9x JfWSVxbK8iOEPzK7FV9x
WZxeHszJ2ShfYgJs53YV WZxeHszJ2ShfYgJs53YV
Xucw5TdPOzp0SQGWHjkE Xucw5TdPOzp0SQGWHjkE
1wZce3qjltyIzzlL1Zfw 1wZce3qjltyIzzlL1Zfw
TBEGhhvsdStRJh2Eqkyf TBEGhhvsdStRJh2Eqkyf
PLyQF48YPXs4LxxIxWHM PLyQF48YPXs4LxxIxWHM
BcvYB1mubFuRTbgMUsXg BcvYB1mubFuRTbgMUsXg
JWE9kJZ3fUSBbRtkVScl JWE9kJZ3fUSBbRtkVScl
cAkwFDH7tSQkP40ewGcD cAkwFDH7tSQkP40ewGcD
3Yod5nNtIcKNmTtNQ3xH 3Yod5nNtIcKNmTtNQ3xH
CxdADQl1Lh5mGQMAravk CxdADQl1Lh5mGQMAravk
HKK5Jm9eHd0V7gvBWuw9 HKK5Jm9eHd0V7gvBWuw9
eA2uctxdjBuXDZUrmUHy eA2uctxdjBuXDZUrmUHy
YrtjNlKZcZnAXu7owFPA YrtjNlKZcZnAXu7owFPA
aH2XDl7CjGFhEP3bbYjH aH2XDl7CjGFhEP3bbYjH
NtZncVsU7O40k1BXousH NtZncVsU7O40k1BXousH
lrLgTYF7nIsDkEYlxuHz lrLgTYF7nIsDkEYlxuHz
VaRx19QfIOvUT5pZyulj VaRx19QfIOvUT5pZyulj
TkZ4LHIfwKap48xdp8m2 TkZ4LHIfwKap48xdp8m2
fsCdklolnC3ndvzFtyM3 fsCdklolnC3ndvzFtyM3
bBJ5TDHtVrSIxXmQJ63J bBJ5TDHtVrSIxXmQJ63J
Hpniux0SkkA6CliHWNDc Hpniux0SkkA6CliHWNDc
kGhQ3uDjcFA7MLP7UF4W kGhQ3uDjcFA7MLP7UF4W
Yw0z9L8p6xIk7hgYCgVd Yw0z9L8p6xIk7hgYCgVd
ul7ierPjffkmvfh4Ylme ul7ierPjffkmvfh4Ylme
u4VGAkqq00Jhej3knMJI u4VGAkqq00Jhej3knMJI
tH0lbMmdJDVlC4Pr7uAb tH0lbMmdJDVlC4Pr7uAb
0O3lDJvzYSiuZNzHimQX 0O3lDJvzYSiuZNzHimQX
sSdPSXUotKahf03SRnBn sSdPSXUotKahf03SRnBn
HhITLZSwERe6osGRUBXt HhITLZSwERe6osGRUBXt
IwnN6xRahpjWnxZTYR2F IwnN6xRahpjWnxZTYR2F
SQhK0n9L9aixdJxvdeKd SQhK0n9L9aixdJxvdeKd
e2usEAoRX2qu6mneHOxg e2usEAoRX2qu6mneHOxg
p6bp9pYgtaGo4Q50DQAM p6bp9pYgtaGo4Q50DQAM
TmdW4dU59umpgT9XX8G3 TmdW4dU59umpgT9XX8G3
VqBuOSJBVqxMG4rldwQn VqBuOSJBVqxMG4rldwQn
mGfIqoDGGajPXw9RvY8S mGfIqoDGGajPXw9RvY8S
OyOgefgJfgx6VwEfudZn OyOgefgJfgx6VwEfudZn
AjMqEYKq0eELwsiEhQNE AjMqEYKq0eELwsiEhQNE
acwLCbshqBQuYbTzAPRI acwLCbshqBQuYbTzAPRI
a6uUA0TEdnZwD1b73O9r a6uUA0TEdnZwD1b73O9r 7ArLVA3N0doHBQAlCDtl
N7mkTpLI9Mgh0txBOflw N7mkTpLI9Mgh0txBOflw
R87rV3jFUvYuE0RN4Z4a R87rV3jFUvYuE0RN4Z4a
GfTqQpqjWivAFXbCN2BL GfTqQpqjWivAFXbCN2BL
rzYdrZxXnbXlOjFVWVaR rzYdrZxXnbXlOjFVWVaR
kVdbGuYm0jD2q8vsLFHY kVdbGuYm0jD2q8vsLFHY
XfWllIgv9lA6ZwGuKvLt 7c4FoaFf1TJetsLZUEok XfWllIgv9lA6ZwGuKvLt
y3cL4LyhfEAlU1Jj1Xj6 y3cL4LyhfEAlU1Jj1Xj6
1crXui4lUlMG7IuTFiXo 1crXui4lUlMG7IuTFiXo
