L0 L61 L97 L10 L50 L41 L29 L28 L58 L60 L93 L92 L45 L12 L23 L86 L85 L48 L8 L7 L77 L69 L14 L15 L75 L68 L43 L42 L31 L32 L33 L21 L73 L6 L83 L80 L81 L79 L19 L61 L62 L84 L72 L1 L73 L74 L0
41
L97 L97
L10 L10
L50 L50
L41 L41
L29 L29
L28 L28
L60 L60
L93 L93
L92 L92 L22
L45 L45 L2 L46
L12 L12
L23 L23
L86 L86
L85 L85
L48 L48
L8 L8
L7 L7
L77 L77
L69 L69
L14 L14
L15 L15
L75 L75
L68 L68
L43 L43
L42 L42
L31 L31
L32 L39 L24 L32
L33 L33 L54
L21 L20 L21
L6 L6
L83 L83
L80 L80
L81 L81
L79 L79
L19 L19
L62 L62
L84 L84 L88
L72 L72
L1 L1
L73 L73
L74 L51 L74
