L0 L164 L199 L52 L177 L60 L77 L177 L197 L49 L48 L157 L63 L27 L3 L160 L149 L13 L14 L106 L107 L57 L8 L123 L130 L143 L114 L59 L7 L144 L65 L80 L12 L110 L109 L74 L139 L96 L24 L168 L81 L55 L104 L38 L39 L135 L121 L98 L17 L175 L142 L2 L10 L23 L26 L82 L31 L47 L68 L131 L188 L62 L118 L163 L73 L58 L125 L127 L192 L69 L109 L196 L165 L147 L50 L176 L0 L64 L112 L141 L53 L145 L18 L20 L119 L120 L97 L29 L30 L0
78
L0 L33 L116
L164 L164
L199 L199
L52 L52
L60 L61 L60
L77 L77
L177 L177
L197 L197
L49 L49
L48 L1 L48
L157 L157
L27 L27
L3 L3
L149 L149
L13 L13 L178
L14 L14
L106 L106
L107 L107 L113
L8 L57 L8
L123 L123
L130 L130
L143 L143
L59 L59
L7 L7
L144 L144
L65 L65
L80 L80
L12 L12
L110 L110
L109 L109
L74 L75 L74
L139 L94 L139
L96 L96
L24 L24
L81 L81 L168
L55 L55
L104 L104
L38 L38
L39 L39 L153 L138
L135 L135
L121 L121
L98 L98
L175 L175
L142 L142
L2 L2
L10 L10
L26 L23 L26
L82 L82
L31 L31
L47 L47
L68 L68
L131 L160 L46
L188 L188
L62 L62
L118 L118 L102
L163 L163
L73 L73 L146
L58 L58 L132
L125 L125 L95
L127 L54 L127
L192 L192
L69 L69
L196 L196
L165 L165
L147 L84 L147
L50 L50
L176 L176 L41
L64 L64
L112 L112
L141 L141
L53 L53
L145 L145 L194
L18 L18
L20 L20
L119 L119
L97 L97
L29 L29
L30 L30 L152
