loc0 loc94 loc90 loc72 loc69 loc75 loc83 loc87 loc98 loc110 loc106 loc107 loc103 loc105 loc100 loc121 loc114 loc24 loc20 loc21 loc28 loc31 loc179 loc182 loc171 loc172 loc186 loc193 loc194 loc43 loc36 loc6 loc5 loc9 loc16 loc13 loc128 loc131 loc136 loc133 loc140 loc143 loc147 loc146 loc156 loc159 loc162 loc154 loc52 loc55 loc56 loc62 loc59 loc0
45
loc94 loc95 loc96
loc90 loc92 loc93
loc72 loc73 loc74
loc69 loc70 loc71
loc75 loc77 loc78 loc80 loc81
loc83 loc85 loc86
loc87 loc88 loc89
loc110 loc111 loc112
loc107 loc108 loc109
loc103 loc104
loc105 loc105
loc100 loc101 loc102
loc121 loc123 loc124 loc126 loc127
loc114 loc116 loc117 loc119 loc120
loc24 loc25 loc26
loc21 loc22 loc23
loc28 loc29 loc30
loc31 loc32 loc33
loc179 loc180 loc181
loc182 loc183 loc184
loc171 loc176 loc177
loc172 loc173 loc174
loc186 loc188 loc189 loc191 loc192
loc193 loc198 loc199
loc194 loc195 loc196
loc43 loc45 loc46 loc48 loc49
loc36 loc38 loc39 loc41 loc42
loc6 loc7 loc8
loc9 loc10 loc11
loc16 loc17 loc18
loc13 loc14 loc15
loc136 loc137 loc138
loc133 loc134 loc135
loc140 loc141 loc142
loc143 loc144 loc145
loc147 loc149 loc150
loc146 loc152 loc153
loc156 loc157 loc158
loc159 loc160 loc161
loc162 loc164 loc165 loc167 loc168
loc52 loc53 loc54
loc55 loc57
loc56 loc56
loc62 loc63 loc64
loc59 loc60 loc61
