point0 point70 point68 point21 point14 point27 point34 point75 point76 point79 point110 point111 point113 point116 point119 point125 point157 point144 point145 point149 point154 point152 point108 point102 point107 point148 point162 point163 point160 point171 point172 point168 point190 point185 point135 point132 point141 point180 point127 point123 point127 point179 point189 point183 point181 point85 point89 point87 point95 point92 point93 point86 point47 point40 point39 point43 point32 point18 point20 point15 point5 point11 point50 point0
40
point0 point54 point69
point68 point67 point72 point109
point21 point3 point21
point27 point27
point34 point30 point31 point33 point34
point75 point73 point75
point76 point76 point78 point79 point83 point94
point110 point110 point112
point111 point111 point115
point113 point113
point119 point119 point122
point157 point157
point144 point144 point153
point149 point149
point152 point152
point108 point108
point107 point100 point102 point103
point148 point148 point151
point163 point155 point158 point160 point162 point163
point172 point172 point177
point190 point184 point185 point187
point135 point131 point135 point139
point132 point120 point132 point138
point180 point180
point127 point126
point123 point123 point124
point179 point179
point183 point183
point85 point85
point89 point87 point89 point91
point86 point86 point134
point40 point38 point40 point41
point39 point39 point42
point43 point43
point32 point16 point17 point29
point18 point18
point15 point6 point13 point15
point5 point5
point11 point1 point10 point11
point50 point49 point51 point52 point55 point56
