55 129 122 15 113 28 44 67 53 40 42 62 181 146 90 61 162 177 45 101 182 89 14 17 171 86 26 174 66 58 133 153 169 148 150 32 134 27 170 164 152 59 159 186 48 91 16 189 176 137 83 120 158 51 106 55
42
122 179 122
15 15 135 13
113 113
28 172 114
44 8 9
67 76 67
53 53 54
40 40 97
62 62 42
181 181
90 146 90 56 85
61 61
162 162 177 173
45 12 45 151
182 101 182 57
89 11 149 185 131 20
14 81 17 118 36 168
171 171
86 188 86 80
26 26
66 88 43 66
58 140 58 163 166
133 133
153 184 78 107 153
169 74 77
148 148 41 175 109
32 32 49 150
134 134 116
170 170 27 105 160
164 126 30
152 152
59 119 59
159 159
186 33 186
48 115 48
91 91
16 16
189 189 71
137 111 137
83 83
158 29 158
106 63 106
