x182 x187 x127 x168 x186 x59 x32 x59 x117 x82 x4 x48 x129 x184 x26 x45 x127 x79 x27 x79 x187 x86 x155 x177 x144 x106 x120 x156 x98 x19 x20 x7 x170 x72 x170 x115 x104 x109 x172 x21 x76 x21 x17 x191 x31 x50 x93 x74 x185 x43 x100 x143 x158 x198 x38 x113 x102 x167 x94 x14 x77 x71 x83 x92 x18 x9 x146 x196 x194 x182
53
x182 x11 x182
x127 x8 x127 x49 x58
x168 x56
x186 x186
x32 x183 x32
x59 x59
x82 x82
x48 x48 x4
x129 x3
x184 x107 x30 x46 x184
x26 x26
x45 x45 x189 x151 x119 x23
x27 x27
x79 x79
x86 x86 x87
x155 x192 x155 x177 x25 x116
x144 x179 x84
x106 x15 x106
x120 x88 x137 x64
x156 x156
x98 x42 x98
x19 x19
x20 x20 x166
x7 x7
x72 x147 x72 x125
x115 x66
x104 x104
x109 x109 x163
x172 x172 x55
x76 x114 x76
x21 x21 x118 x164
x17 x17
x31 x6 x133 x161 x80 x31
x50 x10 x50
x74 x74 x2
x185 x185
x43 x43 x138 x141
x100 x153 x159 x99 x100
x143 x143
x198 x139 x198
x113 x113
x102 x102
x94 x94
x14 x14
x77 x77
x71 x71 x61
x83 x83
x92 x53 x92
x18 x18
x9 x136 x95
x146 x128 x146
x196 x69
x194 x194
