x182 x194 x69 x143 x158 x167 x102 x171 x192 x51 x94 x19 x42 x92 x100 x169 x147 x72 x147 x93 x50 x9 x95 x146 x144 x84 x86 x155 x177 x28 x25 x31 x191 x133 x191 x5 x21 x114 x15 x106 x64 x120 x14 x0 x109 x0 x109 x38 x113 x141 x43 x26 x184 x110 x107 x71 x20 x127 x79 x127 x189 x186 x59 x32 x59 x117 x82 x119 x182
48
x182 x11 x182
x194 x194
x69 x69
x143 x143
x102 x102
x192 x192
x51 x94
x19 x19
x42 x42
x92 x53 x92 x83
x100 x153 x159 x99 x100
x169 x161 x104 x55
x72 x147 x72 x125
x93 x74 x2 x185
x50 x10 x50
x9 x18 x136
x95 x95
x146 x128 x146
x144 x179 x84
x86 x86 x3 x87 x66
x177 x155 x177 x198 x116
x25 x25
x31 x6 x80 x31
x133 x133
x5 x172
x21 x21 x17 x76 x118 x164
x114 x114
x15 x15
x106 x106
x64 x88 x48 x137 x64 x4
x120 x156
x14 x14
x109 x109
x0 x163
x113 x113
x141 x43 x138 x141
x26 x26
x184 x30 x46 x184
x107 x107
x71 x71 x77 x139 x61
x20 x20 x166 x7
x127 x8 x127 x56 x49 x58 x98
x79 x79 x27
x189 x189
x186 x186
x32 x59 x183 x32
x82 x82
x119 x45 x151 x119 x23
