Brightmere Erilyn Clearland Courtcastle Ironriver Eastcastle Lightmere Woodice Lochmage Goldwyvern Westvale Violetley Marbleiron Greenshore Snowshore Morwald Oldmoor Valhaven Foxvale Freyview Bluedell Foxhaven Oakmere Esterfall Wolflea Newley Southwheat Bushgate Clearnesse Stonefair Esterash Morwall Wildemarsh Wellmage Corbank Irondeer Westmill Fairsage Dellwyn Butterbush Buttermead Rosemill Courtwall Westerlight Newby Greyice Shoreburn Ironshore Eriwall Stoneglass Brightmere
50
Brightmere Brightmere
Erilyn Erilyn
Clearland Clearland
Courtcastle Courtcastle
Ironriver Ironriver
Eastcastle Eastcastle
Lightmere Lightmere
Woodice Woodice
Lochmage Lochmage
Goldwyvern Goldwyvern
Westvale Westvale
Violetley Violetley
Marbleiron Marbleiron
Greenshore Greenshore
Snowshore Snowshore
Morwald Morwald
Oldmoor Oldmoor
Valhaven Valhaven
Foxvale Foxvale
Freyview Freyview
Bluedell Bluedell
Foxhaven Foxhaven
Oakmere Oakmere
Esterfall Esterfall
Wolflea Wolflea
Newley Newley
Southwheat Southwheat
Bushgate Bushgate
Clearnesse Clearnesse
Stonefair Stonefair
Esterash Esterash
Morwall Morwall
Wildemarsh Wildemarsh
Wellmage Wellmage
Corbank Corbank
Irondeer Irondeer
Westmill Westmill
Fairsage Fairsage
Dellwyn Dellwyn
Butterbush Butterbush
Buttermead Buttermead
Rosemill Rosemill
Courtwall Courtwall
Westerlight Westerlight
Newby Newby
Greyice Greyice
Shoreburn Shoreburn
Ironshore Ironshore
Eriwall Eriwall
Stoneglass Stoneglass
