Shoreburn Oakmere Greyice Irondeer Southwheat Esterash Northriver Orwyn Newmill Erilyn Goldwyvern Snowwinter Marbleiron Wildemarsh Esterfall Clearnesse Ironshore Ironriver Freyview Eriwall Courtwall Buttermead Starryhill Windbridge Shoreburn
24
Shoreburn Snowshore Shoreburn Mallowway
Oakmere Oakmere Greensummer Lightmere Orfort
Greyice Greyice Mallowness Wellbank Westvale
Irondeer Lochmage Newby Goldcrest Deephedge Irondeer Redlake Summermage
Southwheat Highmont Bluelake Southwheat
Esterash Butterway Esterash Fairice Newley Violetfay
Northriver Stonefair Northriver Dellwyn Woodice
Orwyn Fieldedge Flowermill
Newmill Stoneglass Rosemill Icenesse Newmill Coldville
Erilyn Bluedell Redwell Erilyn
Goldwyvern Fairsage Snowsage Verthedge Corbank Violetley Goldwyvern Southpine
Snowwinter Bluedale Springfox Applecastle Morwald
Marbleiron Westerlight Janholt Marbleiron Morwall
Wildemarsh Fogland Eastcastle Wildemarsh
Esterfall Wellmage Brightmere Rosegate Esterfall Westmill Silverlea
Clearnesse Clearnesse Blackbush Bushgate Greenshore
Ironshore Silverwitch Ironshore Courtcastle
Ironriver Mallowbridge Ironriver Mistshore
Freyview Freyview Butterhill Bluewyn
Eriwall Foxvale Wolflea Northwynne Eriwall
Courtwall Oldmoor Clearland Courtwall Seamoor Flowerfield Wooddell
Buttermead Courtedge Brightrock Buttermead Freymere Silverbarrow
Starryhill Foxhaven Valhaven Starryhill Strongfall Ostwynne
Windbridge Orbarrow Windbridge Butterbush
