Clearnesse Ironriver Oakmere Morwald Dellwyn Foxhaven Marbleiron Corbank Courtwall Oldmoor Esterfall Goldwyvern Butterbush Morwall Violetley Westvale Newby Buttermead Courtcastle Valhaven Foxvale Woodice Eriwall Freyview Ironshore Clearnesse
25
Clearnesse Clearnesse
Ironriver Ironriver
Oakmere Oakmere
Morwald Morwald
Dellwyn Dellwyn
Foxhaven Foxhaven
Marbleiron Marbleiron
Corbank Corbank
Courtwall Courtwall
Oldmoor Oldmoor
Esterfall Esterfall
Goldwyvern Goldwyvern
Butterbush Butterbush
Morwall Morwall
Violetley Violetley
Westvale Westvale
Newby Newby
Buttermead Buttermead
Courtcastle Courtcastle
Valhaven Valhaven
Foxvale Foxvale
Woodice Woodice
Eriwall Eriwall
Freyview Freyview
Ironshore Ironshore
