Shoreburn Snowshore Westerlight Orbarrow Morwald Fairice Bluedale Mallowness Buttermead Summermage Newby Silverwitch Erilyn Eriwall Deephedge Redwell Butterbush Morwall Flowermill Fogland Verthedge Wolflea Oldmoor Wooddell Courtedge Westvale Silverbarrow Fairsage Eastcastle Wildemarsh Snowsage Rosegate Esterfall Ironshore Butterway Goldwyvern Southwheat Newley Bluelake Freymere Westmill Greensummer Clearnesse Fieldedge Brightmere Lightmere Bluedell Greenshore Icenesse Rosemill Marbleiron Applecastle Southpine Violetfay Esterash Oakmere Mistshore Brightrock Highmont Janholt Courtwall Lochmage Flowerfield Greyice Dellwyn Blackbush Northwynne Silverlea Ostwynne Starryhill Foxhaven Goldcrest Bluewyn Violetley Freyview Bushgate Stoneglass Courtcastle Corbank Butterhill Strongfall Woodice Mallowway Seamoor Stonefair Northriver Foxvale Irondeer Coldville Newmill Orfort Redlake Clearland Ironriver Mallowbridge Wellmage Shoreburn
96
Shoreburn Shoreburn
Snowshore Snowshore
Westerlight Westerlight
Orbarrow Orbarrow
Morwald Morwald
Fairice Windbridge Fairice
Bluedale Bluedale
Mallowness Mallowness
Buttermead Buttermead
Summermage Summermage
Newby Newby
Silverwitch Silverwitch
Erilyn Erilyn
Eriwall Eriwall
Deephedge Deephedge
Redwell Redwell
Butterbush Butterbush
Morwall Morwall
Flowermill Flowermill
Fogland Fogland
Verthedge Verthedge
Wolflea Wolflea
Oldmoor Oldmoor
Wooddell Wooddell
Courtedge Courtedge
Westvale Westvale
Silverbarrow Silverbarrow
Fairsage Fairsage
Eastcastle Eastcastle
Wildemarsh Wildemarsh
Snowsage Snowsage Wellbank
Rosegate Rosegate
Esterfall Esterfall
Ironshore Ironshore
Butterway Butterway
Goldwyvern Goldwyvern
Southwheat Southwheat
Newley Newley
Bluelake Bluelake
Freymere Freymere
Westmill Westmill
Greensummer Greensummer
Clearnesse Clearnesse
Fieldedge Fieldedge
Brightmere Brightmere
Lightmere Lightmere
Bluedell Bluedell
Greenshore Greenshore
Icenesse Icenesse
Rosemill Rosemill
Marbleiron Marbleiron
Applecastle Applecastle
Southpine Southpine
Violetfay Violetfay
Esterash Esterash
Oakmere Oakmere
Mistshore Mistshore
Brightrock Brightrock
Highmont Highmont
Janholt Janholt
Courtwall Courtwall
Lochmage Lochmage
Flowerfield Flowerfield
Greyice Greyice
Dellwyn Dellwyn
Blackbush Blackbush
Northwynne Northwynne
Silverlea Silverlea
Ostwynne Ostwynne
Starryhill Valhaven Starryhill
Foxhaven Foxhaven
Goldcrest Goldcrest
Bluewyn Bluewyn
Violetley Violetley Springfox
Freyview Freyview
Bushgate Bushgate
Stoneglass Stoneglass
Courtcastle Courtcastle
Corbank Corbank
Butterhill Butterhill
Strongfall Strongfall
Woodice Woodice
Mallowway Mallowway
Seamoor Seamoor
Stonefair Stonefair
Northriver Northriver
Foxvale Foxvale
Irondeer Irondeer
Coldville Coldville
Newmill Newmill
Orfort Orfort
Redlake Redlake
Clearland Clearland
Ironriver Ironriver
Mallowbridge Mallowbridge
Wellmage Wellmage
