129 137 16 25 46 2 55 165 27 94 139 19 7 96 11 95 68 89 68 144 43 72 21 182 190 150 135 118 10 118 45 4 157 110 154 196 154 110 92 179 92 124 92 121 170 73 170 101 52 101 97 48 98 184 109 34 71 64 119 64 71 62 156 171 145 32 187 32 181 106 181 8 142 122 69 61 31 88 31 99 129
42
16 16
25 25
46 46
55 55
165 40
139 94 139
19 7 19
96 70 160
89 172
144 43
21 67 79 151
190 190
10 10 28 100
118 13 118 166
45 22
4 4
157 157
154 154 193
196 37 196
179 76
124 124
121 121 175
73 73 136
170 58
52 52
101 148
97 97
98 103
184 85 109 184
34 34
71 91
64 64
119 163
171 49
145 82 145
187 187
181 169 181
106 106 133 178
142 142
69 130
61 61 112
88 1 31 88 115 127
