FacultyClub Etcheverry OBrien PacificFilmArchive BrainImagingCenter Morrison Mulford EarthquakeLibrary ArtHistoryLibrary UniversityHouse SutardjaDai MartinezCommons SproulPlaza Cheit Wheeler InternationalHouse Manville BioscienceLibrary Unit3 Spieker FacultyClub
18
FacultyClub FacultyClub
Etcheverry Etcheverry HearstGym
OBrien OBrien Library
PacificFilmArchive LawrenceofScience PacificFilmArchive
BrainImagingCenter StudentUnion BrainImagingCenter
Morrison Morrison
Mulford Mulford
EarthquakeLibrary EarthquakeLibrary
UniversityHouse UniversityHouse FPF
SutardjaDai SutardjaDai
MartinezCommons Durham
SproulPlaza SproulPlaza
Cheit Cheit
Wheeler Wheeler
Manville Hilgard Pimentel Manville
BioscienceLibrary BioscienceLibrary
Unit3 CareerCenter
Spieker Spieker
