0 60 71 67 149 64 162 167 119 177 55 178 6 154 96 155 161 46 174 136 132 113 92 25 104 94 39 8 33 65 191 82 123 135 103 141 32 90 106 197 172 52 3 13 133 26 134 117 48 169 102 158 56 97 199 168 171 76 44 80 145 85 88 77 144 58 66 140 93 83 131 87 99 105 17 120 124 69 75 9 20 0
74
60 60 112 148
71 71 73
67 18 67
149 149
64 64
162 162 167
119 119 143 195
177 15 177
55 55
178 49 178
6 35 74 153
154 154
96 91 96
155 155
161 161 188
46 46
174 174
136 136
132 132
113 113
92 92
25 25
104 173
94 94
8 8
33 33 170
65 65
191 191
82 82
123 123
135 135
103 103 139
141 141
32 32 42 181
90 90
106 106
197 197
172 172
52 52
3 3
13 13 47 133
26 26
134 134
117 117
48 48
169 169
102 102
158 158
56 19 38 56
97 97
199 199
168 168
171 171 180
76 76
44 44
80 80
145 51 145
85 85
88 88
77 77
144 175
66 58
140 114 140
93 93
83 83
131 131
87 87
99 99
105 105
17 17
120 120
124 124
69 69
75 75
