1 49 189 43 137 139 7 159 4 82 52 166 98 160 63 136 147 12 123 53 127 24 11 58 5 30 151 171 158 111 107 154 187 162 149 99 55 178 41 16 21 68 180 146 2 1
38
1 26
49 49 77
43 43 66 70
137 18 65 75
139 71
7 7
159 14 31 36 101
4 4 25 81
82 82
52 52 94
166 46
98 98
63 22 63
147 33 40 85
12 12 51
53 6 42 53 64 95
127 20 45
24 24 28 37 62 92 97
11 11
58 17 19 35 57 58 100
5 5 13 96
30 30 69
151 48 84
171 80
158 34 88
111 10 60 90 91
107 23 32 39 87
187 47
162 29 54 73
149 3 74 78
99 8 99
55 27 55
178 9 44 59
41 41 56 67 72 83
16 16
21 21
68 68 76 79
2 2 15 38 50 61 86 89 93
