1 2 107 87 107 128 53 95 53 25 77 139 184 71 9 177 17 58 79 76 68 69 172 62 92 97 126 159 14 22 66 13 69 161 58 35 65 13 41 178 59 33 59 44 40 44 88 80 112 67 167 101 166 98 52 12 162 149 78 165 104 61 48 26 1
40
1 7
2 2 15 38 61 86
87 27 32 87
95 42 64 95
53 6 21 53 55
25 4 25 81
77 49 77
71 39 71
9 9 93
17 17 50
79 76 79
68 68
69 30 69
92 18 28 62 84 92 96 100
97 24 37 97
159 31 47
14 14
22 22 63
66 43 66 90
161 19 58 60
35 35 57
65 54 65 75
13 5 8 13
41 16 41 56 72
59 44 59
33 29 33 85
40 40
88 11 34 88
80 20 36 70 80
67 67 83
101 101
166 45 46
98 98
52 52 82 94
12 12 51
149 10 74 99
78 3 78
104 23 73 91
48 48 89
26 26
