159 164 6 52 156 31 114 175 103 150 108 75 77 140 14 56 93 65 51 148 41 129 74 158 92 189 32 141 36 17 133 171 69 138 81 30 11 104 25 101 137 127 109 159
39
159 22
164 43
6 106 6
52 52
156 128 174 64 111 34 156
31 31
114 35 114
175 63 121 13 88
108 38 60
75 37
77 77 190
140 21 4 140
14 126 97 14
56 191 96
93 93 2 154
65 65 98 26 165
51 51
148 47 148
41 41 87 24
129 15 86 71
74 185 74
158 158 99 82 102 123
92 116
189 100 134 107 120 199 181 178 7 59 139
32 32 79 3
141 46 48 192
36 36
17 17
133 169 172 133 145
171 10 200
69 155
138 138
81 28
11 11
25 72 45
101 157 101 132 40 167
137 76 193 137 85 53
127 146 61
109 122 180 109
