Home46 Home49 Home88 Home54 Home44 Home17 Home61 Home81 Home52 Home3 Home6 Home45 Home58 Home11 Home78 Home71 Home41 Home83 Home63 Home69 Home84 Home40 Home68 Home35 Home13 Home15 Home34 Home60 Home86 Home24 Home50 Home29 Home49 Home46
19
Home49 Home49
Home88 Home85 Home31 Home12 Home33
Home44 Home62
Home17 Home82 Home48 Home80
Home3 Home30 Home5
Home6 Home9 Home28
Home45 Home45
Home11 Home11
Home71 Home71
Home41 Home41 Home42 Home39
Home83 Home83
Home63 Home66 Home63
Home69 Home69
Home40 Home40
Home68 Home68
Home13 Home13
Home15 Home57
Home60 Home55 Home60
Home24 Home27
