Home141 Home0 Home166 Home100 Home170 Home101 Home4 Home130 Home138 Home158 Home29 Home168 Home28 Home150 Home64 Home26 Home1 Home10 Home11 Home74 Home104 Home123 Home16 Home60 Home119 Home134 Home149 Home88 Home143 Home34 Home38 Home173 Home153 Home20 Home109 Home157 Home38 Home89 Home65 Home141
34
Home141 Home15
Home166 Home45
Home100 Home100 Home67
Home170 Home165 Home170
Home101 Home135 Home87
Home4 Home4
Home138 Home125 Home43
Home158 Home50
Home29 Home154 Home48 Home147 Home37
Home168 Home81 Home105
Home28 Home106 Home35 Home114 Home161
Home150 Home7 Home76 Home32 Home36 Home103
Home64 Home64
Home26 Home156 Home82 Home171 Home63 Home75 Home26 Home177
Home1 Home1
Home10 Home83
Home11 Home11 Home47
Home74 Home69 Home25 Home74 Home120
Home104 Home91 Home51 Home66 Home96
Home123 Home164
Home16 Home131 Home112 Home16
Home60 Home60 Home136
Home119 Home172 Home55
Home134 Home97 Home62 Home132 Home152 Home134 Home27 Home127
Home149 Home149
Home88 Home88
Home143 Home144 Home122 Home143
Home34 Home34 Home86 Home167 Home124 Home176 Home5 Home53 Home111
Home38 Home44
Home173 Home173
Home20 Home20 Home126 Home31
Home157 Home157 Home92
Home89 Home3 Home89
Home65 Home110 Home13 Home128
