K T N BQ Q CF AW CB BY CN BP I AY BS BZ CJ AO BH BF AI BV A E BM AE CL AQ AC CV AB J R AA O W H BI AV BU CC BE BC AT BT CI D AK BR BJ BA CH AM AR BD BN CM BK CD C CK CE AH BB X B F AG CO BO CG BW AX S CQ AD BX AL Z CT AN AU AZ BL CP AP L Y P AS M G CU CS AJ K
94
K K
T T
N N
BQ BQ
Q Q
CF CF
AW AW
CB CB
BY BY
CN CN
BP BP
I I
AY AY
BS BS
BZ V BZ
CJ CJ
AO AO
BH BH
BF BF
AI AI
BV BV
A A
E E
BM BM
AE AE CR
CL CL
AQ AQ
AC AC
CV CV
AB AB
J J AF
R R
AA AA
O O
W W
H H
BI BI
AV AV
BU BU
CC CC
BE BE
BC BC CA
AT AT
BT BT
CI CI
D D
AK AK
BR BR
BJ BJ
BA BA
CH CH
AM AM
AR AR
BD BD
BN BN
CM CM
BK BK
CD CD
C C
CK CK
CE CE
AH AH
BB BB
X X
B B
F F
AG AG
CO CO
BO BO
CG CG
BW BW
AX AX
S S
CQ CQ
AD AD
BX BX
AL AL
Z Z
CT CT
AN AN
AU AU
AZ AZ
BL BL
CP CP
AP U AP
L L
Y Y BG
P P
AS AS
M M
G G
CU CU
CS CS
AJ AJ
