Satish PYD9SISJI PTL1QU OXWYDF NSBI Z6H98 4INC2D8SDN PZMGYZL ZY9VPYMXA R6VBAVZ0B VFRT26 399VM5PU6 BVNZ FS1RWBVR7 9XFF 1BZLEM YXBMACC ZRYV5F WZ1MC3189 KSHB2KG AK5DQ3 92R432 KRM4B Satish
20
PYD9SISJI PYD9SISJI
PTL1QU PTL1QU
OXWYDF BBFYA9B OXWYDF
NSBI NSBI
Z6H98 Z6H98 ER2YSPML1C
4INC2D8SDN 4INC2D8SDN
PZMGYZL PZMGYZL
ZY9VPYMXA ZY9VPYMXA
R6VBAVZ0B PTWCQ R6VBAVZ0B
VFRT26 VFRT26
399VM5PU6 UVP4WIKK 399VM5PU6
FS1RWBVR7 FS1RWBVR7
9XFF 9XFF
1BZLEM 1BZLEM
YXBMACC YXBMACC
ZRYV5F ZRYV5F
WZ1MC3189 WZ1MC3189 ICTGXV
KSHB2KG KSHB2KG
92R432 92R432
KRM4B KRM4B
