Satish HBQM42U Q7ZEY 4FEG GH8C ZRI9UW 716QJY LU68 W6YZ5IB 02X2C OOAS LU68 O44VZ LU68 9QJRN EFIKTK4Y0Y FM2G14H8I 7T8I47 5XYO PMXEOGGIQ Satish
18
Satish IHN21LA4 4C88SXD 01G9IQ2 PUW25N CKNDWG
HBQM42U 3WJYJDDU HBQM42U 8TH7QVQY YSRPP VGYKKKOFLZ GN4G0L2 Q7Z37G5 6PVQIBNB9
Q7ZEY B690 CB93 A8WYICH3 ZMQ5BH Q7ZEY L7QS0UEPJ 7GAD3F 9K8PLAET
4FEG GNVXN ET82NVH9 2BLLD3SK FM2HEMVR1 7622OJ ZZACWP E5HD
GH8C G4QE3I KCOFJD ARTWTP9 3J6SSA GH8C 5HULMUDLAQ
ZRI9UW HQG39M EEZS LM7KL5G3V M71OYIS RP28W1 B3R68HYWZ
716QJY 8MDFNIK8AY W71YV1R66L P6RI91D87 9V10EOH YU3U1T 1UCE 0TRB9358 JX6GCY 79KTC8AS9 3IXHQXHYBV FWM5C E9DZLL MLKOJ M649OA
LU68 PIW6IC50D ZH2INF
W6YZ5IB A118 H1LQ91V
02X2C YQB2CII950 VOAV ETB2 C8WREP 02X2C LBR67PCKBJ DYYG23O 2B1K6EW9CL
OOAS 4UE11 ZMZIWZ
O44VZ 91ZONFE 26PG QW15YTSV M35E H41HZ6 E2DHWGC HM48FZD0 O44VZ GILAN21GR3 E37ZKA8WK
9QJRN 9QJRN LQQ5IH MXJIYJYNH4
EFIKTK4Y0Y EFIKTK4Y0Y 8UPUEGO 4P0LGP0
FM2G14H8I G90OCSZY FM2G14H8I FPZT
7T8I47 7T8I47 ETNCY9XH2 J2ETZ1C CV6NHW7M 4VE7V
5XYO SQLSVN DDB26ZHC CXQDH6YMZ8 5XYO
PMXEOGGIQ DNIV2BOR2P DST5W4G0 KBI1CALMNJ PMXEOGGIQ
