AyBBdkPvTTt19wqt q rcnFY8496Nr2v81Ax d2A2ZPVl61Vtm2kT 1MHxxU 920ucA0jXEv o88qO93T 2T6osNpb4 6qc68848myvIqoZWw 2l90gxx61rTb0CbF CDuc4XdY7zp TMULg iT7 QE9dXn5y6j2YYh jxDm 4932 QqvW51K9Cm 4932 jxDm QE9dXn5y6j2YYh Ru0A1pKIpZYWG A 8w6aRuq AcC1Sh8w37Px0m JbMQX8p9 36Y155M7F1ZG8 7DmqFE KIOJyBXM922ydZA5 98E9ia5 NESaNvTSnt9E9du yd7324WTF MEv16358FQ Fe5xMwq0a8 MEv16358FQ E76twn5gNBei01uh2PkH Iqcp2LHc0iz446x59 o uF131buM7L27 0Lw86e I6 0Lw86e 1MHxxU P Q2PY RYtkT5 Q2PY EL5n1KQ3kn Ut7hqt9A 2mk9O8P6 SdP9W8WRSw lP84Whn Le6BO3R b817BTo6GdPc96ig2 Le6BO3R Tk46 67zx6J5N914IyP9GV5 baJvRpx2qsf2 6nB9xzJ7b5115Qu5 b6DdFnSk8qdk45 I4640OD 1utCvCS3yEzt0HBbKt bfYVB7M6I5 M40P0vmSkH961FtFpaR 9q06155efQSN 8kQ991Y80Dy 4B5uWNh7Dl3lRP 8kQ991Y80Dy 9q06155efQSN DqfU93360y3I66U0 Han188Ox O73Lh6 2a5Zkf5zd4Va3 E76twn5gNBei01uh2PkH thypPB22BchO3Od9 MjwmiyLlZn 7xf20x1m1od50iPHUtr 0 WD8QxBAx49P Q 336P8 MnF3RrhkA5IuhY Fe5xMwq0a8 2P201UD8Q w6Z 2P201UD8Q Nstvw8dF9rhja nOMN589D7t0QjhnBj3wn 5nYY46YfUGovj nOMN589D7t0QjhnBj3wn Nstvw8dF9rhja XMV256fk iFF184 pwvBbQ870l3Io2K IEtn6zEV03H3 r9qUrqog71Fz9gx IEtn6zEV03H3 3z4E 3 9jWI53P36dh95 AyBBdkPvTTt19wqt
51
q q 8tvL5MpO9J735t
920ucA0jXEv 85682ijoufq1DW 920ucA0jXEv
2T6osNpb4 6qc68848myvIqoZWw 2T6osNpb4
2l90gxx61rTb0CbF 2l90gxx61rTb0CbF
TMULg TMULg
QqvW51K9Cm FR3SCSFtuk055ORI QqvW51K9Cm
4932 4932 3505
QE9dXn5y6j2YYh vRH6pA1I75N1 eZEbm jxDm 6c1qFsEg9xI
Ru0A1pKIpZYWG O7W5C8z8H93l
A 1e90fR0FtB7Ev156y
8w6aRuq 8w6aRuq
36Y155M7F1ZG8 36Y155M7F1ZG8
7DmqFE 7DmqFE KIOJyBXM922ydZA5 FKWv88jkw79me 9jWI53P36dh95 T8C17MZ6g69gmQ ymzG1qC7YsJFFmeog
98E9ia5 89ukpivGhdck21Krrh40 gv3T5z4 659Cx
yd7324WTF aCCE yd7324WTF
MEv16358FQ Rf0x16WtfDv MEv16358FQ L7Mfs3034VwaB7kd3Z
Fe5xMwq0a8 XQxkrBxnI
E76twn5gNBei01uh2PkH E76twn5gNBei01uh2PkH NU7gnWcAs4nq66FS
o A6gMJKsUfUSuEI76 7d2Q05crlPi
uF131buM7L27 uF131buM7L27 dUdv
I6 o83v2nI1sQs 6v326555i1Io5Z I6
1MHxxU JBYT6heC6yE4 1wF6 P TByQ7zH089
Q2PY Q2PY
RYtkT5 RYtkT5 usTG0We6G9WDs7Dk 8Qe2lSUyQa
Ut7hqt9A p772t3OLqj Ut7hqt9A MJ2l1N0ojTC
SdP9W8WRSw SdP9W8WRSw kg8257p31rTQvRWjGF
lP84Whn qGr382CkPK997QVHAL
Le6BO3R Le6BO3R d
b817BTo6GdPc96ig2 ywj3aNhyxUH b817BTo6GdPc96ig2
Tk46 Tk46
6nB9xzJ7b5115Qu5 b19692 PELS5
b6DdFnSk8qdk45 b6DdFnSk8qdk45
I4640OD L46h8MG90TBpA8v9 I4640OD
1utCvCS3yEzt0HBbKt hG8udpL53V 1utCvCS3yEzt0HBbKt
9q06155efQSN 9q06155efQSN
4B5uWNh7Dl3lRP khC 4B5uWNh7Dl3lRP 2Et5UN6ZJ19iz
8kQ991Y80Dy v
Han188Ox Han188Ox EnmWLiDA9NE89oNUTbx
O73Lh6 9o4t
thypPB22BchO3Od9 thypPB22BchO3Od9
MjwmiyLlZn MjwmiyLlZn 68ZC6T1G2o9Q95CKs
Q Q P6C89a32
336P8 J68F52raS3n1L6ZYK
w6Z 2P201UD8Q c3x9Cmq8W5oa57mjASv
5nYY46YfUGovj q7Ehaiz 5nYY46YfUGovj
nOMN589D7t0QjhnBj3wn nOMN589D7t0QjhnBj3wn XMV256fk
iFF184 2YlhGrefFhV6JLtw pwvBbQ870l3Io2K iFF184
IEtn6zEV03H3 e1M0JsNJ5 IEtn6zEV03H3
r9qUrqog71Fz9gx d5P0NXv8 r9qUrqog71Fz9gx nw566uv
3z4E 3z4E
3 3
