awsq33VKPi6omYhDxD FXctIQn9v gE2u1BLhV0VP9W4K FXctIQn9v J 3l6XBJU8C1Vc5ugKIhUy GqPS06 tH7nO948j59TD 10rY1cuVgs e2CQ B6zwxFUTXP7207OU b88Y9j2qm7Ik9Uc1Akg 4o eh31Ty 5NI1AGh6XyxT39yE LgZ3kgV 5NI1AGh6XyxT39yE K8FRNDo9AOC85 owJxU5AByA1usDUB3gkv nOiawiwD0EH865 8L8HD9 Tgw4KRLY56280J0 o2TJY8U 3AZZS7ZlVKs4rRsl T930LVMZqWnRhtA 3AZZS7ZlVKs4rRsl a049zYG55Zn66Xbmpdp0 qaNF4 EEGmmDga awsq33VKPi6omYhDxD
19
awsq33VKPi6omYhDxD awsq33VKPi6omYhDxD
gE2u1BLhV0VP9W4K zvAc9Z2d7eDxV gE2u1BLhV0VP9W4K
J J
3l6XBJU8C1Vc5ugKIhUy 3l6XBJU8C1Vc5ugKIhUy
tH7nO948j59TD tH7nO948j59TD
10rY1cuVgs IU22L8 10rY1cuVgs
e2CQ e2CQ
B6zwxFUTXP7207OU B6zwxFUTXP7207OU
b88Y9j2qm7Ik9Uc1Akg b88Y9j2qm7Ik9Uc1Akg
4o t4g038uD0J7N2MjjK 4o
5NI1AGh6XyxT39yE 5NI1AGh6XyxT39yE
K8FRNDo9AOC85 l
owJxU5AByA1usDUB3gkv owJxU5AByA1usDUB3gkv
Tgw4KRLY56280J0 Tgw4KRLY56280J0
o2TJY8U o2TJY8U
3AZZS7ZlVKs4rRsl 3AZZS7ZlVKs4rRsl
T930LVMZqWnRhtA T930LVMZqWnRhtA bIXpEU56v5EwRurYx
a049zYG55Zn66Xbmpdp0 a049zYG55Zn66Xbmpdp0 fnMwNw1M6Naw
qaNF4 9NiO9NIt6mT qaNF4
