845LWU7Kg6167HQY i7lmV5iDIgl5f 3i80K09a pbE3R4QsB76l YLKBD54k H6pXAnE0KypnExX SmI7f 48783322I5q9PFVPT N8191M9E9v HDLHc5Kdk TBk5Pt5vt5SInt 77yN7eHZwfF99R2 geUO1h r k 3k 3 TU76UjE52906 4 0CwgepgS85xC4gx KKUFV29x8iO 1 96Ta5ZXc8I5gnTIcF8 Uyj5raM7C9SGCHQGUC y B4mQOl023dn1 y ZT3 95E0752p51t dw6Yuyls1ZilP493g91O O41Muu 95fufpL7BuUW8Mng00jE O58T 122gt ElUTL J 77yN7eHZwfF99R2 xaM1q4jQi3efYb0 2qgWbB40Ya16 MY3aL96Y u3Qv EnhLq7BgTj8IN3Z2m fgM12T WMY0xVk9j8T6Ly fgM12T 6RiHvQ4xTN5 9vq8gscs7dz1 eDv5MBdo 9vq8gscs7dz1 48783322I5q9PFVPT a 845LWU7Kg6167HQY
30
845LWU7Kg6167HQY 845LWU7Kg6167HQY
YLKBD54k YLKBD54k
H6pXAnE0KypnExX H6pXAnE0KypnExX
SmI7f SmI7f
HDLHc5Kdk 9 SL88w66v7
TBk5Pt5vt5SInt TBk5Pt5vt5SInt
geUO1h geUO1h 8M2OK8Px58
r r 3k ICQxh0Q58799CUd2
3 3
TU76UjE52906 TU76UjE52906
4 4 4l4aqvNKB KpBvy
KKUFV29x8iO KKUFV29x8iO ftk2
1 5
B4mQOl023dn1 NQ3vX6W6H74aK53np y B4mQOl023dn1
ZT3 ZT3
95E0752p51t 95E0752p51t
O41Muu O41Muu YKpC4gQmPKaU311w9eOT
O58T O58T
122gt 122gt
ElUTL ElUTL D
J X6SrYf57mSUQQ28C 7L 672Pt4Ytw8LW
xaM1q4jQi3efYb0 11l6P71DgEau1baEX4 xaM1q4jQi3efYb0
MY3aL96Y MY3aL96Y 2qgWbB40Ya16 5CCl0n2r5512
u3Qv 42U0k6JhTQxPvUw8 DUiYDuR9yYFD5 u3Qv
EnhLq7BgTj8IN3Z2m EnhLq7BgTj8IN3Z2m
WMY0xVk9j8T6Ly eqYzN7b19UgNo1K
fgM12T fgM12T
6RiHvQ4xTN5 6RiHvQ4xTN5
eDv5MBdo MVvh 5Qkzz260R7 eDv5MBdo
48783322I5q9PFVPT 48783322I5q9PFVPT
