0 140 143 166 113 90 79 138 160 94 148 71 128 8 149 7 33 74 172 54 98 119 168 126 20 103 89 73 99 124 93 174 114 129 184 40 100 40 158 46 22 120 6 198 18 42 145 95 147 97 173 88 182 2 65 61 14 29 150 96 51 47 157 116 19 105 92 17 13 5 109 31 141 64 9 107 55 101 171 178 175 125 34 76 106 68 58 118 77 164 75 85 87 85 136 142 57 53 140 0
64
0 0 15 37 43 52 59 62 86
140 60
143 32
166 25
90 90
79 4 79
94 94
71 67 71
128 45
8 8
149 82 84
7 7
33 28 33 72 83
74 74
54 24 54
98 98
20 20
103 30 63
89 23 26 89
73 12 66 73
99 99
124 35
93 38 93
174 56 81
184 69
40 40 49
100 44
46 41 46
22 22
6 6
18 18
42 10 42 48
95 95
97 97
88 88
2 2 27 36 78
65 3 65
61 61 70
14 14
29 29
96 96
51 51
47 47
19 19
92 92
17 17 21
13 13
5 5
31 31
64 64
9 9 50 80
55 55
175 91
34 34
76 76
68 68
58 58
77 77
75 11 75
85 85
87 87
142 39
57 1 16 57
53 53
