loc0 loc1 loc165 loc180 loc191 loc46 loc168 loc11 loc8 loc9 loc32 loc189 loc81 loc23 loc184 loc112 loc30 loc106 loc44 loc1 loc0
18
loc0 loc167 loc185 loc69 loc130
loc1 loc134 loc92
loc165 loc164 loc20 loc165
loc180 loc28 loc186
loc191 loc191 loc36 loc39 loc156
loc46 loc37 loc49 loc192 loc89 loc144 loc42 loc46 loc105
loc168 loc168 loc27 loc66 loc31 loc57 loc113 loc93
loc11 loc67 loc11
loc8 loc188 loc8 loc120
loc9 loc41 loc179 loc119 loc47
loc32 loc118 loc116 loc150 loc10 loc25 loc14 loc138 loc183 loc32
loc189 loc109 loc177 loc97
loc81 loc187 loc147 loc17 loc162
loc23 loc85 loc15 loc197 loc83
loc184 loc184
loc112 loc82 loc182 loc112 loc157 loc75 loc196
loc106 loc54 loc52 loc106 loc122 loc160 loc45 loc78 loc84
loc44 loc129 loc96 loc172 loc198 loc100 loc131
