loc0 loc163 loc97 loc76 loc182 loc76 loc62 loc157 loc198 loc131 loc95 loc193 loc168 loc11 loc134 loc96 loc122 loc53 loc160 loc53 loc122 loc50 loc196 loc112 loc184 loc164 loc165 loc1 loc143 loc126 loc156 loc169 loc47 loc41 loc2 loc135 loc120 loc188 loc183 loc25 loc138 loc32 loc10 loc186 loc61 loc28 loc187 loc107 loc170 loc66 loc31 loc66 loc129 loc60 loc192 loc60 loc94 loc197 loc150 loc109 loc159 loc161 loc100 loc110 loc34 loc110 loc181 loc147 loc39 loc191 loc89 loc37 loc144 loc49 loc29 loc130 loc58 loc0
46
loc0 loc167 loc185
loc97 loc97
loc182 loc182
loc62 loc82 loc84
loc198 loc172 loc198
loc131 loc27 loc131
loc168 loc168 loc93
loc11 loc67 loc11
loc134 loc134
loc96 loc96
loc160 loc54 loc52 loc106 loc160 loc45 loc78
loc122 loc122
loc196 loc196
loc112 loc112 loc157 loc75
loc184 loc184
loc164 loc164
loc165 loc20 loc165
loc143 loc92
loc156 loc156
loc169 loc69
loc47 loc47
loc41 loc85 loc41 loc179 loc119
loc120 loc8 loc120
loc188 loc188
loc183 loc183
loc138 loc118 loc25 loc14 loc138 loc42 loc32
loc10 loc10
loc186 loc186 loc83
loc28 loc28
loc187 loc187
loc170 loc17
loc31 loc31
loc66 loc66 loc113
loc129 loc129 loc15 loc162
loc192 loc192 loc105
loc197 loc197
loc150 loc36 loc150
loc109 loc109 loc177
loc100 loc100
loc34 loc57
loc147 loc147
loc39 loc39
loc191 loc191
loc89 loc116 loc89
loc144 loc37 loc49 loc144 loc46
loc130 loc130
