loc0 loc23 loc84 loc42 loc4 loc62 loc45 loc62 loc6 loc88 loc8 loc53 loc1 loc2 loc87 loc72 loc91 loc75 loc98 loc70 loc29 loc34 loc22 loc30 loc51 loc94 loc99 loc47 loc25 loc46 loc71 loc93 loc32 loc7 loc48 loc33 loc86 loc96 loc40 loc84 loc23 loc0
26
loc0 loc23
loc42 loc42
loc4 loc81 loc65
loc45 loc45 loc49 loc35
loc62 loc16 loc62 loc90
loc6 loc6 loc61 loc79
loc88 loc88
loc8 loc8
loc53 loc28
loc72 loc72
loc91 loc39 loc91 loc31
loc75 loc75
loc29 loc29
loc34 loc34
loc51 loc51
loc94 loc21
loc99 loc99
loc25 loc25
loc46 loc20
loc93 loc93 loc26
loc7 loc7 loc54
loc48 loc24 loc48
loc33 loc33
loc86 loc69 loc86 loc52
loc40 loc40
loc84 loc84
