a0 a1 a0 d8 e9 d8 d7 e7 d7 a0 m4 n0 m5 n0 m4 a0 n4 n5 n6 n7 n8 n9 o0 o1 o2 o3 o4 o5 o6 o7 o8 o9 a0 l0 l1 l2 l3 l4 l5 l6 l7 l6 l5 l4 l3 l2 l1 l0 a0 d3 c8 d3 a0 k0 a0 h2 i4 h2 a0 d4 e0 e1 e2 e3 d6 a0 a3 c0 a3 a0 d1 c4 c3 a0 b9 a0 f4 f5 g1 g2 g4 g8 f5 f4 a0 b4 a0 g9 e8 h0 p8 p7 p6 p5 p4 p3 p2 p1 a0 h7 i7 h7 a0
42
a0 b5 b6 c3 e5 i1 i2 i3 i6 i9 k1 k2 k3 k4 k5 k6 k7 k8 k9 n4 p0 p1 p9
a1 b0 b1 b2 b3
e9 e9 g0
e7 e6 e7
m5 n1 n2 n3
n0 n0
n6 n5 n6 n7
n9 n8 n9 o0
o2 o1 o2 o3
o5 o4 o5
o6 o6 o7
o9 o8 o9
l2 l2 l3
l4 l4 l5
l7 l7 l8 l9
l6 l6
l1 l1
l0 l0
d3 c7
c8 c8 c9
k0 k0
i4 i4 i5
e0 e0
e1 e1 e2
d6 e3 e4
c0 c0 c1
a3 c2
d1 c6
c4 c4 c5
b9 b7 b8 b9
g1 g1
g2 g2 g3
g4 g4 g5 g6
g8 g7 g8 i0
b4 b4
g9 g9
e8 e8
p7 p6 p7 p8
p5 p5
p4 p3 p4
p2 p2
i7 i7 i8
