a0 a3 c2 d0 a9 d6 a9 a8 a7 a6 a5 a4 c1 c0 a3 f2 f1 d1 c8 c6 c7 c6 c8 d1 f1 f2 a3 a0 j3 f0 j3 a0 b6 b7 b8 b9 a0 c9 e8 d7 e8 c9 a0 h5 e2 h5 a0 b4 a0 a1 b3 a1 b1 j6 c4 g3 d3 d2 d4 e1 d4 d2 d3 g3 e6 e7 e3 e5 i1 f7 b6 a0
38
a0 b5
c2 c2
d0 d0
d6 c3 d6 d8
a7 d9
c1 c1
c0 c0
f2 f2
f1 f1
d1 d1
c6 c5 c6
c7 c7
c8 c8
j3 f3
f0 f0
b7 b7 d5
b8 b8
b9 b9
c9 c9
d7 d7
e8 e8
h5 e4
e2 e2
b4 b4
a1 b0 b2
b3 b3
b1 b1
c4 c4
d4 d4 f4
e1 e0 e1
d2 d2
d3 d3
g3 e9
e6 e6
e7 e7
e3 e3
e5 e5
b6 b6
