74 123 8 52 130 28 113 150 39 150 56 177 144 172 12 35 60 59 65 8 49 124 184 136 194 57 195 121 6 82 99 11 161 139 63 66 138 116 125 67 92 134 86 31 21 120 198 143 122 146 54 179 176 142 75 185 44 25 47 127 114 112 76 154 18 110 72 100 97 137 79 175 155 190 51 199 109 123 74
56
123 81 123 167
8 42 61 115 129 163
52 32 52 94
130 130 135
28 58
113 88 113
150 17
39 39 105
56 56 80
172 5 95
12 12
60 60
59 14 59 118
65 53 91 200
184 96 184
136 136 171
121 111 192
6 89
99 99
11 11 16 140
161 20 161
139 139
63 63 174
66 50 66
138 138
116 116
125 27 73 83 98 103 125 157
134 134
86 86 128
31 31
120 120
198 198
143 143
146 45 146
54 54
179 4 179
176 132 165 178
142 142
75 152 158
44 44 107
25 23 108
47 47
127 127 193
114 114
112 112
76 76
154 154
18 18
72 72
100 100 173
97 97
155 90 155
190 190
51 51 77
199 133 199
109 109
