74 123 109 199 51 199 51 193 34 94 163 94 20 96 184 136 171 165 64 165 175 170 65 91 65 170 63 66 25 183 188 88 113 198 143 122 70 116 125 103 147 95 172 170 15 148 115 63 57 86 146 54 179 176 178 37 152 73 100 173 100 134 112 76 154 76 166 14 39 32 184 96 20 161 11 42 8 123 74
46
123 81 123 167
109 109 161
51 51 77 155 190
199 111 133 199
193 4 61 127 193
34 18 52 80 135 138
163 129 163
94 94
20 20
96 96
184 184
136 136
64 17 47 90
165 165 171
91 91 200
63 63 139 174
66 50 66
25 23 44 107
183 108
188 60
88 88
113 58 113
198 120 130 198
143 143
70 158
116 116
125 73 83 98 103 125 157
95 95
172 5 12
148 105 192
115 115
86 31 86 128
146 45 146
54 54
179 179
37 16 53 152 178
100 72 97 100 134
173 132 173
112 112 114
154 154
76 56 76 89
14 14 59 118
39 39
32 27 32
11 11 99 140
42 42 142
