112 13 94 183 181 160 187 88 163 9 54 56 24 72 70 52 71 36 168 172 136 66 162 89 144 114 182 188 107 23 53 127 73 123 95 117 166 0 147 28 151 102 118 112
42
13 143 13 60
94 94
183 34 183
181 78 184 194 181
160 160 154
187 6 187
88 41 99
163 163 68
9 170 9
54 124 54
56 42 56
24 131 24
72 171 72
70 70 158
52 83 52 81
71 71
36 85 33 36 190
168 168
172 121 129 172 97
136 136 169
66 149 120 66
162 80 64 14 162
89 58 59 130
144 138 144 119 165
114 114 75
182 182 44
188 157 17 21 188 105
107 152 174 107 49
23 23
53 27 53
127 84 126 127 29 146
73 73 109 8
123 40 123
95 95
117 117
166 166
0 104 0
147 20 147 11 69
28 28
151 151
102 102 35
118 96 118
