Soda loc3 loc64 loc199 loc179 loc151 loc43 loc27 loc60 loc68 loc126 loc52 loc196 loc51 loc196 loc142 loc196 loc170 loc192 loc87 loc47 loc164 loc165 loc194 loc55 loc193 loc27 loc43 loc92 loc75 loc137 loc40 loc137 loc75 loc57 loc92 loc43 loc27 loc169 loc111 loc112 loc128 loc31 loc24 loc198 loc166 loc198 loc39 loc30 loc111 loc77 loc173 loc107 loc173 loc77 loc27 loc43 loc50 loc83 loc94 loc34 loc88 loc34 loc84 loc34 loc189 loc32 loc34 loc13 loc74 loc23 loc17 loc129 loc104 loc163 loc104 loc168 loc82 loc43 loc27 loc180 loc41 loc26 loc27 loc43 loc179 loc53 loc25 loc106 loc36 loc106 Soda
39
Soda Soda
loc3 loc3
loc199 loc80 loc199 loc64
loc151 loc45 loc90 loc151
loc126 loc126
loc51 loc155 loc51 loc103
loc142 loc142 loc7
loc196 loc185 loc61
loc192 loc192 loc170
loc165 loc165 loc100 loc95 loc9 loc8 loc22
loc194 loc183 loc55 loc194 loc35
loc193 loc193 loc101 loc122 loc147 loc111 loc114 loc38
loc75 loc72 loc75 loc137
loc40 loc40 loc20
loc57 loc57 loc157 loc59
loc112 loc128
loc24 loc24
loc166 loc28 loc109
loc30 loc11 loc30 loc39 loc136
loc173 loc173
loc107 loc146 loc107
loc50 loc50 loc83
loc94 loc94
loc88 loc14 loc121 loc88
loc84 loc84 loc167 loc97
loc189 loc189
loc32 loc32
loc34 loc34 loc118 loc138
loc13 loc13
loc23 loc74 loc23
loc17 loc17
loc163 loc42 loc163 loc171 loc154
loc82 loc82
loc180 loc79 loc10 loc15 loc131 loc180
loc41 loc77 loc41 loc141
loc26 loc188 loc26 loc181 loc37
loc43 loc65
loc53 loc25 loc53 loc58 loc140
loc36 loc106 loc172 loc36 loc6 loc156 loc145
