0 31 80 173 57 88 90 116 117 1 113 30 9 98 8 34 97 194 66 151 53 174 125 12 10 188 121 91 67 91 24 16 113 30 27 144 157 16 24 87 24 173 35 147 41 79 160 167 89 51 59 174 125 17 125 120 93 21 6 157 144 74 171 95 192 76 47 37 139 86 39 29 114 181 124 40 124 140 62 22 62 83 62 22 82 196 155 48 155 111 109 123 65 123 45 148 45 54 53 151 55 77 36 58 103 100 92 60 151 53 2 0
61
31 31
80 11 71 80 84
57 57
88 63 88
116 3 23 90
1 1
9 9 98
8 8 38
34 34
97 97
66 66
12 12
10 10
67 67 91
24 24 94
113 15 99
30 30 42
27 27
16 16
87 87
35 35 78
41 19 41
79 79
89 89
59 7 51 59
17 17
125 14 28
120 96
93 93
6 6 21 25
74 4 74
171 44
192 69 95
76 76
47 47
37 37
86 13 50 86
29 29 39
40 40 64
140 81
22 22
83 68 83
62 62
82 52 82
196 18
48 48 49
155 26
111 70 75
123 20 45 56 72
65 5 65
148 85
54 54
53 43 53
55 55
77 32 77
36 36 46
58 58
100 61 73 100
92 33 92
60 60
2 2
