48 73 66 107 45 111 46 196 141 2 43 17 180 51 5 142 174 125 143 31 162 134 164 58 173 145 173 35 81 59 63 92 126 119 8 190 185 78 7 154 110 102 99 37 22 36 29 96 159 82 170 3 155 199 76 163 171 25 42 62 89 113 69 77 124 56 4 127 193 52 156 0 105 147 135 84 47 108 72 136 152 85 92 63 57 151 121 40 16 98 38 165 175 165 13 20 48
70
48 11 48
73 73
66 66 191 74
107 107 87
46 46
196 196
141 141
2 23 2
43 137
180 180
5 5
125 125
143 143 167
162 123
164 164
58 58
173 88
145 118 145
35 35
81 148
92 149 177
126 126
119 119
190 190
185 109 185
78 78
7 7
154 154 115 53
110 110
102 179
37 133
36 36
29 29
96 158
159 197 10 120
170 170
3 3
155 155
199 199 138
163 163
171 171
25 90 25
42 9 42
89 21
113 182 113
69 69
77 19 79
56 56
193 157 193 194
52 52
156 156
0 64
147 147
135 135 181
84 60 84
47 55
108 108
72 186
136 136 129
152 152
85 85 39
151 151
40 176 40
16 16
98 103 101 98 67
38 38 117
165 34 165
175 175
13 93
20 20
