48 68 6 132 62 16 40 176 196 162 189 117 38 165 175 7 187 47 80 148 21 12 143 125 174 179 102 192 104 178 194 129 141 2 23 39 128 56 4 15 99 5 65 197 154 164 134 86 72 136 152 29 96 158 42 9 180 17 25 90 30 11 79 33 77 19 121 120 159 82 106 133 100 24 135 24 126 119 93 13 20 49 70 45 111 46 183 66 73 184 37 22 169 74 149 140 94 182 113 78 138 199 127 75 92 177 107 71 81 35 173 163 171 84 60 57 103 98 193 52 156 0 32 185 168 109 6 68 48
83
48 48
16 16
40 40
176 176
196 196
162 123
117 117
38 38
165 34 165
175 175
7 7
47 55
80 118
148 148
21 21
143 143 167 155
125 125
179 179
102 110
194 157 194
129 129
141 141
2 2
23 23
39 85 39
56 56
15 137
5 5
65 3
197 197
154 154 115 53
164 164
72 186 108
136 136
152 152
29 29
96 191
158 158
42 42
9 9
180 180
25 25
90 90
11 11
79 79
19 19
120 120
159 10
82 170
133 133
135 135 147 181
126 126
119 119
93 93
20 20
45 151
46 46
66 66
73 73
22 36
74 74
149 149
182 182
113 113 69
78 78
138 138
199 199
177 177
107 107 87
35 35
173 58 145 88
163 163
171 171
84 84
60 60
103 103
98 101 98 67
193 193
52 52
156 156
32 64
185 190 185
109 109
