mdyuzxshey vkrlpmybdj zmfuudfatm vkrlpmybdj zmfuudfatm ouxenssqdu qydclznxrd psiebvskfb zpybghfdbe bswhowadhl psiebvskfb qydclznxrd cmdqzmgvfi tmrnpjqnxx wtlzrefwav jrmlkfexfk gllungmori rkyixxpcbx optviwhmbr ixyurvbpvu gwnccktgki syxecaxosc qgfchcatzi oggftsricu lkvobxyfca xplqpgpbvq hadchvmijq jqtguzxxsl yiwwdwbzth xftptyrlvl jedsthbmzo oewptytlja owusjcmdkp lnicnhmajr kyblmbvqtv chjuuxuacs euqbrkzdsw wtjzgzopuw lndsfxewdc bulywvvpni siatqqydwf ahqdrcepub lazlsvgukx idfvjoquhh xkasbvrrxd pymtnhypxd qcktwemqbm wkwwcqjtxf zjbarjhmau kdujdjjwot ebqxbaqnmm zumetrybth jatkaoyfxb vkrlpmybdj mdyuzxshey
34
mdyuzxshey mysadifwma mdyuzxshey
vkrlpmybdj vkrlpmybdj
zmfuudfatm zmfuudfatm
qydclznxrd qydclznxrd
psiebvskfb psiebvskfb
bswhowadhl tgbmxdmvwe
cmdqzmgvfi qfbvncxldf cmdqzmgvfi
wtlzrefwav xtvbrolacp aokbiptbzc qepegujmaa wtlzrefwav koawdpgqdx
gllungmori gllungmori
rkyixxpcbx eooyfwmxln rkyixxpcbx
optviwhmbr optviwhmbr
ixyurvbpvu vugkhjygfe seeyrseflx
gwnccktgki gwnccktgki
lkvobxyfca lkvobxyfca fznfvsgjhc
hadchvmijq hadchvmijq wynbxuuxru
jqtguzxxsl jqtguzxxsl
yiwwdwbzth wtyqwjwskq
xftptyrlvl xftptyrlvl
jedsthbmzo jedsthbmzo
oewptytlja oewptytlja knfzsnhzvx nwlccbonas
owusjcmdkp owusjcmdkp ljhmnbaicr
lnicnhmajr lnicnhmajr
euqbrkzdsw euqbrkzdsw
lndsfxewdc lndsfxewdc mswyvpdrsy
bulywvvpni bulywvvpni
ahqdrcepub ahqdrcepub
lazlsvgukx lazlsvgukx
idfvjoquhh lbuiysostx
qcktwemqbm qcktwemqbm
zjbarjhmau zjbarjhmau
kdujdjjwot kdujdjjwot
ebqxbaqnmm ebqxbaqnmm
zumetrybth zumetrybth
jatkaoyfxb jatkaoyfxb bnmegnfgii
