mdyuzxshey vkrlpmybdj jatkaoyfxb zumetrybth ebqxbaqnmm zpjhxyylhb rnpokwoqgt tgbmxdmvwe oegfbrwyrp bswhowadhl zpybghfdbe cmdqzmgvfi zpybghfdbe lndsfxewdc mswyvpdrsy hkempoemlv ixyurvbpvu uooysjrxsb seeyrseflx uooysjrxsb ixyurvbpvu siatqqydwf ahqdrcepub siatqqydwf bulywvvpni zjbarjhmau kdujdjjwot phknwbtipl hadchvmijq jqtguzxxsl yiwwdwbzth xftptyrlvl knfzsnhzvx oewptytlja owusjcmdkp lnicnhmajr oggftsricu lkvobxyfca xplqpgpbvq hadchvmijq wynbxuuxru epdwcjuvdr wtlzrefwav jrmlkfexfk gllungmori jrmlkfexfk wtlzrefwav hsjqtjkukk smwxdupkdv aokbiptbzc koawdpgqdx unihwwnyqz qepegujmaa unihwwnyqz koawdpgqdx smwxdupkdv hsjqtjkukk wtlzrefwav tmrnpjqnxx cmdqzmgvfi qydclznxrd ouxenssqdu tvcolajnao vkrlpmybdj mdyuzxshey
28
mdyuzxshey mysadifwma mdyuzxshey
vkrlpmybdj vkrlpmybdj zmfuudfatm
jatkaoyfxb jatkaoyfxb bnmegnfgii
zumetrybth ebqxbaqnmm zumetrybth
tgbmxdmvwe tgbmxdmvwe
oegfbrwyrp lbuiysostx
cmdqzmgvfi qydclznxrd qfbvncxldf cmdqzmgvfi psiebvskfb
lndsfxewdc lndsfxewdc
mswyvpdrsy mswyvpdrsy
seeyrseflx vugkhjygfe seeyrseflx
ixyurvbpvu gwnccktgki optviwhmbr
ahqdrcepub ahqdrcepub lazlsvgukx
zjbarjhmau kdujdjjwot zjbarjhmau bulywvvpni
jqtguzxxsl jqtguzxxsl wtyqwjwskq
xftptyrlvl jedsthbmzo xftptyrlvl
oewptytlja oewptytlja knfzsnhzvx nwlccbonas
owusjcmdkp owusjcmdkp ljhmnbaicr
lnicnhmajr lnicnhmajr
oggftsricu euqbrkzdsw
lkvobxyfca lkvobxyfca fznfvsgjhc
hadchvmijq hadchvmijq
wynbxuuxru wynbxuuxru
gllungmori eooyfwmxln rkyixxpcbx gllungmori
aokbiptbzc aokbiptbzc
koawdpgqdx koawdpgqdx
qepegujmaa xtvbrolacp qepegujmaa
wtlzrefwav wtlzrefwav
tvcolajnao qcktwemqbm
