evdoyagqfp xawkqmfmmx xftptyrlvl jqtguzxxsl smwxdupkdv tvcolajnao lcrihrmoqu xkasbvrrxd gkcfktyute phknwbtipl zivwgfcxqi euqbrkzdsw jedsthbmzo euqbrkzdsw byyqgjwsrp rfcbhdtwvm bpbbtoptwg ybdknfjgrw epdwcjuvdr wynbxuuxru oegfbrwyrp fclmzghxkf fdgcygwgjf rnpokwoqgt oownpsyviv oavtmpaqji ichabbvkhm jrusiskazm gjmmikaxih lkvtxfwozs wkwwcqjtxf bulywvvpni xtraxybdhx koawdpgqdx pdljcbluhp ljhmnbaicr bswhowadhl tgkujfknod jfccyptuug sinegnctim owusjcmdkp stdiixwrjc ummqduagjn fczruomdab siatqqydwf ytidnmibdj ebqxbaqnmm xwrvhrxnqy xifuopshzj afortwurqt zmfuudfatm cttlxdtaiw rlxmdzqomd cmdqzmgvfi qgfchcatzi yriqtwavfx uhalgukdzb kwbnyneokj bbczvyonym hsjqtjkukk sjtuxgdwms oddoubpfzn cdqkyomyxw vkrlpmybdj lndsfxewdc lbuiysostx frwgnrofof qqtzqvrvyc tgbmxdmvwe opmnfgpclg xsjzeyxnpw ymvlfsdhbu frfueiglva pymtnhypxd pwgublhwxg hofbtczdgp yqwistxtxc xguvjomcdt nwlccbonas bbwcqzwyoz ijbfzrqwct bimtbhwsby yhpfnjjqmm unihwwnyqz xplqpgpbvq xknpudafue guuudgvhny vugkhjygfe xywdziunpr oggftsricu xeigbnzhbj seeyrseflx jrmlkfexfk osdeymjeil qiqnnrlapz qpxtrjvxpe lnicnhmajr xychpimpzb qcktwemqbm knfzsnhzvx etdxtwotzh qepegujmaa kgktiatgjn lkvobxyfca eysfgfavho wtlzrefwav mdyuzxshey ouxenssqdu kvfpaspidv wtyqwjwskq kijbyyuzhd ztvejhcxjs nfvvjywhsb uooysjrxsb xftptyrlvl evdoyagqfp
73
evdoyagqfp evdoyagqfp
xawkqmfmmx xawkqmfmmx
xftptyrlvl kvxwqiryyu fluzhooehk mysadifwma bnmegnfgii
jqtguzxxsl vfdsalrajq optviwhmbr
smwxdupkdv smwxdupkdv
tvcolajnao tvcolajnao xqwyvbvueh
lcrihrmoqu lcrihrmoqu
xkasbvrrxd xkasbvrrxd
zivwgfcxqi zivwgfcxqi
euqbrkzdsw euqbrkzdsw
jedsthbmzo wwqchwdmtx
byyqgjwsrp qxfgqgbbdn byyqgjwsrp
epdwcjuvdr eooyfwmxln
wynbxuuxru tmrnpjqnxx voaumgrcuj wynbxuuxru
oegfbrwyrp oegfbrwyrp
fdgcygwgjf fdgcygwgjf
rnpokwoqgt rnpokwoqgt
oavtmpaqji oavtmpaqji
ichabbvkhm ichabbvkhm
jrusiskazm jrusiskazm
lkvtxfwozs lkvtxfwozs
wkwwcqjtxf wkwwcqjtxf
bulywvvpni bulywvvpni
koawdpgqdx psiebvskfb
pdljcbluhp pdljcbluhp
bswhowadhl bswhowadhl
tgkujfknod tgkujfknod
jfccyptuug cpwyxulkjm
stdiixwrjc stdiixwrjc
xwrvhrxnqy xwrvhrxnqy
xifuopshzj xifuopshzj
afortwurqt afortwurqt gbdejcnknd ahqdrcepub
zmfuudfatm zmfuudfatm
cttlxdtaiw cttlxdtaiw
qgfchcatzi qgfchcatzi
yriqtwavfx gucdicwxmb rkyixxpcbx
uhalgukdzb uhalgukdzb
bbczvyonym bbczvyonym
hsjqtjkukk hsjqtjkukk
vkrlpmybdj vkrlpmybdj
lndsfxewdc kyrhqthnvz xnppuesbrr lndsfxewdc eqdxeqvtsb
tgbmxdmvwe tgbmxdmvwe
opmnfgpclg qxuqrfzzob
ymvlfsdhbu ymvlfsdhbu aokbiptbzc
frfueiglva ldnozwuuuq
hofbtczdgp hofbtczdgp
yqwistxtxc nbjyrygtdh
xguvjomcdt xguvjomcdt
nwlccbonas itbfnxnauh nwlccbonas
bbwcqzwyoz bbwcqzwyoz
ijbfzrqwct qfbvncxldf
bimtbhwsby bimtbhwsby
unihwwnyqz pbefrggyje vnzypgtlkj
guuudgvhny guuudgvhny ivugtsvtqb
vugkhjygfe vugkhjygfe
xywdziunpr xywdziunpr
oggftsricu oggftsricu
seeyrseflx hkempoemlv seeyrseflx
jrmlkfexfk jrmlkfexfk scesbtewjx
osdeymjeil osdeymjeil
qiqnnrlapz qiqnnrlapz
qpxtrjvxpe tmatbexcil qpxtrjvxpe
lnicnhmajr lnicnhmajr aruwdskzta
xychpimpzb xychpimpzb
etdxtwotzh etdxtwotzh
qepegujmaa yiwwdwbzth qepegujmaa pcilmgdrgc ivgbjyugdu
kgktiatgjn kgktiatgjn
wtlzrefwav wtlzrefwav afrdrejwtp
mdyuzxshey mdyuzxshey
ouxenssqdu ouxenssqdu
kvfpaspidv kvfpaspidv
kijbyyuzhd kijbyyuzhd
uooysjrxsb uooysjrxsb
