evdoyagqfp xftptyrlvl uooysjrxsb nfvvjywhsb ztvejhcxjs kijbyyuzhd unihwwnyqz pbefrggyje xzwkhxkxjr cttlxdtaiw zmfuudfatm afortwurqt ahqdrcepub gbdejcnknd vnzypgtlkj dnmgxnhbgi uhalgukdzb yriqtwavfx qgfchcatzi cmdqzmgvfi pdljcbluhp koawdpgqdx psiebvskfb koawdpgqdx wkwwcqjtxf wtjzgzopuw byyqgjwsrp rfcbhdtwvm bpbbtoptwg opmnfgpclg tgbmxdmvwe qqtzqvrvyc kwbnyneokj qpxtrjvxpe lnicnhmajr kyrhqthnvz lndsfxewdc vkrlpmybdj jrusiskazm ichabbvkhm zjbarjhmau uqoafoloje oavtmpaqji oownpsyviv rnpokwoqgt fdgcygwgjf phknwbtipl xguvjomcdt fclmzghxkf oegfbrwyrp ebqxbaqnmm xwrvhrxnqy qydclznxrd ljhmnbaicr bswhowadhl tgkujfknod jfccyptuug cpwyxulkjm nbjyrygtdh yqwistxtxc hofbtczdgp pwgublhwxg afrdrejwtp wtlzrefwav bimtbhwsby ijbfzrqwct qfbvncxldf ixyurvbpvu qepegujmaa kgktiatgjn epdwcjuvdr eqdxeqvtsb xnppuesbrr hxkhivkhyl scesbtewjx jrmlkfexfk seeyrseflx xeigbnzhbj oggftsricu xywdziunpr vugkhjygfe guuudgvhny stdiixwrjc ummqduagjn fczruomdab siatqqydwf wtyqwjwskq kvfpaspidv ouxenssqdu mdyuzxshey bbczvyonym lazlsvgukx wynbxuuxru jqtguzxxsl xftptyrlvl xawkqmfmmx evdoyagqfp
66
evdoyagqfp evdoyagqfp
xftptyrlvl kvxwqiryyu fluzhooehk mysadifwma bnmegnfgii
uooysjrxsb uooysjrxsb
kijbyyuzhd kijbyyuzhd
pbefrggyje pbefrggyje
cttlxdtaiw cttlxdtaiw
zmfuudfatm zmfuudfatm
afortwurqt afortwurqt
ahqdrcepub ahqdrcepub
gbdejcnknd gbdejcnknd
vnzypgtlkj vnzypgtlkj
dnmgxnhbgi ldnozwuuuq
uhalgukdzb uhalgukdzb
yriqtwavfx gucdicwxmb rkyixxpcbx
qgfchcatzi qgfchcatzi
pdljcbluhp pdljcbluhp
psiebvskfb psiebvskfb
wkwwcqjtxf wkwwcqjtxf lkvtxfwozs bulywvvpni
byyqgjwsrp qxfgqgbbdn euqbrkzdsw byyqgjwsrp
opmnfgpclg qxuqrfzzob
tgbmxdmvwe lcrihrmoqu tgbmxdmvwe
qpxtrjvxpe tmatbexcil qiqnnrlapz qpxtrjvxpe
lnicnhmajr lnicnhmajr aruwdskzta xychpimpzb
kyrhqthnvz kyrhqthnvz
lndsfxewdc lndsfxewdc
vkrlpmybdj vkrlpmybdj
jrusiskazm jrusiskazm
ichabbvkhm ichabbvkhm
oavtmpaqji oavtmpaqji
rnpokwoqgt rnpokwoqgt
fdgcygwgjf fdgcygwgjf
phknwbtipl zivwgfcxqi xkasbvrrxd
xguvjomcdt itbfnxnauh xguvjomcdt nwlccbonas
oegfbrwyrp tvcolajnao oegfbrwyrp xqwyvbvueh
xwrvhrxnqy xwrvhrxnqy xifuopshzj
bswhowadhl bswhowadhl ymvlfsdhbu aokbiptbzc
tgkujfknod tgkujfknod
cpwyxulkjm cpwyxulkjm
nbjyrygtdh nbjyrygtdh
hofbtczdgp hofbtczdgp
afrdrejwtp afrdrejwtp
wtlzrefwav wtlzrefwav
bimtbhwsby bimtbhwsby
ijbfzrqwct bbwcqzwyoz
qfbvncxldf qfbvncxldf
ixyurvbpvu yiwwdwbzth
qepegujmaa wwqchwdmtx etdxtwotzh qepegujmaa pcilmgdrgc ivgbjyugdu
kgktiatgjn kgktiatgjn
epdwcjuvdr eooyfwmxln
eqdxeqvtsb eqdxeqvtsb
xnppuesbrr xnppuesbrr
scesbtewjx scesbtewjx
jrmlkfexfk jrmlkfexfk osdeymjeil
seeyrseflx hkempoemlv seeyrseflx
oggftsricu oggftsricu
xywdziunpr xywdziunpr
vugkhjygfe vugkhjygfe
guuudgvhny guuudgvhny ivugtsvtqb
stdiixwrjc stdiixwrjc
kvfpaspidv kvfpaspidv
ouxenssqdu ouxenssqdu
mdyuzxshey mdyuzxshey
bbczvyonym bbczvyonym hsjqtjkukk
wynbxuuxru tmrnpjqnxx voaumgrcuj wynbxuuxru
jqtguzxxsl smwxdupkdv vfdsalrajq optviwhmbr
xawkqmfmmx xawkqmfmmx
