0 94 127 126 94 67 20 17 26 2 28 10 12 3 39 82 0 2 44 33 64 1 0 49 14 24 92 38 34 48 66 89 92 4 1 48 5 1 91 83 78 89 11 89 70 21 142 21 20 7 21 82 60 76 8 4 73 96 73 95 32 76 78 50 74 27 11 81 30 88 20 89 1 58 54 1 74 6 10 49 12 2 26 22 26 7 48 0 9 46 99 2 60 7 38 83 6 3 88 4 3 34 7 11 56 13 20 52 24 40 0 58 24 57 6 71 7 0 72 0 77 25 77 16 15 1 3 46 9 16 5 0 84 13 88 61 0 58 19 3 2 4 6 15 87 3 85 88 30 22 14 69 110 111 69 73 25 12 19 81 92 38 14 16 4 35 77 27 30 0 10 6 42 56 48 0
35
0 102 103
94 152 153 154 164 165 166
127 127
126 126
26 158 159 160
10 114 115 197 198 199
12 138 139 176 177 178
39 106 107
44 104 105
1 155 156 157
49 194 195 196
38 146 147 148
34 120 121
5 116 117
83 167 168 169
78 185 186 187
11 130 131 179 180 181
21 140
142 141 142
60 108 109 128 129
8 118 119
81 173 174 175
58 100 101
54 191 192 193
9 161 162 163
46 170 171 172
13 112 113 122 123
40 134 135
57 136 137 188 189 190
25 124 125
84 132 133 143 144 145
87 149 150 151
110 110
111 111
35 182 183 184
