0 5 117 5 87 151 87 25 124 125 25 31 118 119 31 53 178 53 90 182 90 45 12 139 138 12 39 106 39 78 187 78 1 157 1 69 111 110 69 38 34 120 121 34 26 160 26 10 199 10 115 10 38 146 38 54 191 54 21 142 21 44 104 105 44 84 133 84 143 84 9 161 9 18 103 18 40 135 134 40 47 152 47 164 47 94 126 94 60 108 60 129 128 60 83 169 83 41 113 41 123 122 41 11 181 11 57 188 57 136 137 57 11 130 11 45 175 45 49 194 49 58 100 58 46 170 46 0
64
0 179 193
117 116 117
151 150 151
124 124
125 125
31 176
118 118
119 119
178 177 178
182 182 183
45 173 184 196
139 139
138 138
106 106 107
78 185
187 186 187
157 156 157
1 155
111 111
110 110
38 148 149
120 120
121 121
26 158
160 159 160
10 197
199 198 199
115 114 115
146 146 147
191 191 192
142 141 142
21 140
104 104
105 105
133 132 133
143 143 144
84 145 163
161 161 162
103 102 103
135 135
134 134
152 152 153
164 164 165
47 154 166
126 126 127
108 108 109
129 129
128 128
83 167
169 168 169
113 112 113
123 123
122 122
181 180 181
188 188 189
136 136
137 137
57 190
130 130 131
175 174 175
194 194 195
100 100 101
170 170 171
46 172
