0 40 44 105 47 120 110 57 110 94 179 124 190 125 128 117 168 165 84 82 108 102 101 2 39 144 139 180 182 189 104 145 95 55 90 92 90 25 125 74 160 154 114 150 152 150 129 170 64 195 135 99 105 25 27 65 68 65 30 130 132 141 132 186 187 185 79 184 69 100 20 10 12 66 67 80 35 37 35 75 78 75 0
63
0 3
40 43
44 44
47 47 183
120 122 120
57 57 56
110 113 110
94 94
179 179
124 124 159
190 192
128 128
117 116 166
168 168
82 82 108
102 102
101 101
2 13 2 28
39 134 39
144 144
139 139
180 180
182 181 182
189 189
104 16 104 17 149
145 145 148
95 97 95 87
55 55 58
92 91 92
25 25
125 125
74 54 74
160 136 161 160
154 154
114 114
152 152
129 72 129
170 172
64 64
195 197 195
135 138 52 135
99 99
105 105
27 27 118
65 65
68 68
30 32 30
130 133
141 141 142
132 131 132
186 186 42 41
187 187
79 79
184 184
69 69
100 15 100
20 20
12 12 11
66 66
67 67 123
35 38 35
37 37 36
78 78
