loc0 loc58 loc0 loc67 loc2 loc68 loc47 loc92 loc20 loc82 loc65 loc11 loc65 loc2 loc68 loc5 loc86 loc23 loc95 loc41 loc89 loc8 loc62 loc71 loc26 loc53 loc79 loc61 loc7 loc87 loc42 loc69 loc78 loc34 loc57 loc12 loc84 loc48 loc91 loc64 loc54 loc18 loc90 loc99 loc63 loc3 loc93 loc3 loc75 loc39 loc66 loc76 loc22 loc77 loc67 loc32 loc67 loc0
36
loc58 loc4 loc31 loc40 loc49
loc67 loc14
loc2 loc2
loc68 loc50
loc47 loc47
loc20 loc20
loc82 loc1 loc10 loc19 loc28 loc37 loc46
loc65 loc29 loc38
loc11 loc11
loc5 loc5
loc23 loc23
loc41 loc41
loc89 loc44
loc8 loc8
loc62 loc17
loc26 loc26
loc53 loc25 loc35
loc79 loc16
loc7 loc7
loc87 loc24
loc42 loc42
loc69 loc15
loc34 loc34
loc57 loc6 loc21 loc33
loc12 loc12
loc48 loc48
loc54 loc9 loc36
loc18 loc18
loc90 loc45
loc63 loc27
loc3 loc3
loc75 loc30
loc39 loc39
loc76 loc13
loc22 loc22 loc43
loc32 loc32
