loc0 loc103 loc58 loc166 loc103 loc148 loc175 loc104 loc149 loc113 loc5 loc155 loc41 loc113 loc164 loc65 loc137 loc5 loc173 loc128 loc2 loc146 loc73 loc119 loc136 loc28 loc199 loc19 loc118 loc154 loc145 loc19 loc127 loc100 loc172 loc90 loc163 loc45 loc153 loc81 loc198 loc108 loc171 loc117 loc27 loc135 loc54 loc111 loc12 loc157 loc12 loc165 loc48 loc102 loc39 loc174 loc48 loc189 loc180 loc39 loc102 loc75 loc129 loc21 loc183 loc6 loc186 loc33 loc156 loc147 loc30 loc156 loc87 loc159 loc15 loc132 loc24 loc195 loc60 loc195 loc15 loc105 loc42 loc150 loc52 loc133 loc16 loc160 loc43 loc151 loc79 loc115 loc196 loc187 loc7 loc187 loc16 loc142 loc7 loc169 loc143 loc26 loc152 loc179 loc161 loc188 loc62 loc167 loc23 loc158 loc59 loc149 loc95 loc140 loc76 loc148 loc31 loc193 loc130 loc0
75
loc103 loc94
loc58 loc58
loc148 loc40
loc149 loc68
loc113 loc29
loc5 loc5
loc155 loc14 loc32 loc56 loc77 loc83
loc41 loc41
loc65 loc65
loc137 loc38
loc128 loc11 loc47 loc74 loc92
loc2 loc2
loc146 loc20
loc73 loc73
loc136 loc37
loc28 loc28
loc19 loc19 loc46
loc127 loc64
loc100 loc100
loc172 loc55 loc82
loc90 loc90
loc163 loc1 loc10 loc91
loc45 loc45
loc81 loc81
loc198 loc9
loc108 loc63
loc27 loc27
loc135 loc18 loc36
loc54 loc54
loc12 loc12
loc157 loc4 loc22 loc49 loc67 loc85
loc48 loc48
loc102 loc84
loc39 loc39
loc174 loc66
loc189 loc57 loc99
loc180 loc72
loc75 loc75
loc21 loc21
loc183 loc3
loc6 loc6
loc33 loc33
loc147 loc93
loc30 loc30
loc87 loc87
loc15 loc15
loc24 loc24
loc195 loc51 loc96
loc60 loc60
loc42 loc42
loc150 loc69
loc52 loc52
loc133 loc78
loc16 loc16
loc43 loc43
loc151 loc34
loc79 loc79
loc115 loc25
loc196 loc88
loc187 loc61 loc70
loc7 loc7
loc142 loc97
loc143 loc8 loc71
loc26 loc26
loc152 loc35 loc53 loc98
loc179 loc17 loc89
loc161 loc44 loc80
loc62 loc62
loc23 loc23
loc158 loc86
loc59 loc59
loc95 loc50 loc95
loc76 loc76
loc31 loc31
loc193 loc13
