loc0 loc193 loc49 loc157 loc3 loc183 loc186 loc87 loc168 loc15 loc195 loc150 loc133 loc97 loc142 loc169 loc143 loc107 loc179 loc161 loc188 loc86 loc176 loc14 loc131 loc77 loc113 loc38 loc137 loc128 loc74 loc110 loc74 loc128 loc173 loc5 loc194 loc122 loc50 loc184 loc94 loc148 loc139 loc190 loc1 loc153 loc90 loc153 loc45 loc153 loc91 loc127 loc109 loc64 loc199 loc100 loc172 loc162 loc81 loc171 loc135 loc99 loc180 loc174 loc75 loc157 loc13 loc166 loc151 loc88 loc196 loc115 loc166 loc103 loc0
44
loc0 loc13
loc3 loc3
loc186 loc6 loc30 loc33 loc87 loc93
loc15 loc15 loc24
loc195 loc51 loc60 loc96
loc150 loc42 loc69
loc133 loc52 loc78
loc142 loc7 loc61 loc70 loc97
loc107 loc8 loc26 loc35 loc53 loc71
loc179 loc17 loc89
loc161 loc44 loc80 loc98
loc188 loc23 loc59 loc62 loc68
loc86 loc86
loc131 loc14 loc32 loc56 loc83
loc77 loc77
loc113 loc5 loc29 loc41
loc38 loc38
loc137 loc2 loc20 loc65
loc74 loc74
loc110 loc11 loc47 loc92
loc50 loc50 loc95
loc94 loc94
loc148 loc31 loc40 loc58 loc76
loc1 loc1
loc90 loc90
loc45 loc45
loc91 loc91
loc127 loc10
loc109 loc19 loc46
loc64 loc64
loc199 loc28 loc37 loc73
loc100 loc100
loc172 loc55 loc82
loc81 loc81
loc171 loc9 loc27 loc63
loc135 loc18 loc36
loc99 loc48 loc57 loc99
loc180 loc39 loc54 loc72
loc174 loc66 loc84
loc75 loc75
loc157 loc4 loc12 loc21 loc22 loc49 loc67 loc85
loc151 loc25 loc34 loc79
loc88 loc88
loc196 loc16 loc43
