loc0 loc67 loc14 loc68 loc59 loc50 loc86 loc77 loc43 loc97 loc34 loc88 loc7 loc87 loc51 loc60 loc33 loc57 loc12 loc84 loc39 loc66 loc48 loc99 loc54 loc18 loc63 loc30 loc66 loc58 loc13 loc67 loc2 loc65 loc46 loc82 loc65 loc2 loc67 loc77 loc26 loc53 loc17 loc89 loc41 loc95 loc5 loc86 loc32 loc94 loc0
29
loc14 loc14
loc59 loc47
loc50 loc50
loc43 loc43
loc34 loc34
loc7 loc7
loc87 loc24 loc42
loc60 loc6 loc15 loc21
loc33 loc33
loc12 loc12
loc39 loc39
loc48 loc48
loc54 loc9 loc36
loc18 loc18
loc63 loc3 loc27 loc45
loc30 loc30
loc58 loc4 loc31 loc40 loc49
loc13 loc13 loc22
loc46 loc46
loc82 loc1 loc10 loc19 loc28 loc37
loc65 loc11 loc20 loc29 loc38
loc2 loc2
loc26 loc26
loc53 loc16 loc25 loc35
loc17 loc17
loc89 loc8 loc44
loc41 loc23 loc41
loc5 loc5
loc32 loc32
