10 12 13 5 3 32 2 4 7 45 3 5 2 45 6 35 1 3 1 34 24 19 0 26 0 23 26 41 8 9 40 16 35 49 44 27 11 3 4 16 7 15 3 2 19 35 1 3 0 5 35 18 6 0 3 32 21 15 6 1 2 10 50 113 114 96 98 101 89 149 142 59 74 60 79 81 50 10 0 36 24 0 4 0 24 1 5 0 40 33 27 10
33
12 12
13 29
5 5
3 3
32 32
2 2
7 7 37
6 6
35 35
1 1
34 34 42
24 22
26 25
23 23
41 41
8 8 38
9 39
40 43
11 11
15 15
21 21
50 51 52 53 54 184 185 186 187
113 106 107 108 109 111 112
96 93 94 96
98 97 98 99
101 101 102 103 104
89 86 87 88 89 91 92
59 56 57 58 59 190 191 192 193
74 68 69 71 72 73 74 76
60 61 62 63 64 66 67 196 197 198 199
79 77 78 79
81 81 82 83 84
36 36
