0 30 74 37 95 4 32 85 144 88 8 177 111 3 57 181 46 5 17 113 138 63 139 6 96 7 54 172 36 50 67 4 104 42 76 31 97 176 45 11 40 69 21 10 60 23 35 103 99 27 195 68 121 0
45
0 91
30 30
37 37 47 74
95 79 95
32 32
85 16 85
144 14 29 52 73
88 61 88 98
8 8
177 18
111 48 100
3 3 58
57 57
46 38 46 72 87
5 5 62
17 17 70 89
113 12 82
138 80
63 63
6 6 15 84 96
7 7
54 54
172 22
36 36 41 77 90
50 50
67 19 25 64 67
4 4 66
104 24 92
42 42
76 28 33 76
31 31 55 97
176 44
45 45
11 1 11 34
40 40 59
69 26 69
21 13 21
10 2 10 43 71 75 83 93 94
60 51 60
23 23 65
35 20 35 56 81
99 9 78 86 99
27 27 39
195 49 53
68 68
