0 1 69 71 72 90 105 106 107 108 109 110 112 113 115 116 117 116 115 113 112 110 109 108 107 106 105 90 72 71 69 70 121 163 164 165 166 167 168 169 170 183 185 186 187 191 192 193 194 195 196 197 198 197 196 195 194 193 192 191 187 186 185 183 170 169 171 173 175 177 172 171 169 168 167 166 165 164 163 121 70 69 1 0 2 3 5 6 7 8 9 11 12 13 15 16 17 18 17 16 15 13 12 11 9 10 20 21 22 21 23 24 25 26 25 24 23 21 20 10 9 8 7 6 5 3 4 28 30 31 32 33 34 33 35 36 37 36 38 39 40 39 38 36 35 33 34 41 42 41 43 44 45 46 47 29 28 4 3 2 3 5 6 5 3 4 28 29 47 48 49 50 51 52 53 54 53 55 56 57 56 58 59 60 61 60 62 63 64 66 67 68 69 71 72 91 93 95 93 91 92 98 99 100 99 98 92 91 72 71 69 70 122 123 138 139 140 141 142 143 145 147 145 146 152 153 154 153 152 146 145 143 142 141 140 139 138 123 122 124 125 131 132 133 134 135 134 133 132 131 125 124 126 124 122 70 69 71 73 74 75 76 77 78 79 80 81 80 79 78 77 76 75 74 73 71 69 1 0
65
0 0
108 108 107
117 120 118
112 113
163 163 121
168 167 166 168
170 183 170
195 196 195
198 198 199
191 191 188
175 176 175
177 181 172
11 11
13 14 13
15 15
17 17
18 18
9 9
10 10 19
22 22
21 21
26 27 26
25 25
24 24
4 4
31 31
35 35
38 38
39 39
42 42
44 44 45
29 29
2 2
5 5
50 50
51 51
52 52
54 54
57 57
58 58
59 59
61 61
62 62
63 63
64 65
66 66
91 91 90
95 95 96
93 94 93
100 100 101
141 142 140 141
147 148 147
154 158 154 153 159
146 146 150
135 137 134 136
131 132 131
126 128 129
77 76 77
78 78
81 83 82
80 80
79 79
75 75 74
73 73
1 68 69 1
