yZx4F8OpIk5Ar2sBMJAx Z5A3tROaNW2mCwf9Mwns coccrxCAACMV0GSxD2xc pyuAeTbcVcifrFis8Hjk uwJup2WiLVChmnkelhR8 xjrY90FEcI7klV7sjO39 oNRzekgjmcfhwbUnE9E5 YCHj3zwS8C1T4iIu3mub t3p35rQwuMfICpxwBTRV OX2sgS0EKma0KPRXo24b iPYb45Axawv8d5E4ZUWT ixBQklcj47gZLpsoK0Z1 3NlcmlomZH13bXyH9A3z 4vVzhXxSoe23m0D4crAQ 1nX5xj0493ZNrFPUOVt9 aUS8Ma4u9DWG5rGkGMu3 MMuVzSLYdkYJSnZzYgpt TIQTzk08mTKB7r8LXluj BoPjxvlt26bTwBLbfnZh 9RASC8iIlFoW2F9PoUXZ u8Sh3uzUVF2pFMTdyMgE sYiNL7uSzhZbFuuuJ7Ov xfBJiQuas9xv3hIOUe8o YXB7UTVLkwJ3CJcMVTzW k4TDiYyIyLOxd2S09stN bSPdwFdSvkSaDMkIhhIm a37twrOQlX8ckvFplsbJ sI5I68bj40h6dFM0JU7L 73lJNME3ed7CVENNhT28 ylc14u4guzQsG1HGoIaW p1HQ9bUXYQS3CJ4AN6us u3rvHKE2Cknh2L20VX31 c2xoK29xdkQaHgutY5NS evP9W9Sp0JotOHAnvl9E e6PVUjjd6ajldcTPycA6 brD3Sp7VWuo0VotesZDK 3Nm0UHOvSd34D8rM2yZH KdV5bt367BMwPhG3obI3 O3Hkka0xTn4TYlQWkSEt mhfSTNs1vGxIVkKDB1R9 Ux0fPXy37kADOkMzDLQ2 OLNsB9xLMpVZMUaTLkU7 SxhNwhmBZW56skeskoXT Jl9fGpEEaLR4lmSJYVKz K5SbR7BNjzxCUkAdrGa5 tg1w5Br4i5001iky5uAt 2GGOgT8kgyBmX858M38j hCu50otWd5xV17Ex0c3a MjcrC2MkSyccg6AM7KMW j8a5XYXH6AK0uHrNRime yZx4F8OpIk5Ar2sBMJAx
50
yZx4F8OpIk5Ar2sBMJAx E0w68ygm8mlxdWmjUSMA
Z5A3tROaNW2mCwf9Mwns Z5A3tROaNW2mCwf9Mwns
coccrxCAACMV0GSxD2xc coccrxCAACMV0GSxD2xc
pyuAeTbcVcifrFis8Hjk pyuAeTbcVcifrFis8Hjk
uwJup2WiLVChmnkelhR8 uwJup2WiLVChmnkelhR8
xjrY90FEcI7klV7sjO39 xjrY90FEcI7klV7sjO39
oNRzekgjmcfhwbUnE9E5 oNRzekgjmcfhwbUnE9E5
YCHj3zwS8C1T4iIu3mub YCHj3zwS8C1T4iIu3mub
t3p35rQwuMfICpxwBTRV t3p35rQwuMfICpxwBTRV
OX2sgS0EKma0KPRXo24b OX2sgS0EKma0KPRXo24b
iPYb45Axawv8d5E4ZUWT iPYb45Axawv8d5E4ZUWT
ixBQklcj47gZLpsoK0Z1 ixBQklcj47gZLpsoK0Z1
3NlcmlomZH13bXyH9A3z 3NlcmlomZH13bXyH9A3z
4vVzhXxSoe23m0D4crAQ 4vVzhXxSoe23m0D4crAQ
1nX5xj0493ZNrFPUOVt9 1nX5xj0493ZNrFPUOVt9
aUS8Ma4u9DWG5rGkGMu3 aUS8Ma4u9DWG5rGkGMu3
MMuVzSLYdkYJSnZzYgpt MMuVzSLYdkYJSnZzYgpt
TIQTzk08mTKB7r8LXluj TIQTzk08mTKB7r8LXluj
BoPjxvlt26bTwBLbfnZh BoPjxvlt26bTwBLbfnZh
9RASC8iIlFoW2F9PoUXZ 9RASC8iIlFoW2F9PoUXZ
u8Sh3uzUVF2pFMTdyMgE u8Sh3uzUVF2pFMTdyMgE
sYiNL7uSzhZbFuuuJ7Ov sYiNL7uSzhZbFuuuJ7Ov
xfBJiQuas9xv3hIOUe8o xfBJiQuas9xv3hIOUe8o
YXB7UTVLkwJ3CJcMVTzW YXB7UTVLkwJ3CJcMVTzW
k4TDiYyIyLOxd2S09stN k4TDiYyIyLOxd2S09stN
bSPdwFdSvkSaDMkIhhIm bSPdwFdSvkSaDMkIhhIm
a37twrOQlX8ckvFplsbJ a37twrOQlX8ckvFplsbJ
sI5I68bj40h6dFM0JU7L sI5I68bj40h6dFM0JU7L
73lJNME3ed7CVENNhT28 73lJNME3ed7CVENNhT28
ylc14u4guzQsG1HGoIaW ylc14u4guzQsG1HGoIaW
p1HQ9bUXYQS3CJ4AN6us p1HQ9bUXYQS3CJ4AN6us
u3rvHKE2Cknh2L20VX31 u3rvHKE2Cknh2L20VX31
c2xoK29xdkQaHgutY5NS c2xoK29xdkQaHgutY5NS
evP9W9Sp0JotOHAnvl9E evP9W9Sp0JotOHAnvl9E
e6PVUjjd6ajldcTPycA6 e6PVUjjd6ajldcTPycA6
brD3Sp7VWuo0VotesZDK brD3Sp7VWuo0VotesZDK
3Nm0UHOvSd34D8rM2yZH 3Nm0UHOvSd34D8rM2yZH
KdV5bt367BMwPhG3obI3 KdV5bt367BMwPhG3obI3
O3Hkka0xTn4TYlQWkSEt O3Hkka0xTn4TYlQWkSEt
mhfSTNs1vGxIVkKDB1R9 mhfSTNs1vGxIVkKDB1R9
Ux0fPXy37kADOkMzDLQ2 Ux0fPXy37kADOkMzDLQ2
OLNsB9xLMpVZMUaTLkU7 OLNsB9xLMpVZMUaTLkU7
SxhNwhmBZW56skeskoXT SxhNwhmBZW56skeskoXT
Jl9fGpEEaLR4lmSJYVKz Jl9fGpEEaLR4lmSJYVKz
K5SbR7BNjzxCUkAdrGa5 K5SbR7BNjzxCUkAdrGa5
tg1w5Br4i5001iky5uAt tg1w5Br4i5001iky5uAt
2GGOgT8kgyBmX858M38j 2GGOgT8kgyBmX858M38j
hCu50otWd5xV17Ex0c3a hCu50otWd5xV17Ex0c3a
MjcrC2MkSyccg6AM7KMW MjcrC2MkSyccg6AM7KMW
j8a5XYXH6AK0uHrNRime j8a5XYXH6AK0uHrNRime
