PQlYD3syBoo7C0hcATPD lP2ISUwXZ5Vr1Dbyi5b2 Kxk6VsPzNOhHpwuN2F67 IBSvm7mZeG0vXjguUx8d upn88whXcmTNEpbLaMgR 4EHOWDgXvpoSadcvvLu4 BHDRDstSlZtm71sWfOHB 4yCDRp1k04Ch6IBU1p1H dcRmXZcpiyoLWuwR56cL BfkNC5T0oZOQYOkOg1Lr ZOUAFthiVkWe23hp0746 VjMruztOvYBB57sBtK7F m3uIZkevVRyscNPa6NkD 8kEed91vb76Fhm6ivuFw oAwJ8ncZge95DCLogDfz h36zX7NC4P81W3KQD11u MGPH1ZQv2OM6dRC07Rj5 LvHeBFyLyC9KHnAltZnF r52GhdJM3J6bC9RxltxZ daYVb2kr83paGhJZJJyA dRs9JullKCFwk8f9TP2C hQH0nHlpxkrlncu9buJt iA0OPvpmSXnD5PmFrIY3 8BVD1mXIeFKDWXC0pHC5 MnuekaeS1NiILcuuvn3o c5B3yGaAxuGVYEd7DCc5 aZ1gME9dgT1obQwN7kgz gByPZFfsA72SjYPmontO Zd6upjEKdV6jHG9xKORy UWVA5dAu4wDF6Efl9d4O 2RLdpM4k7Le8vufDMuf4 dPunn27br1tTUelFVNIt 5wKsB6wx9H7PujNL03GN e7HIMwL2s8LjuoIRxDl7 MmXiw0PdJXAsicjY4bml ikaH2IngBoan8x64dwnD 4ck2vdbl0wzRRSh9h5JI I3dKkMa3JUxVpADvWcmQ oRnkB9WX4h9Vz2XYe2Mz CeJalRL3KinyCQjl6tio 4xoBiS6HZ3COfmNv2aTR XfIhMNfCnUCbP8MIjhA8 EWUzUZ9Yb7H9gHpK5NdI CE9MuYF6CpN99atuGjZ0 y5HlDp3ZOU3fT35BihFS XT2Ymi7YdhYVjSO57uvy JWNjS0Xtxw6CDJbk4UbK zOauzkXEQku3g7FmlO3i y5UFufU6hy8Zt47b4K3v tBx3RfPMJg4OhazCeTsa WuSb6mZA4Ht48gzyBwrs JNypu0O2hxRmLxF04Zie mHciHIbodF92KWBlyZhd TRIzdQQDV9bs8k4M9U4X 58PE6yTygndgQ75HC5PU ajZwDYcDrAcHajKZpRul Mo6dK8I2XR9RUnPgLFfU aAf4nv1B7ggfx0DjrAOi SJuQEhk6NZgb7Y1YXHxx N4yrn0aLU6ELQucPFmw8 CtdShr26uGGV2W6zZTdS 29ZrssG8owPMWU0dtlEx WpDgsUZvfm1s3J1djPk6 j0WhcaOOy1JCyHTrxCSk XtcwDUG5TGpryRZKRvrm yuNLI2bosn9XVMaJllU2 jN7FJhuhmTKkduIKGyBx SWMrIKPuAQFTY7HmPty0 ouUk8HCXkT1xNHUSpktV iGcRn4eFfZI68Qr0MOgy AhTd32p44tQrgKLluTfO C8l14blndt8uGQmGfPky pGBevvfrXEYRwdy9Xa3h wpM05AhdMYgh3n4WvalH PRxK9WGPQn2vmuBbswLk Saezs03GHhWlgEusf2xb ul5TY5YtUVHURRbHo0xt 1AmZo7yJ6YJzwrjZr6vX symCtAIG82LYD9Qs6FxZ 0UIZ9YDhxr3ipBPf2WkK pmpfdWSNFW4BZf3j9zey Hj9GXo6u0dDYfg4xoW2T IuwSP1hfYZRam5iX6Sbk rRx4ufuRfBzAjOzuQptQ AcGlxsvhfAOKA2Ti96Hg lTNvRGBulC52xVXvXmmj j1u2ybLPFsWda7RGIo6J zTPp43usagg8jQuMreHJ diWFyYW4KuKIAVWCVTOh xM3fh05um8j45RhdwKOx mMXK7rFRd7VNNboRtMKu FE9d826a5RuYfSI6vEz4 IjoU40tEWMCkwd5SaIZC egafCQ4ih9nCuFY3RBSk DLNj52Bf5LL4ZddWTcYY PQlYD3syBoo7C0hcATPD
95
PQlYD3syBoo7C0hcATPD 58LVuHISdldtYbuuEa4z CQFH0bM5UHhxPATIQeaZ KFbZubIZwxKjbFZIhivu xUd3lWAackpOjTn98YBa NpHJpdHaoVuG1evDy4mD PQlYD3syBoo7C0hcATPD
lP2ISUwXZ5Vr1Dbyi5b2 lP2ISUwXZ5Vr1Dbyi5b2
Kxk6VsPzNOhHpwuN2F67 Kxk6VsPzNOhHpwuN2F67
IBSvm7mZeG0vXjguUx8d IBSvm7mZeG0vXjguUx8d
upn88whXcmTNEpbLaMgR upn88whXcmTNEpbLaMgR
4EHOWDgXvpoSadcvvLu4 4EHOWDgXvpoSadcvvLu4
BHDRDstSlZtm71sWfOHB BHDRDstSlZtm71sWfOHB
4yCDRp1k04Ch6IBU1p1H 4yCDRp1k04Ch6IBU1p1H
dcRmXZcpiyoLWuwR56cL dcRmXZcpiyoLWuwR56cL
BfkNC5T0oZOQYOkOg1Lr BfkNC5T0oZOQYOkOg1Lr
ZOUAFthiVkWe23hp0746 ZOUAFthiVkWe23hp0746
VjMruztOvYBB57sBtK7F VjMruztOvYBB57sBtK7F
m3uIZkevVRyscNPa6NkD m3uIZkevVRyscNPa6NkD
8kEed91vb76Fhm6ivuFw 8kEed91vb76Fhm6ivuFw
oAwJ8ncZge95DCLogDfz oAwJ8ncZge95DCLogDfz
h36zX7NC4P81W3KQD11u h36zX7NC4P81W3KQD11u
MGPH1ZQv2OM6dRC07Rj5 MGPH1ZQv2OM6dRC07Rj5
LvHeBFyLyC9KHnAltZnF LvHeBFyLyC9KHnAltZnF
r52GhdJM3J6bC9RxltxZ r52GhdJM3J6bC9RxltxZ
daYVb2kr83paGhJZJJyA daYVb2kr83paGhJZJJyA
dRs9JullKCFwk8f9TP2C dRs9JullKCFwk8f9TP2C
hQH0nHlpxkrlncu9buJt hQH0nHlpxkrlncu9buJt
iA0OPvpmSXnD5PmFrIY3 iA0OPvpmSXnD5PmFrIY3
8BVD1mXIeFKDWXC0pHC5 8BVD1mXIeFKDWXC0pHC5
MnuekaeS1NiILcuuvn3o MnuekaeS1NiILcuuvn3o
c5B3yGaAxuGVYEd7DCc5 c5B3yGaAxuGVYEd7DCc5
aZ1gME9dgT1obQwN7kgz aZ1gME9dgT1obQwN7kgz
gByPZFfsA72SjYPmontO gByPZFfsA72SjYPmontO
Zd6upjEKdV6jHG9xKORy Zd6upjEKdV6jHG9xKORy
UWVA5dAu4wDF6Efl9d4O UWVA5dAu4wDF6Efl9d4O
2RLdpM4k7Le8vufDMuf4 2RLdpM4k7Le8vufDMuf4
dPunn27br1tTUelFVNIt dPunn27br1tTUelFVNIt
5wKsB6wx9H7PujNL03GN 5wKsB6wx9H7PujNL03GN
e7HIMwL2s8LjuoIRxDl7 e7HIMwL2s8LjuoIRxDl7
MmXiw0PdJXAsicjY4bml MmXiw0PdJXAsicjY4bml
ikaH2IngBoan8x64dwnD ikaH2IngBoan8x64dwnD
4ck2vdbl0wzRRSh9h5JI 4ck2vdbl0wzRRSh9h5JI
I3dKkMa3JUxVpADvWcmQ I3dKkMa3JUxVpADvWcmQ
oRnkB9WX4h9Vz2XYe2Mz oRnkB9WX4h9Vz2XYe2Mz
CeJalRL3KinyCQjl6tio CeJalRL3KinyCQjl6tio
4xoBiS6HZ3COfmNv2aTR 4xoBiS6HZ3COfmNv2aTR
XfIhMNfCnUCbP8MIjhA8 XfIhMNfCnUCbP8MIjhA8
EWUzUZ9Yb7H9gHpK5NdI EWUzUZ9Yb7H9gHpK5NdI
CE9MuYF6CpN99atuGjZ0 CE9MuYF6CpN99atuGjZ0
y5HlDp3ZOU3fT35BihFS y5HlDp3ZOU3fT35BihFS
XT2Ymi7YdhYVjSO57uvy XT2Ymi7YdhYVjSO57uvy
JWNjS0Xtxw6CDJbk4UbK JWNjS0Xtxw6CDJbk4UbK
zOauzkXEQku3g7FmlO3i zOauzkXEQku3g7FmlO3i
y5UFufU6hy8Zt47b4K3v y5UFufU6hy8Zt47b4K3v
tBx3RfPMJg4OhazCeTsa tBx3RfPMJg4OhazCeTsa
WuSb6mZA4Ht48gzyBwrs WuSb6mZA4Ht48gzyBwrs
JNypu0O2hxRmLxF04Zie JNypu0O2hxRmLxF04Zie
mHciHIbodF92KWBlyZhd mHciHIbodF92KWBlyZhd
TRIzdQQDV9bs8k4M9U4X TRIzdQQDV9bs8k4M9U4X
58PE6yTygndgQ75HC5PU 58PE6yTygndgQ75HC5PU
ajZwDYcDrAcHajKZpRul ajZwDYcDrAcHajKZpRul
Mo6dK8I2XR9RUnPgLFfU Mo6dK8I2XR9RUnPgLFfU
aAf4nv1B7ggfx0DjrAOi aAf4nv1B7ggfx0DjrAOi
SJuQEhk6NZgb7Y1YXHxx SJuQEhk6NZgb7Y1YXHxx
N4yrn0aLU6ELQucPFmw8 N4yrn0aLU6ELQucPFmw8
CtdShr26uGGV2W6zZTdS CtdShr26uGGV2W6zZTdS
29ZrssG8owPMWU0dtlEx 29ZrssG8owPMWU0dtlEx
WpDgsUZvfm1s3J1djPk6 WpDgsUZvfm1s3J1djPk6
j0WhcaOOy1JCyHTrxCSk j0WhcaOOy1JCyHTrxCSk
XtcwDUG5TGpryRZKRvrm XtcwDUG5TGpryRZKRvrm
yuNLI2bosn9XVMaJllU2 yuNLI2bosn9XVMaJllU2
jN7FJhuhmTKkduIKGyBx jN7FJhuhmTKkduIKGyBx
SWMrIKPuAQFTY7HmPty0 SWMrIKPuAQFTY7HmPty0
ouUk8HCXkT1xNHUSpktV ouUk8HCXkT1xNHUSpktV
iGcRn4eFfZI68Qr0MOgy iGcRn4eFfZI68Qr0MOgy
AhTd32p44tQrgKLluTfO AhTd32p44tQrgKLluTfO
C8l14blndt8uGQmGfPky C8l14blndt8uGQmGfPky
pGBevvfrXEYRwdy9Xa3h pGBevvfrXEYRwdy9Xa3h
wpM05AhdMYgh3n4WvalH wpM05AhdMYgh3n4WvalH
PRxK9WGPQn2vmuBbswLk PRxK9WGPQn2vmuBbswLk
Saezs03GHhWlgEusf2xb Saezs03GHhWlgEusf2xb
ul5TY5YtUVHURRbHo0xt ul5TY5YtUVHURRbHo0xt
1AmZo7yJ6YJzwrjZr6vX 1AmZo7yJ6YJzwrjZr6vX
symCtAIG82LYD9Qs6FxZ symCtAIG82LYD9Qs6FxZ
0UIZ9YDhxr3ipBPf2WkK 0UIZ9YDhxr3ipBPf2WkK
pmpfdWSNFW4BZf3j9zey pmpfdWSNFW4BZf3j9zey
Hj9GXo6u0dDYfg4xoW2T Hj9GXo6u0dDYfg4xoW2T
IuwSP1hfYZRam5iX6Sbk IuwSP1hfYZRam5iX6Sbk
rRx4ufuRfBzAjOzuQptQ rRx4ufuRfBzAjOzuQptQ
AcGlxsvhfAOKA2Ti96Hg AcGlxsvhfAOKA2Ti96Hg
lTNvRGBulC52xVXvXmmj lTNvRGBulC52xVXvXmmj
j1u2ybLPFsWda7RGIo6J j1u2ybLPFsWda7RGIo6J
zTPp43usagg8jQuMreHJ zTPp43usagg8jQuMreHJ
diWFyYW4KuKIAVWCVTOh diWFyYW4KuKIAVWCVTOh
xM3fh05um8j45RhdwKOx xM3fh05um8j45RhdwKOx
mMXK7rFRd7VNNboRtMKu mMXK7rFRd7VNNboRtMKu
FE9d826a5RuYfSI6vEz4 FE9d826a5RuYfSI6vEz4
IjoU40tEWMCkwd5SaIZC IjoU40tEWMCkwd5SaIZC
egafCQ4ih9nCuFY3RBSk egafCQ4ih9nCuFY3RBSk
DLNj52Bf5LL4ZddWTcYY DLNj52Bf5LL4ZddWTcYY
