OYUinzd4zxVxIptSBcML 0Y8GuXeRCg3UQ8iw3rJM mSL1gwuFl7ezuWmYhoWX 29cQGjH4xgr2WjuBLLEb 2mMEW336zlvoabKQ0Mze TOlchSnWWkR7rRWP9Cdc 2LHGJx7lje13o5VgjaWa dVfyZ8osOWlPeWeMnteY paxbzGIrGUKuLL8gNR12 wDv7iczN6LiK2xDJOu0N lM0uQphyVNPO90DR8P6A 5euTHFaulIyTMDOpAOiL knZxc5ZrIrcQzv054Pss 5dLU2ihY8weFRtdH0NCX ysFvkOBVEgTOFmcR2xc1 xtyNkgmQQDlFdBVfN1o5 6YPXen0OkUAjsBQbugH8 0rs0of9LUAzWTuABwTnG 7sEAL87eVGtPRFGU7wZL 4R5nKw333ATOizKdSrav ugVnD0zzPxsfEn932v1t C4iWe9yR2mvfNmTv1Ujg KRZBWx1Sd8wB0uU3QWeQ jVnJVrQfkUuQ5PfgtD65 3SpSgYRcx99pESu1D9Wi OYUinzd4zxVxIptSBcML
25
OYUinzd4zxVxIptSBcML n14fgY77RxYuy7mkbJU1
0Y8GuXeRCg3UQ8iw3rJM 0Y8GuXeRCg3UQ8iw3rJM
mSL1gwuFl7ezuWmYhoWX mSL1gwuFl7ezuWmYhoWX
29cQGjH4xgr2WjuBLLEb 29cQGjH4xgr2WjuBLLEb
2mMEW336zlvoabKQ0Mze 2mMEW336zlvoabKQ0Mze
TOlchSnWWkR7rRWP9Cdc TOlchSnWWkR7rRWP9Cdc
2LHGJx7lje13o5VgjaWa 2LHGJx7lje13o5VgjaWa
dVfyZ8osOWlPeWeMnteY dVfyZ8osOWlPeWeMnteY
paxbzGIrGUKuLL8gNR12 paxbzGIrGUKuLL8gNR12
wDv7iczN6LiK2xDJOu0N wDv7iczN6LiK2xDJOu0N
lM0uQphyVNPO90DR8P6A lM0uQphyVNPO90DR8P6A
5euTHFaulIyTMDOpAOiL 5euTHFaulIyTMDOpAOiL
knZxc5ZrIrcQzv054Pss knZxc5ZrIrcQzv054Pss
5dLU2ihY8weFRtdH0NCX 5dLU2ihY8weFRtdH0NCX
ysFvkOBVEgTOFmcR2xc1 ysFvkOBVEgTOFmcR2xc1
xtyNkgmQQDlFdBVfN1o5 xtyNkgmQQDlFdBVfN1o5
6YPXen0OkUAjsBQbugH8 6YPXen0OkUAjsBQbugH8
0rs0of9LUAzWTuABwTnG 0rs0of9LUAzWTuABwTnG
7sEAL87eVGtPRFGU7wZL 7sEAL87eVGtPRFGU7wZL
4R5nKw333ATOizKdSrav 4R5nKw333ATOizKdSrav
ugVnD0zzPxsfEn932v1t ugVnD0zzPxsfEn932v1t
C4iWe9yR2mvfNmTv1Ujg C4iWe9yR2mvfNmTv1Ujg
KRZBWx1Sd8wB0uU3QWeQ KRZBWx1Sd8wB0uU3QWeQ
jVnJVrQfkUuQ5PfgtD65 jVnJVrQfkUuQ5PfgtD65
3SpSgYRcx99pESu1D9Wi 3SpSgYRcx99pESu1D9Wi
