destitute Loomis Hindi connubial Rio Darwin ripe papal septillion creekside Hewlett decor yogurt woke trill fatten choice slowdown amateur Vega Auberge jewel Injun stanza Andersen diligent tate Gilmore Dominican bobble Dominican Bleeker taft MN Isfahan balustrade midget mediate FPC combine Modesto bifurcate destitute
36
Loomis Loomis
Hindi Hindi
connubial connubial
Rio Rio
Darwin Darwin
ripe ripe
papal papal
septillion anvil septillion transpiration
creekside creekside
Hewlett Hewlett swordfish
decor decor
yogurt yogurt
trill trill
fatten fatten
choice choice shroud
slowdown schedule slowdown
amateur amateur
Vega Vega
jewel jewel
Injun Injun
stanza stanza
Andersen Andersen Halstead
diligent diligent swingy
tate tate
Gilmore Gilmore funny
bobble McCall bobble
Bleeker Bleeker Dominican embassy minion
MN MN
Isfahan Isfahan
balustrade balustrade
midget midget
mediate mediate
FPC Fisk
combine Elizabethan extractor
Modesto Auberge Modesto
bifurcate illusion
