Loc35 Loc95 Loc67 Loc23 Loc44 Loc70 Loc33 Loc71 Loc48 Loc65 Loc64 Loc41 Loc16 Loc66 Loc79 Loc43 Loc93 Loc99 Loc47 Loc20 Loc10 Loc25 Loc92 Loc4 Loc24 Loc0 Loc22 Loc80 Loc62 Loc81 Loc51 Loc58 Loc37 Loc7 Loc84 Loc77 Loc46 Loc31 Loc35
31
Loc95 Loc54 Loc95
Loc67 Loc97 Loc67 Loc13
Loc44 Loc23 Loc1 Loc44
Loc70 Loc70
Loc33 Loc33 Loc28
Loc71 Loc71 Loc52
Loc48 Loc48
Loc65 Loc39 Loc65
Loc64 Loc64
Loc41 Loc41
Loc66 Loc14 Loc66
Loc79 Loc79 Loc90
Loc93 Loc93
Loc47 Loc15 Loc47
Loc20 Loc63
Loc10 Loc10
Loc25 Loc25
Loc4 Loc89 Loc78 Loc4 Loc92
Loc24 Loc24 Loc73
Loc0 Loc86 Loc74 Loc0
Loc22 Loc22
Loc80 Loc80
Loc62 Loc62
Loc81 Loc81
Loc51 Loc51 Loc34
Loc58 Loc58 Loc37
Loc7 Loc7
Loc84 Loc84
Loc77 Loc77
Loc46 Loc46
Loc31 Loc31
