Loc151 Loc0 Loc33 Loc49 Loc9 Loc160 Loc182 Loc158 Loc166 Loc54 Loc96 Loc85 Loc180 Loc34 Loc97 Loc141 Loc59 Loc161 Loc128 Loc134 Loc77 Loc134 Loc172 Loc98 Loc184 Loc170 Loc65 Loc47 Loc99 Loc117 Loc52 Loc93 Loc2 Loc110 Loc195 Loc24 Loc1 Loc58 Loc173 Loc196 Loc89 Loc6 Loc127 Loc66 Loc187 Loc123 Loc111 Loc123 Loc190 Loc125 Loc72 Loc62 Loc46 Loc122 Loc94 Loc181 Loc25 Loc15 Loc154 Loc101 Loc177 Loc4 Loc130 Loc151
55
Loc151 Loc151
Loc0 Loc156 Loc104
Loc33 Loc33 Loc148
Loc49 Loc49
Loc160 Loc160 Loc92
Loc182 Loc20 Loc182
Loc158 Loc142 Loc158
Loc166 Loc166
Loc54 Loc54
Loc96 Loc96
Loc85 Loc7 Loc147 Loc85 Loc118
Loc180 Loc180
Loc34 Loc55 Loc34 Loc32
Loc141 Loc141
Loc59 Loc59
Loc161 Loc161
Loc128 Loc16 Loc128
Loc134 Loc134
Loc77 Loc77 Loc61 Loc13
Loc172 Loc172
Loc98 Loc41 Loc98 Loc165
Loc184 Loc184 Loc3
Loc170 Loc170 Loc36 Loc115
Loc65 Loc65 Loc138
Loc47 Loc47 Loc124 Loc102 Loc21
Loc99 Loc99
Loc117 Loc117
Loc52 Loc52 Loc70
Loc93 Loc93 Loc126
Loc2 Loc2 Loc163
Loc110 Loc110 Loc28
Loc195 Loc27 Loc195
Loc24 Loc24
Loc58 Loc58
Loc173 Loc173
Loc89 Loc89
Loc127 Loc6 Loc127
Loc66 Loc66
Loc187 Loc187
Loc111 Loc111
Loc123 Loc185 Loc123
Loc190 Loc38 Loc17 Loc190
Loc125 Loc125
Loc72 Loc72
Loc62 Loc68 Loc62
Loc46 Loc46
Loc122 Loc122
Loc94 Loc94 Loc157
Loc181 Loc181 Loc50 Loc167 Loc183
Loc25 Loc194 Loc15
Loc154 Loc109 Loc120 Loc154 Loc43
Loc101 Loc101 Loc57
Loc177 Loc177
Loc4 Loc4 Loc48 Loc131 Loc135
Loc130 Loc130 Loc171
