birthday fearless absorb nimble use tent worship unused spread knot differ selfish spill volleyball angry attack impend separate imitate scientific teeny bang joke compete joke bang teeny scientific imitate separate impend attack angry volleyball spill selfish differ knot spread unused worship tent use nimble absorb fearless birthday
20
birthday birthday
fearless fearless
spread spread
knot knot
differ differ selfish
bang bang
compete compete airplane
joke joke
teeny teeny
scientific scientific
imitate imitate
separate separate
impend impend
attack attack
angry angry
volleyball spill volleyball
unused unused
worship worship
tent tent
nimble absorb nimble use
