birthday fearless absorb nimble use tent worship unused spread knot differ selfish spill volleyball angry attack impend separate imitate scientific teeny bang joke compete joke bang teeny scientific imitate separate impend attack angry volleyball spill selfish differ knot spread unused worship tent use nimble absorb fearless birthday
20
birthday birthday
fearless fearless
nimble absorb nimble use
tent tent
unused unused
spread spread
knot knot differ
selfish selfish
spill spill volleyball
angry angry
impend impend
separate separate
scientific scientific
teeny teeny
joke joke
compete compete airplane
bang bang
imitate imitate
attack attack
worship worship
