birthday fearless absorb nimble use tent worship unused spread knot differ selfish spill volleyball angry attack impend separate imitate scientific teeny bang joke compete joke bang teeny scientific imitate separate impend attack angry volleyball spill selfish differ knot spread unused worship tent use nimble absorb fearless birthday
18
birthday birthday
absorb absorb nimble
attack attack
separate separate imitate
joke joke
compete compete airplane
bang bang
teeny teeny
scientific scientific
impend impend
angry volleyball angry
spill selfish spill
knot spread knot differ
unused unused
worship worship
tent tent
use use
fearless fearless
