1 22 3 41 34 29 2 26 35 10 48 13 20 6 19 17 43 30 28 33 12 47 21 32 39 57 39 25 14 23 11 40 15 46 36 18 7 44 31 143 31 38 9 72 9 8 1
43
1 49 128
22 71 91 94 133
3 97 112
41 106 137
34 50 77
29 96 129
2 62 81
26 51 100 118 121
35 74 84 92 122
10 76 88 89 104 132 134
48 58 68 90 93
13 79 109
20 115 124
6 119 126
19 53 78 98 99 125 140
17 60 66
43 64 136
30 95 101
28 83 131
33 67 127
12 59 116
47 113 141
21 82 138
32 135 139
57 57
39 52
25 80 86
14 75 105
23 55 108
11 65 142
40 87 117
15 85 103
46 54 144
36 110 130
18 63 69
7 107 120
44 102 114
31 70
143 143
38 61 111
9 73
72 72
8 56 123
