g3ylJsdLuC idQHxtSnxr 0mnwiU4XrT u4LnQNaaiz 1N2P3Sa7im 1TfvXd6dPZ dC48GQHGzO oCk2Yieytb TSSOUimHPg BUMLJo6sc3 srT70dfQEr RN0bCAV6rQ dC48GQHGzO 1TfvXd6dPZ u4FAx2sHZm g2I4si69gU oVMPVsMWrZ vnZBjkVngj LeZK9UvMT9 33omYiVXOD bsEkAY2K41 KZfI0wRW9K 8ZKCAWlImg t25XjDwQhD DJYFSgxecW vLjEFrUVJv qjDSEKmZMW jBYJ7v19BQ ZqWjuL44qr VpC9l6m3bG YAqGe4tKAP 33omYiVXOD 5SSy593K31 WvFZJEkTrw HHHZ1vC1rP 12ECENJIev Oiowits7js nKHFs5cKTX s3eMpsYH00 oIVQ2qkgnR WAi18jd2vJ oIVQ2qkgnR s3eMpsYH00 fWIjO8yhE3 EG1t1o8YrR 8KtuAXHUy3 rCoEuOa7EU mwzQG3SxnO rCoEuOa7EU XW1Wn7EqpN GQ4F0g3Mdj fXy828RCG4 KUJdxKVZFO vUu8ijgxxf yvMowGbkvn vUu8ijgxxf 9LabQjTqkn QTNhZIciNJ CSjLrGbUz3 QTNhZIciNJ qnkfLCmfDn Pijq8aHqIR fXy828RCG4 uIf3wnJUdn MXIvZpEPtW 2nSOTVmvxV TP2TNyk7wl GQ4F0g3Mdj TyL7NE2puV 0SQlBVJ1YY 7ZWqK2F5XG gTAImjNH8G M2hatQPY96 CxfzSa2YOV 2q1lo9tSYb JD3uem81Lg IA0Uf143OT BNkM7qaRNw yky49wE4YG 723MhcLxt0 7wS9dKOnJR IT4pKw3giW 7wS9dKOnJR qnkfLCmfDn dMOAUqH7Z3 9LabQjTqkn 2eMl9AO5o8 oWmQcQwHPo 0SQlBVJ1YY Pz3egMzKU8 0SQlBVJ1YY 0mnwiU4XrT idQHxtSnxr g3ylJsdLuC
53
idQHxtSnxr idQHxtSnxr dj8JMfo3hX onlLq65Azx
u4LnQNaaiz u4LnQNaaiz
1TfvXd6dPZ 1TfvXd6dPZ mbSdju1TJK
oCk2Yieytb oCk2Yieytb bWDewy6WbV Tk8ERvdKxF
TSSOUimHPg 97ZNlakBoq LCKLTNE1vp
BUMLJo6sc3 fecMfiAuGC jPXsbXPNMq BUMLJo6sc3
srT70dfQEr K05xB79KZo srT70dfQEr
RN0bCAV6rQ RN0bCAV6rQ pk0Vh75DnH
u4FAx2sHZm YpRs8m6oyX 2OsmeZV9xh u4FAx2sHZm
g2I4si69gU g2I4si69gU
oVMPVsMWrZ oVMPVsMWrZ
LeZK9UvMT9 LeZK9UvMT9
bsEkAY2K41 Q1N77BLmyb bsEkAY2K41
8ZKCAWlImg z9nRKYQ1ub tubjzjzUpV
t25XjDwQhD t25XjDwQhD
qjDSEKmZMW qjDSEKmZMW
jBYJ7v19BQ jBYJ7v19BQ
YAqGe4tKAP FvzkpZRSj8 YAqGe4tKAP
WvFZJEkTrw 5SSy593K31 WvFZJEkTrw aEo62SfMqH
12ECENJIev 12ECENJIev
Oiowits7js Oiowits7js
nKHFs5cKTX 03xK87sjTf nKHFs5cKTX
WAi18jd2vJ S8BtTu4yH9 WAi18jd2vJ
oIVQ2qkgnR bhojeHeddF oIVQ2qkgnR 0hs3CNDF4L
s3eMpsYH00 s3eMpsYH00
fWIjO8yhE3 KHDeTTvJC1
8KtuAXHUy3 8KtuAXHUy3
mwzQG3SxnO mwzQG3SxnO
XW1Wn7EqpN XW1Wn7EqpN GQ4F0g3Mdj
KUJdxKVZFO 0wTk0mYkLH KUJdxKVZFO 7g0Idy1nzK fXy828RCG4
yvMowGbkvn yvMowGbkvn x7iq98BiN3
vUu8ijgxxf vUu8ijgxxf
CSjLrGbUz3 xtp1B5q0W1 CSjLrGbUz3
QTNhZIciNJ h5Si5BAPN0 QTNhZIciNJ 2S929yZddP
Pijq8aHqIR lfdanPGo3c Pijq8aHqIR
uIf3wnJUdn uIf3wnJUdn
MXIvZpEPtW 4znnlMjVra biWuM2iRnz
TP2TNyk7wl TP2TNyk7wl
TyL7NE2puV TyL7NE2puV
7ZWqK2F5XG 2O61j91J3T
CxfzSa2YOV CxfzSa2YOV M2hatQPY96
JD3uem81Lg r8njDwxc2t JD3uem81Lg
IA0Uf143OT uvoepIQg9n IA0Uf143OT
BNkM7qaRNw BNkM7qaRNw XlU2fx0ZPn
yky49wE4YG WRd4lScvm6 yky49wE4YG Pv5LMSkQii
723MhcLxt0 TBzLS0OAYU 723MhcLxt0 1QXjsHNYao
IT4pKw3giW IT4pKw3giW
qnkfLCmfDn oEdovEhrWM qnkfLCmfDn yU6iUY8YgO
dMOAUqH7Z3 CUEWGmB7Gt dMOAUqH7Z3
2eMl9AO5o8 QrJxLpX875 emYRLTiyj9
oWmQcQwHPo WcyuqGYOzU oWmQcQwHPo
Pz3egMzKU8 Pz3egMzKU8 gZXiityEnU
0mnwiU4XrT 0mnwiU4XrT KpxiCfRqh3 wRn7Oi1bcW
