g3ylJsdLuC idQHxtSnxr vnZBjkVngj IGpxjveim7 TSSOUimHPg 97ZNlakBoq mwzQG3SxnO IA0Uf143OT BNkM7qaRNw 7g0Idy1nzK KUJdxKVZFO fXy828RCG4 uIf3wnJUdn MXIvZpEPtW 4znnlMjVra MXIvZpEPtW lfdanPGo3c PY68abXYga WAi18jd2vJ Tk8ERvdKxF FvzkpZRSj8 YAqGe4tKAP yky49wE4YG 2nSOTVmvxV TP2TNyk7wl GQ4F0g3Mdj TyL7NE2puV pKK7T4agKn vLjEFrUVJv qqiMfzDvYA FmtLnHv2HY CSjLrGbUz3 dqqG7Zio8x 2O61j91J3T 7ZWqK2F5XG gTAImjNH8G M2hatQPY96 tubjzjzUpV 8ZKCAWlImg t25XjDwQhD DJYFSgxecW O6QhQ7e2YE 4TTtdOaCTp YpRs8m6oyX oEdovEhrWM WYEDqSuNRX 723MhcLxt0 7wS9dKOnJR qnkfLCmfDn QTNhZIciNJ h5Si5BAPN0 oIVQ2qkgnR JD3uem81Lg r8njDwxc2t FqFik17fFH XW1Wn7EqpN rCoEuOa7EU 8KtuAXHUy3 EG1t1o8YrR fWIjO8yhE3 KZfI0wRW9K s4xBpV0FQ8 2OsmeZV9xh u4FAx2sHZm uqBwmUCwgE 9LabQjTqkn 2eMl9AO5o8 9LabQjTqkn nFqfAnhO3U Pijq8aHqIR s3eMpsYH00 nKHFs5cKTX Oiowits7js 12ECENJIev 7wS9dKOnJR IT4pKw3giW g2I4si69gU Qu2MUNKITj pk0Vh75DnH RN0bCAV6rQ srT70dfQEr 1N2P3Sa7im 1TfvXd6dPZ dC48GQHGzO AXNCIbkEJh BUMLJo6sc3 jPXsbXPNMq j98kcW9qGB aEo62SfMqH WvFZJEkTrw q3brjZkhs5 wiMdNn30Xd sxXDJEzMkM mcFTstBR1U I6HmSOF6YH gNPoyTno9C 1QXjsHNYao 723MhcLxt0 WYEDqSuNRX oVMPVsMWrZ vnZBjkVngj idQHxtSnxr g3ylJsdLuC
71
idQHxtSnxr idQHxtSnxr onlLq65Azx
vnZBjkVngj LeZK9UvMT9
IGpxjveim7 yvMowGbkvn x7iq98BiN3
TSSOUimHPg Q1N77BLmyb LCKLTNE1vp
97ZNlakBoq 97ZNlakBoq
mwzQG3SxnO mwzQG3SxnO
IA0Uf143OT uvoepIQg9n IA0Uf143OT
BNkM7qaRNw BNkM7qaRNw XlU2fx0ZPn
7g0Idy1nzK 03xK87sjTf 7g0Idy1nzK
KUJdxKVZFO 0wTk0mYkLH KUJdxKVZFO
fXy828RCG4 fXy828RCG4
uIf3wnJUdn uIf3wnJUdn
MXIvZpEPtW biWuM2iRnz
4znnlMjVra dj8JMfo3hX 4znnlMjVra
lfdanPGo3c lfdanPGo3c jBYJ7v19BQ
WAi18jd2vJ S8BtTu4yH9 WAi18jd2vJ
Tk8ERvdKxF oCk2Yieytb bWDewy6WbV Tk8ERvdKxF
FvzkpZRSj8 FvzkpZRSj8
YAqGe4tKAP YAqGe4tKAP
yky49wE4YG WRd4lScvm6 yky49wE4YG Pv5LMSkQii
TP2TNyk7wl TP2TNyk7wl
GQ4F0g3Mdj GQ4F0g3Mdj
TyL7NE2puV TyL7NE2puV
vLjEFrUVJv qjDSEKmZMW
qqiMfzDvYA 5SSy593K31
CSjLrGbUz3 xtp1B5q0W1 CSjLrGbUz3
2O61j91J3T 2O61j91J3T
M2hatQPY96 CxfzSa2YOV M2hatQPY96
tubjzjzUpV tubjzjzUpV
8ZKCAWlImg z9nRKYQ1ub
t25XjDwQhD t25XjDwQhD
DJYFSgxecW vUu8ijgxxf
YpRs8m6oyX YpRs8m6oyX 2S929yZddP
oEdovEhrWM CUEWGmB7Gt oEdovEhrWM
WYEDqSuNRX KpxiCfRqh3
723MhcLxt0 723MhcLxt0
7wS9dKOnJR gZXiityEnU
qnkfLCmfDn qnkfLCmfDn dMOAUqH7Z3
QTNhZIciNJ QTNhZIciNJ
h5Si5BAPN0 h5Si5BAPN0
oIVQ2qkgnR bhojeHeddF oIVQ2qkgnR
JD3uem81Lg JD3uem81Lg
r8njDwxc2t r8njDwxc2t
XW1Wn7EqpN XW1Wn7EqpN
8KtuAXHUy3 8KtuAXHUy3
fWIjO8yhE3 KHDeTTvJC1
KZfI0wRW9K bsEkAY2K41 wRn7Oi1bcW
2OsmeZV9xh 2OsmeZV9xh
u4FAx2sHZm u4FAx2sHZm
9LabQjTqkn 0mnwiU4XrT
2eMl9AO5o8 WcyuqGYOzU QrJxLpX875 oWmQcQwHPo emYRLTiyj9
nFqfAnhO3U TBzLS0OAYU 0hs3CNDF4L
Pijq8aHqIR Pijq8aHqIR
s3eMpsYH00 s3eMpsYH00
nKHFs5cKTX nKHFs5cKTX
Oiowits7js Oiowits7js
12ECENJIev 12ECENJIev
IT4pKw3giW IT4pKw3giW
g2I4si69gU g2I4si69gU
Qu2MUNKITj yU6iUY8YgO
pk0Vh75DnH pk0Vh75DnH
RN0bCAV6rQ RN0bCAV6rQ
srT70dfQEr Pz3egMzKU8 K05xB79KZo srT70dfQEr
1N2P3Sa7im u4LnQNaaiz
1TfvXd6dPZ 1TfvXd6dPZ mbSdju1TJK
BUMLJo6sc3 fecMfiAuGC BUMLJo6sc3
jPXsbXPNMq jPXsbXPNMq
aEo62SfMqH aEo62SfMqH
WvFZJEkTrw WvFZJEkTrw
1QXjsHNYao 1QXjsHNYao
oVMPVsMWrZ oVMPVsMWrZ
