6Zg7j6t8kt lrFRnKniRv ka4cgDWgq7 M9d0z6OccV 79JJ9GZF8c fbxiHLAsv4 KpPj50fAfy OF1HL5xl4P HpRVhY9Btb VWD9Yy5Xrg zH4Z0p0Ftj vD4d0BZ03p 8pgnfE3xKu OGWcs2X8pk 8pgnfE3xKu oRs9wR3IGE DFUEuoVNn7 H0NdoJawvz oQb2PqTM8x N08DpqDewo gSP0irArmo xKltif8n2P pm1Yq2dCLL Ma7DUhMrCQ UgxUR9jKcJ NgxnYo41LY cqCbnI2bkr OND9LnuOus eQGeDFyUBy 97dvK2Az7S eQGeDFyUBy I1RTFIGWhc YrPP1U1r20 ckEVpwA8CD YrPP1U1r20 Iroa6leixY tvKOOMQ7Sv rCrtLJTXdv fbxiHLAsv4 ECFKqOm791 OR78sPVsV9 EZQ9HUGjRN OR78sPVsV9 4RZs4XFvF9 G05S6XZiBa 1koyFI8rlU J6nn6V6pVr dyS1o5lQHD 4ViGHxfdlc 0gqiqztWgj fhmE7A9rVl gSP0irArmo 1iUrZ2N0MA ESDdDChkYw 1aPtXDhYtV wXTrLT9dUx 6Zg7j6t8kt
35
lrFRnKniRv lrFRnKniRv MpRNDD0glq
ka4cgDWgq7 ka4cgDWgq7
M9d0z6OccV M9d0z6OccV
79JJ9GZF8c 79JJ9GZF8c s8EkvbOYAX
KpPj50fAfy KpPj50fAfy vCSWEyz4PC
VWD9Yy5Xrg VWD9Yy5Xrg
zH4Z0p0Ftj zH4Z0p0Ftj
vD4d0BZ03p vD4d0BZ03p
OGWcs2X8pk OGWcs2X8pk
8pgnfE3xKu 8pgnfE3xKu
oRs9wR3IGE oRs9wR3IGE
H0NdoJawvz 4JtfcKJvHu H0NdoJawvz
oQb2PqTM8x Iroa6leixY
N08DpqDewo N08DpqDewo
pm1Yq2dCLL iyQiEnpG35 uXkvSfF7Kv
UgxUR9jKcJ UgxUR9jKcJ
NgxnYo41LY NgxnYo41LY 4lUeyqYb0U
cqCbnI2bkr b3jUAAPOlA cqCbnI2bkr
97dvK2Az7S 97dvK2Az7S GSDEYlNcCM Dkc5CxJ6RV
I1RTFIGWhc I1RTFIGWhc TH1GgoG5GU
ckEVpwA8CD ckEVpwA8CD YQKcyMibnc
YrPP1U1r20 YrPP1U1r20 7cteJXIZM1
tvKOOMQ7Sv tvKOOMQ7Sv
fbxiHLAsv4 fbxiHLAsv4
ECFKqOm791 YZKJeBb8Pe
EZQ9HUGjRN EZQ9HUGjRN
4RZs4XFvF9 4RZs4XFvF9
G05S6XZiBa G05S6XZiBa
1koyFI8rlU 1koyFI8rlU Octagmmhko
dyS1o5lQHD OpwMnuSGmp
4ViGHxfdlc 4ViGHxfdlc
0gqiqztWgj 0gqiqztWgj
fhmE7A9rVl fhmE7A9rVl
ESDdDChkYw ESDdDChkYw
wXTrLT9dUx wXTrLT9dUx dojrtYXceT 1aPtXDhYtV
