153 128 50 161 60 77 53 145 104 120 21 184 129 12 93 167 49 113 170 113 58 99 68 197 3 98 2 160 38 92 83 192 139 138 140 80 171 186 52 66 126 22 86 13 124 76 114 89 152 136 181 117 135 75 168 150 134 143 79 108 41 91 137 177 35 147 189 78 189 122 90 26 172 153
52
153 153
128 96 128
50 156 50
161 161
60 112 60 0
77 95 77
53 53
145 145 178
120 47 120 36
21 21 184
129 12 129
93 188 93
167 167
49 49
113 113 34
170 15 170
58 58
99 99
68 118 68
197 197 180
3 3
98 98 88
2 2 56 187
160 127 160 37
83 83
192 29 192 5
139 43
138 61 138 131
140 140 70 195
171 171
52 52 179
126 126
86 86 4
13 13
76 196 124 7
89 89 74 20
152 152 28
136 136
135 135 194
75 182 16 146
168 168 150
134 134
79 79
108 81 41 108
91 137 19
177 177
35 35 169
147 42 147
78 163 8
122 122
90 90 40 23
26 119 26 11 172
