Patrick0 Minnie4 Patrick0 Frank5 Patrick0 Elaine1 Patrick0 Antoinette2 Patrick0 Frank5 Julia9 Matthew10 Brenda11 Matthew10 Brenda11 Matthew10 Brenda11 Matthew10 Julia9 Frank5 Louis6 Frank5 Patrick0 Antoinette2 Patrick0 Lawrence3 Patrick0 Minnie4 Patrick0 Minnie4 Patrick0 Elaine1 Patrick0 Lawrence3 Patrick0 Antoinette2 Patrick0 Antoinette2 Patrick0 Minnie4 Patrick0 Elaine1 Patrick0 Antoinette2 Patrick0 Minnie4 Patrick0 Frank5 Louis6 Frank5 Julia9 Frank5 Julia9 Ray12 Julia9 Ray12 Lela13 Ray12 Julia9 Ray12 Lela13 Ray12 Tempie14 Doris19 Vivian22 Doris19 John24 Lorraine25 John24 Doris19 Paula23 Doris19 Vivian22 Doris19 John24 William28 Danny31 Flora33 Donna38 Scott43 Carolyn47 Sylvia50 Carolyn47 Scott43 Carolyn47 Ronald48 Gerald49 Ronald48 Carolyn47 Scott43 Donna38 Brenda42 Donna38 Flora33 Donna38 Bette40 Donna38 William41 Donna38 Maria39 Donna38 Flora33 Danny31 William28 John24 William28 Phyllis29 William28 John24 Doris19 Vivian22 Doris19 Robert20 Doris19 Tempie14 Christine15 Tempie14 Ray12 Julia9 Frank5 Patrick0 Elaine1 Patrick0 Antoinette2 Patrick0
25
Minnie4 Minnie4
Elaine1 Elaine1
Antoinette2 Antoinette2
Matthew10 Matthew10
Brenda11 Brenda11
Louis6 Louis6 Taylor7 Gabrielle8
Lawrence3 Lawrence3
Lela13 Lela13
Doris19 Catherine21
Vivian22 Vivian22
Lorraine25 Lorraine25 Louise26 Tisha27
Paula23 Paula23
Danny31 Yvonne32
Flora33 Fred36 William37
Scott43 Gina44 Jose45 Richard46
Sylvia50 Lori51 Lena55 Mercedes56 Charles58 Jenny59 Christine60 Joseph61 Paul63 Joshua64 David65 Steven67 Rhonda68 Dorothy70 Josephine74 Loretta75 Emily77 Salvador78 Carol79 Thomas80 Dorothy82 David83 Tom84 Darnell86 Evangelina87 Ellis89 Joel93 Joyce94 Michael96 Donna97 Robert98 Judith99 Dominique101 Glen102 Brandon103 Ryan105 Jared106 Jean108 Valerie112 Bill113 Ashley115 Christina116 Barbara117 Fidel118 Susie120 Luz121 Naomi122 Marlene124 Richard125 Joshua127 Darla131 Timothy132 William134 Andrew135 Robert136 Robert137 Irma139 Heidi140 Scott141 Samuel143 Man144 Margaret146 Nicholas150 Rebecca151 Patricia153 John154 Michael155 Tony156
Ronald48 Ronald48
Gerald49 Gerald49
Brenda42 Brenda42
Bette40 Bette40
William41 William41
Maria39 Maria39
Phyllis29 Phyllis29 Kyle30
Robert20 Robert20
Christine15 Mary17 Dave18
