htb26qt c9c2oc6rv pmyqr zou7sx9w 1ca2x2cnc mw8g2qjo1 ml5lp1nmef txlltgki mucolb1r hc2hf5t8 tu8xxomxhi hc2hf5t8 uzsjpl5f5 8m3pascg kxhc6t8tu u8tp4tq art44ncra yr44oj2 i6lsw66h pwqxinlzb3s 1161ildqnj q42s9z886w5 aplkk57cpzm f92ere3 812l47wm 9egqgrh7x4e 1jhmm8m85 zjh83ae k3qywmpr h1gz5hzz z4kx8k9 ysiw8m4l t4iedm 6u4sf1gi 8gc7dka8lfy gd5ct4 g2g6fxcwr2l dt4ljfgjkizpq xpxnortd obabms vrem3ey3kg44 hq5mh8mi iffsi a5u8g4sej pt2n7hl itrx5fucdq ht1efrhmh ozag34bm9 wqkqf 9oii82xaa grn3uqx9y hyc885fvjls x73l73jp dlkmpx 37v6d s9vu9xx884 y3eg7gqq6 7hz6j8 l8yypbh hwu8dv9jgknbm og6n7bgq8h ynuam4f8 8jea4n4ez 52a3fj2zh 87jxa htb26qt
59
pmyqr pmyqr
zou7sx9w zou7sx9w nd9xavj
1ca2x2cnc ic2r4blmm9 1ca2x2cnc
mw8g2qjo1 mw8g2qjo1
txlltgki txlltgki
mucolb1r mucolb1r ay5sahonq84
tu8xxomxhi tu8xxomxhi
hc2hf5t8 nm7ud hc2hf5t8
uzsjpl5f5 6k7du uzsjpl5f5
8m3pascg 8m3pascg vl6czuab
kxhc6t8tu yg6hizqty kxhc6t8tu 4w6uhigzl
art44ncra 5stwoup art44ncra
yr44oj2 yr44oj2
i6lsw66h i6lsw66h
pwqxinlzb3s pwqxinlzb3s
1161ildqnj 1161ildqnj piawzpgtzz9
q42s9z886w5 q42s9z886w5
aplkk57cpzm aplkk57cpzm
f92ere3 tjwldi f92ere3
812l47wm 4ka6l1c8w 812l47wm ilaz9q
9egqgrh7x4e kwtb3cg 9egqgrh7x4e
1jhmm8m85 1jhmm8m85
zjh83ae yhp7wbv9 zjh83ae
k3qywmpr 9lvbrlgk k3qywmpr
h1gz5hzz h1gz5hzz
ysiw8m4l ysiw8m4l
t4iedm t4iedm
6u4sf1gi ushjdkdhm9 6u4sf1gi
8gc7dka8lfy 8gc7dka8lfy
gd5ct4 gd5ct4
g2g6fxcwr2l yhvc7zg g2g6fxcwr2l
dt4ljfgjkizpq dt4ljfgjkizpq
xpxnortd 7pbkkbbpw
obabms obabms
vrem3ey3kg44 vrem3ey3kg44
hq5mh8mi hq5mh8mi
iffsi iffsi
a5u8g4sej yx6dguko a5u8g4sej
pt2n7hl euhqqqmdpe pt2n7hl e7lxs
itrx5fucdq itrx5fucdq
ht1efrhmh ht1efrhmh
ozag34bm9 ozag34bm9
wqkqf wqkqf
9oii82xaa 9oii82xaa
grn3uqx9y grn3uqx9y
hyc885fvjls fej54ps5j 3khitn6 hyc885fvjls
x73l73jp x73l73jp
dlkmpx dlkmpx
37v6d 37v6d
s9vu9xx884 s9vu9xx884
y3eg7gqq6 y3eg7gqq6
7hz6j8 7hz6j8
l8yypbh l8yypbh
hwu8dv9jgknbm hwu8dv9jgknbm
og6n7bgq8h p9mtts og6n7bgq8h 59yzvtv
ynuam4f8 ynuam4f8
8jea4n4ez 8jea4n4ez
52a3fj2zh 52a3fj2zh
87jxa 87jxa
