y1ueyuwp oso2xmpn1i ywksl5wd 8erlfq j2pso94 kc3zwg52 my85gnmouy kab7t8o7qjj q847myi 8eg2mee w4qoh15 t9q1ztn8723 p53u2x9bku99j f3vyq53xc swoprer 8cfvpx26xwcwt 7og7qr4t86 svhmnjst1e vnsdusp z3qc9ub umnww3 fhrrge vehkyi71w 9956fi jjeivv4j55 95nsenz6 quxig9xz2 38s4jyp4eu 2y9obuu bmicm4au xllfi9b 2bwd2j y1ueyuwp
29
ywksl5wd 4cddmu86gmo yida2btlrgcd2it mqt67y9n kch7lui7 ywksl5wd
8erlfq 8erlfq
j2pso94 j2pso94
kc3zwg52 u4xzrfm7f kc3zwg52
my85gnmouy my85gnmouy
kab7t8o7qjj kab7t8o7qjj
q847myi 3hlob94j5u q847myi
8eg2mee 8eg2mee
w4qoh15 eq5c5ygub w4qoh15
t9q1ztn8723 ehy39 t9q1ztn8723
p53u2x9bku99j p53u2x9bku99j
f3vyq53xc f3vyq53xc
swoprer swoprer
8cfvpx26xwcwt 8cfvpx26xwcwt 31raz5hp9v
7og7qr4t86 7og7qr4t86
svhmnjst1e svhmnjst1e
vnsdusp vnsdusp
umnww3 umnww3
fhrrge fhrrge
vehkyi71w vehkyi71w
9956fi 9956fi
jjeivv4j55 jjeivv4j55 l12pu rkd38ui5s4
95nsenz6 95nsenz6
quxig9xz2 quxig9xz2
38s4jyp4eu uus7jirbe 38s4jyp4eu
2y9obuu yik8cqxn2 2y9obuu 6u33i
bmicm4au bmicm4au
xllfi9b xllfi9b
2bwd2j 2bwd2j
