hC71hIuyRaST3AiaSZqg YygsiZkXDS9oQ07w4psX kITtdSORrLGuHqAl2YGb ivvO5yUvAxjOjLiwMPV4 yMXdJdorJpzOHHt9uIfg IC3wlDskAWyf0o1M61kl tb41LamjPxrSZBTCVL4N b9q1t3OMZ6dXE5R6ca5w vXrEXAmThLoQVXFImZcg 7DZfG4yobV0xCcSaxf27 g5fwwkfUKem4JdibLkXM 8X2kWfVN7ACYeLRlwU5k t9sTQNaMU9o2HF5pm7xT Tgouk8HApNFShyYjQedR Mufarp9xGx29xj0P1ijS Tgouk8HApNFShyYjQedR QYsTJmc2IUi36H1YK47s 2QgUKFj4HV0dn5Ia55tj IWOalMs6IXX5Ln6F9Eov xTqag3TRSmD8TI7ozU6T cXmjc3Wu4kjM1IHGgfA5 m0W1PzAhoOpYXaJ0LLW5 Wf6tYlitgmZKoXfughsS zbsjvfwSdNExCnTFLo8x NXZByMrsstrrXRLxVcyg nOsoIFzZBhdd6bjP45Ba xTqag3TRSmD8TI7ozU6T ivvO5yUvAxjOjLiwMPV4 qyWH5Ui5kFJGpXM7i2RZ qzhMj5jvroYQ0sxm9D9f ymIUUgCvgB7r5le0Mh11 EEWjQ3rZ3GM9oucA2vc5 kITtdSORrLGuHqAl2YGb YygsiZkXDS9oQ07w4psX iS3QMNvYa0RbuZKbJowP OAcbYkMyAi1Iu0vWaaFc iS3QMNvYa0RbuZKbJowP ZUt08qPkISJA3VT4fdsK oq1GulTWdKtwAlNIQxnY 2dfprAgHp3T6RrgooKgP uJlmjikTUoEO48jGpFMW 2dfprAgHp3T6RrgooKgP Mi1upMhcgP7iV16OWKN5 3MmCPAjYheu6g9TkIxDm qsbRHSDlSHG3Ep5gugbq Z2YJKymsE6JEohxl2CgC EfhuR5UGBxqkoqdQBn2E 4MuL6AbQo2ozZ4x7psrd KqTw626stjcdChciHrJ6 WgneGAZv4qtDq8Q5DYZf NWAZrSnr0i1Dj5TA6dLc FE29I03FH1qEyEvIQNGT PqB0lgs9Brze4wJGQzAM JuSdCG8HSUzwufkmRvTN OLGSBuAPLZmdhTN6ApoS VHkCxqV9Ecgzij51DFic EnQuMk7pVZUnmn2BboBv g6Fit1BcwBIbAAJnBKGn OBEPyJuvhH0Z9VoT2UNC 8w6JkwNghwwfzVWZlMG6 1uTE034Q24DWmybWBbX4 DmIjX4adnoqSEDmx2f39 EqrhH8oFQmMRN10foGjV wqyhoOJuJuNfuZ1c9ZhU 6KcltWtleWJ6izN3XL0F RDnAjQbgrCahBSBieO1p NjrNYv2s9TjuFmdhy6vq rW1b1NT9NaRlIIxoT8XF Udew7VNFg6dndWFd4Xv7 dsEyS8WvuzfBZPrbbzZx jLS4UljOCe6h8LwAOGRX CMQ0OeWc1jOFVxmSr3hH kuIwHVHn49UEM4TprHKr CMQ0OeWc1jOFVxmSr3hH 2YL9dYowMkTTxjU0fVal nmwnnNlPCMIjajSEo2R3 oakCd1HozhO35GtImcF2 C5aQkckiWq5qVUhbiI57 63EFNMvLteBrV7Lj9nA4 x81SdeDfzbsk8wgCHcJT 468JV90VoJDfHRf7bwGC 4wWd3kvalFkda9M583i7 hC71hIuyRaST3AiaSZqg
56
yMXdJdorJpzOHHt9uIfg yMXdJdorJpzOHHt9uIfg
IC3wlDskAWyf0o1M61kl xtgYSd34f56WAH3CCBpW IC3wlDskAWyf0o1M61kl
vXrEXAmThLoQVXFImZcg b9q1t3OMZ6dXE5R6ca5w vXrEXAmThLoQVXFImZcg
7DZfG4yobV0xCcSaxf27 7DZfG4yobV0xCcSaxf27
g5fwwkfUKem4JdibLkXM g5fwwkfUKem4JdibLkXM PFAHK1LPbENiUm01N8B0
t9sTQNaMU9o2HF5pm7xT t9sTQNaMU9o2HF5pm7xT
Mufarp9xGx29xj0P1ijS Mufarp9xGx29xj0P1ijS lVjpvSHc5hBrS7dzTmI1
Tgouk8HApNFShyYjQedR sCcEFmBkhTop4sycKzuM Tgouk8HApNFShyYjQedR Dv6lwBgjbbZceuQXFzFf
QYsTJmc2IUi36H1YK47s QYsTJmc2IUi36H1YK47s
IWOalMs6IXX5Ln6F9Eov IWOalMs6IXX5Ln6F9Eov 2QgUKFj4HV0dn5Ia55tj LI8fhHKJlh7mQx1nNK0m
cXmjc3Wu4kjM1IHGgfA5 COVfDobG5VcfcSxLDUch cXmjc3Wu4kjM1IHGgfA5
m0W1PzAhoOpYXaJ0LLW5 Ca5sYccbD9TUz7JLHrcf UQEmoPmHSH2FlTDuXOEx
Wf6tYlitgmZKoXfughsS Wf6tYlitgmZKoXfughsS
zbsjvfwSdNExCnTFLo8x zbsjvfwSdNExCnTFLo8x
NXZByMrsstrrXRLxVcyg NXZByMrsstrrXRLxVcyg gZiMcGUkLd8qaWleLH1T
nOsoIFzZBhdd6bjP45Ba nOsoIFzZBhdd6bjP45Ba
qyWH5Ui5kFJGpXM7i2RZ qyWH5Ui5kFJGpXM7i2RZ
ymIUUgCvgB7r5le0Mh11 ymIUUgCvgB7r5le0Mh11 P6PcaiimLTne6w5m7SJi
EEWjQ3rZ3GM9oucA2vc5 EEWjQ3rZ3GM9oucA2vc5
YygsiZkXDS9oQ07w4psX YygsiZkXDS9oQ07w4psX v0QCMKnmfkXllH4nQHen
OAcbYkMyAi1Iu0vWaaFc OAcbYkMyAi1Iu0vWaaFc
ZUt08qPkISJA3VT4fdsK VkEnPX1CQCoh4CxlXSlf 5doygtE58PVlrfBbaaxD
oq1GulTWdKtwAlNIQxnY oq1GulTWdKtwAlNIQxnY
uJlmjikTUoEO48jGpFMW TrUW9m3qjkTMvqHNRot0
2dfprAgHp3T6RrgooKgP nnG2z19YXqYOoAxMQkFV 72cxNTZ1Tw5teVGiR2xj 2dfprAgHp3T6RrgooKgP
Mi1upMhcgP7iV16OWKN5 Mi1upMhcgP7iV16OWKN5
3MmCPAjYheu6g9TkIxDm 3MmCPAjYheu6g9TkIxDm
qsbRHSDlSHG3Ep5gugbq qsbRHSDlSHG3Ep5gugbq
Z2YJKymsE6JEohxl2CgC 2TderjwrXrNV2UBZ77eD Z2YJKymsE6JEohxl2CgC
EfhuR5UGBxqkoqdQBn2E fzCA3w8Mu664WC0yRZb5
4MuL6AbQo2ozZ4x7psrd 1wSeohNTb1oCspxe2x4j KqTw626stjcdChciHrJ6 4MuL6AbQo2ozZ4x7psrd
WgneGAZv4qtDq8Q5DYZf WgneGAZv4qtDq8Q5DYZf
NWAZrSnr0i1Dj5TA6dLc fuNQ8Sfy86k6zaBQjwEz NWAZrSnr0i1Dj5TA6dLc 24YcTAlCtPoNC11H3BAQ
FE29I03FH1qEyEvIQNGT mkGdh9qd7uj9x5W3Koxj FE29I03FH1qEyEvIQNGT
JuSdCG8HSUzwufkmRvTN JuSdCG8HSUzwufkmRvTN 8IUV6HBSYn47shRwVW5F RNtZ6m1O9hQj2ovJiJE3
OLGSBuAPLZmdhTN6ApoS 1ae7bJScGomdGEdgag5b OLGSBuAPLZmdhTN6ApoS
EnQuMk7pVZUnmn2BboBv 6jnt0RQvUBeXBhrLOwzh QHOT9LWV0s6xVVreglDh
g6Fit1BcwBIbAAJnBKGn 1Oc2bGjHzXrMLiYLik5Z g6Fit1BcwBIbAAJnBKGn
OBEPyJuvhH0Z9VoT2UNC z0rRwRZbA1TaaAgS8PYu OBEPyJuvhH0Z9VoT2UNC
8w6JkwNghwwfzVWZlMG6 8w6JkwNghwwfzVWZlMG6 1uTE034Q24DWmybWBbX4
DmIjX4adnoqSEDmx2f39 DmIjX4adnoqSEDmx2f39
EqrhH8oFQmMRN10foGjV EqrhH8oFQmMRN10foGjV
wqyhoOJuJuNfuZ1c9ZhU wqyhoOJuJuNfuZ1c9ZhU
6KcltWtleWJ6izN3XL0F 6KcltWtleWJ6izN3XL0F
NjrNYv2s9TjuFmdhy6vq aGWdv30UuUFiszMErlJF eULKHiriYHElwEbrQo2X
Udew7VNFg6dndWFd4Xv7 bw0K7NVh1sgqlnescYkX ddzqPXECnHQT4a4RIpSF 61VEe5QpRdEG1AHTZmSn W5rNQea9NsCafaUbLgWC rW1b1NT9NaRlIIxoT8XF
dsEyS8WvuzfBZPrbbzZx 63EFNMvLteBrV7Lj9nA4 RDnAjQbgrCahBSBieO1p dsEyS8WvuzfBZPrbbzZx
jLS4UljOCe6h8LwAOGRX jLS4UljOCe6h8LwAOGRX
kuIwHVHn49UEM4TprHKr kuIwHVHn49UEM4TprHKr
2YL9dYowMkTTxjU0fVal 2YL9dYowMkTTxjU0fVal
nmwnnNlPCMIjajSEo2R3 laRDyozSdXcFtmdQ5VqD nmwnnNlPCMIjajSEo2R3
oakCd1HozhO35GtImcF2 RSJQdRAK7H6zYHVeXyPj oakCd1HozhO35GtImcF2 yXrak2UUHdgFCsCWvgfp
C5aQkckiWq5qVUhbiI57 R22TNV5lr1tmI44FcHvv C5aQkckiWq5qVUhbiI57
x81SdeDfzbsk8wgCHcJT CgUyoeVDFzkf0g6EiF8w x81SdeDfzbsk8wgCHcJT
468JV90VoJDfHRf7bwGC NqvNOj5h3GSbJm5NawjL l5OFQGDhW1xJJ8ERuglz 468JV90VoJDfHRf7bwGC
4wWd3kvalFkda9M583i7 4wWd3kvalFkda9M583i7 btiXecpJBKmrIHtQ7jPA
