M2S9flVUcYP2sJdh8LXf tVhIJJgs0kEFaQx1hdWm gZVNRDm5p6aX5QEEX8UG vxiwkV1b5fV2sGCBFsRQ 5gumrx48u1yPpF6ivPOI yHMPX8vHctuUweyLluyz dOKaHsIcDX32wPXAX2Gt LxEzX08MG9T8knIYbul0 uy6RcQAYd3ATM1Icq3my ECCnzlgsMEvTYjNwAlfM Eu0wGcDBBrgvePzHfqrS oWxP87H6AXwFzF0dpB9d jgcWqrcniA4q9WNs9xkc Yj14cJHLteGLwnT0JCVo 4bQwji0D4wyEDLd54MWv 8KfYYXeMqM0D4nShLOzi tUowOUG1V7iCXBCMR0AT 9Jr76N4fnNot7SNYqBKG sZojFweTE55bBWYz0Tda MtQDjkLToWj4d53MMhKG vodEvdIApqt0N3TZsbxN C1CVSQIxudgISqBvCOoA 93aDiM8K0XhtiVcCVKi2 tuE7UekaxGUib4idWtYa sH3pvLOfMUrEGUrmsHCu m1IYiQsUBuvvpTv7yWXO LNMZej67uy0Whvqp5OR1 Dc1wEVV3kuOZotG6pNlL Jjat3uJ5XboI9kZe0522 L8bxdxuDa5issn2PiN3u Jjat3uJ5XboI9kZe0522 W4IxjYZtRN88GGSV9Uoc PbYOO88SokShsv7XrgBm NMTjl1jsvrb7y2ggdCSc XmlH4l2BXG35TF70bZqZ fmFrd4vggNac5TkiFJAd ag5vZ07KPwCr1Lpz8zM0 Dc1wEVV3kuOZotG6pNlL Dt5YfbjQq6VoKnyw6Zav pNXWB5geApaSjbsCCT4J EtrZREkmL456viQQJ9Rb S8uMGvUglWyhnfV5Wzdp dKH5OdpmJKCU83bbXVxZ 48nWZMVqWDxfH9uMf2U3 M2S9flVUcYP2sJdh8LXf Z0DuoZMcx6oyDPWFznMK E84Fbb1fDMRXU6XgwbS0 Bc6dudheE3WGLxP0iDdK X9TJsvmT50zYeG0q6XSG H59EihDjhfpS7ToXFM3L M2S9flVUcYP2sJdh8LXf
39
M2S9flVUcYP2sJdh8LXf M2S9flVUcYP2sJdh8LXf
tVhIJJgs0kEFaQx1hdWm tVhIJJgs0kEFaQx1hdWm
gZVNRDm5p6aX5QEEX8UG gZVNRDm5p6aX5QEEX8UG
5gumrx48u1yPpF6ivPOI 5gumrx48u1yPpF6ivPOI vxiwkV1b5fV2sGCBFsRQ
yHMPX8vHctuUweyLluyz yHMPX8vHctuUweyLluyz
dOKaHsIcDX32wPXAX2Gt zdtRVpQ9lVyEhNj9Evpp dOKaHsIcDX32wPXAX2Gt
LxEzX08MG9T8knIYbul0 LxEzX08MG9T8knIYbul0
uy6RcQAYd3ATM1Icq3my uy6RcQAYd3ATM1Icq3my
ECCnzlgsMEvTYjNwAlfM ECCnzlgsMEvTYjNwAlfM
Eu0wGcDBBrgvePzHfqrS Eu0wGcDBBrgvePzHfqrS
oWxP87H6AXwFzF0dpB9d oWxP87H6AXwFzF0dpB9d
jgcWqrcniA4q9WNs9xkc jgcWqrcniA4q9WNs9xkc
4bQwji0D4wyEDLd54MWv 4bQwji0D4wyEDLd54MWv 9GrchmlNCDIapQ9OnEYh
8KfYYXeMqM0D4nShLOzi v0QJIKD4q7sFXrzFSb6J 8KfYYXeMqM0D4nShLOzi
tUowOUG1V7iCXBCMR0AT tUowOUG1V7iCXBCMR0AT
9Jr76N4fnNot7SNYqBKG 9Jr76N4fnNot7SNYqBKG
MtQDjkLToWj4d53MMhKG nbZglhhmYQAPQz4eETaj
vodEvdIApqt0N3TZsbxN cdaizmjQrCe5Vnwy3JQF vodEvdIApqt0N3TZsbxN
93aDiM8K0XhtiVcCVKi2 93aDiM8K0XhtiVcCVKi2
tuE7UekaxGUib4idWtYa PZrpdQAa8H8tkrajh08J
sH3pvLOfMUrEGUrmsHCu sH3pvLOfMUrEGUrmsHCu
m1IYiQsUBuvvpTv7yWXO m1IYiQsUBuvvpTv7yWXO
LNMZej67uy0Whvqp5OR1 LNMZej67uy0Whvqp5OR1
L8bxdxuDa5issn2PiN3u L8bxdxuDa5issn2PiN3u Jjat3uJ5XboI9kZe0522 yZPIHwySFuIdRJCMzjnz
W4IxjYZtRN88GGSV9Uoc W4IxjYZtRN88GGSV9Uoc
PbYOO88SokShsv7XrgBm Z8MZ2JfftjeVVnGFSOQe
NMTjl1jsvrb7y2ggdCSc NMTjl1jsvrb7y2ggdCSc
XmlH4l2BXG35TF70bZqZ XmlH4l2BXG35TF70bZqZ
fmFrd4vggNac5TkiFJAd fmFrd4vggNac5TkiFJAd
Dc1wEVV3kuOZotG6pNlL k7k4sHxeh1pR4sOjcVuj
Dt5YfbjQq6VoKnyw6Zav Dt5YfbjQq6VoKnyw6Zav
pNXWB5geApaSjbsCCT4J pNXWB5geApaSjbsCCT4J
EtrZREkmL456viQQJ9Rb Pqf0Sn4UvsBLaxz7WO4n EtrZREkmL456viQQJ9Rb
S8uMGvUglWyhnfV5Wzdp S8uMGvUglWyhnfV5Wzdp
dKH5OdpmJKCU83bbXVxZ dKH5OdpmJKCU83bbXVxZ Kfu1pc3YPMGebW7Iu8ex 0uvEfLgT4s8ImTk9VWBt
48nWZMVqWDxfH9uMf2U3 48nWZMVqWDxfH9uMf2U3 zD7ErBenXxsG4D9b5TEV
Z0DuoZMcx6oyDPWFznMK Z0DuoZMcx6oyDPWFznMK
Bc6dudheE3WGLxP0iDdK Bc6dudheE3WGLxP0iDdK
H59EihDjhfpS7ToXFM3L H59EihDjhfpS7ToXFM3L
