Chattanooga MorenoValley Henderson MorenoValley FortCollins Salem Salinas Murfreesboro Salinas GardenGrove Phoenix SanDiego Sunnyvale Boise SanBernardino SanJose Montgomery Macon LittleRock Indianapolis FortLauderdale Savannah ElkGrove Plano Berkeley Springfield FortWayne Fresno Portland Chicago Huntsville Tacoma Huntsville Honolulu Madison Joliet SanBernardino Tucson SanAntonio Memphis Seattle Frisco Orange Aurora Baltimore Aurora LosAngeles Albuquerque Cincinnati WinstonSalem Minneapolis NewportNews Minneapolis HuntingtonBeach Jackson HuntingtonBeach Milwaukee Norfolk Hayward Norfolk Irvine Fontana Oceanside Bakersfield Carrollton Surprise Anchorage Surprise OverlandPark Scottsdale OverlandPark BatonRouge Detroit Vancouver Detroit Olathe Corona Lubbock Plano Newark NewOrleans ElPaso Chattanooga
49
Henderson Henderson Toledo
MorenoValley Anaheim Durham ChulaVista NewYork Tallahassee
FortCollins Pomona
Salem Ontario Boston Salem
Murfreesboro Charlotte Murfreesboro
GardenGrove GardenGrove
Phoenix Phoenix
SanDiego SanDiego
SanBernardino SanBernardino Boise
SanJose SanJose
LittleRock LittleRock Shreveport CapeCoral
Indianapolis Riverside Indianapolis
Savannah FortLauderdale Savannah
ElkGrove McAllen
Plano Yonkers Plano
Berkeley Knoxville Berkeley
Springfield Springfield Spokane
Fresno Worcester GrandRapids
Portland Glendale Buffalo
Chicago Chicago Naperville
Tacoma Tacoma Oxnard
Honolulu Fremont Honolulu SanFrancisco
Madison Lincoln Denton Madison
Joliet Joliet
SanAntonio SanAntonio
Memphis Memphis Wichita
Orange KansasCity Orange Frisco
Baltimore Baltimore
Aurora Aurora Lexington Fayetteville
Albuquerque Waco LosAngeles
Cincinnati Paterson GrandPrairie Cincinnati
NewportNews Alexandria Orlando DesMoines NewportNews
Jackson Brownsville Jackson
Hayward Jacksonville SantaClarita Hayward Akron
Norfolk Washington Raleigh SaintPaul
Irvine Irvine SantaAna Syracuse
Fontana Fontana
Oceanside Oceanside
Bakersfield Bakersfield
Surprise Surprise Richmond
Anchorage Anchorage Midland
Scottsdale Tempe Scottsdale
BatonRouge BatonRouge
Vancouver Vancouver Austin PortStLucie
Olathe Olathe
Lubbock Corona FortWorth Louisville Lubbock
Newark Newark
NewOrleans Cleveland
ElPaso ElPaso
