SaintPaul Garland Newark FortWayne Albuquerque Baltimore Albuquerque BatonRouge FortWorth Louisville Stockton Houston ElPaso Austin LosAngeles Plano Fresno Plano Chandler Greensboro Dallas Tucson Detroit Denver JerseyCity Laredo JerseyCity Toledo Durham Phoenix Cincinnati OklahomaCity Hialeah Glendale Columbus Milwaukee StPetersburg Henderson StPetersburg Cincinnati ChulaVista SanDiego SanJose SaintPaul
26
Newark Newark Scottsdale
FortWayne FortWayne Anchorage
Baltimore FortWorth Baltimore LongBeach Indianapolis
Louisville Memphis Madison
Stockton Stockton
Houston Houston
Austin SanAntonio Austin Aurora
LosAngeles Plano ElPaso
Fresno Lexington Spokane Chesapeake NewOrleans
Chandler Chandler
Dallas Dallas
Tucson Tucson Raleigh
Denver Denver
JerseyCity Lincoln JerseyCity
Laredo Laredo
Toledo Atlanta Tampa
Durham Durham Pittsburgh WinstonSalem SantaAna
Phoenix Phoenix
OklahomaCity Hialeah Bakersfield OklahomaCity
Glendale Glendale
Columbus Columbus
Milwaukee Milwaukee
Henderson Henderson
StPetersburg StPetersburg Lubbock
ChulaVista Honolulu Charlotte Cincinnati
SanDiego SanDiego SanJose
