Jacksonville Milwaukee Tulsa Minneapolis Chicago ColoradoSprings Houston Philadelphia Oakland Phoenix OklahomaCity FortWorth OklahomaCity Boston SanJose Indianapolis Raleigh Austin Omaha LongBeach Oakland Albuquerque Tulsa Detroit Columbus Seattle LasVegas Charlotte SanFrancisco Atlanta Jacksonville
20
Jacksonville Jacksonville
Milwaukee ElPaso Tucson
Tulsa Tulsa
Minneapolis Minneapolis
ColoradoSprings VirginiaBeach
Philadelphia Philadelphia
Phoenix Phoenix
FortWorth FortWorth
Boston Boston
SanJose SanJose
Indianapolis Indianapolis LosAngeles
Raleigh Memphis
Austin Austin
LongBeach LongBeach
Albuquerque Albuquerque
Columbus Columbus
Seattle Portland Seattle
LasVegas LasVegas
SanFrancisco SanFrancisco
Atlanta Fresno Atlanta Louisville
