Jacksonville Atlanta SanFrancisco Nashville ElPaso LosAngeles Indianapolis SanJose FortWorth Detroit Mesa OklahomaCity Phoenix Oakland LongBeach Omaha Austin Milwaukee Tulsa Jacksonville
18
Jacksonville Jacksonville
Atlanta Fresno Atlanta Louisville
SanFrancisco SanFrancisco
Nashville VirginiaBeach
ElPaso ElPaso
LosAngeles LosAngeles
Indianapolis Indianapolis
SanJose SanJose Boston
FortWorth FortWorth
Detroit Columbus
Mesa Seattle
OklahomaCity Portland
Phoenix Phoenix
Oakland Philadelphia Albuquerque
LongBeach LasVegas LongBeach
Austin Memphis Austin
Milwaukee Tucson
Tulsa Tulsa Minneapolis
