Porterton Wallton Porterton Wallton Porterton Dianashire Burgessview Billton Gabrielfort Jamieside Gabrielfort Billton Banksburgh Billton Banksburgh Simmonsburgh Michaelville Simmonsburgh Michaelville Simmonsburgh Banksburgh Yvonneborough Parkermouth Yvonneborough Banksburgh Billton Burgessview Dianashire Porterton Dianashire Ashleyborough Osborneville Ashleyborough Dianashire Burgessview Williamfort Moodyburgh Heatherberg Thomasborough Heatherberg Moodyburgh Williamfort Thomasville Webbview Thomasville Webbview Thomasville Martinchester Thomasville Martinchester Thomasville Martinchester Thomasville Williamfort Thomasville Lopezburgh Leahmouth Lopezburgh Leahmouth Lopezburgh Thomasville Williamfort Burgessview Dianashire Porterton Wallton Danielleport Melissaview Cheyennefurt Melissaview Danielleport Scottburgh Danielleport Wallton Derekmouth Geraldside Michellehaven Cranemouth Joneschester Cranemouth Joneschester Cranemouth Michellehaven Geraldside Richtown Geraldside Joseport Gabrielburgh Hodgesstad Gabrielburgh Joseport Geraldside Michellehaven Cranemouth Michellehaven Ramosborough Fordhaven Ramosborough Fordhaven Ramosborough Michellehaven Cranemouth Michellehaven Cranemouth Michellehaven Ramosborough Michellehaven Cranemouth Joneschester Cranemouth Joneschester Cranemouth Joneschester Cranemouth Michellehaven Geraldside Michellehaven Cranemouth Joneschester Cranemouth Joneschester Cranemouth Michellehaven Cranemouth Joneschester Cranemouth Michellehaven Geraldside Richtown Geraldside Joseport Geraldside Derekmouth Charlesberg Weberbury Kimberlyburgh Candiceland Kimberlyburgh Weberbury Charlesberg Weberbury Charlesberg Sethland Ellisstad Sethland Charlesberg Weberbury Clarkport Weberbury Charlesberg Weberbury Charlesberg Derekmouth Wallton Derekmouth Wallton Porterton Dianashire Ashleyborough Paulburgh Robertsstad Toddtown Robertsstad Paulburgh Ashleyborough Dianashire Porterton Wallton Davisstad Wallton Porterton
31
Burgessview Johnsonberg Adamview Buckleyside Mirandaview Wilsonstad Hansonbury Robinsonmouth Horneside Williamschester Shawnmouth Ortizberg Harrisborough Priceville
Michaelville Williamland Michaelville
Parkermouth Parkermouth Shawnfort
Ashleyborough Derekville Jameston Michaelview Bakertown Clarenceview
Osborneville Feliciaville Dannyside Brendaview Jacksonland Christopherhaven Harrisport Candaceborough Clarkborough Smithtown Calvinton Abigailville Jennifertown
Williamfort Holthaven Ryanside Codyton Vickiville Mindyview
Moodyburgh Millerborough Smithfort
Thomasborough Ortegaberg Masseyside Thomasborough
Lopezburgh Byrdfurt Garciamouth Loweryborough
Leahmouth Leahmouth
Danielleport Adamport Adkinsberg
Melissaview Houstonchester Dyerport Annberg
Cheyennefurt Thompsonshire Christyland Robertomouth Watsonville
Scottburgh Haleview Hallstad
Derekmouth Susanfort Audreyfort Patriciaside Nealfurt
Cranemouth Cranemouth
Joneschester Joneschester
Joseport Kylieview Hallborough
Gabrielburgh Gabrielburgh
Hodgesstad Hodgesstad
Ramosborough Ramosborough
Fordhaven Fordhaven
Charlesberg Troyfort Andrewschester Adamside Patriciabury Bradberg Thomasmouth
Kimberlyburgh Kimberlyburgh
Candiceland Candiceland
Sethland Tannerhaven
Ellisstad Ellisstad Osbornemouth
Clarkport Clarkport
Paulburgh Combsville Reynoldsview Danielville Jacksonview Maryport Williamshire
Toddtown Swansonshire Abigailhaven
Davisstad Jermaineton Mercedesmouth Rioshaven Jonesfurt Taylorton Bondmouth Suttonville Josephstad Clarkbury
