Hernandezville Beckyshire Ponceville Mcculloughchester Crystalchester Smithmouth Crystalchester Mcculloughchester Jonestown Barbarachester Jonestown Kellyfort Jonestown Mcculloughchester Ponceville Garymouth Christophertown Crystaltown Christophertown Garymouth Camposstad Donaldstad Camposstad Garymouth Ponceville Beckyshire Derekton Wallaceville Morenoside Wallaceville Derekton Beckyshire Hernandezville Joelview Downsville Richardhaven Tammychester Richardhaven Downsville Joelview Farmerside Ryanton Williamsmouth Mcdonaldmouth Williamsmouth Ryanton Farmerside Ralphtown Garciaport Charlesburgh Garciaport Ralphtown Stricklandbury Tylermouth Stricklandbury Ralphtown Farmerside Joelview Hernandezville Beckyshire Ponceville Bridgesville Riveramouth Bradshawside Riveramouth Martinton Riveramouth Bridgesville Esparzaberg Kristinbury Esparzaberg Thomasburgh Esparzaberg Bridgesville Dennisstad Wilsonburgh Dennisstad Bridgesville Ponceville Beckyshire Hernandezville Joelview Farmerside Gabriellabury Courtneyfurt Gabriellabury Farmerside Joelview Mitchellchester Lopezmouth Dixonton Keithton Dixonton Francesmouth Dixonton Lopezmouth Heathermouth Lopezview Heathermouth Lopezmouth Mitchellchester Joelview Hernandezville
26
Smithmouth Smithmouth Robertborough
Barbarachester Barbarachester Jonesberg
Kellyfort Pittsland Tinatown Kellyfort
Crystaltown Crystaltown Johnsontown
Camposstad Williamsville
Donaldstad Donaldstad Thomastown
Morenoside Johnport Amberfurt
Derekton Belindamouth
Downsville Haasville
Tammychester Rebeccaton Tammychester
Williamsmouth Johnstonmouth
Mcdonaldmouth Mcdonaldmouth Adkinsfurt
Charlesburgh Angelaview Charlesburgh
Tylermouth Tylermouth Deanstad
Bradshawside Wandaside Bradshawside
Martinton Deborahfort Martinton Brianland
Kristinbury Allenberg Kristinbury
Thomasburgh Johnsonmouth Thomasburgh Sanchezland
Wilsonburgh Wilsonburgh Harristown Josephton
Gabriellabury Hendersonchester
Courtneyfurt Contrerasland Morrisbury
Mitchellchester Huynhton
Keithton Keithton Andrewland Aprilstad
Francesmouth Francesmouth Richardville
Lopezview Robertsfort Lopezview
Heathermouth Emilymouth
