Porterton Wallton Derekmouth Charlesberg Sethland Ellisstad Sethland Charlesberg Weberbury Charlesberg Derekmouth Jeffreyfort Garytown Audreyfort Garytown Jeffreyfort Johnsonchester Jeffreyfort Derekmouth Wallton Davisstad Jacksonton Singletonton Clarkbury Singletonton Jacksonton Davisstad Leechester Castanedachester Leechester Pettyton Bondmouth Pettyton Leechester Davisstad Wallton Porterton Dianashire Burgessview Williamfort Thomasville Lopezburgh Byrdfurt Lopezburgh Thomasville Williamfort Burgessview Dianashire Porterton Wallton Danielleport Melissaview Cheyennefurt Watsonville Cheyennefurt Thompsonshire Cheyennefurt Melissaview Campbellhaven Annberg Campbellhaven Melissaview Danielleport Cooperton Lopezborough Waltersmouth Lopezborough Cooperton Danielleport Scottburgh Laurenbury Scottburgh Danielleport Wallton Davisstad Newmanburgh Gallowaymouth Rioshaven Gallowaymouth Newmanburgh Davisstad Wallton Porterton Dianashire Burgessview Williamfort Williamport Ashleystad Holthaven Ashleystad Codyton Ashleystad Williamport Williamfort Moodyburgh Gregoryberg Smithfort Gregoryberg Moodyburgh Heatherberg Thomasborough Heatherberg Moodyburgh Williamfort Burgessview Dianashire Ashleyborough Paulburgh Walltown Scotttown Walltown Callahantown Maryport Callahantown Walltown Paulburgh Ashleyborough Dianashire Burgessview Marcusburgh Matthewburgh Bondfort Shawnmouth Bondfort Adamview Bondfort Matthewburgh Virginiastad Robinsonmouth Virginiastad Matthewburgh Marcusburgh Fletcherland Kingview Williamschester Kingview Fletcherland Marcusburgh Burgessview Billton Banksburgh Yvonneborough Parkermouth Yvonneborough Banksburgh Billton Burgessview Dianashire Porterton Wallton Derekmouth Geraldside Joseport Gabrielburgh Joseport Hallborough Joseport Geraldside Michellehaven Geraldside Derekmouth Charlesberg Kevinberg Patriciabury Kevinberg Adamside Kevinberg Charlesberg Derekmouth Wallton Porterton Dianashire Ashleyborough Paulburgh Robertsstad Toddtown Swansonshire Toddtown Robertsstad Paulburgh Ashleyborough Clarkberg Burtonview Murphyside Bakertown Murphyside Burtonview Clarkberg Reevestown Judithview Michaelview Judithview Reevestown Clarkberg Ashleyborough Osborneville Christophermouth Shawnhaven Christophermouth Osborneville Payneview Barnesmouth Payneview Teresafort Payneview Jacksonville Jennifertown Jacksonville Payneview Osborneville Ashleyborough Dianashire Porterton
44
Ellisstad Ellisstad Osbornemouth
Sethland Tannerhaven
Weberbury Kimberlyburgh Candiceland Clarkport
Audreyfort Audreyfort Patriciaside
Johnsonchester Susanfort Nealfurt
Clarkbury Jermaineton Clarkbury
Castanedachester Suttonville
Pettyton Jonesfurt
Bondmouth Mercedesmouth Taylorton Bondmouth
Byrdfurt Byrdfurt Garciamouth Loweryborough
Lopezburgh Leahmouth
Watsonville Christyland Robertomouth Watsonville
Thompsonshire Thompsonshire
Annberg Houstonchester Dyerport Annberg
Waltersmouth Adamport Adkinsberg
Laurenbury Haleview Hallstad
Rioshaven Rioshaven Josephstad
Holthaven Holthaven Vickiville
Codyton Ryanside Codyton Mindyview
Smithfort Millerborough Smithfort
Thomasborough Ortegaberg Masseyside Thomasborough
Scotttown Danielville Jacksonview
Walltown Williamshire
Maryport Combsville Reynoldsview Maryport
Shawnmouth Buckleyside Shawnmouth Priceville
Adamview Adamview Harrisborough
Robinsonmouth Johnsonberg Robinsonmouth Horneside
Marcusburgh Wilsonstad Hansonbury
Fletcherland Ortizberg
Williamschester Mirandaview Williamschester
Banksburgh Williamland Michaelville
Parkermouth Parkermouth Shawnfort
Gabrielburgh Hodgesstad Gabrielburgh
Hallborough Kylieview Hallborough
Michellehaven Cranemouth Fordhaven Ramosborough Joneschester
Patriciabury Troyfort Patriciabury Thomasmouth
Adamside Andrewschester Adamside Bradberg
Swansonshire Swansonshire Abigailhaven
Bakertown Derekville Jameston Bakertown
Michaelview Michaelview Clarenceview
Shawnhaven Dannyside Candaceborough
Barnesmouth Brendaview Harrisport Clarkborough
Teresafort Jacksonland Smithtown Calvinton Abigailville
Jennifertown Feliciaville Christopherhaven Jennifertown
