A0 H9 D4 J7 C0 F0 E5 I7 J5 C5 F4 B2 E1 J0 C6 J8 H3 J2 B9 H5 I2 I0 B7 C8 I1 F6 F3 H8 B5 E3 E9 E6 F5 H7 C2 F9 G6 I9 G3 J6 G7 B6 I6 C1 D0 G1 A2 A8 D7 A5 I3 A7 A4 G4 A6 I5 D5 H6 C7 G8 B4 E8 B8 C9 G5 E4 J4 A1 J9 E0 D3 G0 F7 H1 E2 C4 D2 C3 A3 D8 F2 F8 D1 D6 E7 I8 H2 G2 H4 B1 J3 F1 D9 K0 B0 H0 I4 G9 A0
97
H9 H9
D4 A9 D4
J7 J7
C0 C0
F0 B3 F0
E5 E5
I7 I7
J5 J1 J5
C5 C5
F4 F4
B2 B2
E1 E1
J0 J0
C6 C6
J8 J8
H3 H3
J2 J2
B9 B9
H5 H5
I2 I2
I0 I0
B7 B7
C8 C8
I1 I1
F6 F6
F3 F3
H8 H8
B5 B5
E3 E3
E9 E9
E6 E6
F5 F5
H7 H7
C2 C2
F9 F9
G6 G6
I9 I9
G3 G3
J6 J6
G7 G7
B6 B6
I6 I6
C1 C1
D0 D0
G1 G1
A2 A2
A8 A8
D7 D7
A5 A5
I3 I3
A7 A7
A4 A4
G4 G4
A6 A6
I5 I5
D5 D5
H6 H6
C7 C7
G8 G8
B4 B4
E8 E8
B8 B8
C9 C9
G5 G5
E4 E4
J4 J4
A1 A1
J9 J9
E0 E0
D3 D3
G0 G0
F7 F7
H1 H1
E2 E2
C4 C4
D2 D2
C3 C3
A3 A3
D8 D8
F2 F2
F8 F8
D1 D1
D6 D6
E7 E7
I8 I8
H2 H2
G2 G2
H4 H4
B1 B1
J3 J3
F1 F1
D9 D9
K0 K0
B0 B0
H0 H0
I4 I4
G9 G9
