0 23 86 150 77 98 65 45 8 30 76 84 85 1 85 10 198 5 59 62 12 53 81 89 147 82 99 54 79 56 67 87 18 3 141 80 21 33 15 194 28 185 9 40 83 176 170 128 151 42 151 42 51 22 156 66 31 24 126 139 50 119 132 34 78 57 0
55
0 0 73
23 23 88
86 86
150 68 77
98 47 65 91 98
45 45
8 8
30 30
76 76
84 84
1 1 58 69
85 85
10 10 71
5 5 41 70 74 75
59 32 59 97
62 44 62
12 12
53 53
81 20 81
89 89
147 29
82 82
99 27 99
54 49 54 92
79 11 17 26 79
56 56
67 39 67 96
87 18 87 95
3 3
80 43 80
21 21 93
33 33
15 15
194 61 72
28 28 38
9 9 52
40 40
83 83
176 35
170 37
128 19
42 42
51 13 51
22 22
156 16
66 66
31 2 31
24 6 24 46
126 94
139 48 63
50 7 50 64
119 55 90
34 34
78 14 36 78
57 4 25 57 60
