K BH FS EN GL BF AH AW M BT CF DG DK U DC EB AN DS GO EK T AI FO CB DF AV AK BY AK AX AP FV GF CT CU BG FM EH O R O FP Y GA BW EW AJ Z CC EV AG C CH CE EQ I DZ AB EZ EP EG AF GC ED AE L BB CW DY FH CJ CO FJ BP CZ AU CQ FU BX DV BJ CA B K
65
FS FS
EN EN FD
GL GL
BF BF
AH AH EU
AW AW
M M BL
CF AM CF
DG DG EL
DK DI DK
U U
AN AN DC
DS DH DS
GO FI GO
EK EK GE
T T
AI FO
CB BA CB FZ
AV G
BY V BE BY
AX AX
AP BO
FV FE FV
GF GF
CU CT GI
BG BG
FM FM
EH EH
O AS
R R
FP FP
Y Y
AJ AJ
Z Z
CC CM EO GR
EV CY EV
AG AG GG
C DR FX
CE CE
EQ EQ
I I
DZ DZ
AB AB
EZ EZ
EG BQ EG
AF AF
GC ED GC
AE X
L L
BB BB
CW CW
FH CK FH
CJ BR CJ
CO BI DB
FJ P DX EC FJ GJ
BP BP EA EM
CZ FG
AU FR GK
CQ CQ
FU FU
BX BX DP
DV DV
BJ BJ
CA EJ GD
B B
