89 12 169 5 59 110 104 142 86 94 128 49 127 9 109 20 13 72 102 43 189 118 47 103 133 65 30 99 168 37 38 32 28 132 33 145 70 3 64 31 89
37
89 100 69
12 12 187
169 101 169 78
5 172 5
59 124 59 75
104 130
142 197 21 188
86 86 29 173 56
94 94 151
128 199 128 23
49 83 111 140 144 49
127 127 88 4 80
9 27 48 9
109 183 109 112
20 11 160
13 13
72 146 148 58
102 178 122 102 125 114 61
43 51 156
189 189
118 118 1
47 179 16 98
103 97 193 73
133 194 133 141
65 191 65 147 82
30 79 36
99 99 44
168 37
38 96 81 41 38
32 32
132 132 195
33 33 25 121
145 190 149 39 85
70 135 192 70
3 3 136
64 18 64
31 107 155 6 31
