dldkilltnmhfepsteins msddkilllthepsteinfn dlfdkilltepsteinhnms lkilldtnmsepsteindfh tdnfmdhepsteinslkill fmtnkilldepsteindhsl killtdslhfdepsteinnm dtsmdnlhfepsteinkill killhtdmdlnsfepstein hmdkilllnepsteinfsdt killhtdmdlnsfepstein ltfnsdhepsteinkilldm dkillfepsteinnhdmtls depsteinlfnmkilldsht tsmdepsteinkillhfdln killdepsteinmfltdshn dflstmkillepsteindhn lntkillepsteinfsddhm fdmtdepsteinkilllsnh mdkilllfdnstepsteinh fdmtdepsteinkilllsnh mfndlsdepsteinhkillt ldepsteindhkilltsmfn dfdepsteintlnskillhm epsteinshlkilldmnfdt dkillnmhldstfepstein fsepsteindkillhmtdln dhkillldsepsteintnmf depsteinftndhmkillsl tldkillhsfnmepsteind depsteinlfnmkilldsht fhdmnepsteindkillslt sldhnfmtdkillepstein epsteinldtnfmshdkill lepsteindsmnhftdkill dhsepsteintlkillmfnd lepsteindsmnhftdkill mkilldlshdtfepsteinn epsteinhnkillsldfdmt nmdhepsteinkilltfsld tndskilldfepsteinmhl mdkillntepsteindfhsl sdndhepsteinltkillfm killshdlmftnepsteind hsepsteinfkillnmddtl epsteindmshtfldnkill killthsepsteindmlfdn dnldkillhmfstepstein killdldepsteinmfsthn nepsteinfthdldmkills killfsdndhtmepsteinl hsepsteinfkillnmddtl hepsteinnfmtlkilldds fthlkillnepsteindsdm depsteinftndhmkillsl lkillfthdsepsteindnm hnddkilltslmfepstein nftmskilldldepsteinh tepsteinkilldflhnmsd lhsntdepsteindkillmf lmkillepsteintsndfhd dldkilltnmhfepsteins
40
dldkilltnmhfepsteins msddkilllthepsteinfn
dlfdkilltepsteinhnms dlfdkilltepsteinhnms
tdnfmdhepsteinslkill epsteintfhndkilllmsd lkilldtnmsepsteindfh dlshdtepsteinnkillfm dhmkillfdltnsepstein
fmtnkilldepsteindhsl mkillldnhepsteinstfd fmtnkilldepsteindhsl
killtdslhfdepsteinnm slepsteinkillfmddhtn shfnmltepsteindkilld mhdskillldftnepstein killtdslhfdepsteinnm killdldepsteinmfsthn
dtsmdnlhfepsteinkill mkillthfdlnepsteinds epsteinsnmflhtdkilld dtsmdnlhfepsteinkill
killhtdmdlnsfepstein killhtdmdlnsfepstein nfltdmkillsdepsteinh sndldftmkillepsteinh
hmdkilllnepsteinfsdt hmdkilllnepsteinfsdt
ltfnsdhepsteinkilldm ltfnsdhepsteinkilldm tepsteinmdfldhnskill
tsmdepsteinkillhfdln tsmdepsteinkillhfdln killfthnmsdlepsteind
killdepsteinmfltdshn tsdnhkilllmepsteindf killdepsteinmfltdshn
dflstmkillepsteindhn lsmftnepsteinkillhdd dflstmkillepsteindhn
fdmtdepsteinkilllsnh fdmtdepsteinkilllsnh
mdkilllfdnstepsteinh mdkilllfdnstepsteinh lkillepsteintdshmfnd epsteinfthkilldnslmd ntmdhepsteinsdkillfl
mfndlsdepsteinhkillt killmfndshdtepsteinl sdlhfnmdepsteintkill
ldepsteindhkilltsmfn ldepsteindhkilltsmfn dfdepsteintlnskillhm
dkillnmhldstfepstein dkillnmhldstfepstein mhkillepsteinddlfsnt skillmfepsteinthddnl dhtepsteinkillsdflmn
fsepsteindkillhmtdln killhdfnsepsteinmltd fsepsteindkillhmtdln epsteinlmkillfshnddt skillthlfndepsteindm
dhkillldsepsteintnmf killtdmsdfhnepsteinl fmltddhnepsteinskill
depsteinlfnmkilldsht tldkillhsfnmepsteind depsteinlfnmkilldsht lhepsteintndkilldsmf
fhdmnepsteindkillslt fhdmnepsteindkillslt
sldhnfmtdkillepstein msepsteintlhnfkilldd tepsteinhsdkillmldfn tdfkillslepsteinhdmn sldhnfmtdkillepstein
epsteinldtnfmshdkill epsteinldtnfmshdkill
dhsepsteintlkillmfnd dhsepsteintlkillmfnd fddsmepsteintnkillhl
mkilldlshdtfepsteinn epsteinhdkillltsmfdn mkilldlshdtfepsteinn epsteinhnkillsldfdmt mndtkillepsteindlfhs
nmdhepsteinkilltfsld nmdhepsteinkilltfsld
tndskilldfepsteinmhl tndskilldfepsteinmhl dkillnmsfhtlepsteind
mdkillntepsteindfhsl mdkillntepsteindfhsl dmldfhskillntepstein
sdndhepsteinltkillfm sdndhepsteinltkillfm fdskillndtmepsteinlh tdkillepsteinsmhdfnl dfkilllepsteinsnmhtd
epsteindmshtfldnkill hsepsteinfkillnmddtl hmndfkillslepsteintd epsteindmshtfldnkill
killthsepsteindmlfdn killthsepsteindmlfdn depsteinslkillhdftmn nepsteindhkillltmsfd
dnldkillhmfstepstein dnldkillhmfstepstein
killfsdndhtmepsteinl hnsepsteinmkillfddtl
hepsteinnfmtlkilldds ldfsmnepsteinkilltdh
fthlkillnepsteindsdm lepsteindnhstfdmkill thnkillmddsepsteinfl
depsteinftndhmkillsl fhnmkillepsteinsdltd hepsteinnfdmlsdtkill depsteinftndhmkillsl epsteindkilltlmnhsfd
lkillfthdsepsteindnm ndkillthdepsteinlsmf dtnkillsepsteinmdfhl hnskillepsteintfdmld
hnddkilltslmfepstein lepsteinkilldhfmstnd dmtlsfhnkilldepstein killtepsteinddhlmnsf thdlskillnfdmepstein
nftmskilldldepsteinh mdkillnlsdtepsteinhf nftmskilldldepsteinh
lmkillepsteintsndfhd lmkillepsteintsndfhd lhsntdepsteindkillmf hepsteinntdkillsdmfl depsteintkilllnmsfdh ndshkilldmlepsteinft
