149 100 105 100 107 116 115 117 126 122 121 116 107 100 149 060 062 070 069 070 062 054 063 090 099 096 097 090 063 079 078 077 076 075 074 086 084 072 063 054 053 056 066 056 053 054 062 060 149 000 010 020 030 041 036 037 036 044 031 024 013 002 001 000 149 100 101 102 104 102 101 100 149
23
105 111
115 115
126 126
121 123 142
070 068
069 067 069
054 054 059
096 096
097 091 097
078 078 079 083
076 080 081
086 085 086 089
084 088
063 064 065
053 050 053
066 066
056 056
060 060
037 037 048
031 031
024 006 026
102 103
104 104
