CorpusChristi Cincinnati Amarillo Escondido Chesapeake BatonRouge Albuquerque Berkeley Arvada Elkhart Champaign Anaheim AppleValley Burbank CedarRapids Denton Chicago ColoradoSprings DavidsonCounty Danbury BoiseCity Clearwater Canton Columbia Buffalo Anchorage Buffalo Bloomington Austin Asheville ElPaso CorpusChristi
26
CorpusChristi CapeCoral CorpusChristi Downey ElMonte
Cincinnati Cincinnati
Amarillo Amarillo
Escondido Chattanooga Escondido
BatonRouge Augusta Durham
Albuquerque Albuquerque Columbus
Arvada Arvada
Elkhart Elkhart
Champaign Champaign
Anaheim Anaheim CathedralCity
AppleValley AppleValley Chandler
CedarRapids Alexandria BonitaSprings Denver
Denton Bremerton Denton
Chicago Appleton Bridgeport Chicago
ColoradoSprings ColoradoSprings
Danbury Dallas Danbury
BoiseCity BoiseCity
Clearwater Boulder Bryan Clearwater
Canton Canton Charleston DalyCity
Columbia Brownsville Columbia
Anchorage BelAir Deltona
Buffalo Carrollton Davenport Elizabeth
Bloomington Bloomington
Austin Austin Beaumont
Asheville Asheville
ElPaso Akron ElPaso
