FortCollins CostaMesa Knoxville Akron Kissimmee Amarillo Hickory Arvada Fargo BonitaSprings Charleston Arlington Anaheim Harlingen Elkhart Bremerton Henderson Manchester Fremont Brighton Lacey Brighton Irving ChulaVista Lubbock Houston GrandRapids Lancaster Fairfield FortWayne Evansville Bakersfield AtlanticCity Jacksonville Bethlehem Eugene BoiseCity BelAir LittleRock BelAir Chicago Bryan Albany Bloomington Boston Hampton Lafayette Carrollton Laredo CollegeStation Aberdeen Barnstable Kenosha Fayetteville Appleton Jefferson Cambridge Burbank Burlington Burbank Canton KansasCity Harrisburg Irvine LasVegas Layton Bellevue FortCollins
56
FortCollins FortCollins Hollywood
CostaMesa Bradenton
Knoxville Hemet Knoxville
Akron Akron Elizabeth
Kissimmee AppleValley FortWaltonBeach
Amarillo Alexandria Amarillo
Hickory Hickory Inglewood
Arvada Albuquerque Arvada Erie Leominster
Fargo Fargo
BonitaSprings Baltimore BonitaSprings
Anaheim Anaheim
Harlingen Harlingen
Elkhart Champaign Elkhart
Bremerton Allentown Bremerton Grayslake
Henderson Henderson
Manchester Atlanta Manchester
Fremont Fremont
Lacey Detroit Lacey
Brighton Brighton
Irving Cary Irving
Lubbock Louisville Lubbock
Houston DalyCity Fresno Houston Kalamazoo
GrandRapids GrandRapids
Lancaster Anchorage Lancaster
Fairfield Fairfield Joliet LasCruces
Evansville Danbury Evansville
Bakersfield AnnArbor Bakersfield
Jacksonville Jacksonville
Bethlehem Beaumont Bethlehem
Eugene Eugene
BoiseCity BoiseCity
LittleRock Abilene LittleRock
Chicago Chicago
Bryan CedarRapids
Albany Lorain
Bloomington ColoradoSprings
Boston Chandler DesMoines
Hampton Hampton
Lafayette Lafayette Lakewood
Carrollton Carrollton Frederick
CollegeStation Boise CollegeStation ElPaso
Aberdeen Aberdeen
Barnstable Barnstable
Kenosha Augusta Gilbert
Fayetteville Brownsville Fayetteville
Appleton Appleton
Jefferson Dallas Jefferson
Burlington Garland Indianapolis
Burbank Burbank
Canton DavidsonCounty
KansasCity Berkeley CapeCoral ElMonte
Harrisburg Fontana Harrisburg
Irvine Irvine
LasVegas Austin Cleveland Kennewick
Layton Denver Layton
Bellevue Bellevue Independence Lakeland
