152 75 62 155 58 129 115 59 53 102 181 125 5 182 12 186 136 108 89 108 8 21 168 111 7 14 85 61 45 160 157 6 144 65 139 134 165 11 38 13 94 173 94 130 88 78 154 0 95 0 62 119 101 119 179 9 81 166 35 19 169 142 36 87 171 66 147 116 133 149 183 50 27 152
44
75 75
58 58
115 112 54
53 53
181 181
5 5 182 113
12 12
136 136
89 89 60
8 8
21 73 92
168 168
111 31 111
7 184
85 85 96
45 45 175
157 157
144 144
65 139 65
134 134
165 165
38 38
13 13 42
173 143 94 151
130 130 180
78 170 78
154 172 2 51
95 95
62 121 145 0
101 37 101
9 9
81 81 166
35 35
19 79
169 105 169
142 142 28
87 87
66 171 66
116 116 56
133 90
149 163 41 149 126
183 183
50 50 153
27 97 27
