location34 location192 location69 location194 location97 location99 location175 location99 location123 location15 location192 location23 location4 location163 location142 location158 location188 location128 location155 location165 location17 location46 location128 location104 location76 location104 location32 location109 location144 location109 location32 location149 location61 location151 location71 location165 location185 location37 location12 location38 location173 location136 location72 location115 location177 location68 location177 location2 location19 location126 location172 location188 location24 location64 location79 location55 location174 location137 location153 location139 location92 location182 location91 location25 location92 location114 location188 location167 location116 location113 location0 location79 location89 location59 location34
50
location34 location34
location192 location192
location194 location194 location199
location175 location175 location105
location99 location99
location123 location131 location140 location121
location15 location15
location23 location23 location27
location163 location163
location142 location142 location120
location158 location39 location158
location188 location143 location12 location188
location155 location189 location155 location162 location125
location17 location17
location46 location46
location76 location111 location76
location104 location130
location144 location45 location144
location109 location109
location149 location159 location149
location151 location181 location151
location71 location132 location71
location165 location164 location107
location37 location37 location47
location38 location38
location136 location136
location72 location72
location115 location115
location68 location68
location177 location177 location28 location54 location117 location187
location2 location11 location90 location2
location19 location197 location98
location126 location88 location21
location172 location172
location24 location24
location64 location64 location122
location55 location55 location135
location174 location174
location137 location137
location139 location139
location182 location52
location91 location91
location92 location170 location134 location157 location92
location114 location60 location114
location167 location167
location116 location161 location103 location86
location0 location0
location79 location9 location96 location6 location119 location79 location180
location89 location89 location176 location3
location59 location59
