WNYCV HZ80H XBRKQ O0RCM 91RFG F5YBY 18R1B LK2JB XPFOM 9HVLF F07YB QSI1X 1UWW5 UUOP5 XTUSM YMTTJ KB443 CUG55 BMC9X ZA57Z 1BUOS 5I6U4 XRQ65 EQWAL 1NBGE 1XUNX BO3AW GXYLV HR8IA OE5TB RFDQ4 CHXFM URMBF ULCTZ H8ZPW KRLTG 77EY5 QTZLJ EYREL KR27P B8UZ8 1ACIU 65TK9 HHCET WNYCV
39
WNYCV K1ZSD
HZ80H HZ80H
XBRKQ XBRKQ H212X
91RFG TG5ZG 91RFG
F5YBY F5YBY
18R1B 18R1B
XPFOM XPFOM
9HVLF 9HVLF
F07YB F07YB
QSI1X QSI1X
1UWW5 1UWW5
UUOP5 UUOP5
XTUSM XTUSM UGOIO
YMTTJ YMTTJ
KB443 KB443 X2AM4
CUG55 CUG55
BMC9X BMC9X
ZA57Z ZA57Z
1BUOS 1BUOS
5I6U4 V11OW 5I6U4 2KYXC
XRQ65 XRQ65
EQWAL EQWAL
1NBGE 1NBGE XDKMD
BO3AW BO3AW
GXYLV GXYLV
HR8IA HR8IA
OE5TB OE5TB
CHXFM GAXPM
URMBF 2FT0Z URMBF
ULCTZ ULCTZ 7CXN0
H8ZPW H8ZPW
KRLTG KRLTG
77EY5 77EY5
QTZLJ QTZLJ
EYREL EYREL
B8UZ8 42QVU B8UZ8
1ACIU 1ACIU XD7IR
65TK9 65TK9
HHCET HHCET
