4HOMU DL8LT FRZVP 4HSLO YJ67U ELH5L 52MNN 4YS4G ZN2EP 6ACGE KOYRV Z22CS 8CLEZ YJ67U SKPO7 Q5DAA ZZH8Z Q5DAA KN0CP 0U9HU TORQI WZB33 Q02X6 945CN 1RS2N CM5WA 53Y1R K50JQ 6OA3K CFGE5 HV4Z2 EDSMH LKP22 C8O6I UDYJK DOLRQ M0J6A TBPBM A1QRL WBT4L FMCVK V8GEC 8EXDQ HWKGJ LKP22 PTEKT BVMDZ H1LTE AT3CI VHCFR W2M5C ELH5L ZRPB5 O9J47 RAAD4 L2PQE AT3CI SHOOM 50J5H RU85S OKGKQ PTADN 45JXE OIPRN X180A LIRLU 61QWU 4HOMU
53
4HOMU JXLE1
FRZVP FRZVP 69BJO
YJ67U YJ67U
ELH5L UW44H BE5V8 IF7TL 4WDJE ELH5L
52MNN SA6G0 52MNN
ZN2EP ZN2EP IZESQ
6ACGE 6ACGE
KOYRV KOYRV
8CLEZ 8CLEZ
SKPO7 SKPO7
Q5DAA 0D2BR 3AIXW Q5DAA
ZZH8Z ZZH8Z
KN0CP 0VPRW V22SY
0U9HU KC9RF 0U9HU
TORQI L2GJ5 1F0YL DTPF4 TORQI
WZB33 WZB33
945CN 945CN DCHO3
1RS2N 1RS2N
CM5WA CM5WA WXZHF
53Y1R 7U3JG 53Y1R
K50JQ K50JQ
6OA3K 6OA3K
CFGE5 CFGE5
HV4Z2 SYV5N XEEQB WP2MA
EDSMH WI88U EDSMH
C8O6I C8O6I
DOLRQ DOLRQ
TBPBM M1HJR ZHSBU Y61KP NPDI9 TBPBM
A1QRL A1QRL
WBT4L 7GA8O 2BUI5 6WOBI FC0PR
FMCVK 9WSXC PXCIN
V8GEC V8GEC
8EXDQ 8EXDQ PYPSO
HWKGJ HWKGJ T9O11
LKP22 MC71K LLTLN LKP22
BVMDZ C45HH BVMDZ
H1LTE H1LTE OLLV9
AT3CI 768ZF AT3CI
VHCFR W2H22 VHCFR
W2M5C Q7FCL W2M5C
ZRPB5 ZRPB5
O9J47 PMFJ2
RAAD4 RAAD4 TI35I FCYPJ
L2PQE L2PQE LEBVZ TCC7B
SHOOM SHOOM
50J5H 50J5H
RU85S RU85S HZHRA
PTADN PTADN
45JXE 45JXE
OIPRN C7WKJ P419D OIPRN
X180A DDXG0 X180A
LIRLU 2C63O LIRLU
61QWU TY0L7 61QWU
