fab8g obqW1 VIl39 PpZP8 lJfgZ 9u8oD g1WJz wiGnS Flgse ciJ7c eDWES b4E7v uQK8T XDGuI ZlgGe cDkiZ tEdSo gwQSf aiycm 2Z0oU tQXF5 Bw1D7 3FUsL BWyM2 KB016 GHmnJ P5ucv bD2TR n9AEE cQMFl c17Qf yM9nQ BybTG nScgp sF84c wKKkJ 1xx4U l0HDP Vjk2Z HaHFT 0YoJb adW6k mgHYN kCdcu bepE0 H6HgM G91ym 1SvIs AGorf lJJK2 DHhK9 4b2sA Nbb6U 8PY0r L54Jg 8xyrX KzS0e guI5B RgC1Q e1dxq 1pNjr RhMSo f5Qx2 lcarA BJ1iC 015ql LBzlR rzyrR RnwlC KWmhW VUKiE qchZ3 1OpM2 x8KLa 7J90B TtUXd Bw1D7 pesnn o4F0A 3XMfZ Q0oXi dAx9s B3NSd iy8Ty Lqz0g O1QPI 9ZatH fhc2k nRTkO F7m3U 8tK4L fr0Bd 5Ix1v TQZik CT8M8 fab8g
93
fab8g fab8g cm8oa G944F 4GEPG
obqW1 obqW1 HKgVO
VIl39 VIl39
PpZP8 PpZP8 FW6DI
lJfgZ lJfgZ
9u8oD Gt2w1 9u8oD
g1WJz g1WJz
wiGnS wiGnS
Flgse Flgse
ciJ7c ciJ7c
eDWES eDWES 4ORRk
b4E7v b4E7v
uQK8T uQK8T
XDGuI XDGuI
ZlgGe ZlgGe
cDkiZ cDkiZ
tEdSo tEdSo
gwQSf gwQSf
aiycm aiycm
2Z0oU 2Z0oU
tQXF5 tQXF5
Bw1D7 Bw1D7
3FUsL 3FUsL
BWyM2 BWyM2
KB016 KB016
GHmnJ GHmnJ
P5ucv P5ucv
bD2TR bD2TR
n9AEE n9AEE
cQMFl cQMFl
c17Qf c17Qf
yM9nQ yM9nQ
BybTG BybTG
nScgp nScgp
sF84c sF84c
wKKkJ wKKkJ
1xx4U 1xx4U
l0HDP l0HDP
Vjk2Z Vjk2Z
HaHFT HaHFT
0YoJb 0YoJb
adW6k adW6k
mgHYN mgHYN
kCdcu kCdcu
bepE0 bepE0
H6HgM H6HgM
G91ym G91ym
1SvIs 1SvIs
AGorf AGorf
lJJK2 lJJK2
DHhK9 DHhK9
4b2sA 4b2sA
Nbb6U Nbb6U
8PY0r 8PY0r
L54Jg L54Jg
8xyrX 8xyrX
KzS0e KzS0e
guI5B guI5B
RgC1Q RgC1Q
1pNjr 1pNjr
RhMSo RhMSo
f5Qx2 f5Qx2
lcarA lcarA
BJ1iC BJ1iC
015ql 015ql
LBzlR LBzlR
rzyrR rzyrR
RnwlC RnwlC
KWmhW KWmhW
VUKiE VUKiE
qchZ3 qchZ3
1OpM2 1OpM2
x8KLa x8KLa
7J90B 7J90B
TtUXd TtUXd
pesnn pesnn
o4F0A o4F0A
3XMfZ 3XMfZ
Q0oXi Q0oXi
dAx9s dAx9s
B3NSd B3NSd
iy8Ty iy8Ty
Lqz0g Lqz0g
O1QPI O1QPI
9ZatH 9ZatH
fhc2k fhc2k
nRTkO nRTkO
F7m3U F7m3U
8tK4L 8tK4L
fr0Bd fr0Bd
5Ix1v 5Ix1v
TQZik TQZik
CT8M8 CT8M8
