cy4fm 8RNd8 di7h7 KYsbm IjjWK 3iQ53 C0eRL yMPWG 1H2uK F2nEN wdXpe BoNoJ OFvld C565q 6ceXl lA2MC w4BF1 OoKEI qt5AA uT5W0 EWhpw NvAYI Iks3D hOy4D tao9t k9NwV gk2cW P3lE7 nogr2 zQjQm 19YKC 8aYYW kbRYl G6G4p DCl5F Xhpv3 Cfmbw uWr4y X6hJp yFKGt Vjg5l dU1Ub vSPJ5 P8Fbf rUUVt LNh60 5rdYI 7l0Vw cy4fm
46
8RNd8 8RNd8
di7h7 di7h7 GHZOS 7XIxZ
KYsbm FnVf8 KYsbm
IjjWK IjjWK
3iQ53 3iQ53
C0eRL C0eRL
yMPWG yMPWG
1H2uK 1H2uK jse5F
F2nEN F2nEN
wdXpe wdXpe
BoNoJ BoNoJ
OFvld OFvld
C565q C565q
6ceXl 6ceXl
lA2MC lA2MC
w4BF1 w4BF1
OoKEI OoKEI
qt5AA qt5AA
uT5W0 uT5W0
EWhpw EWhpw
NvAYI NvAYI
Iks3D Iks3D
hOy4D hOy4D
tao9t tao9t
gk2cW gk2cW
P3lE7 P3lE7
nogr2 nogr2
zQjQm zQjQm
19YKC 19YKC
8aYYW 8aYYW
kbRYl kbRYl
G6G4p G6G4p
DCl5F DCl5F
Xhpv3 Xhpv3
Cfmbw Cfmbw
uWr4y uWr4y
X6hJp X6hJp
yFKGt yFKGt
Vjg5l Vjg5l
dU1Ub dU1Ub
vSPJ5 vSPJ5
P8Fbf P8Fbf
rUUVt rUUVt
LNh60 LNh60
5rdYI 5rdYI
7l0Vw 7l0Vw
