0 64 85 136 85 67 17 111 17 109 21 12 178 122 94 50 119 176 2 88 2 164 15 144 60 143 192 191 192 36 169 109 23 184 131 95 130 95 57 18 147 80 146 7 51 151 152 198 197 45 92 158 29 107 168 107 31 78 91 135 91 133 185 33 114 35 112 113 35 114 33 185 133 185 33 186 33 156 93 23 196 23 163 100 43 102 43 59 104 30 189 139 96 140 96 139 5 117 25 116 25 115 30 179 124 125 97 77 127 181 41 160 0
59
0 162
85 137 138
136 136 187 188
111 111
21 154
178 178
122 122
94 121 123 177
50 120
119 119
2 176
88 148 150 195
164 164
144 144
143 143
191 142 191
192 192
169 169 170
109 109 110
184 184
131 131
130 130 183
95 132
147 147
146 145 146 193 194
151 151
152 152 153
198 197 198
92 157 158 159
168 107 167 168
31 106 108
135 134 135
112 112 171
113 113 172
114 114
133 133
185 185
186 186
156 155 156
23 118 175
196 149 196
163 163
100 100
102 102
43 101
59 103 105 165
189 189
140 140 190
96 139 141
117 117
116 116 174
115 115 173
30 104 166
179 179
124 124 126
125 125 180
77 127 128 129
181 181 182
160 160 161
