0 1 3 8 18 37 18 38 18 8 17 35 72 35 17 36 73 148 73 36 74 150 74 36 17 8 3 1 4 10 22 45 91 45 22 10 4 9 20 42 86 42 85 42 20 41 83 41 20 9 4 1 3 7 15 32 65 32 66 133 66 32 15 31 64 31 63 128 63 31 15 7 3 1 4 10 22 46 93 46 94 46 22 45 92 45 22 10 4 1 0 2 5 11 23 48 97 48 98 48 23 11 5 2 6 13 28 58 28 13 27 56 113 56 27 55 27 13 6 14 30 61 30 62 30 14 29 14 6 2 0 1 3 7 16 33 67 33 16 34 69 34 70 34 16 7 3 1 4 9 19 40 81 164 81 40 19 39 80 39 79 39 19 40 82 40 19 9 4 10 21 44 89 44 90 44 21 43 21 10 4 1 0 2 5 11 24 49 99 49 24 11 23 47 96 194 96 47 95 47 23 11 5 12 25 51 25 52 25 12 26 53 26 54 26 12 5 11 24 50 24 11 5 2 0
47
37 151 152 153 154
38 155 156 157 158
72 143 144 145 146
148 147 148
150 149 150
91 183 184
86 173 174
85 171 172
83 167 168
41 169 170
65 131 132
133 133 134
64 129 130
128 127 128
93 187 188
94 189 190
92 185 186
97 195 196
98 197 198
58 117 118
28 115 116
113 113 114
55 111 112
61 123 124
62 125 126
29 119 120 121 122
33 137 138
67 135 136
69 139 140
70 141 142
81 163
164 164
80 161 162
79 159 160
82 165 166
89 179 180
90 181 182
43 175 176 177 178
99 100 199
96 193
194 194
95 191 192
51 103 104
52 105 106
53 107 108
54 109 110
50 101 102
