Soda Venus Talpa Emeryville Rasputin Riverside SouthGate Tuxcacuesco Guadalajara AlphaCentauri TripleRock Compton ChezPanisse Gregoire ElGrullo Tijuana BerkeleyHillel SanMiguel Irvine CafeTibet Jalisco DKingGallery Chino Tuhuamixtel FantasticComics SanDiego BayStreet Perris Ashby BerkeleyHigh Cancun InternationalHouse SantaBarbara CREAM LosAngeles Fontana BAMPFA Myto VictoryPoint Jupiter SigmaKappa Tako Whittier Upland Pomona DeltaDelta Kips Tang ChiOmega Sacramento SanBernardino Platano Saturn Soda
53
Soda MexicoCity
Venus Venus
Talpa AlphaChi Mars Talpa
Emeryville Emeryville
Rasputin Rasputin
Riverside Riverside
SouthGate SouthGate
Tuxcacuesco Tuxcacuesco
Guadalajara Guadalajara
AlphaCentauri AlphaCentauri
TripleRock TripleRock
Compton Compton
ChezPanisse ChezPanisse
Gregoire Gregoire
ElGrullo ElGrullo
Tijuana Tijuana
BerkeleyHillel BerkeleyHillel
SanMiguel SanMiguel
Irvine Irvine
CafeTibet CafeTibet
Jalisco Jalisco
DKingGallery DKingGallery
Chino Chino
Tuhuamixtel Tuhuamixtel
FantasticComics FantasticComics
SanDiego SanDiego
BayStreet BayStreet
Perris Perris
Ashby Ashby
BerkeleyHigh BerkeleyHigh
Cancun Cancun
InternationalHouse InternationalHouse
SantaBarbara SantaBarbara
CREAM CREAM
LosAngeles LosAngeles
Fontana Fontana
BAMPFA BAMPFA
Myto Myto
VictoryPoint VictoryPoint
Jupiter Jupiter
SigmaKappa SigmaKappa
Tako Tako
Whittier Whittier
Upland Upland
Pomona Pomona
DeltaDelta DeltaDelta
Kips Kips
Tang Tang
ChiOmega ChiOmega
Sacramento Sacramento
SanBernardino SanBernardino
Platano Platano
Saturn Saturn
