Soda Doe LakeMerrit GBC Haas MemorialStadium Unit2 BWW Hertz MLK Morgan Barrows GoldenStatePark TheRoof Blackwell BC Sproul Wellman Mulford Unit1 Wheeler Foothill RSF Unit3 ClarkKerr MainStacks Soda
25
Doe Doe
LakeMerrit Stephans LakeMerrit
GBC GBC
Haas Haas
MemorialStadium MemorialStadium
Unit2 Unit2
BWW BWW
Hertz Hertz
MLK MLK
Morgan Morgan
Barrows Barrows
GoldenStatePark GoldenStatePark
TheRoof TheRoof
Blackwell Blackwell
BC BC
Sproul Sproul
Wellman Wellman
Mulford Mulford
Unit1 Unit1
Wheeler Wheeler
Foothill Foothill
RSF RSF
Unit3 Unit3
ClarkKerr ClarkKerr
MainStacks MainStacks
