5 94 20 189 102 55 138 35 7 133 49 84 162 126 131 78 100 192 109 179 19 167 2 90 149 28 140 3 118 130 18 190 67 154 128 80 155 0 103 5
35
5 33
94 39 92
20 20 11
189 199 196 143 189 77
102 102
55 55
138 138 69 153 50 116 61 51 99 183
35 135 26 188 110
7 193 137 63 42 173
133 133 14 9 34 157 158 17 68
49 25 184
84 168
162 162 52
126 48
78 164 78
100 100
192 192 71
109 122 75 152 58
179 32 179
19 47 76 81 156 151
2 2 105
90 178 43 159
149 149
28 28 180
140 140
118 56
130 194 91 31 64
18 85 177 18
190 16 44
67 67 41
154 187 46 154
80 80
155 96 123 22
0 10 1 171 146 37 174 53 104 170 83 101
103 103
