5 4 33 137 156 76 81 47 45 158 45 139 67 119 71 134 50 62 34 133 186 112 82 154 165 63 165 42 165 7 121 34 133 68 195 155 96 192 100 78 179 109 84 162 126 54 48 199 53 0 37 0 27 174 116 138 69 183 69 138 34 62 34 133 68 133 34 62 36 91 191 150 11 20 35 110 188 35 20 94 39 94 165 7 2 60 72 149 28 149 90 159 172 143 77 189 103 189 186 112 171 104 83 117 83 79 105 25 30 75 109 94 5
52
33 33
156 156
76 76
81 81 151
47 47 43
158 14 102 158 80
67 67 41
71 178 71
34 133 9 34
82 146 53
154 187 46 154
63 63
42 137 44 42
165 193 173
121 157 52
195 56
96 96 22
192 16 192 18
78 100 164 78
179 179
109 168 75 152 58
162 162
48 48
199 122 32 199
37 37 177 64
174 1 174 101
116 50 116 99
138 138 69 153 61 55
183 51 183
62 123
68 68
91 91
191 194 31
11 11
110 110
188 188
35 135 26
39 39 92
94 20
2 2
72 149
28 28 180
159 159
172 85
77 196 143 184 77
103 103 189
186 140
112 10 171
104 104 83
117 170
105 105 17
25 25
