A42 A71 A153 A99 A142 A83 A103 A173 A0 A16 A137 A32 A127 A49 A101 A106 A149 A39 A2 A189 A30 A53 A73 A40 A74 A134 A163 A124 A91 A118 A104 A67 A133 A51 A11 A122 A160 A136 A5 A44 A63 A146 A31 A159 A130 A35 A58 A176 A57 A23 A184 A23 A15 A168 A7 A168 A125 A72 A162 A174 A20 A193 A185 A56 A154 A164 A147 A132 A98 A50 A65 A82 A194 A28 A169 A95 A151 A96 A150 A70 A13 A197 A198 A187 A188 A167 A77 A115 A179 A121 A186 A107 A78 A100 A184 A100 A42
68
A42 A42
A71 A71
A153 A93
A142 A139 A142
A83 A45
A103 A103
A0 A0
A16 A105 A16
A137 A137
A32 A32
A127 A127
A106 A106 A144
A149 A33
A39 A39
A2 A2 A135
A189 A3 A189
A30 A196 A90 A30 A46 A191
A73 A172 A123
A40 A40
A163 A43
A124 A124 A145
A118 A118
A67 A67
A51 A51
A122 A122
A136 A136
A5 A5
A44 A120 A21
A146 A128
A159 A159
A130 A130
A35 A35
A58 A58
A176 A176
A57 A57 A38
A23 A23
A184 A184 A92
A168 A54
A7 A7
A125 A102 A181 A182
A72 A72 A37 A114
A20 A20
A193 A193
A185 A185
A154 A154
A132 A132
A98 A148 A192 A98
A50 A117
A65 A65
A82 A82
A194 A194
A28 A28
A95 A95
A151 A17
A96 A96
A70 A70
A13 A75 A13 A113 A88
A198 A198
A187 A76 A187
A167 A167 A9
A77 A126 A77
A115 A4
A179 A179
A121 A177
A186 A94 A111 A143 A34 A64
A107 A107
A78 A78
A100 A84 A100 A183
