A29 A5 A79 A65 A32 A14 A32 A16 A12 A53 A90 A7 A65 A54 A85 A93 A99 A66 A47 A18 A97 A13 A97 A18 A82 A35 A6 A88 A1 A19 A95 A76 A81 A34 A81 A72 A19 A73 A19 A26 A30 A49 A31 A4 A91 A45 A71 A10 A48 A43 A52 A67 A29
34
A29 A29
A5 A55 A27
A79 A79
A14 A92 A14
A32 A32
A16 A16
A12 A59 A53 A12
A90 A90
A7 A2 A77 A68
A65 A65
A54 A3 A54
A85 A89 A85
A99 A99
A47 A66 A47
A97 A97
A13 A13
A18 A18
A82 A82 A15 A38
A35 A35 A96
A88 A88 A6
A1 A60
A95 A95
A76 A39
A81 A28
A34 A34
A72 A72
A73 A73 A69
A26 A26
A30 A30
A31 A31 A51
A91 A91
A10 A10
A52 A52 A36
A67 A67
