A42 A147 A164 A154 A2 A39 A76 A119 A83 A103 A173 A0 A16 A105 A116 A67 A2 A5 A136 A160 A122 A162 A188 A167 A13 A197 A98 A24 A107 A186 A143 A172 A73 A40 A180 A61 A71 A153 A158 A17 A151 A96 A150 A18 A168 A72 A125 A97 A36 A133 A157 A57 A23 A155 A60 A156 A165 A82 A77 A66 A45 A108 A193 A185 A166 A44 A169 A87 A50 A65 A170 A134 A163 A124 A12 A139 A142 A99 A199 A7 A4 A115 A179 A121 A177 A95 A195 A32 A127 A196 A30 A53 A176 A58 A35 A130 A159 A31 A146 A118 A91 A93 A183 A100 A42
67
A42 A42
A154 A154
A2 A2 A135
A39 A39 A33
A76 A76
A103 A103
A0 A0
A16 A16
A105 A105 A9
A67 A67
A5 A5
A136 A136
A122 A122
A188 A187
A167 A167
A13 A75 A13 A113 A88
A197 A198
A98 A148 A106 A132 A144 A192 A98
A107 A78 A107
A186 A94 A111 A34 A64
A143 A143
A172 A172
A73 A123
A40 A40
A71 A71
A17 A17
A96 A96
A150 A70
A168 A54
A72 A72 A37 A114
A125 A102 A181 A182
A133 A51
A57 A57 A38
A23 A23
A60 A184 A92
A82 A82 A194
A77 A77
A66 A126
A45 A45
A193 A20 A193
A185 A185
A44 A120 A21
A169 A28
A50 A117
A65 A65
A124 A124 A145
A139 A139
A142 A142
A7 A7
A4 A4
A179 A179
A177 A177
A95 A95
A32 A32 A137
A127 A127
A196 A196
A30 A90 A3 A30 A189 A46 A191
A176 A176
A58 A58
A35 A35
A130 A130
A159 A159
A146 A128
A118 A118
A93 A93
A183 A84 A183 A43
A100 A100
