COM NER MYT ARM ARE POL MEX HTI HKG HTI KIR LUX LAO GTM HMD MMR ROU HRV LCA KOR JPN HUN SGS PRK NIU IRN MYS EGY GHA GBR ESH ECU ESP FSM FIN FSM NGA GMB NGA NFK SLB SGS MUS DJI DMA DJI MUS MYT MWI CXR DEU CZE NIU PRT CRI MLT PSE GNB GLP REU COM MDG IDN SHN SGS PYF COD GNQ GUY GNQ NER COM HND COK CAF CRI KNA LSO LTU LIE CPV MHL MAC MHL CPV PNG NIC ABW NIC AUS NIC PNG PRY BIH AZE BDI BHR BLM BEN BLZ RUS SGP QAT COM
63
ARM ARM
ARE ARE
POL POL
MEX MEX
HKG HKG KAZ
HTI CAN GUM HTI
LUX LUX
GTM LAO
HMD HMD
MMR MMR NPL
HRV HRV
KOR KOR
JPN LBN JPN
HUN PAK HUN
IRN DZA IRN IOT
EGY EGY
GHA GIB GHA
GBR GBR
ESH FRA ESH ECU
ESP ESP GEO
FSM GIN FSM
FIN FIN GAB
GMB PAN GMB
NFK NFK JEY ALA
DJI DJI
DMA DMA
MYT MYT
MWI ITA
CXR CXR
DEU CYP DEU
NIU NIU
PRT ATG
PSE PSE
GNB KWT
GLP MDA
REU REU SDN AFG
IDN IDN COL
SHN SHN
SGS LBR KHM NZL SGS
PYF RUS
COD COG CHN COD
GUY GNQ
NER NER MTQ
HND HND GRC MAR
COK COK
CAF CIV LKA NRU CAF
KNA KNA
LTU LTU
LIE LIE
MAC MAC
CPV MLI CPV RWA
ABW ABW
AUS AUS
NIC IRL NIC
PNG PNG
PRY MOZ PRY
BIH BHS
AZE AZE
BDI BDI
BHR BHR BMU
BLM BLM
BEN BEN
QAT ALB
