DZA GBR FRA ECU FSM GIB CAF BVT CMR CCK CIV CAN COD CAN DOM CUW DNK DJI DMA HND GNB GRL GLP BGR BDI BMU BHS DOM ASM CYP CUB GUY GTM GRD GUM ETH ERI FIN FLK FIN ESP AND ALB ARG ALB ARE CYM BGD BFA BLM BES BLR DMA DZA
36
FRA FRO GBR FRA
ECU ECU
FSM FSM GHA
CAF CAF
BVT BVT
CCK CCK
CIV CHE
CAN BRB CAN
COD COD BRN
DOM DOM AUS
CUW CUW
DNK ARE DNK
DJI DJI
DMA ATA
HND HND GEO
GRL HKG
GLP GLP
BDI BDI
BHS BHS
ASM ATF
CUB CUB
GUY GRC
GTM HMD COG
GRD GRD GNQ
ERI ERI
FIN FIN ABW
FLK FLK
AND AND
ALB ALB
ARG ARG
CYM CYM CXR CZE
BGD BGD
BFA BFA
BLM BLM
BES BES
BLR BEN BLR
