9c2647cde6e44cc385c8 910d00572d9d42cebb4a 211ddbbf614a47428f13 9c2647cde6e44cc385c8 084504e2b2de4f53a0b1 b47b7b94e7d74f398b8f effa9d0de823441bb67f 4f6bd13f81714bdb882b 12a170c171ef44d4b662 85ec82d3a96e4436a5a2 dc974af4378c41789aae 884523a7277b40f4972f f47cbc59a0584307a0f1 c15cfb41ef824fd2a1c0 8a66a2d4fdf74f2e9b0e 9a6fd45cb4d44509bce9 2783e022fae94929bf16 d5bccd7804014eca8c6c bb5eae787bbc407b98a6 d4f8d48cee014966a5b7 5215b0f0bd724c5cb095 a0f6a505c8184e86afc9 00dd89601f03490d8809 4c8b2bb0f24f4375a715 4ec91b9ee7034cd9a61a 934f0cae8959401e9aa3 664988394a5f48d79e79 00dd89601f03490d8809 a22afbff48914ac888a0 7cf52b0864ce43a5abfd d8780223b4744b5b91e5 5a3b69fa8cfb4982a27c babcd00b2c484c36bc48 b590c18164cf4e94bf14 42f0effdbad6403aad72 ca0b4771edab4289a9de 7aff972e183b44c8bc47 d8316f23d67e43ccb5e7 e5d122afc38c45dea5ae 54de46f8d4f647d1baa7 849492e2a4f04946a2c6 7e0770b0df094f329117 211ddbbf614a47428f13 09b94d1b44c348ceadb9 c69875060dcb453ead1a 00c8dafefbc2451eb0fa e74a97c92dba4d8ea2d5 e05275dbed2540ddb1d0 529d899e8f2545bfbc5a 8e02573f1324425c9311 9f09c91be53540919ab1 2b0e5d986b0a4f1cb926 33edfebd58804049be59 19f204e30ad4442cb966 7e6d763cc1df4cdcba88 bbd144150de64860b03c dde0459354634ebdbc7f 06635824d9b841f7b41e d484483c58914446843f 519c6812f5c84e2da127 b42e69fcc93540ff9100 a2e35f0c3c9143c68a9e 8fb88a81c320403c8940 42e3ccb6ddd54a0aa3cb e6237b02869349c2bcc8 53afa325a7d34c438292 cfa4f7b46ab548c1a67a 5b7e4d089e434c6a9293 8563fff9bc9b483e839f 5fd6476364e640bea476 8563fff9bc9b483e839f fa1e4bc6ddcc462f984f 3e010983b03e4fcd9e0f de3e2c10d9714f8dbcde e87b98454fe24297b210 c947a496d2b34bb89bb9 2bcf7711ba8b49129f0c dbfc82377b8f4429bc5e 9c2647cde6e44cc385c8
54
910d00572d9d42cebb4a 910d00572d9d42cebb4a
211ddbbf614a47428f13 5dc9f852f2454533879f 82654fedf62042cb92dc 211ddbbf614a47428f13
b47b7b94e7d74f398b8f b47b7b94e7d74f398b8f
12a170c171ef44d4b662 12a170c171ef44d4b662 44c8674ccef1477b965f
85ec82d3a96e4436a5a2 85ec82d3a96e4436a5a2
884523a7277b40f4972f fc38d8b64f88401c97fd f47cbc59a0584307a0f1 884523a7277b40f4972f 8a66a2d4fdf74f2e9b0e
c15cfb41ef824fd2a1c0 a581f1b5cd374bd0ba96 3574209d67b74478ae2e c15cfb41ef824fd2a1c0
9a6fd45cb4d44509bce9 9a6fd45cb4d44509bce9
d5bccd7804014eca8c6c d5bccd7804014eca8c6c 2783e022fae94929bf16
bb5eae787bbc407b98a6 bb5eae787bbc407b98a6 d4f8d48cee014966a5b7
5215b0f0bd724c5cb095 b3931f6d1087486cb913 5215b0f0bd724c5cb095
a0f6a505c8184e86afc9 a0f6a505c8184e86afc9
4c8b2bb0f24f4375a715 af0a537d56ff42a99a0a 4c8b2bb0f24f4375a715
4ec91b9ee7034cd9a61a 934f0cae8959401e9aa3 9b9da0cbe5514fabb1ae 0f214fa889a6406e8826 e0d1e21ff6cc4d64aff7
664988394a5f48d79e79 664988394a5f48d79e79
00dd89601f03490d8809 ce2f0e6b8eb94a748c7d dee15252c0e54b84beaf 00dd89601f03490d8809
a22afbff48914ac888a0 a22afbff48914ac888a0
d8780223b4744b5b91e5 d8780223b4744b5b91e5
5a3b69fa8cfb4982a27c 5a3b69fa8cfb4982a27c
babcd00b2c484c36bc48 babcd00b2c484c36bc48 1c62a698c79e460eb5ff
42f0effdbad6403aad72 42f0effdbad6403aad72
ca0b4771edab4289a9de 74bfaa171ba342fc9e58 ca0b4771edab4289a9de
d8316f23d67e43ccb5e7 d8316f23d67e43ccb5e7
e5d122afc38c45dea5ae 1a4c9d2bea59474aa118 e5d122afc38c45dea5ae
54de46f8d4f647d1baa7 54de46f8d4f647d1baa7
849492e2a4f04946a2c6 849492e2a4f04946a2c6 cd51464f29fe4984870b b3a599b5126842e1bf24
7e0770b0df094f329117 7e0770b0df094f329117 eff3a759e4134e70a252
09b94d1b44c348ceadb9 df9fcc997b4f4a18b94a 242983dadb1f4402a4a9 09b94d1b44c348ceadb9
c69875060dcb453ead1a c69875060dcb453ead1a ef84408a20334d7d9940 76432c67ac2d44b384c1
e74a97c92dba4d8ea2d5 e74a97c92dba4d8ea2d5
e05275dbed2540ddb1d0 0753fe21061c4e058dad 404713e80e9740c9b7cd df9c93ed7a63447389dd e05275dbed2540ddb1d0
529d899e8f2545bfbc5a b96177c96ab740b3965b 529d899e8f2545bfbc5a 87788962cd304b248baf
8e02573f1324425c9311 8e02573f1324425c9311
2b0e5d986b0a4f1cb926 5b3dce289f444b0aa162 bd01ba7047cb4d04a847 2b0e5d986b0a4f1cb926
33edfebd58804049be59 e3726a85ffc34b1282cf f74897e94729433fa22f 33edfebd58804049be59
19f204e30ad4442cb966 19f204e30ad4442cb966 c7ef0821b71641f390ee
bbd144150de64860b03c bbd144150de64860b03c
06635824d9b841f7b41e 7a1df78f40b245bfbb97 26a1d084007f489fba55 06635824d9b841f7b41e
d484483c58914446843f d484483c58914446843f
519c6812f5c84e2da127 884e85a591684c7ebc61 b42e69fcc93540ff9100 ec162ad32a614344923a
a2e35f0c3c9143c68a9e a2e35f0c3c9143c68a9e
8fb88a81c320403c8940 8fb88a81c320403c8940 fab56f22f8684dd18893
42e3ccb6ddd54a0aa3cb 0a53d934f24848f9bda3 42e3ccb6ddd54a0aa3cb
e6237b02869349c2bcc8 e6237b02869349c2bcc8
53afa325a7d34c438292 53afa325a7d34c438292
cfa4f7b46ab548c1a67a cfa4f7b46ab548c1a67a 205f1eddbda0478aada6
5b7e4d089e434c6a9293 5b7e4d089e434c6a9293 9b93a8a7d0b543339985
5fd6476364e640bea476 5fd6476364e640bea476
fa1e4bc6ddcc462f984f fa1e4bc6ddcc462f984f
de3e2c10d9714f8dbcde e5a9ca3b130945588284 b927c43e198546078ea6
e87b98454fe24297b210 e87b98454fe24297b210
c947a496d2b34bb89bb9 c947a496d2b34bb89bb9
2bcf7711ba8b49129f0c 2bcf7711ba8b49129f0c
dbfc82377b8f4429bc5e dbfc82377b8f4429bc5e
