9b0f0f4ded15491691bd 1bcf747e9b5643a184fc bef459c8a1f84af3a3a9 26bbebd3e4264edd8081 62d54404ca3d46179d84 a01842095e984bd09db6 0823afbd07bf45febe21 0f751efa18504c32ac90 5a7dba50af224e2ab6b8 bab9aa2939444af1b896 3404f2452daa4f839b9b cc612a917319427a804f 44b317edac764442b4cd e3f0a7bd5aa342ac9fe9 6546adf352d74e64b1d9 d6b027921ae340ac8c4c bcedb61dc02748cd9d61 339edeefe40f47f4abbe 8a3bd04ca9844f3486da b989f75f3cac48bfbf34 c5365df821314eeb9891 f4d7e89ec3164c95942e ddfff2b50dff43868057 f69f6451080d4570851d 8b72f079974a49c7aa40 622df2f2f11d4fd39c78 5cce412248b74953bcf8 2e7ecbbb3b3e47dc8d96 7a033f26eda14b709d28 e2caa88e503f4129b613 eb960e815dd14fd6bd07 0730f73898d942058a8a 85d65d4df3204859a6e4 97b46a2d8ead45d98077 b645cb0bc92b4d92bdf9 d1176523a57843768e69 7b57359ca242406bb373 465a9fdfbe7e43bf9d6e 44b317edac764442b4cd c65ed76062154b0ab868 8234739fe11c4c58939e 9b0f0f4ded15491691bd
33
9b0f0f4ded15491691bd 9b0f0f4ded15491691bd
1bcf747e9b5643a184fc 1bcf747e9b5643a184fc c0e69339ecae4efdb4d8
bef459c8a1f84af3a3a9 bef459c8a1f84af3a3a9 cbdeaac599ea4917bf3b
26bbebd3e4264edd8081 26bbebd3e4264edd8081
a01842095e984bd09db6 d41ce53800e74a0f849b
0823afbd07bf45febe21 28b1f9c8d4d24d81bc6d 0823afbd07bf45febe21
0f751efa18504c32ac90 18bb444e17894062aa31
5a7dba50af224e2ab6b8 c88b4673ce3d49c6908f
bab9aa2939444af1b896 bab9aa2939444af1b896 c0fd362b334d43189c08
3404f2452daa4f839b9b 3404f2452daa4f839b9b
cc612a917319427a804f cc612a917319427a804f
e3f0a7bd5aa342ac9fe9 e3f0a7bd5aa342ac9fe9
d6b027921ae340ac8c4c d6b027921ae340ac8c4c
bcedb61dc02748cd9d61 bcedb61dc02748cd9d61
339edeefe40f47f4abbe 339edeefe40f47f4abbe
8a3bd04ca9844f3486da 4083eeebbfb942a38987 8a3bd04ca9844f3486da
b989f75f3cac48bfbf34 b989f75f3cac48bfbf34 b5e22237f3c14773b553
c5365df821314eeb9891 c5365df821314eeb9891 bcb1ec18982a4bb0815b
f4d7e89ec3164c95942e f4d7e89ec3164c95942e
ddfff2b50dff43868057 ddfff2b50dff43868057
f69f6451080d4570851d f69f6451080d4570851d d3ae567eea5a44939b43 9ff40c0a1bef41898f25
8b72f079974a49c7aa40 8b72f079974a49c7aa40
2e7ecbbb3b3e47dc8d96 be5b9781cabc47a78aac 2e7ecbbb3b3e47dc8d96
7a033f26eda14b709d28 6c2d42b6b644452fbba1 7a033f26eda14b709d28
e2caa88e503f4129b613 885e825ee7fa47d0bf37 e2caa88e503f4129b613 3f0f5ffb79ce42f4a325
eb960e815dd14fd6bd07 eb960e815dd14fd6bd07
85d65d4df3204859a6e4 85d65d4df3204859a6e4
97b46a2d8ead45d98077 97b46a2d8ead45d98077
b645cb0bc92b4d92bdf9 b645cb0bc92b4d92bdf9
7b57359ca242406bb373 2343f68f1ed74a6f8567 7b57359ca242406bb373 0921b2d036264a09b57e
465a9fdfbe7e43bf9d6e 465a9fdfbe7e43bf9d6e
c65ed76062154b0ab868 c65ed76062154b0ab868 e70b11887ef14bce9075
8234739fe11c4c58939e 2bc5c3c02de447469b45 8234739fe11c4c58939e
