Soda 165 174 155 172 154 117 176 149 170 131 99 103 136 196 137 151 179 164 183 187 150 175 105 161 193 140 135 169 130 107 102 166 185 163 124 180 118 182 145 125 181 190 122 162 123 143 197 157 148 121 153 120 141 139 113 132 104 159 144 173 114 142 152 100 129 186 192 133 147 115 171 194 168 146 156 128 134 126 112 108 158 110 160 101 Soda
85
Soda 167
165 165
174 116 174
155 155
172 172 178
154 154
117 117
176 176
149 149 195
170 170
131 131
99 99
103 103
136 136 177
196 196
137 137
151 151
179 179
164 164
183 183
187 127 187
150 150
175 175
105 105
161 161
193 193
140 140
135 135
169 169
130 130
107 107
102 102
166 166
185 185 191
163 163
124 119 124
180 180 184 188
118 118
182 182
145 145
125 125 189
181 181
190 190
122 122
162 162
123 123
143 106 143
197 197
157 157
148 148
121 121
153 153
120 120
141 141
139 111 139
113 113
132 132
104 104
159 159
144 144
173 173
114 114
142 142 198
152 152
100 100
129 129 138
186 186
192 192
133 133
147 147
115 115
171 171
194 109 194
168 168
146 146
156 156
128 128
134 134
126 126
112 112
108 108
158 158
110 110
160 160
101 101
