Soda 50 19 52 75 41 101 76 62 91 13 70 11 36 40 92 49 60 21 79 96 87 66 89 30 8 81 3 56 26 99 57 5 45 39 71 59 33 9 6 37 77 44 63 2 27 80 24 97 20 90 22 48 65 95 38 32 51 67 29 28 54 68 58 18 88 47 84 43 100 34 42 25 12 55 83 17 46 15 73 69 74 7 31 86 78 72 98 16 10 61 64 53 82 14 Soda
94
50 50
19 19
52 52
75 75
41 41
101 94 101
76 76
62 62
91 91
13 4 13
70 70
11 11
36 36
40 40
92 92
49 49
60 60
21 21
79 79
96 96
87 87
66 66
89 89
30 30
8 8
81 81
3 3
56 35 56
26 26
99 99
57 57
5 5
45 45
39 39
71 71 93
59 59
33 33
9 9
6 6
37 37
77 77
44 44
63 63
2 2
27 27
80 80
24 24
97 97
20 20
90 90
22 22
48 48
65 65
95 95
38 38
32 32
51 51
67 67
29 29
28 28
54 54
68 68
58 58
18 18
88 88
47 47
84 23 84 85
43 43
100 100
34 34
42 42
25 25
12 12
55 55
83 83
17 17
46 46
15 15
73 73
69 69
74 74
7 7
31 31
86 86
78 78
72 72
98 98
16 16
10 10
61 61
64 64
53 53
82 82
14 14
