Wurster Observatory Alabama Boston Brain Blackwell Optometry Florida Gilman Parking Maxwell Simon Goldman Kleeberger Spieker Moffitt Silver Montgomery Indianapolis Class Hazardous Simpson Stanley Honolulu Nevada North Chan Tennessee Vermont Idaho Juneau Anthony Oregon Raleigh Frank Sutardja Cory Pitzer McLaughlin Pennsylvania Hilgard Barrows Salem Hesse Recreational Wurster
45
Wurster Wurster
Observatory Observatory
Alabama Alabama Sather Massachusetts
Boston Boston
Brain Brain
Blackwell Blackwell
Optometry Optometry
Florida Florida
Gilman Gilman
Parking Parking
Maxwell Maxwell
Simon Visitor Simon
Goldman Goldman
Kleeberger Moses Kleeberger
Spieker Spieker
Moffitt Moffitt
Silver Silver
Montgomery Montgomery
Indianapolis Indianapolis
Class Class
Hazardous Hazardous
Simpson Simpson
Stanley Stanley
Honolulu Honolulu
Nevada Nevada
North North
Chan Chan
Tennessee Tennessee
Vermont Vermont
Idaho Idaho
Juneau Juneau
Anthony Anthony
Oregon Oregon
Raleigh Raleigh
Frank Frank
Sutardja Sutardja
Cory Cory
Pitzer Pitzer
McLaughlin McLaughlin
Pennsylvania Pennsylvania
Hilgard Hilgard
Barrows Barrows
Salem Salem
Hesse California Hesse
Recreational Recreational
