Donner Optometry Helena Cyclotron Haste Wurster Providence Haas Phoenix Iowa Foothill Gayley Recreational Illinois Ishi Minnesota Old Gilman Tallahassee Life Topeka North McCone Santa Donner
24
Donner Donner
Optometry Optometry
Helena Helena
Cyclotron Cyclotron Juneau
Haste Haste
Wurster Wurster
Providence Providence
Haas Haas
Phoenix Phoenix
Iowa Iowa
Foothill Foothill
Gayley Gayley
Recreational Recreational
Illinois Illinois
Ishi Ishi
Minnesota Minnesota
Old Old
Gilman Gilman
Tallahassee Tallahassee
Life Life
Topeka Topeka
North North
McCone McCone
Santa Santa
