100 58 55 18 53 18 55 58 100 86 85 164 165 104 156 104 165 164 85 86 100 31 15 27 70 36 33 12 11 10 11 12 33 36 70 27 15 30 16 59 16 61 14 34 14 61 54 1 17 2 44 4 44 2 17 1 48 49 48 47 19 50 131 130 129 144 42 3 42 144 129 130 131 142 46 2 44 45 43 29 13 29 43 72 40 8 9 8 40 72 43 45 44 2 46 142 131 50 133 141 20 136 188 21 56 21 188 192 189 95 94 98 58 100
35
100 31 32 58
18 18
53 23 52 53
55 24 55
156 111 153
165 165
15 15 30
12 12
10 10 121
11 11
33 33
36 28 36
27 27
59 22 25 59
16 16
34 7 14 34 37 39
61 26 60
54 54
1 1 17
4 4 5
49 49 51
47 19 47 48 50
3 3 41
42 42
46 2 46
45 43 44 45
13 13 29
40 40
8 8
9 6 9
20 20
56 56 57
21 21
192 192
189 182
