LeonieHill MandaiWest AnchorvaleBuangkok KallangWay TuasBay TanglinHalt Kranji JurongWestCentral NeeSoon OrangeGrove Outram HougangCentral ConeyIsland PunggolTownCentre YishunCentral ClementiCentral ChangiWest AirportRoad GeylangBahru TanjongRhu PasirPanjang2 WesternIslands Semakau ClarkeQuay SungeiRoad SembawangSprings GreenwoodPark FarrerPark Novena TampinesWest PasirRisWestElias ChoaChuKangCentral Springleaf Lavender SerangoonGarden Victoria Ridout BishanEast Yishun LeonieHill
30
MandaiWest Boulevard YioChuKang MandaiWest NorthCoast BukitBatokCentral AnchorvaleBuangkok
KallangWay KallangWay
TuasBay TuasBay
TanglinHalt TanglinHalt
Kranji Kranji
JurongWestCentral JurongWestCentral
NeeSoon SungeiKadut Shipyard NeeSoon
OrangeGrove OrangeGrove Tyersall DefuIndustrialPark
Outram MonksHill Sennett Outram
ConeyIsland ConeyIsland
PunggolTownCentre PunggolTownCentre
ClementiCentral ClementiCentral Woodgrove
ChangiWest ChangiWest
AirportRoad AirportRoad
PasirPanjang2 PasirPanjang2
Semakau Semakau
ClarkeQuay KampongGlam
SungeiRoad SungeiRoad
SembawangSprings SembawangSprings Sentosa
GreenwoodPark Guilin Trafalgar GreenwoodPark
FarrerPark FarrerPark
Novena Townsville Novena SingaporePolytechnic
TampinesWest YuhuaWestBoonLay TampinesWest
ChoaChuKangCentral ChoaChuKangCentral LoyangEast
Springleaf Springleaf
SerangoonGarden SerangoonGarden
Victoria Victoria
Ridout Ridout
BishanEast BishanEast
Yishun Phillip Yishun
