BukitBatokEast Sembawang JooKoon Tyersall AirportRoad NeeSoon Bendemeer SimpangNorth TanjongPagar CityHall KampongGlam RobertsonQuay Redhill Simei TiongBahruStation DowntownCore LowerSeletar Safti Tengeh Frankel Hillcrest RiverValley LeonieHill BukitBatokEast
18
Sembawang Sembawang
JooKoon JooKoon
Tyersall Tyersall
NeeSoon NeeSoon ChoaChuKang
SimpangNorth SimpangNorth
TanjongPagar TanjongPagar
CityHall CityHall
RobertsonQuay Sudong
Redhill Redhill PearlsHill
Simei SungeiRoad Simei
TiongBahruStation TiongBahruStation
DowntownCore DowntownCore
LowerSeletar LowerSeletar
Safti GaliBatuMandai Safti
Frankel Frankel Tengeh SwissClub GhimMoh
Hillcrest Hillcrest
RiverValley RiverValley
LeonieHill LeonieHill
