YuhuaEast Sennett SerangoonGarden Cairnhill Punggol Serangoon UluPandan Dunearn SembawangHills SerangoonCentral PasirPanjang2 BukitBatokSouth WoodlandsWest Northland Mountbatten BukitTimah Port BukitTimah AngMoKioTownCentre PearlsHill MandaiEast MonksHill TiongBahru ShangriLa HollandDrive YioChuKang Aljunied PeoplesPark OrangeGrove Shipyard SembawangStraits OneTreeHill HongKah OneNorth Anson IstanaNegara Bayshore BedokNorth TagoreSindo Sembawang TampinesNorth Boulevard RochorCanal Tanglin PayaLebarNorth SembawangEast MountPleasant BenoiSector SouthernIslands WestCoast TuasNorthPioneer Chatsworth Commonwealth SungeiRoad Kranji PangSua Geylang Mandai ChengSan BoonLayPlace Brickworks KampongUbi Matilda PulauPunggolTimor Khatib SimpangNorth Paterson HougangCentral Saujana Kembangan LoyangEast SenokoSouth ClementiNorth ChangiPoint Yunnan SenokoWest JooSengPayaLebar JurongPort PeiChun PayaLebarEast MountEmily Woodleigh MountEmily KebunBahru Tampines PengSiang BukitBatokWest DhobyGhaut Sennett YuhuaEast
60
SerangoonGarden SerangoonGarden SingaporeRiver
Cairnhill Cairnhill
Punggol Punggol
Serangoon Serangoon
Dunearn KeatHong SembawangHills UluPandan YioChuKangEast
SerangoonCentral SerangoonCentral
BukitBatokSouth BukitBatokSouth
Northland Northland WoodlandsWest
Mountbatten Mountbatten
Port Port
AngMoKioTownCentre AngMoKioTownCentre
PearlsHill PearlsHill
MandaiEast MandaiEast
TiongBahru TiongBahru TuasBay
YioChuKang YioChuKang
Aljunied Aljunied
PeoplesPark PeoplesPark BayfrontSubzone OrangeGrove
OneTreeHill OneTreeHill BedokSouth SembawangStraits Trafalgar Shipyard PasirRisPark
HongKah HongKah UpperThomson
OneNorth OneNorth
IstanaNegara IstanaNegara
BedokNorth BedokNorth
TagoreSindo SerangoonNorth TagoreSindo
Sembawang EastCoast Sembawang
TampinesNorth TampinesNorth
RochorCanal RochorCanal
Tanglin Tanglin
SembawangEast TuasPromenade
BenoiSector BenoiSector
SouthernIslands HongKahNorth Moulmein SouthernIslands
TuasNorthPioneer TuasNorthPioneer
Chatsworth InstitutionHill Chatsworth
Commonwealth KentRidge Commonwealth
SungeiRoad WaterwayEast SungeiRoad
PangSua PangSua ChangiWest
Geylang Geylang
Mandai PasirRis Mandai
ChengSan JurongWestCentral
BoonLayPlace LowerSeletar BoonLayPlace
Brickworks Brickworks
KampongUbi SungeiKadut TelokBlangahRise Sentosa
Matilda Matilda
PulauPunggolTimor ReservoirView PulauPunggolTimor
Khatib Khatib
SimpangNorth SimpangNorth AlexandraNorth
Paterson Paterson
HougangCentral HougangCentral DefuIndustrialPark
Saujana ChoaChuKang BoatQuay Saujana
Kembangan Kembangan
ClementiNorth ClementiNorth EvertonPark
ChangiPoint ChangiPoint
JooSengPayaLebar JooSengPayaLebar
JurongPort JurongPort
PeiChun PeiChun DairyFarm
PayaLebarEast Museum PayaLebarEast PasirRisDrive TohGuan
Woodleigh GeylangEast PunggolField
Tampines Tampines KebunBahru
BukitBatokWest BukitBatokWest
DhobyGhaut DhobyGhaut
Sennett Sennett CityHall ChinaSquare
