YuhuaEast TohGuan TampinesWest UpperThomson Matilda SerangoonNorth Simei Trafalgar Port TampinesNorth GeylangEast TelokBlangahRise Moulmein YishunCentral SungeiKadut Khatib Chatsworth Dunearn ChinaSquare SenokoNorth Bangkit Victoria SeletarHills Yunnan PunggolField BedokNorth EvertonPark EastCoast OrangeGrove Geylang SungeiKadut BayfrontSubzone ChoaChuKang YuhuaEast
32
YuhuaEast Sennett CityHall SerangoonGarden SingaporeRiver
TohGuan Museum PayaLebarEast PasirRisDrive BenoiSector TohGuan
TampinesWest HongKah
UpperThomson UpperThomson
Matilda Punggol Matilda
SerangoonNorth SerangoonNorth TagoreSindo
Simei OneTreeHill LowerSeletar BedokSouth SembawangStraits Shipyard PasirRisPark OneNorth JurongWestCentral
Trafalgar AngMoKioTownCentre Serangoon Trafalgar
Port Port
TampinesNorth TampinesNorth ChangiWest
GeylangEast Tampines GeylangEast BukitBatokWest PearlsHill KebunBahru
TelokBlangahRise TelokBlangahRise IstanaNegara Brickworks Sentosa
Moulmein Moulmein
YishunCentral HougangCentral Aljunied BoatQuay Saujana DefuIndustrialPark
SungeiKadut SungeiKadut
Khatib Paterson SimpangNorth Khatib AlexandraNorth PulauPunggolTimor
Chatsworth KentRidge Commonwealth WaterwayEast TuasNorthPioneer SungeiRoad PangSua PeiChun InstitutionHill Kembangan RochorCanal Chatsworth
Dunearn KeatHong HongKahNorth SembawangHills UluPandan YioChuKangEast SouthernIslands
ChinaSquare ChinaSquare
SenokoNorth Northland Mountbatten BukitBatokSouth SerangoonCentral DhobyGhaut Cairnhill WoodlandsWest
Bangkit YioChuKang
Victoria TuasPromenade TiongBahru Tanglin
SeletarHills MandaiEast
Yunnan JurongPort JooSengPayaLebar DairyFarm ChangiPoint
PunggolField PunggolField TuasBay
BedokNorth BedokNorth
EvertonPark ClementiNorth EvertonPark ReservoirView
EastCoast EastCoast Sembawang
OrangeGrove PeoplesPark OrangeGrove
Geylang PasirRis BoonLayPlace Geylang Mandai
BayfrontSubzone BayfrontSubzone
ChoaChuKang ChoaChuKang
