139 141 25 134 101 153 71 198 31 175 44 84 9 184 128 21 79 182 108 16 186 122 109 187 30 111 17 98 99 58 1 106 67 20 60 7 170 196 41 22 105 84 18 15 169 125 176 97 145 96 27 14 43 13 89 138 177 2 157 11 147 118 23 182 95 5 35 19 156 123 77 139
57
139 77 85 173
141 141 48 191
25 25
134 127 134
101 101 64 32
153 112 153 26
71 71 148 104
198 198
31 31 131
44 161 44
9 78 9
184 184 114 119
128 81 128
21 113 21
79 79
108 57 108 16
186 186 172
122 91 122
109 109 188 37
187 187
30 144 13 30
111 111 130
98 158 98
58 74 58
1 47 1 178
106 106 69
67 33 82 67
60 60 39
7 7
41 41
22 142 22
105 105
84 189 84
18 18
15 15
125 125
176 176
145 145
96 152 96
27 27
14 14
43 43
89 89
138 138
177 165
2 2 72
157 8 157
11 11
147 147
118 118 75
23 146 23
182 182
95 95
5 5
35 65 35
156 156
123 123
