139 198 147 82 90 38 134 101 6 188 174 194 43 14 27 183 32 74 58 80 41 112 200 177 165 55 1 66 15 128 182 45 152 123 169 125 196 72 162 186 159 56 50 161 2 85 167 189 113 132 138 53 16 77 149 110 120 131 73 193 146 12 98 17 118 23 37 10 130 148 4 104 35 51 154 176 139
56
139 18 173 141 157 21
198 198 71 31 26
147 11 184 147
82 5 82 67 69
90 8 60 9 114 7
38 78 39 44
134 127 134 25
101 101 64 153
6 191
188 109 188
174 106 47 122
43 142 43 57 13
14 14
27 27 96
183 84 33
32 32
74 74
58 58 156
80 144
41 22 41
112 91 112
200 75
165 165
1 1 178 89 172
66 105
15 81 15
128 128
182 95 108 79 182 119
152 152
123 123
125 125
72 72
162 187
186 186
161 161
2 2
85 85 158
189 189
113 113 30
132 48
138 138
16 65 16
77 77
120 111
131 131
146 146
98 98
118 118
23 23
37 37
130 130
148 148
4 145
104 104
35 35
176 176
