F8 O3 T5 T8 A5 D7 R0 E9 K6 P9 T6 C4 P7 S7 K0 T0 E3 D5 B0 F1 I0 C0 I0 N4 D3 K1 A1 E5 S2 P0 J1 S5 J2 M0 R8 O2 R3 G0 A8 Q8 C3 C8 L6 H5 Q7 F6 R3 G4 N8 F4 H6 H2 A3 E7 E8 D5 B0 T9 N0 R4 G9 D8 S0 O1 D9 M6 C8 H0 F2 I4 S9 H4 B2 I6 N9 N1 N2 E4 M2 C2 L9 I9 R9 M5 F8
66
O3 O3
T5 P6 T5
T8 T8 A0
D7 D7
R0 I3 S8 R0
K6 K6
P9 P9
C4 C4
P7 Q3 P7 Q5 T1 R6
S7 S7 N7
T0 T0 Q0 K5 H3 A9
E3 E3
D5 D5
F1 F1
C0 C0
I0 I0
N4 N4
D3 D3
K1 D4 K1
A1 A1
E5 E5 G6
S2 S2
J1 J1
S5 G1 S5
J2 J2 O5
M0 M0
R8 R8
O2 O2
G0 E2 G0
A8 A8
Q8 Q8
C3 C3
C8 C8
H5 H5
Q7 Q7 B3
F6 F6
G4 G4
N8 N8
H6 H6 P5
H2 A2 H2
E7 A3 E7
E8 E8
B0 B0
T9 I2 T9
N0 N0
R4 R4 J0
G9 G9
D8 D8
S0 O1 S0
D9 N6 D9
M6 M6
H0 H0 I8
F2 C1 F2
I4 I4 F9 L6
S9 S9
H4 H4
B2 B2
I6 B4 I6
N1 N1
N2 K3 N2
E4 E4
C2 C2
L9 L9
I9 I9 P2 H1
R9 R9
M5 M5
