Qwilfish Tropius Drapion Vullaby Porygon2 Crawdaunt Metang Lotad Gengar Munna Seaking Bastiodon Weezing Plusle Wailord Tauros Kakuna Honedge Skorupi Magnemite Amoonguss Stufful Woobat Tsareena Shellos Magmar Volcarona Steenee Jumpluff Metapod Sandile Drampa Qwilfish
29
Qwilfish Qwilfish
Drapion Drapion Taillow
Vullaby Vullaby
Porygon2 Meloetta Porygon2
Crawdaunt Scatterbug Crawdaunt
Metang Metang Slurpuff
Lotad Lotad
Gengar Gengar Bounsweet
Munna Swadloon Munna
Seaking Nincada Seaking Honedge Treecko
Bastiodon Whismur Bastiodon Shellder
Weezing Escavalier Vespiquen Weezing
Plusle Plusle
Wailord Wailord
Tauros Tauros
Kakuna Kakuna
Skorupi Skorupi Skiddo
Magnemite Magnemite Froakie Weepinbell Comfey
Amoonguss Amoonguss
Stufful Stufful Conkeldurr
Woobat Woobat
Shellos Shellos
Magmar Magmar Noibat Inkay
Volcarona Volcarona
Steenee Steenee
Jumpluff Jumpluff
Metapod Metapod
Sandile Simisear Sandile
Drampa Drampa
