Qwilfish Tropius Shellos Nincada Noibat Skiddo Phanpy Lotad Gengar Xerneas Yungoos Magnemite Amoonguss Tauros Kakuna Treecko Seaking Nincada Whismur Dewpider Scatterbug Taillow Drapion Vullaby Jumpluff Steenee Wartortle Vespiquen Shellder Tsareena Paras Zekrom Conkeldurr Stufful Woobat Escavalier Weepinbell Honedge Weezing Crawdaunt Porygon2 Meloetta Sandile Metapod Metang Terrakion Politoed Tornadus Gengar Bounsweet Gengar Drampa Qwilfish
49
Qwilfish Qwilfish
Tropius Tropius Slowbro Skorupi
Shellos Magmar Shellos
Nincada Nincada Comfey
Noibat Simisear Noibat
Skiddo Skiddo
Phanpy Phanpy
Lotad Lotad
Gengar Gengar Munna
Xerneas Xerneas Wailord
Yungoos Yungoos
Magnemite Froakie Magnemite Swadloon
Amoonguss Amoonguss
Tauros Tauros
Kakuna Kakuna Lumineon
Treecko Treecko
Seaking Seaking Bastiodon
Whismur Whismur
Dewpider Dewpider
Scatterbug Scatterbug
Taillow Taillow
Drapion Drapion
Vullaby Volcarona Vullaby
Jumpluff Jumpluff Plusle
Steenee Steenee
Wartortle Wartortle
Vespiquen Inkay Vespiquen
Shellder Shellder
Tsareena Tsareena
Paras Paras
Zekrom Zekrom
Conkeldurr Conkeldurr
Stufful Stufful
Woobat Woobat
Escavalier Escavalier
Weepinbell Weepinbell
Honedge Honedge
Weezing Weezing
Crawdaunt Crawdaunt
Porygon2 Porygon2
Meloetta Meloetta
Sandile Sandile
Metapod Metapod
Metang Slurpuff Metang
Terrakion Terrakion
Politoed Politoed
Tornadus Tornadus
Bounsweet Bounsweet
Drampa Drampa
