Qwilfish Drampa Shellos Vullaby Jumpluff Steenee Wartortle Honedge Seaking Treecko Kakuna Dewpider Froakie Drampa Gengar Lotad Metang Crawdaunt Porygon2 Meloetta Inkay Vespiquen Shellder Vespiquen Weezing Plusle Wailord Tauros Swadloon Magnemite Shellos Tropius Qwilfish
28
Qwilfish Qwilfish
Drampa Simisear Sandile Drampa Skiddo
Shellos Nincada Magmar Shellos
Vullaby Volcarona Drapion Vullaby Amoonguss
Jumpluff Metapod Stufful Conkeldurr Jumpluff
Steenee Steenee
Wartortle Taillow
Honedge Scatterbug Skorupi Noibat Weepinbell Honedge
Seaking Seaking Munna Bastiodon
Treecko Treecko
Kakuna Kakuna
Dewpider Whismur
Froakie Froakie Bounsweet
Gengar Gengar
Lotad Lotad
Metang Metang Slurpuff
Crawdaunt Woobat Crawdaunt
Porygon2 Porygon2
Meloetta Meloetta
Inkay Inkay
Vespiquen Vespiquen
Shellder Shellder
Weezing Escavalier Weezing
Plusle Plusle
Wailord Wailord
Tauros Tauros
Swadloon Swadloon
Magnemite Magnemite Comfey
