Burlington Cambridge Buffalo Hayward Cedar Rapids Naperville Bridgeport Louisville Chicago Miramar Clarke Honolulu Davenport Prairie Amarillo Greenville Myrtle Hampton Columbus Chattanooga Merced Denver Killeen Burlington
24
Burlington Independence
Cambridge Cambridge
Buffalo Buffalo
Hayward Hayward
Cedar Cedar
Rapids Rapids
Naperville Naperville
Bridgeport Bridgeport
Louisville Louisville
Chicago Chicago
Miramar Miramar
Clarke Clarke
Honolulu Honolulu
Davenport Davenport
Prairie Prairie
Amarillo Amarillo
Greenville Greenville
Myrtle Myrtle
Hampton McAllen Hampton
Columbus Columbus
Chattanooga Chattanooga
Merced Merced
Denver Denver
Killeen Killeen
