Monroe Lewisville Allentown Leominster Mesa Fayetteville Gilbert Viejo Melbourne Birmingham Hialeah Aberdeen Havre Kissimmee Dayton Merced Antioch Elkhart Detroit Austin Davidson Rapids Vista Julian Albany Manchester Fairfield Glendale Brownsville Corpus Chesapeake Four Cary Athens Greensboro Hickory Amarillo Erie Monterey Denver Daytona Apple Huntsville Clarksville Hampton Bradenton Elizabeth Baton Layton Lafayette Charleston Anaheim Anchorage Kennewick Ten Hesperia Bedford Naples Bethlehem Hartford Kailua Boise Lakeland Kenosha Canton Mesquite Burlington Montgomery Asheville Akron Irving Huntington Hayward Denton Prairie Muskegon Kaneohe Cambridge Lowell Baltimore Killeen Johnson Boulder Lacey Cleveland Dallas Three Jacksonville Hagerstown Lancaster Seven Modesto Mobile Laredo Carrollton Gainesville Abilene Bridgeport Arlington Monroe
98
Monroe Monroe
Lewisville Lewisville
Allentown Allentown
Leominster Leominster
Mesa Mesa
Fayetteville Fayetteville
Gilbert Gilbert
Viejo Viejo
Melbourne Melbourne
Birmingham Birmingham
Hialeah Hialeah
Aberdeen Aberdeen
Havre Havre
Kissimmee Kissimmee
Dayton Dayton
Merced Merced
Antioch Antioch
Elkhart Elkhart
Detroit Detroit
Austin Austin
Davidson Davidson
Rapids Rapids
Vista Vista
Julian Julian
Albany Albany
Manchester Manchester
Fairfield Fairfield
Glendale Glendale
Brownsville Brownsville
Corpus Miami Corpus
Chesapeake Chesapeake
Four Four
Cary Cary
Athens Athens
Greensboro Greensboro
Hickory Hickory
Amarillo Amarillo
Erie Erie
Monterey Monterey
Denver Denver
Daytona Daytona
Apple Apple
Huntsville Huntsville
Clarksville Clarksville
Hampton Hampton
Bradenton Bradenton
Elizabeth Elizabeth
Baton Baton
Layton Layton
Lafayette Lafayette
Charleston Charleston
Anaheim Anaheim
Anchorage Anchorage
Kennewick Kennewick
Ten Ten
Hesperia Clarke Hesperia
Bedford Bedford
Naples Naples
Bethlehem Bethlehem
Hartford Hartford
Kailua Kailua
Boise Boise
Lakeland Lakeland
Kenosha Kenosha
Canton Canton
Mesquite Mesquite
Burlington Burlington
Montgomery Montgomery
Asheville Asheville
Akron Akron
Irving Irving
Huntington Huntington
Hayward Hayward
Denton Denton
Prairie Prairie
Muskegon Muskegon
Cambridge Cambridge
Lowell Lowell
Baltimore Baltimore
Killeen Killeen
Johnson Johnson
Boulder Boulder
Lacey Lacey
Cleveland Cleveland
Dallas Dallas
Three Three
Jacksonville Jacksonville
Hagerstown Hagerstown
Lancaster Lancaster
Seven Seven
Modesto Modesto
Mobile Mobile
Laredo Laredo
Carrollton Carrollton
Gainesville Gainesville
Abilene Abilene
Bridgeport Bridgeport
Arlington Arlington
