Myrtle Alexandria Grays Erie Medford Bloomington Cathedral Chandler Corpus GreenBay Hartford Davidson Montgomery Baltimore Albany Bridgeport Lansing Chicago Miramar Kissimmee Nashua Barnstable Aribel Leominster Huntington Albuquerque Minneapolis Lexington Kansas Champaign Abilene Muskegon Dallas Cedar Houma Deltona Bradenton Hemet Appleton Mobile Moreno Huntsville Cary Plen Brownsville Lorain Harlingen Merced Hollywood Joliet Myrtle
49
Alexandria Alexandria
Grays Grays
Erie Erie
Medford Medford
Bloomington Bloomington
Cathedral Cathedral
Chandler Chandler
Corpus Corpus
GreenBay GreenBay
Hartford Hartford
Davidson Davidson
Montgomery Montgomery
Baltimore Baltimore
Albany Albany
Bridgeport Bridgeport
Lansing Lansing
Chicago Chicago
Miramar Miramar
Kissimmee Kissimmee
Nashua Nashua
Barnstable Barnstable Macon
Aribel Aribel
Leominster Leominster
Huntington Huntington
Albuquerque Albuquerque
Minneapolis Minneapolis
Lexington Lexington
Kansas Kansas
Champaign Champaign
Abilene Abilene
Muskegon Muskegon
Dallas Dallas
Cedar Cedar
Houma Houma
Deltona Deltona
Bradenton Bradenton
Hemet Hemet
Appleton Appleton
Mobile Mobile
Moreno Moreno
Huntsville Huntsville
Cary Cary
Plen Plen
Brownsville Brownsville
Lorain Lorain
Harlingen Harlingen
Merced Merced
Hollywood Hollywood
Joliet Joliet
