DK AB DL AT DN CD ED FW HJ EN GN FT BR CW GX EW FZ BM CU CR BH DU FD EO CI HF AV CA BL CS BE AY GT CP AN CC GG FP CY DZ HB AG DV FN CT CG DI FA CX EF EA GY DB DE CE EP HD DD DO AU AO EY BF AK AM BW BV EL ES HI BZ GB HC EM DX HE GR ET FH EQ DT BI BC AZ GV CK BP DP GZ FB CM DM EB DK
91
AB AB
DL DL
AT AT
DN DN
CD CD
ED ED
FW FW
HJ HJ
EN EN
GN GN
FT FT
BR BR
CW CW
GX GX
EW EW
FZ FZ
BM BM
CU CU
CR CR
BH BH FG
DU DU
FD FD
EO EO
CI CI
HF HF
AV AV
CA CA
BL BL
CS CS
BE BE
AY AY
GT GT
CP CP
AN AN
CC CC
GG GG
FP FP
CY DF CY
DZ DZ
HB HB
AG AG
FN FN
CT CT
CG CG
DI DI
FA FA
CX CX
EF EF
EA EA
GY GY
DB DB
DE DE
CE CE
EP EP
HD HD
DD DD
DO DO
AU AU
AO AO
EY EY
BF BF
AK AK
AM AM
BW BW
BV BV
EL EL
ES ES
HI HI
BZ BZ
GB GB
HC HC
EM EM
DX DX
HE HE
GR GR
ET ET
FH FH
EQ EQ
DT DT
BI BI
BC BC
AZ AZ
GV GV
CK CK
BP BP
DP DP
GZ GZ
FB FB AA
CM CM
DM DM
EB EB
