McLaughlinHall VisitorCenter FacultyGlade MagnesCollectionofJe GiauqueHall CNMAT1750ArchSt SpiekerAquaticsCompl WitterRugbyField JonesChildStudyCente LevineFrickeSoftball StrawberryCanyonRecr UCBerkeleyExtension Romeos InsectaryGreenhouse SimpsonCenterforStud BerkeleyArtMuseumand SeniorHall HertzHall PublicAffairsOfficeo EastAsianStudiesInst WarrenHall RecreationalSportsFa EnergyBiosciencesBui EvansDiamond BancroftParkingStruc ResidentialStudentSe Unit3ResidentHall WomensFacultyClub GianniniHall GoldmanSchool StephensHall CampusSharedServices AnnaHeadAlumnaeHall EshlemanHall LegendsAquaticCenter ZellerbachHall Library GrinnellNaturalArea SamsPad RedwoodGroveBotanica MoffittLibrary McLaughlinHall CareerCenter McLaughlinHall
42
McLaughlinHall HasteStreetChildDeve DurantHall EtcheverryHall MathematicalSciences McLaughlinHall BotanicalGarden KroeberHall
VisitorCenter VisitorCenter
FacultyGlade FacultyGlade
MagnesCollectionofJe MagnesCollectionofJe
GiauqueHall GiauqueHall
CNMAT1750ArchSt CNMAT1750ArchSt
SpiekerAquaticsCompl SpiekerAquaticsCompl
WitterRugbyField WitterRugbyField
JonesChildStudyCente JonesChildStudyCente
LevineFrickeSoftball LevineFrickeSoftball
StrawberryCanyonRecr StrawberryCanyonRecr
UCBerkeleyExtension UCBerkeleyExtension
Romeos Romeos
InsectaryGreenhouse InsectaryGreenhouse
SimpsonCenterforStud SimpsonCenterforStud
BerkeleyArtMuseumand BerkeleyArtMuseumand
SeniorHall SeniorHall
HertzHall HertzHall
PublicAffairsOfficeo PublicAffairsOfficeo
EastAsianStudiesInst EastAsianStudiesInst
WarrenHall WarrenHall
RecreationalSportsFa RecreationalSportsFa
EnergyBiosciencesBui EnergyBiosciencesBui
EvansDiamond EvansDiamond
BancroftParkingStruc BancroftParkingStruc
ResidentialStudentSe ResidentialStudentSe
Unit3ResidentHall Unit3ResidentHall
WomensFacultyClub WomensFacultyClub
GianniniHall GianniniHall
GoldmanSchool GoldmanSchool
StephensHall StephensHall
CampusSharedServices CampusSharedServices
AnnaHeadAlumnaeHall AnnaHeadAlumnaeHall
EshlemanHall EshlemanHall
LegendsAquaticCenter LegendsAquaticCenter
ZellerbachHall ZellerbachHall
Library Library
GrinnellNaturalArea GrinnellNaturalArea
SamsPad SamsPad
RedwoodGroveBotanica RedwoodGroveBotanica
MoffittLibrary MoffittLibrary
CareerCenter CareerCenter
