BerkeleyArtMuseumand BancroftLibrary SpiekerAquaticsCompl Demography CoryHall FacultyClub NaturalResourcesLabo HearstMemorialMining EnergyBiosciencesBui ClarkKerrCampus EllsworthParkingStru GraduateTheologicalU GolbousPlace LawrenceBerkeleyNati MartinezCommons EdwardsTrackStadiumG WellmanHall EastAsianStudiesInst ManvilleHall KoretVisitorCenter Sebastians AcademicInnovationSt Library MorrisonHall BancroftDanceStudio AnthonyHall ChancellorsEsplanade MulfordHall LawrenceHallofScienc McConeHall KoshlandHall InsectaryGreenhouse UpperHearstParkingSt CheitHall EvansHall SutardjaDaiHall PacificFilmArchiveBe ObservatoryHill MosesHall HenryHWheelerBrainIm ZellerbachHall InvestigativeReporti FoxCottage2350Bowdit LowerHearstParkingSt MagnesCollectionofJe MathematicalSciences UniversityHealthServ LiKaShingCenter UniversityHouse EvansDiamond AlumniHouse PublicAffairsOfficeo StanleyHall CesarEChavezStudentC AHammock Unit1ResidentHall InternationalHouse SimonHall MaxwellFamilyFieldan CaliforniaHall BanwayBuilding GianniniHall BowlesHall GoldmanField FacultyGlade MariesHouse WarrenHall CareerCenter LawSchool BerkeleyArtMuseumand
69
BerkeleyArtMuseumand FallProgramforFreshm SimpsonCenterforStud LeConteHall HavilandHall NorthField ArchitectsEngineersA BarrowsHall HaasSchoolofBusiness LegendsAquaticCenter LatinAmericanStudies IRLE BerkeleyArtMuseumand McLaughlinHall SatherTower
BancroftLibrary BancroftLibrary
SpiekerAquaticsCompl SpiekerAquaticsCompl
Demography Demography
CoryHall CoryHall
FacultyClub FacultyClub
NaturalResourcesLabo NaturalResourcesLabo
HearstMemorialMining HearstMemorialMining
EnergyBiosciencesBui EnergyBiosciencesBui
ClarkKerrCampus ClarkKerrCampus
EllsworthParkingStru EllsworthParkingStru
GraduateTheologicalU GraduateTheologicalU
GolbousPlace GolbousPlace
LawrenceBerkeleyNati LawrenceBerkeleyNati
MartinezCommons MartinezCommons
EdwardsTrackStadiumG EdwardsTrackStadiumG
WellmanHall WellmanHall
EastAsianStudiesInst EastAsianStudiesInst
ManvilleHall ManvilleHall
KoretVisitorCenter KoretVisitorCenter
Sebastians Sebastians
AcademicInnovationSt AcademicInnovationSt
Library Library
MorrisonHall MorrisonHall
BancroftDanceStudio BancroftDanceStudio
AnthonyHall AnthonyHall
ChancellorsEsplanade ChancellorsEsplanade
MulfordHall MulfordHall
LawrenceHallofScienc LawrenceHallofScienc
McConeHall McConeHall
KoshlandHall KoshlandHall
InsectaryGreenhouse InsectaryGreenhouse
UpperHearstParkingSt UpperHearstParkingSt
CheitHall CheitHall
EvansHall EvansHall
SutardjaDaiHall SutardjaDaiHall
PacificFilmArchiveBe PacificFilmArchiveBe
ObservatoryHill ObservatoryHill
MosesHall MosesHall
HenryHWheelerBrainIm HenryHWheelerBrainIm
ZellerbachHall ZellerbachHall
InvestigativeReporti InvestigativeReporti
FoxCottage2350Bowdit FoxCottage2350Bowdit
LowerHearstParkingSt LowerHearstParkingSt
MagnesCollectionofJe MagnesCollectionofJe
MathematicalSciences MathematicalSciences
UniversityHealthServ UniversityHealthServ
LiKaShingCenter LiKaShingCenter
UniversityHouse UniversityHouse
EvansDiamond EvansDiamond
AlumniHouse AlumniHouse
PublicAffairsOfficeo PublicAffairsOfficeo
StanleyHall StanleyHall
CesarEChavezStudentC CesarEChavezStudentC
AHammock AHammock
Unit1ResidentHall Unit1ResidentHall
InternationalHouse InternationalHouse
SimonHall SimonHall
MaxwellFamilyFieldan MaxwellFamilyFieldan
CaliforniaHall CaliforniaHall
BanwayBuilding BanwayBuilding
GianniniHall GianniniHall
BowlesHall BowlesHall
GoldmanField GoldmanField
FacultyGlade FacultyGlade
MariesHouse MariesHouse
WarrenHall WarrenHall
CareerCenter CareerCenter
LawSchool LawSchool
