a df t aj y dj fr fv bi az ah de cq ar ed ex cv fh gp fs dm o i ab cb ck do gn ee k m ec p j l ct bc bd br cd ak cs an cl ap cp aa ae ag dg by ev gm eu gb fz et bm bz ci fu fy gh fb cu eq aw bl ch al fg w bv u ga dn en e fl bb c fa b bf h ep gl a
87
a fn ey dq ff dx er ea a
df df
t du t dv
aj aj
y y
dj dj
fr fd fr
fv fv
bi bi
az az
ah ah
de de
cq cq
ar ar
ed ed
ex ex
cv cv
fh fh
gp gp
fs em fs
dm dm
o o
i dt eg
ab ab
cb cb
ck ck
do do
gn gn
ee ee
k k
m m
ec ec
p p
j j
l l
ct ct
bc bc
bd bd
br br
cd cd
ak ak
cs cs
an an
cl cl
ap ap
cp cp
aa aa
ae ae
ag ag
dg dg
by by
ev ev
gm ew gm
eu eu
gb gb
fz fz
et et
bm bm
bz bz
ci ci
fu fu
fy fy
gh gh
fb fb
cu cu
eq eq
aw aw
bl bl
ch ch
al al
fg fg
w w
bv bv
u u
ga ga
dn dn
en en
e e
fl fl
bb bb
c c
fa fa
b b
bf bf
h h
ep ep
gl gl
