Fizz Huskar Sniper Chen Tristana Tiny Slark Yorick Rumble Ryze Venomancer Janna Syndra Quinn Xayah Azir Cassiopeia Ekko SpiritBreaker TrollWarlord Kennen Vladimir Viktor Vi Pantheon DeathProphet Annie Medusa LeBlanc StormSpirit Timbersaw LoneDruid Irelia Warlock FacelessVoid Brewmaster Techies BountyHunter KhaZix Puck Beastmaster Karma Kayn Gragas Talon Sona Mirana ShadowDemon Terrorblade Rubick Nasus Jinx Slardar Sven Morphling Ziggs Oracle ShadowFiend Nunu Orianna Heimerdinger Amumu Thresh Pugna Magnus Jayce Weaver JarvanIV CentaurWarrunner Bane Rengar Fiddlesticks Undying NightStalker VelKoz Omniknight WinterWyvern Nidalee Zed Kassadin TahmKench Zilean Singed Kled Katarina ShadowShaman Lucian Visage Fizz
87
Fizz Fizz
Huskar Huskar
Sniper Sniper
Chen Chen
Tristana Tristana
Tiny Tiny
Slark Slark Trundle
Yorick Yorick
Rumble Rumble
Ryze Ryze
Venomancer Venomancer
Janna Janna
Syndra Syndra
Quinn Quinn
Xayah Xayah
Azir Azir
Cassiopeia Cassiopeia
Ekko Ekko
SpiritBreaker SpiritBreaker
TrollWarlord TrollWarlord
Kennen Kennen
Vladimir Vladimir
Viktor Viktor
Vi Vi
Pantheon Pantheon
DeathProphet DeathProphet
Annie Annie
Medusa Medusa
LeBlanc LeBlanc
StormSpirit StormSpirit
Timbersaw Timbersaw
LoneDruid LoneDruid
Irelia Irelia
Warlock Warlock
FacelessVoid FacelessVoid
Brewmaster Brewmaster
Techies Techies
BountyHunter BountyHunter
KhaZix KhaZix
Puck Puck
Beastmaster Beastmaster
Karma Karma
Kayn Kayn
Gragas Gragas
Talon Talon
Sona Sona
Mirana Mirana
ShadowDemon ShadowDemon
Terrorblade Terrorblade
Rubick Rubick
Nasus Nasus
Jinx Jinx
Slardar Slardar
Sven Sven
Morphling Morphling
Ziggs Ziggs
Oracle Oracle
ShadowFiend ShadowFiend
Nunu Nunu
Orianna Orianna
Heimerdinger Heimerdinger
Amumu Amumu
Thresh Thresh
Magnus Magnus
Jayce Jayce
Weaver Weaver
JarvanIV JarvanIV
CentaurWarrunner CentaurWarrunner
Bane Bane
Rengar Rengar Leona
Fiddlesticks Fiddlesticks
Undying Undying
NightStalker NightStalker
VelKoz VelKoz
Omniknight Omniknight
WinterWyvern WinterWyvern
Nidalee Nidalee
Zed Zed
Kassadin Kassadin
TahmKench TahmKench
Zilean Zilean
Singed Singed
Kled Kled
Katarina Katarina
ShadowShaman ShadowShaman
Lucian Lucian
Visage Visage
