Pantheon Skarner BountyHunter WraithKing Xerath Ahri ArcWarden Phoenix Jax Lich LoneDruid Kled Akali Jayce Lucian Disruptor Tiny NightStalker Rumble Tailyah Magnus Ashe Oracle MasterYi SpiritBreaker ChaosKnight Slark Shyvana Jinx Draven TrollWarlord Talon Anivia Spectre Bard CrystalMaiden KogMaw Maokai Bristleback Morgana Heimerdinger Galio CentaurWarrunner Ziggs Nunu Ezreal Lux Jhin Pantheon
47
Skarner Skarner
BountyHunter BountyHunter
WraithKing WraithKing
Xerath Xerath
Ahri Ahri
ArcWarden ArcWarden
Phoenix Phoenix
Jax Jax
Lich Lich
LoneDruid LoneDruid
Kled Kled
Akali Akali
Jayce Jayce
Lucian Lucian
Disruptor Disruptor
Tiny Tiny
NightStalker NightStalker
Rumble Rumble
Tailyah Tailyah
Magnus Magnus
Ashe Ashe
Oracle Oracle
MasterYi MasterYi
SpiritBreaker SpiritBreaker
ChaosKnight ChaosKnight
Slark Slark
Shyvana Shyvana
Jinx Jinx
Draven Draven
TrollWarlord TrollWarlord
Talon Talon
Anivia Anivia
Spectre Spectre
Bard Bard
CrystalMaiden CrystalMaiden
KogMaw KogMaw
Maokai Maokai
Bristleback Bristleback
Morgana Morgana
Heimerdinger Heimerdinger
Galio Galio
CentaurWarrunner CentaurWarrunner
Ziggs Malphite Ziggs
Nunu Nunu
Ezreal Ezreal
Lux Lux
Jhin Jhin
