0 1 0 2 3 4 5 4 3 2 0 7 8 74 66 62 58 56 52 55 52 56 58 62 66 74 8 10 11 71 68 64 60 61 65 69 73 12 13 14 17 18 19 18 17 14 47 45 42 86 99 16 15 14 47 48 49 50 93 50 49 48 47 14 31 30 33 41 81 41 33 36 35 39 37 84 87 84 37 39 35 29 34 38 75 95 96 97 96 95 75 38 34 29 30 31 14 47 46 91 43 80 43 91 46 47 14 31 30 28 26 10 72 67 63 67 72 10 9 7 0
49
0 0 2 21 22 23
1 1
3 3
5 5 6
4 4
7 7 9 24 25
8 8
52 52
55 53 54 55
56 56
58 58
62 62
74 66 74
64 64 68
60 51 60
61 61
65 65 70
69 69 73
14 13 14 47
17 17
19 19 20
18 18
45 45
42 42 86
99 78 85 99
16 16 76
15 15
49 48 49 50 90 92
93 89 93
31 30 31 32 40
41 41
81 79 81
36 33 36
37 37 84
87 82 83 87
35 29 34 35 39
38 38
75 75
97 97 98
96 96
95 95
46 46
80 80 88 94
43 43 44
91 91
28 12 26 27 28 77
10 10 11 71
63 57 59 63
72 67 72
