6 199 189 172 176 172 168 172 189 199 6 11 15 10 11 6 199 190 198 199 189 180 186 180 189 199 6 4 6 11 24 30 32 30 42 40 48 44 42 55 51 55 67 66 62 69 67 73 75 77 74 73 80 96 90 96 103 105 100 103 111 112 114 111 124 128 124 133 139 130 133 143 146 147 146 143 158 150 158 168 172 189 199 6
34
6 1 7
176 176 170 178 177 179
168 167 164 163 166
15 15 14
10 10 18 19
190 191 190
198 194 198
199 196
186 182 181 186 187 185
4 8 4 0
24 23 20 21 26
30 31
32 39 36 38
40 41 40
48 46 48
51 50 57 51 59
66 65 60
62 62 63
69 69
75 75 79
77 77
74 78 74
80 87 88 85 81
90 97 90 98 95
105 106 105 101
100 109 107
112 112 118 115
114 113 114
128 120 125 129 128
124 126
139 139 134
130 137 132 130
147 148 146 145 149 144
150 153 150 152 157
