6 11 24 30 42 55 67 73 80 96 103 111 124 133 143 158 168 172 189 180 186 180 184 183 189 199 198 199 6
23
6 8 4 1 7 0
11 10 15 18 19 14
24 23 20 21 26
30 39 36 31 38
42 46 41 40 48
55 50 57 51 59
67 62 63 65 69 60
73 77 78 75 79 74
80 87 88 85 81
96 97 90 98 95
103 106 109 105 101 107
111 112 118 113 115 114
124 120 126 125 129 128
133 137 139 132 130 134
143 148 146 145 149 144
158 153 150 152 157
168 167 164 163 166
172 176 170 178 177 179
180 185
186 186
184 182 181 187
199 190 196
198 191 194 198
