L16 L73 L63 L119 L80 L18 L131 L153 L94 L85 L74 L83 L113 L46 L70 L77 L47 L103 L133 L68 L52 L28 L12 L108 L24 L62 L134 L38 L13 L118 L107 L104 L150 L143 L4 L19 L95 L110 L53 L129 L120 L114 L84 L8 L116 L35 L116 L101 L93 L6 L29 L16
42
L16 L16
L73 L138 L99
L63 L27 L61 L63
L119 L119 L75 L90 L72
L80 L92 L80
L18 L18 L5
L131 L131 L141
L153 L153
L94 L78 L91 L94 L22
L85 L85
L74 L100 L74
L83 L83
L46 L145 L67
L77 L77 L70
L47 L146 L47
L103 L103
L133 L144 L133
L68 L68
L52 L43 L52
L12 L28 L12
L108 L142
L24 L7 L24
L62 L62 L124 L82
L134 L125 L134
L38 L38
L13 L89 L139 L76 L109 L11 L21
L107 L107 L1
L104 L104 L126 L9
L150 L150 L87
L143 L40 L143 L65 L147
L4 L4 L149
L95 L95 L130 L152
L110 L110
L53 L53
L129 L129
L120 L20 L128
L114 L114 L79 L140
L84 L56 L151 L84
L8 L2 L101 L8
L35 L106 L35
L93 L93
L29 L29
