0 50 42 34 31 26 18 10 5 6 37 31 23 24 23 20 25 23 125 128 105 108 112 75 83 87 84 82 85 88 83 56 60 12 115 118 65 68 63 70 0
34
0 145 143 146 4 0 148
50 53 49
42 73 45 42 43
34 40 39 35 34
31 31 36 32 137 33
26 19 26 27
18 18 22 11
10 10 135 8 13
5 97 5
6 9 7
23 141 16 28 23
24 29 109 24
25 25
125 127 131 123 120 125
128 132 128 133 134
105 110 105 113 101
108 108 111
112 104 142
75 76 69 75 67 80
83 77 83
87 94 93 89
84 86 84
82 82 81
85 78 85
88 96 95 98
56 64 56 51 138
60 60
12 12 15
115 55 122
118 118 117 47 114 119
65 65 66 44
68 68
63 30
70 62 70
