0 108 109 24 29 28 60 56 64 70 67 65 60 19 47 51 53 49 42 45 44 86 84 89 81 83 80 85 25 27 143 135 131 133 137 132 75 68 62 146 148 144 101 96 98 105 100 31 33 76 7 8 5 40 43 104 97 93 134 128 132 125 127 15 11 10 12 4 0
62
0 145 0
108 108 111
109 110 109 117 114
24 24
29 29 30 32
28 28 23
60 60
56 56 138
64 64
70 70
67 67
65 65 66
19 18 19 26
47 118 47
51 51
53 53
49 55 49
42 73 42
45 45
44 36 44 39
84 86 84
89 94 97 89
81 82 81
83 83
80 80 119
85 78 85
25 25
27 27 35
143 143
135 142 135
131 131
133 9 133
137 141 137
75 69 75
68 68
62 62
146 146
148 148
101 101
96 96
98 98
105 105 113
31 31
33 33
76 76 77
7 7
8 8
5 5
40 40 34
43 43
104 104 16
93 95 93
134 134
128 128
132 132
125 123 120 125
127 127 122
15 22 15 13
11 11
10 10
12 12
4 4
