1 30 16 29 200 111 90 182 74 2 67 91 112 135 190 89 192 139 149 143 14 32 120 47 3 37 158 44 191 1
28
30 153 165 6 52 159 178
16 16 42 131
29 29 81 155
200 35
111 17
90 147
182 182
74 74
2 2 123
67 36 7 100 67 188 34
91 167 91
112 112 160 12 127 118 21 64
135 119 87 197 132 161 20 148
190 163 140 170 176 190
89 129 89 9 164
192 192 108 25 99
139 139
149 13 184 149 117 121
143 53 143 79 28 65
14 14 45 76
32 151 32 114 122 77 116 94 92
120 57 120
47 126 186 172
3 27 97 95 78 60 11 3 137
37 70 142 40 180
158 59 183 93
44 44
191 181 68 191
