x182 x2 x74 x2 x137 x92 x4 x122 x10 x11 x10 x3 x174 x3 x65 x4 x20 x1 x121 x2 x130 x2 x136 x2 x69 x1 x10 x2 x110 x2 x74 x1 x7 x3 x9 x18 x0 x21 x182
24
x182 x45 x119 x182
x2 x2
x74 x74 x147 x72 x104 x8 x183 x15 x185
x137 x42 x88 x137 x125 x31 x84 x66 x64 x156
x92 x53 x92 x83
x4 x48 x59 x32 x82 x4
x122 x155 x177 x25
x10 x10 x139
x11 x192 x56 x58 x11
x3 x86 x3 x127 x49
x174 x87 x46
x65 x186 x98
x20 x20 x166 x71 x77
x1 x79 x99 x100 x27 x55
x121 x43 x133 x151 x161 x80 x113 x107 x106 x141
x130 x179
x136 x136 x23 x198 x102
x69 x69 x194
x110 x138 x153 x30 x26 x184
x7 x7 x61
x9 x6 x128 x146 x159 x19 x95 x50
x18 x18
x0 x14 x109 x94 x163 x116
x21 x21 x189 x143 x172 x17 x114 x76 x118 x164
