187 153 88 59 13 67 99 9 39 69 39 160 105 90 79 163 106 6 89 154 194 167 33 83 157 159 58 140 180 44 114 73 183 148 71 181 133 59 156 162 185 199 195 63 195 199 70 45 8 144 119 178 136 77 173 166 78 179 142 123 131 103 187
48
153 153 29
88 94
59 59 42
13 13 120
67 67 18 47 196 7
9 9
39 39
69 41 69 146 93 171
160 160
90 90
79 79
163 163
106 111 152 108
6 6 132 169 12
89 54 55 89 97
154 134 154
194 165 80
33 33
83 53 83
157 157
159 176
58 95 126 58
140 117 140 65
180 180
44 44
114 114
73 73
183 183
148 148 150
71 71
181 181 128 23 124
133 133
156 86 156
162 162 68
63 63 48
199 199
70 70
45 32 45
8 8
144 119 87 52 172
178 136
77 191 2 107 161
173 173 30 190 72 166
78 78 164
179 110 36
142 175 142
123 82 184 92 15 127
131 109 131
