location1 location17 location10 location62 location6 location54 location34 location2 location99 location45 location50 location58 location11 location57 location43 location35 location14 location94 location56 location65 location77 location60 location85 location23 location59 location42 location75 location21 location19 location36 location51 location28 location38 location90 location1
32
location1 location31
location17 location17
location10 location10
location62 location49
location6 location6
location54 location54 location53
location2 location2 location66
location99 location99
location45 location45
location50 location8 location48
location58 location58
location11 location91 location74 location30
location57 location95 location57
location43 location43 location83
location35 location35
location14 location80 location79
location94 location94
location56 location56 location46
location65 location3
location77 location77
location60 location72 location40
location85 location78
location23 location23 location47 location44
location59 location59
location42 location42
location75 location52 location89 location75 location9
location21 location21
location19 location19 location71
location36 location36 location29
location51 location51
location38 location38
location90 location90 location32
