location1 location178 location5 location12 location157 location181 location184 location70 location195 location94 location165 location10 location69 location49 location26 location151 location118 location143 location57 location110 location93 location23 location46 location112 location136 location141 location180 location13 location16 location161 location139 location20 location179 location158 location92 location100 location103 location29 location197 location175 location1
40
location1 location90
location178 location27 location178
location5 location5 location114 location44
location12 location25 location12 location128 location111
location157 location157 location6
location181 location58 location181
location184 location74 location159 location199 location184 location129 location172
location70 location2 location150 location95 location96
location195 location195
location94 location196 location130 location22 location94
location165 location116 location165 location127 location154
location10 location108 location10
location69 location69 location107 location190
location49 location140 location49 location3
location26 location26
location151 location106 location177 location182 location59 location65 location164 location37
location118 location43 location188 location118 location148
location143 location169 location143 location171 location186
location57 location57 location17 location152
location110 location110 location142
location93 location93
location23 location149
location46 location123 location46 location40
location112 location97 location82 location68 location91
location136 location136 location30 location109
location141 location105
location180 location180
location13 location13
location16 location16
location161 location161
location139 location139 location146 location75
location20 location20 location133 location56
location179 location179 location85
location158 location158 location28
location92 location92 location193
location100 location100 location33
location103 location11 location185
location29 location35
location197 location197
location175 location87 location175 location32
