0 78 29 151 59 57 26 81 2 87 44 34 79 8 82 17 95 53 7 43 100 69 92 197 6 14 73 91 83 60 180 90 48 46 97 55 198 111 99 93 45 66 41 15 32 47 76 11 98 42 38 12 22 21 194 0
53
0 18
78 78
29 29
59 59
57 51 57 94
26 26
81 81
2 2
87 30 71 87
44 44
34 34
79 79
8 8 96
82 40 82
17 13 17 33 36 62
95 5 77 95
53 53 61
7 7 54
43 23 43 63
100 52 85 100
69 69
92 92
197 70
6 6 72
14 14 68 84
73 24 73
91 58 91
83 3 31 83
60 60
180 10 28
90 90
48 16 48
46 46 56
97 97
55 55 75
198 50 65
99 99
93 93
45 27 45 64 74
66 1 66
41 41
15 15
32 32 67
47 9 47 88 89
76 76
11 11 86
98 98
42 4 42
38 35 38 39
12 12 80
22 19 20 22 49
21 21 25
194 37
