c5 s2 c4 p9 c8 p7 a8 a1 o2 f5 t7 d4 h4 e1 h0 o7 k1 h2 m4 g1 m7 a6 j2 c3 l6 q0 a0 t5 g8 g7 d5 s1 o6 l4 o5 t6 l8 i5 d6 n4 q1 t1 c5
42
c5 t9
s2 n6 s2 q3
c4 h1 g9 c4
p9 l0 j3 p9 o8
c8 c8 k9
p7 b7 g6 p7
a8 a8 l1
a1 b3 a1
o2 g5 q5 e0 g0 k6 o2
f5 f5 f3
t7 t7 p0 j6 f2
d4 d4 i1 b1 m0 a7 r2
h4 s4 h3 h4 r7
e1 e4 g3 o4 e1
h0 h0
o7 o7
k1 i0 t2 k1 f6
h2 n3 h2 q8
m4 j7 m4
g1 g1 h5
m7 r1 m7
a6 a6
j2 j2 a4
c3 c3
l6 l6 s3
q0 q0
a0 o0 a0
t5 r4 g4 t5 e5
g8 s7 g8 e2
g7 g7 s9
d5 d5
s1 s1 h6 j5
o6 o6
l4 l4
o5 o5 b5
t6 t6 l3
l8 l8 t8
i5 n0 i5
d6 r9 d6
n4 i4 n4
q1 q1
t1 t0 t1
