0 71 103 125 155 81 49 59 195 101 119 187 33 57 61 173 135 47 9 89 99 51 37 113 73 141 83 191 79 19 23 45 111 171 167 53 169 129 131 105 197 87 153 109 75 107 31 139 143 117 151 29 25 123 145 67 163 91 157 189 147 193 13 41 115 3 17 181 199 165 55 185 35 43 175 63 159 39 15 179 97 85 21 77 121 133 1 7 161 65 95 5 93 137 69 177 27 127 11 0
98
71 71
103 103
125 125
155 155
81 81
49 49
59 59
195 195
101 101
119 119
187 187
33 33
57 57
61 61
173 173
135 135
47 47
9 9
89 89
99 99
51 51
37 37
113 113
73 73
141 141
83 83 183
191 191
79 79
19 19
23 23
45 45
111 111
171 171
167 167
53 53
169 169
129 129
131 131
105 105
197 197
87 87
153 153
109 109
75 75
107 107
31 31
139 139
143 143
117 117
151 151
29 29
25 25
123 123
145 145
67 67
163 163
91 91
157 157
189 189
147 147
193 193
13 13
41 41
115 115
3 3
17 17
181 181
199 199
165 149 165
55 55
185 185
35 35
43 43
175 175
63 63
159 159
39 39
15 15
179 179
97 97
85 85
21 21
77 77
121 121
133 133
1 1
7 7
161 161
65 65
95 95
5 5
93 93
137 137
69 69
177 177
27 27
127 127
11 11
