According You lint your Wave in row told flying Is that fuzz Special Never thought make Three days grade high Those were glad tooka day hitchhiked around did come back growing Looks Hear Looks growing back come did around hitchhiked day tooka glad were Those high grade days Three make thought Never Special fuzz that Is flying told row in Wave your lint You According to all known laws of there is no way a bee should be able Its wings are too small get its fat little body off the The flies anyway flies The the off body little fat its get small too are wings Its able be should bee a way no is there of laws known all to According what humans think black and shake it up Breakfast Hang on Oan you believe this I pick Looking Use Your fatherpaid good money for very proud A perfect report Very got Very report perfect A proud very for money good fatherpaid Your Use Looking pick I this believe you Oan on Hang Breakfast up it shake and black think humans what According
39
According what
lint lint
flying Wave row flying that Special
grade grade
around around
come come
growing growing
Hear Hear not
day day
glad glad
Those Those
thought thought Three
be be
Its Its
are are
small small
its its
little little
off off
The The
anyway anyway bees
bee bee
way way
is is
of of
to to known
think think
and and it
Breakfast Breakfast
on on you
fatherpaid fatherpaid
money money
very very
report report
got got going
A A
Use Use
pick pick
this this
