According care what humans think black and shake it up Breakfast Hang on Oan you believe this believe you Oan on Hang Breakfast up it shake and black think humans what care According to all known laws of there is no way a bee should be should bee a way no is there of laws known all to According wings are too small get its fat little body off the The flies anyway flies The the off body little fat its get small too are wings According
22
think think
it it
on on
you you
this this pick
Breakfast Breakfast
and and
what what
known known
of of
is is
bee bee
be be Its
way way
to to
small small
its its
off off
anyway anyway bees
The The
little little
are are
