0 105 160 191 183 188 126 43 156 74 29 182 121 189 16 78 9 17 51 68 33 31 158 2 58 109 179 174 21 69 129 198 136 142 77 163 167 93 174 3 8 159 192 199 185 96 24 38 39 195 86 22 46 177 80 197 180 50 157 125 103 35 32 12 4 178 131 115 190 52 133 184 0
68
0 0
105 105
160 160
191 191
183 183
188 188 170
126 126
43 43
156 156
74 74
29 29
182 182
189 189
16 16
78 78
9 9
17 17
51 51
68 68
33 33 18
31 31 94
158 158
2 2
58 58 143 193
109 109
179 179
174 174
21 21
69 69
129 129
198 198
136 136
142 142
77 62 77
163 163
93 194 93
3 3 119
8 116 8
159 159
192 192
199 199
185 185
96 19 96
24 24 70
38 38
39 39
195 195 60
86 86
46 46
177 177
80 80
197 197
180 180
50 50
157 157
125 125
103 103
35 35
32 32
12 12
4 4
178 178
131 131
115 115
190 190
52 52
133 133
184 184
