190 1 170 62 107 76 60 68 117 191 115 177 159 81 147 67 111 30 182 113 181 176 21 16 34 55 64 179 33 58 83 132 92 114 45 153 166 56 68 104 53 145 6 65 64 52 82 44 172 4 151 29 151 102 186 23 168 23 103 141 193 90 193 146 112 133 108 54 136 93 116 37 2 99 134 188 190
55
190 135
1 1 142
170 62 46
76 185 76
60 60
117 117 22
115 139
177 177 101
81 173
67 27 67 8
111 111 189
30 30
182 182 2
113 123 113 94
181 118 181
176 176 21 57 169
55 55 36 34
179 11 179 100 66 71 195
33 33
83 129 83
92 92 132 106 152
114 114
45 45
153 5 153
166 166
56 95 56
68 10 68
104 104
145 121
6 137
65 38 65
64 44
52 138 52
82 61
172 172
4 47
29 29
102 109 198 102
186 192 186 84
168 168
23 23
103 103
141 141
90 40
193 193
146 146
112 112 149
133 133 156
108 3 69 162 108
54 50 54 163 32
136 165 136
93 93 164
116 116
99 99
188 188
