190 22 148 80 98 160 103 181 8 54 166 131 120 118 1 138 7 171 57 116 5 191 1 4 60 20 179 189 61 2 85 36 6 190
29
190 135
22 146 104 117 10 22 30 68
148 185 177 132 101
98 46
160 198 152
103 141 192 168 92 23 186 84 44 103
181 181
8 165 33 27 129 67 136 8 173 114 83
54 50 69 54 133 162 163 32 108
166 188 166 95 56 106
120 29 109 102
118 118
1 1 62 142 156
138 138 52
171 195
57 176 21 57 169
116 93 116 164
5 5 153 45
191 3 139 193
4 172 47
60 60 76
20 40
179 11 179 100 66 71
189 111 189
61 61
2 123 182 113 94 2 99
85 112 149
36 55 36 34 65
6 137 38 121
