Loc1 Loc12 Loc166 Loc112 Loc31 Loc144 Loc131 Loc122 Loc38 Loc134 Loc130 Loc92 Loc183 Loc172 Loc15 Loc180 Loc153 Loc165 Loc157 Loc85 Loc33 Loc80 Loc59 Loc112 Loc69 Loc51 Loc152 Loc171 Loc140 Loc39 Loc89 Loc164 Loc17 Loc68 Loc99 Loc68 Loc199 Loc68 Loc19 Loc88 Loc83 Loc60 Loc183 Loc50 Loc150 Loc72 Loc150 Loc36 Loc13 Loc101 Loc160 Loc135 Loc16 Loc175 Loc154 Loc146 Loc8 Loc198 Loc188 Loc65 Loc3 Loc196 Loc73 Loc117 Loc161 Loc45 Loc161 Loc97 Loc1
51
Loc1 Loc1
Loc12 Loc126 Loc12
Loc166 Loc166 Loc156 Loc178 Loc114
Loc31 Loc76 Loc192 Loc31
Loc144 Loc144
Loc131 Loc131 Loc62
Loc122 Loc104 Loc122
Loc38 Loc4 Loc167 Loc38
Loc130 Loc130 Loc102 Loc70
Loc92 Loc106 Loc92 Loc194
Loc183 Loc172 Loc183
Loc15 Loc15
Loc180 Loc115 Loc180
Loc153 Loc153
Loc165 Loc5 Loc37 Loc121
Loc157 Loc87 Loc157
Loc85 Loc85 Loc128
Loc33 Loc33
Loc59 Loc59
Loc112 Loc29 Loc112
Loc69 Loc63 Loc69
Loc51 Loc51 Loc177
Loc152 Loc152
Loc171 Loc171
Loc39 Loc39 Loc6
Loc89 Loc89
Loc164 Loc164 Loc55 Loc155 Loc119 Loc123
Loc99 Loc99 Loc28 Loc26
Loc199 Loc58 Loc199
Loc68 Loc82 Loc68
Loc19 Loc19
Loc83 Loc83
Loc60 Loc60 Loc186
Loc50 Loc110 Loc18 Loc50
Loc72 Loc72 Loc98
Loc150 Loc44 Loc150
Loc13 Loc13 Loc36
Loc160 Loc113 Loc160 Loc187
Loc135 Loc135
Loc16 Loc127 Loc66 Loc22 Loc91 Loc175
Loc154 Loc154
Loc8 Loc8
Loc198 Loc198
Loc188 Loc145 Loc188
Loc3 Loc3 Loc64 Loc132
Loc196 Loc111 Loc196 Loc169
Loc73 Loc73
Loc117 Loc117
Loc45 Loc45
Loc161 Loc161
Loc97 Loc97
