Loc1 Loc32 Loc17 Loc21 Loc65 Loc69 Loc93 Loc79 Loc38 Loc98 Loc18 Loc51 Loc50 Loc70 Loc52 Loc70 Loc16 Loc87 Loc4 Loc27 Loc92 Loc37 Loc45 Loc76 Loc83 Loc0 Loc75 Loc60 Loc47 Loc68 Loc7 Loc2 Loc27 Loc53 Loc25 Loc44 Loc3 Loc73 Loc55 Loc64 Loc15 Loc20 Loc19 Loc37 Loc1
32
Loc32 Loc32
Loc17 Loc17
Loc21 Loc9 Loc21
Loc65 Loc65 Loc81
Loc69 Loc69
Loc79 Loc79
Loc38 Loc38
Loc98 Loc72 Loc98
Loc18 Loc90 Loc63 Loc18
Loc50 Loc50
Loc52 Loc52
Loc70 Loc70
Loc16 Loc46
Loc87 Loc87 Loc74
Loc4 Loc4
Loc92 Loc13 Loc92
Loc37 Loc49
Loc45 Loc45
Loc76 Loc76
Loc0 Loc0
Loc75 Loc6 Loc10
Loc47 Loc47
Loc68 Loc68
Loc2 Loc34 Loc11 Loc2
Loc25 Loc25 Loc53 Loc56
Loc44 Loc41 Loc62
Loc3 Loc29 Loc3
Loc55 Loc80 Loc42 Loc55
Loc64 Loc91 Loc43
Loc15 Loc15
Loc20 Loc22 Loc7
Loc19 Loc19
