114 174 122 103 3 90 31 166 112 181 15 183 169 87 12 89 59 43 70 132 130 84 17 179 24 96 97 78 161 99 19 119 74 29 171 127 155 115 5 65 60 82 111 135 0 10 26 154 182 188 98 67 1 35 108 92 47 95 28 91 114
48
114 49 114
174 174 150 94
103 103
3 7 4 3
31 31 14 124
166 166
112 42 112 105
181 21 148 66 109 181
15 33 15
183 16 183 176
169 146 169
87 87 38
89 89
59 131 59
43 197 43
70 70
132 12
84 84
17 147 36
24 24 32
96 167 96
97 102 170
78 78
161 161
119 119
74 175 173 74
29 29
171 171
155 127 155
115 37 115
5 41 5
65 196 134
82 195 177
111 111 69
135 187 135 93
10 191 10 0 133 76
26 26 63 18
154 154 164
182 75 182
188 188 81
98 98 100
67 67 91
1 1 117
35 149 35
108 51 108 62
47 92 47
95 95 53
28 199 28
