gc cm fw fy br db er go ck cd am cp bv bk as d bp h ae dr fo an ad gj di eq cy ge w dh bx bb bt bf fn bf ao cv ee cl p by bc by bz gn dx fk ff c fg ai b gm fr gc
47
gc gk
cm cm ab
fw dy fw
fy fy cg
br br g
db az cn db fa
er er
go go
ck ck
cd ep am
cp cr cp
bv j bv fh
bk ds dg et u
as as ac co em
d d
bp fi dq bp
h gg do aw dp dj
ae ae
dr ap
fo fd fo ft
an an bl
ad ad
gj gi di cq gj
eq eq
ge ge
w bj
dh en dh
bx bx
bb bb
bt bt
fn fn ey
ao ao
cv cv
ee bi ee el cj
cl cs cl
p p
bc ah bc
by by
gn gn gh
dx dx ga
fk fk fq
ff ff
c at bq fe e a
fg y es gq bu
ai dn ai v
b cz b bn
fr q fr dw gm
