n0 n5 n17 n14 n1 n0 n1 n0 n2 n62 n42 n9 n7 n2 n0 n28 n55 n37 n30 n3 n21 n118 n2 n16 n18 n20 n49 n59 n0
22
n0 n0 n22 n78 n83 n85
n5 n4 n5 n13 n43 n53
n17 n17 n35 n39 n76 n91 n96 n97 n99
n14 n14 n27 n82
n1 n1 n63 n84
n2 n2 n8 n25 n32 n36 n81 n87 n94
n62 n62
n42 n42 n71 n95
n9 n9 n24 n80
n7 n7 n15 n41 n58 n73
n28 n12 n28 n33 n45 n56 n60 n77 n88 n92
n55 n23 n40 n46 n50 n55 n65 n67 n93
n37 n26 n37 n47 n70
n30 n19 n30 n38 n64 n89 n90 n98
n3 n3 n52 n79
n21 n11 n21 n48
n118 n6 n29 n54 n57 n72 n75 n86
n16 n16 n51 n69
n18 n18
n20 n10 n20 n44 n74
n49 n34 n49
n59 n31 n59 n61 n66 n68
