n0 n39 n99 n35 n17 n80 n24 n84 n98 n30 n71 n18 n4 n3 n58 n41 n70 n121 n86 n21 n45 n49 n40 n23 n55 n93 n20 n16 n51 n25 n87 n31 n56 n12 n33 n22 n0
36
n0 n0 n85
n39 n39 n78 n83
n99 n54 n99
n35 n35 n43 n76 n97
n17 n17 n91 n96
n80 n80
n24 n24 n82
n84 n1 n14 n27 n63 n84
n98 n90 n98
n30 n19 n30 n38 n89
n71 n42 n62 n64 n71 n95
n18 n18
n4 n4 n5 n53
n3 n3 n9 n52 n79
n58 n7 n15 n58 n73
n41 n41
n70 n26 n37 n70
n121 n29 n47 n72
n86 n6 n57 n75 n86
n21 n11 n21
n45 n45 n48 n60
n49 n49
n40 n40
n23 n23 n50 n67
n55 n55
n93 n46 n65 n74 n93
n20 n10 n20 n44
n16 n16 n69
n51 n51
n25 n13 n25 n36 n94
n87 n2 n8 n32 n81 n87
n31 n31 n59 n61 n66 n68
n56 n34 n56
n12 n12 n28 n77
n33 n33 n88 n92
n22 n22
