loc1 loc2 loc7 loc16 loc11 loc12 loc17 loc26 loc21 loc22 loc27 loc36 loc31 loc32 loc37 loc46 loc41 loc42 loc47 loc56 loc51 loc55 loc54 loc53 loc52 loc57 loc66 loc61 loc62 loc67 loc76 loc71 loc72 loc77 loc86 loc81 loc82 loc83 loc82 loc87 loc96 loc91 loc95 loc94 loc93 loc92 loc97 loc106 loc101 loc102 loc107 loc116 loc111 loc115 loc114 loc113 loc112 loc117 loc126 loc121 loc122 loc127 loc136 loc131 loc135 loc134 loc133 loc132 loc137 loc146 loc141 loc142 loc143 loc142 loc147 loc156 loc151 loc152 loc157 loc166 loc161 loc162 loc167 loc176 loc171 loc172 loc177 loc186 loc181 loc182 loc183 loc182 loc187 loc196 loc191 loc192 loc191 loc196 loc187 loc182 loc181 loc186 loc177 loc172 loc173 loc174 loc175 loc171 loc176 loc167 loc162 loc163 loc168 loc163 loc164 loc165 loc161 loc166 loc157 loc152 loc153 loc154 loc155 loc151 loc156 loc147 loc142 loc141 loc145 loc141 loc146 loc137 loc132 loc131 loc136 loc127 loc122 loc121 loc126 loc117 loc112 loc111 loc116 loc107 loc102 loc103 loc102 loc107 loc116 loc111 loc112 loc117 loc126 loc121 loc125 loc124 loc125 loc121 loc126 loc117 loc112 loc111 loc116 loc107 loc102 loc101 loc106 loc97 loc92 loc91 loc96 loc87 loc82 loc81 loc86 loc77 loc72 loc73 loc74 loc75 loc71 loc76 loc67 loc62 loc63 loc64 loc65 loc61 loc66 loc57 loc52 loc51 loc56 loc47 loc42 loc41 loc45 loc41 loc46 loc37 loc32 loc31 loc36 loc27 loc22 loc23 loc22 loc21 loc26 loc17 loc12 loc13 loc14 loc15 loc11 loc16 loc7 loc2 loc1
46
loc1 loc6 loc8 loc9 loc10
loc16 loc7 loc16
loc31 loc27 loc36 loc38 loc39 loc40
loc37 loc37 loc46
loc56 loc47 loc56
loc54 loc59 loc60
loc53 loc58
loc67 loc67 loc76
loc77 loc77 loc86
loc83 loc88 loc89 loc90
loc94 loc98 loc99 loc100
loc114 loc119 loc120
loc113 loc118
loc127 loc127 loc136
loc134 loc138 loc139 loc140
loc137 loc137 loc146
loc143 loc148 loc149
loc176 loc167 loc176
loc177 loc177 loc186
loc183 loc188 loc189 loc190
loc192 loc197 loc198 loc199 loc200
loc196 loc187 loc196
loc174 loc178 loc179 loc180
loc168 loc168
loc165 loc169 loc170
loc166 loc157 loc166
loc154 loc158 loc159 loc160
loc156 loc147 loc156
loc145 loc150
loc107 loc107
loc103 loc108 loc109 loc110
loc116 loc116
loc117 loc117
loc124 loc128 loc129 loc130
loc126 loc126
loc106 loc97 loc106
loc96 loc87 loc96
loc73 loc78
loc74 loc79 loc80
loc63 loc68 loc69
loc65 loc70
loc66 loc57 loc66
loc45 loc48 loc49 loc50
loc23 loc28 loc29 loc30
loc17 loc17 loc26
loc14 loc18 loc19 loc20
