Liam Jordan Jack Oscar Karter James Oliver Andrew Dylan Joel Dominic Maximus Joseph Robert Cole Zayden Grant King Grant Cooper Joshua Lucas Henry Jayce Gabriel Christian Hayden Bennett Landon William Beau Dean Maxwell Anthony Maverick Micah Messiah Brantley Damian Juan Ethan Jasper Alejandro Ian Sawyer Steven Hunter Thomas Nolan Miles Luke Finn Matteo Eric Greyson Chase Aaron Amir Miguel Mateo Oscar Jack Jordan Liam
44
Liam Liam Evan
Jordan Jeremiah Jordan Ezekiel
Jack Jack
Oscar Levi
James James Isaac
Oliver Oliver
Andrew Andrew
Dylan Dylan Lincoln
Joel Carter Caleb
Dominic Dominic
Joseph Joseph
Robert Robert
Grant Owen Ezra Elias Jose
King Jaxon
Cooper Cooper
Joshua Joshua
Lucas Lucas
Henry Henry Sebastian Leo Colton Adam Bryson
Gabriel Gabriel Cameron
Christian Christian Nicholas
Hayden Austin Parker
Landon Landon
William William
Anthony Anthony Angel
Maverick Noah Jayden Maverick
Messiah Matthew John
Brantley Jackson Christopher Asher Brayden Carson
Juan Hudson
Ethan Ethan
Jasper Alexander David Grayson Connor
Alejandro Wyatt
Ian Ian
Sawyer Eli
Steven Xavier
Hunter Isaiah Hunter Theodore Jace
Thomas Thomas
Nolan Logan Elijah Ryan Adrian Nolan
Luke Luke
Finn Jacob Nathan Jaxson
Matteo Benjamin Daniel Julian Josiah
Eric Samuel
Greyson Greyson
Aaron Michael Aaron
Mateo Mason Aiden Mateo Charles Jonathan Easton
