Liam Isaiah Leo Aaron Thomas Dylan Owen Noah Luke Asher Jordan Nicholas Theodore David Sebastian Mateo Joseph Jaxson Brayden Jaxson Colton Levi Colton Sawyer Benjamin Carter Dominic Eli Josiah Colton Logan William Aiden Ryan Nathan Jordan Roman Maverick Cooper Jayden Mason Alexander Mateo Joseph Isaiah Liam
25
Liam Liam
Isaiah Daniel
Thomas James
Dylan Dylan
Owen Owen
Noah Noah
Luke Luke
David David
Sebastian Sebastian
Joseph Joseph
Jaxson Michael
Brayden Ethan Samuel
Levi Henry
Sawyer John
Benjamin Benjamin Carter
Dominic Oliver
Eli Lucas Jackson Wyatt
Logan Logan
William William
Aiden Aiden
Roman Jacob
Cooper Matthew
Jayden Jayden
Mason Mason Elijah
Alexander Alexander
