Liam Jordan Jack Joshua Jack Jordan Leonardo Xander Maddox Ezekiel Ezra Jose Ashton Grant Max Jayden Bentley Camden Maverick Anthony Maxwell Dean Beau William Beau Dean Chase Aaron Amir Miguel Mateo Aiden Richard Easton Patrick Oliver Andrew Dylan Luca Steven Hunter Zachary Jude Zachary Elliott Caleb Nicholas Waylon Gavin Dawson Tucker Charles Tucker Colton Adam Malachi Henry Jayce Gabriel Jayce Matthew John Messiah Eric Messiah John Asher Brayden Brantley Weston Kevin Weston Abel Elijah Nolan Miles Luke Finn Matteo Julian Matteo Jameson Benjamin Grayson Elliot Brody George Leonardo Jordan Liam
36
Liam Liam Evan
Joshua Lucas Joshua
Ezekiel Jeremiah Ezekiel
Ezra Jackson Ezra Jose
Grant Owen Elias Cooper
Maverick Noah Jayden Maverick
Anthony Anthony Angel
William William Landon
Aaron Michael Aaron
Richard Aiden Mateo Jonathan Easton
Oliver Oliver
Andrew Logan Andrew
Dylan Dylan Lincoln
Steven James Isaac Eli Xavier
Hunter Isaiah Thomas Hunter
Jude Joseph Theodore Jace
Caleb Carter Caleb
Nicholas Daniel Nicholas
Waylon Parker
Dawson Wyatt Levi Ian
Charles Mason Charles
Malachi Henry Sebastian Leo Colton Adam Bryson
Gabriel Gabriel Cameron Dominic
Matthew Matthew
Messiah John Christian Austin
Eric Samuel Greyson
Brayden Asher Brayden
Brantley Ethan Christopher Carson
Kevin Jacob Nathan Jaxson
Elijah Elijah Ryan Adrian Nolan
Luke Luke
Julian Julian Josiah
Benjamin Benjamin Jaxon Hudson
Grayson Alexander Grayson Robert
Brody David Connor
Jordan Jack Jordan
