LOC16 LOC52 LOC70 LOC6 LOC87 LOC29 LOC14 LOC90 LOC34 LOC12 LOC56 LOC48 LOC61 LOC31 LOC73 LOC25 LOC46 LOC37 LOC82 LOC27 LOC82 LOC37 LOC80 LOC45 LOC63 LOC47 LOC4 LOC26 LOC36 LOC8 LOC91 LOC76 LOC93 LOC62 LOC44 LOC33 LOC9 LOC15 LOC18 LOC16
27
LOC52 LOC52
LOC70 LOC70
LOC6 LOC3 LOC97
LOC29 LOC29
LOC90 LOC90 LOC20
LOC12 LOC81 LOC12
LOC56 LOC23 LOC98 LOC56
LOC61 LOC61
LOC31 LOC31
LOC73 LOC73 LOC99
LOC25 LOC25 LOC59
LOC46 LOC46 LOC53
LOC37 LOC37
LOC82 LOC82 LOC28
LOC80 LOC95
LOC45 LOC45 LOC79 LOC50
LOC47 LOC47
LOC4 LOC4
LOC26 LOC26
LOC36 LOC36
LOC8 LOC17
LOC91 LOC43 LOC78
LOC62 LOC62 LOC89
LOC44 LOC96
LOC33 LOC33
LOC9 LOC9 LOC85
LOC18 LOC18 LOC15 LOC22 LOC57
