LOC60 LOC161 LOC62 LOC120 LOC180 LOC61 LOC13 LOC159 LOC72 LOC47 LOC170 LOC188 LOC48 LOC188 LOC56 LOC68 LOC75 LOC76 LOC8 LOC119 LOC156 LOC46 LOC156 LOC63 LOC125 LOC133 LOC89 LOC96 LOC145 LOC64 LOC185 LOC74 LOC134 LOC189 LOC61 LOC194 LOC83 LOC91 LOC41 LOC166 LOC153 LOC60
26
LOC161 LOC62 LOC161
LOC61 LOC180
LOC13 LOC59 LOC6
LOC159 LOC139 LOC144
LOC72 LOC54 LOC72
LOC170 LOC164 LOC97 LOC7 LOC170
LOC48 LOC142 LOC190 LOC48 LOC36
LOC188 LOC108
LOC56 LOC56 LOC18
LOC68 LOC158 LOC68
LOC75 LOC192 LOC24 LOC80
LOC76 LOC30 LOC177
LOC8 LOC8
LOC46 LOC65 LOC46
LOC63 LOC63 LOC58
LOC133 LOC51 LOC133 LOC117 LOC116
LOC89 LOC89 LOC55
LOC96 LOC96
LOC145 LOC145
LOC64 LOC64
LOC134 LOC134
LOC189 LOC189
LOC194 LOC38 LOC194
LOC91 LOC52
LOC166 LOC166 LOC160
LOC153 LOC70 LOC17
