zero six thirteen twenty twentyseven twentysix thirtythree thirtytwo thirtynine fortysix fiftythree sixty sixtyseven sixtyeight sixtynine seventy seventyseven seventyone seventytwo seventynine eightysix eightyfive ninetyone ninetyeight ninetytwo ninetynine onehunfive onehunfour onehunfive ninetynine onehun onehunseven onehuneight onehunfifteen onehuntwentytwo onehuntwentynine onehunthirtysix onehunfortythree onehunfortytwo onehunfortynine onehunfifty onehunfiftyone onehunfiftytwo onehunfiftynine onehunsixtysix onehunsixtyfive onehunsixtyfour onehunseventyone onehunseventyeight onehuneightyfive onehunninetytwo onehunninetythree onehuneightysix onehuneightyseven onehuneightyeight onehuneightynine onehuneightytwo onehunseventyfive onehunseventyfour onehunseventythree onehunsixtysix onehunfiftynine onehunfiftytwo onehunfortyfive onehunfortysix onehunfortyseven onehunforty onehunthirtyfour onehunthirtyfive onehunthirtysix onehunthirtyseven onehunthirty onehuntwentynine onehuntwentyeight onehuntwentyseven onehunthirtythree onehuntwentysix onehuntwentyfive onehuntwentyfour onehuntwentythree onehuntwentyfour onehunseventeen onehunten onehunthree ninetysix eightynine eightytwo eightyone eighty seventynine seventytwo sixtyfive fiftyeight fiftynine sixty fiftythree fiftytwo fortyfive fortyfour fortythree fortyfour fortyfive thirtyeight thirtyseven thirty twentythree twentyfour twentyfive eighteen eleven ten nine sixteen fifteen twentyone fourteen seven zero
47
zero one two three six
twentyseven twentysix twentyseven
thirtythree twentynine thirtythree thirtyfour
sixtyseven sixtysix sixtyseven
seventy sixtyfour sixtynine seventy
seventyseven seventyfive seventyseven
seventyone seventyone seventytwo
seventynine seventyeight seventynine eightyfour
eightysix eightyseven
ninetyeight ninetyeight
ninetynine ninetynine
onehun onehunone
onehuneight onehuneight
onehunfortythree onehunfortythree onehunfortyfour
onehunfortynine onehunfortynine onehunfifty onehunfiftyfour
onehunfiftynine onehunfiftyseven onehunfiftynine onehunsixty onehunsixtyone
onehunsixtysix onehunsixtythree onehunsixtyfour onehunsixtyfive onehunsixtysix
onehunninetytwo onehunninety onehunninetyone onehunninetytwo onehunninetythree onehunninetyfour
onehuneightysix onehuneightyfour onehuneightyseven
onehuneightytwo onehunseventysix onehunseventyeight onehuneighty onehuneightyone onehuneightytwo
onehunseventyfive onehunsixtynine onehunseventy onehunseventyfour onehunseventyfive
onehunseventythree onehunseventyone onehunseventythree
onehunfortyfive onehunfortyfive onehunfortysix
onehunforty onehunforty
onehunthirtyfour onehunthirtyfive
onehunthirty onehunthirty
onehuntwentyeight onehuntwentyseven onehuntwentyeight
onehuntwentysix onehuntwentyone onehuntwentysix
onehuntwentythree onehuntwentythree onehuntwentyfour
onehunseventeen onehunthirteen onehunsixteen onehunseventeen onehuneighteen onehunnineteen
onehunten onehunten onehuneleven
eightytwo eightytwo eightythree
fiftyeight fiftyseven fiftyeight
sixty sixty
fiftythree fiftytwo fiftythree fiftyfive
fortyfive fortyfour fortyfive
fortythree fortythree fortynine
thirtyeight thirtyseven thirtyeight
twentythree twentythree
twentyfive twentyfive
eleven eleven twelve
ten ten
sixteen sixteen seventeen
fifteen fifteen
twentyone twenty
fourteen fourteen
seven seven
