zero five six thirteen twenty nineteen twentysix thirtythree forty fortyseven fiftyfour sixtyone sixtyeight sixtyseven sixtyeight seventyfive eightytwo eightyone eightyeight eightyseven eightysix seventynine seventyeight seventyone seventyseven seventyone sixtyfour fiftyseven fifty fiftyone fortyfour fortyfive thirtyeight thirtyseven thirtysix twentynine twentytwo twentythree twentyfour seventeen ten three zero
31
zero two three four
five five
six six
thirteen twelve fourteen
twenty fifteen twenty
thirtythree thirtythree thirtyfour
fortyseven fortyseven fortyeight
fiftyfour fiftythree fiftyfive
sixtyone sixty sixtyone sixtytwo
sixtyeight sixtyeight
sixtyseven sixtysix sixtyseven
seventyfive seventyfive
eightytwo eightyone eightytwo
eightyeight eightyeight eightynine ninetyfive
eightyseven eightyseven
seventynine seventynine
seventyeight seventyeight eightyfour
seventyone seventyone
seventyseven seventyseven
sixtyfour sixtyfive seventy
fiftyseven fiftyseven
fifty fifty
fiftyone fiftyone
fortyfour fortyfour
fortyfive fortyfive
thirtyeight thirtyseven thirtynine
thirtysix thirtysix
twentynine twentynine thirty thirtyfive
twentytwo twentytwo
twentyfour twentyfour twentyfive
ten ten
