zero six five twelve nineteen twentysix thirtythree thirtyfour thirtyfive fortytwo fortyone forty thirtynine fortysix fortyfive thirtyeight thirtyone thirty twentythree sixteen nine eight fourteen seven zero
18
zero three
six six
five five
twelve eleven twelve thirteen
nineteen eighteen nineteen twenty
twentysix twentyfive
thirtythree thirtytwo thirtyfour
thirtyfive thirtyfive
fortytwo fortytwo
forty forty
fortysix fortysix
fortyfive fortyfive
thirtyeight thirtyseven thirtyeight
thirtyone thirtyone
sixteen fifteen sixteen
nine nine
fourteen fourteen
seven seven
