0 42 99 47 107 114 20 53 70 182 89 83 128 144 28 84 121 72 18 81 123 21 52 74 26 41 26 93 26 37 26 68 180 68 50 153 76 60 116 130 64 73 122 27 105 95 1 91 40 10 88 3 55 193 183 120 98 120 36 86 135 6 78 48 179 34 176 62 75 11 113 2 5 31 104 17 80 54 14 188 14 24 49 12 20 0
58
0 0
42 35 42
99 99 32
47 67 47 87
114 15
20 79 20
53 53
182 59 92 89 70
83 83
128 9
144 43 94
28 28 84 90
72 22 72
18 18 39
81 58 81
21 96 21
52 71 52
74 74
41 41 30 69
93 93
37 37
26 26
68 68
180 23
153 50 19 65
76 76 7
60 60
130 73 64
27 27 97
95 95
1 1 61 91
40 40 57
10 10 8
3 3 88
55 55
183 44
98 98
36 36
86 86
6 51 6
78 78
48 46 48
34 34
176 66 45
62 62
75 75 29
11 85 82 11
2 2
5 63 5
31 31 4
17 17 33 13
80 80
54 25 54 16
188 77
14 38 14
24 56 24
49 49
12 12
