0 3 117 191 140 104 138 178 113 78 110 78 113 12 132 102 132 12 114 182 76 15 68 101 125 36 98 118 194 108 158 153 106 7 119 7 106 150 142 164 109 45 95 100 95 45 109 164 142 105 21 103 116 112 92 117 3 0
21
104 138 139 140
178 178 179
110 168 169 170
102 131 133 155
132 132
114 180 181 182 183 184 185
101 124 125 126 127 128 129 130
118 194 195 196
108 156 157 158 159 160 186 187
106 147 148 149 151 152 153 154
119 171 197 198 199
150 150
142 142
164 164
109 161 162 163 165 166 167
100 120 121 122 123
105 141 143 144 145 146
103 134 135 136 137
116 188 189 190
112 172 173 174 175 176 177
117 191 192 193
