equinox analyst chain method bark secretary dry twitch glove funeral dollar remark brick fish lamb referee explicit paint essential farewell muggy seller houseplant tropical mastermind corpse photograph fibre aisle union disposition novel prejudice slice orange band hiccup flow presidential jurisdiction uncertainty equinox
41
equinox equinox
analyst analyst
chain chain
method method
bark bark
secretary secretary
dry dry
twitch twitch
glove glove
funeral funeral
dollar dollar
remark remark
brick brick
fish fish
lamb lamb
referee referee
explicit explicit clothes
paint paint
essential essential
farewell farewell
muggy muggy
seller seller
houseplant houseplant
tropical tropical
mastermind mastermind
corpse corpse
photograph photograph
fibre fibre
aisle aisle
union union
disposition disposition
novel novel
prejudice prejudice wilderness
slice slice
orange orange
band band
hiccup hiccup
flow flow
presidential presidential
jurisdiction jurisdiction
uncertainty uncertainty
