F1E81B 47FACD 17BB75 086D53 9A8DF4 191510 6B4619 5FD658 6C010A DD07FF 002274 8C971D 8EBF8A 1D21D3 6825D4 EB8E2E 1B337D 14B430 C953A6 77A0B5 94A561 20EAE7 846159 D6CC7A B47658 5D0E2E 0CBC31 112AE7 BB4908 CF668A 7829D7 53C6C8 36590B 9096DB C9AF85 7BE8A9 FFEEBD 7BE8A9 B27903 AEFF96 04439C CEAC59 D4A75D 1111F7 6B340B 85D6DB 7D997B 85D6DB 7D997B 4B3F8A 0C73D8 2924CB 1F842B B69F55 79BC3D EE2A22 B23A80 E33276 29D5D7 1EC224 06C557 A014A0 D8AAF4 8F17C0 D8AAF4 A014A0 5F4E43 FFFD4B 6CAF46 6B644E 82A1F6 205E5C CC6D2A 5A3862 3B4B53 D1967A 6F492E F1E81B
49
F1E81B F1E81B
47FACD 47FACD
086D53 C3EF62 F33196 61199E 4A5708
191510 305D33
6B4619 A1F104 CC9C14
5FD658 770D1A 8417C8
DD07FF 1E1095
002274 D337F2 0F5860 C3B3E7
8EBF8A 8EBF8A
6825D4 AE4A01 239994
EB8E2E 52C88C 596CF6 5C7062 14994D
1B337D 4A28BA 7E1C6C
14B430 E80628 14B430
C953A6 8B6C2F 8B519F
77A0B5 490F1E 77A0B5
94A561 94A561
20EAE7 20EAE7 ABD8FE
846159 783751 6D51F4 D6CC7A
B47658 B47658
5D0E2E 6E313C 2BF7B5
0CBC31 8F495E 0CBC31 E3C2C9
BB4908 E5E6C0 C18C9B BB4908
7829D7 7829D7
36590B 66048A 36590B
C9AF85 9096DB C9AF85
FFEEBD FFEEBD 614224
AEFF96 AEFF96 36C862
CEAC59 CEAC59 90451D
D4A75D D4A75D 6966D7 124C90
6B340B 6B340B
7D997B E51A66
85D6DB 230A7C 85D6DB 63361A
0C73D8 E81014 4CAD30 86493E
2924CB DE6899
1F842B 1F842B 7E78F3
B69F55 2CCB19 B69F55
EE2A22 396D53 4B97F1 59843B
B23A80 8BFCAC
29D5D7 29D5D7 8015E0
1EC224 4099A6 5BB557 C4303B 293D59
06C557 93EBE3
8F17C0 151BC9 8F17C0
5F4E43 6B622D 5F4E43
FFFD4B 573788 17779E FFFD4B
6CAF46 685D1A B7F75A 813B05
82A1F6 2FEDFB 28F6D1
205E5C DCE144 BB40E6
3B4B53 3B4B53
D1967A D1967A 851F90
