188645 C0766C 7E5598 3B1041 3AA8C5 EF4D57 EDC0CA 24CE25 84EBFF 0FBCDC 567883 143B88 36D08C 6D778A D27DC1 EC05F7 103C70 500783 35FF16 A5CCB5 DBDC9A A7E9D9 B7B073 657F93 B833F0 2F1AB5 9B9BDD D04F40 628AB2 B3243F 1276AF 0801CC D443EB 7BF2B5 09A4FD 8D0852 B86446 35F60D 2C101C 35F60D 61EDA9 3ADA02 61EDA9 E09D29 B0C7A5 ACB11D D01E6B ACB11D FF8D45 298FDD 410DA1 70146D 29B2A4 EC05F7 0FB66D 188645
33
188645 188645 0FB66D
C0766C 07D80A
3B1041 3B1041
EF4D57 EF4D57
24CE25 467AB7 E954F7
84EBFF 84EBFF
0FBCDC 0A5C0E 0FBCDC
143B88 44716B
36D08C AFF8D1
6D778A 6D778A
EC05F7 FD1783 539A92
500783 500783
35FF16 800641
DBDC9A DBDC9A 94D700 994F93 A5CCB5
B7B073 A7E9D9 B7B073
B833F0 B833F0
9B9BDD 9B9BDD
D04F40 D04F40
628AB2 628AB2
1276AF 48C2D5 1276AF
0801CC 19FFAB 9B0EC2
D443EB D7CAF9 D443EB
7BF2B5 784F83 37F745
8D0852 8D0852
2C101C CB09C0 2C101C
35F60D AA8E14 4FBDE1
3ADA02 D5356A 3ADA02
E09D29 C98FE7 E09D29
D01E6B D01E6B
FF8D45 FF8D45
410DA1 DD2694
70146D 7E18E9
29B2A4 29B2A4 724A76
