context soil ability while state thanks currency care bit wood construction anxiety departure reality fat aspect teaching bread satisfaction store farmer bedroom road interaction context
24
context context
soil soil
ability ability
while while
state state
thanks thanks
currency currency
care care attempt
bit bit
wood wood
construction construction
anxiety anxiety
departure departure
reality reality
fat fat
aspect aspect
teaching teaching
bread bread
satisfaction satisfaction
store store
farmer farmer
bedroom bedroom
road road
interaction interaction
