engine sport dirt money fact director aspect standard office worker area stranger error moment card space teacher volume meal series satisfaction failure eye view singer town tool preparation interaction editor accident girl mind speech data measurement figure age member clothes tax feature energy country departure grandmother light dealer problem class flight chapter opportunity war difficulty emphasis source secretary police business answer teaching machine funeral drawing time understanding promotion drawer sympathy variation section beer side step material process beginning ratio analyst education ear tension two leadership model significance politics situation piano buyer reputation tooth delivery choice idea birth performance song engine
96
engine engine engineering menu bus
sport sport
dirt dirt
money money
fact fact
director director
aspect aspect
standard standard
office office
worker worker
area area
error error
moment moment
card card
space space
teacher teacher temperature
volume volume
meal meal
series series
satisfaction satisfaction
failure failure
eye eye
view view
singer singer
town town
tool tool
preparation preparation
interaction interaction
editor editor
accident accident
girl girl
mind mind
speech speech
data data
measurement measurement
figure figure
age age
member member
clothes clothes
tax tax
energy energy
country country
departure departure
grandmother grandmother
light light
dealer dealer
problem problem
class class
flight flight
chapter chapter
war war
difficulty difficulty
emphasis emphasis
source source
secretary secretary
police police
business business
answer answer
teaching teaching
machine machine
funeral funeral
drawing drawing
time time
understanding understanding
promotion promotion
drawer drawer
sympathy sympathy
variation variation
section section
beer beer
side side
step step
material material
process process
beginning beginning
ratio ratio
analyst analyst
education education
ear ear
tension tension
two two
leadership leadership
model model
significance significance
politics politics
situation situation
piano piano
buyer buyer
reputation reputation
tooth tooth
delivery delivery
choice choice
idea idea
birth birth
performance performance
song song
