maintenance example philosophy income obligation price wife war rate inspection feature property object depression average cause bread day driver career action beer sign contract movie version future sister description woman rock population reputation style context selection focus marketing photo church volume chest competition salad resolution economy difficulty maintenance
47
maintenance maintenance
example example
philosophy philosophy role
income complaint income
obligation obligation
price price
wife wife
war war
rate rate account
inspection inspection
feature feature
property property
object object
depression depression
average average
cause cause
bread bread
day day
driver driver
career career
action action
beer beer
sign sign
contract contract
movie movie
version version
future future
sister sister
description description
woman woman
rock rock
population population
reputation reputation
style style
context context
selection selection
focus focus
marketing marketing
photo photo
church church
volume volume
chest chest
competition competition
salad salad
resolution resolution
economy economy
difficulty difficulty
