S Q BB AB T BR J AZ I BA M CS G CD N CK H AL AW AR C BV V L AQ CT AT A CM F BL D BP O CV E Y AY R X P U BK W B AX K CL CB CP AN AG AC CC GJ S
54
S S
Q Q Z AA AE AK AO AS AU BC BG BH BI BJ BM BQ BS BT BW BX CA CE CJ CN CQ CR
BB BB
AB AB
T T
BR BR
J J AF CF
AZ AZ
I I
BA BA
M M
CS CS
G G
CD CD
N N
CK CK
H H
AL AL
AW AD AH AI AJ AM AP AV AW BD BE BF BN BO BU BY BZ CH CI CO CU CW
AR AR
C C
BV BV
V V
L L
AQ AQ
CT CT
AT AT
A A
CM CM
F F
BL BL
D D
BP BP
O O
CV CV
E E
Y Y
AY AY
R R
X X
P P
U U
BK BK
W W
B B
AX AX
K K
CL CL
CB CB
CP CP
AN AN
AG AG
AC AC
CC CC
