a1 a2 a3 a4 a8 a7 a6 a166 a165 a164 a165 a166 a22 a21 a20 a21 a17 a16 a12 a11 a171 a172 a173 a172 a171 a187 a188 a189 a188 a187 a107 a108 a109 a105 a104 a100 a101 a102 a22 a23 a24 a25 a29 a28 a27 a43 a155 a59 a60 a64 a65 a69 a68 a69 a70 a86 a85 a84 a88 a89 a90 a91 a43 a44 a45 a41 a40 a36 a37 a38 a22 a134 a133 a132 a133 a129 a128 a124 a123 a155 a156 a157 a156 a155 a11 a123 a122 a121 a120 a116 a117 a118 a182 a181 a182 a150 a149 a148 a147 a146 a145 a144 a140 a141 a140 a139 a75 a76 a75 a59 a58 a57 a56 a52 a53 a54 a6 a5 a1
57
a1 a1
a3 a3
a4 a4
a8 a9
a166 a6 a38 a70 a86 a102 a118 a150 a166 a182
a164 a163 a164
a165 a161
a20 a19 a20
a17 a17
a16 a12 a14
a173 a169 a174
a172 a172
a189 a185 a190
a188 a188
a108 a108
a109 a105 a110
a100 a99 a100
a101 a97
a25 a25 a30
a28 a28
a43 a27 a43 a44 a107 a139 a171 a187
a155 a155
a59 a59
a60 a60 a62
a65 a65
a68 a67 a68 a73
a85 a81
a84 a83 a84
a89 a89 a94
a91 a91 a92
a45 a46
a41 a41
a36 a35 a36
a37 a33
a22 a22
a134 a134
a132 a131 a132
a129 a129
a124 a124 a126
a157 a153 a158
a156 a156
a11 a11
a123 a123
a121 a121
a116 a115 a116
a117 a113
a181 a177 a179 a180
a147 a147 a148
a145 a145
a141 a137 a142
a140 a140
a76 a76 a78
a75 a75
a57 a57
a52 a51 a52
a53 a49
a54 a54
