a1 a2 a3 a4 a5 a6 a166 a165 a161 a160 a159 a158 a157 a156 a155 a11 a139 a11 a75 a43 a11 a139 a43 a27 a11 a59 a58 a57 a56 a52 a51 a50 a49 a53 a54 a86 a87 a88 a84 a85 a81 a80 a79 a78 a77 a76 a75 a74 a73 a72 a68 a69 a70 a54 a118 a117 a113 a114 a115 a116 a120 a121 a125 a126 a127 a128 a129 a133 a134 a38 a22 a54 a6 a38 a39 a40 a36 a35 a34 a33 a32 a31 a30 a29 a25 a24 a20 a19 a18 a17 a21 a22 a150 a182 a6 a5 a1
55
a1 a1 a190
a3 a3
a4 a4 a9
a6 a6 a97 a99 a100 a102
a166 a166
a165 a163 a164
a161 a161
a158 a158
a157 a153
a156 a156
a155 a91 a92 a105 a107 a108 a123 a155 a169 a171 a172 a174 a185 a187 a188
a11 a11 a12 a14
a139 a137 a139 a140 a142
a75 a75
a43 a43 a44 a46
a27 a27 a28
a59 a59 a60
a57 a57 a62
a52 a52
a51 a51
a49 a49
a54 a54
a86 a86
a88 a89 a94
a84 a83 a84
a81 a81
a78 a78
a76 a76
a73 a73
a68 a67 a68
a69 a65
a70 a70
a118 a118
a113 a110 a113
a115 a115
a116 a116
a121 a121
a125 a124
a126 a126
a129 a129 a131
a133 a132
a134 a134
a38 a38
a22 a22
a40 a41
a36 a36
a35 a35
a33 a33
a30 a30
a25 a25
a20 a20
a19 a19
a17 a17
a150 a145 a147 a148 a150
a182 a177 a179 a180 a182
