a1 a96 a92 a93 a89 a90 a91 a59 a60 a61 a57 a56 a52 a53 a54 a86 a85 a84 a85 a81 a80 a76 a75 a27 a75 a76 a77 a73 a72 a68 a69 a70 a86 a6 a22 a38 a37 a36 a40 a41 a45 a44 a43 a11 a12 a13 a12 a11 a27 a26 a25 a24 a20 a21 a22 a6 a5 a4 a3 a2 a1
37
a1 a1
a92 a92
a93 a94
a89 a89
a60 a60
a61 a62
a57 a57
a52 a51 a52
a53 a49
a54 a54
a84 a83 a84
a81 a81
a76 a76
a27 a11 a27 a28 a59 a91
a75 a75
a77 a78
a73 a73
a68 a67 a68
a69 a65
a70 a70
a86 a86
a6 a6
a22 a22
a38 a38
a37 a33
a36 a35 a36
a41 a41
a45 a46
a44 a44
a43 a43
a13 a9 a14
a12 a12
a25 a25 a30
a20 a19 a20
a21 a17
a4 a4
a3 a3
