Wheeler Doe Campanile LeConte Birge Campbell Haviland Memorial McLaughlin Memorial Minor Stonefire Haas Faculty FSM Baker McCone BigC Pavilion Simons Koja Simons Pavilion BigC Bongo FallRush Metropolitan Ippuku WayWest Warren Hearst Davis Kresge Normandy Cheit Soda Sather Soda Moffitt VLSB Etcheverry Latimer Evans Morrison Greek Bechtel Greek Lewis Kroeber Hertz Morrison Evans Wheeler
25
Wheeler Sproul Dwinelle
Birge Birge
McLaughlin McLaughlin Moses
Memorial IHouse
Minor Hargrove
Stonefire Stonefire RSF
Haas Haas
Baker Baker Fiji
McCone CKerr
Pavilion PeoplePark
Koja Legends TriDelta
Simons Unit2
Metropolitan Metropolitan
WayWest Anthony Cloyne
Warren Warren
Hearst Hearst
Davis Davis
Cheit Cheit
Sather Martinez Barker Unit3 OCF
Moffitt Moffitt
VLSB Etcheverry
Latimer Foothill
Bechtel Bechtel Jacobs
Kroeber Boalt Kroeber
Morrison Morrison
