Wheeler Evans Latimer Etcheverry Soda Moffitt CVStarr Morgan HearstAnnex Anthony Pimentel Cheit GenPlantBio Hildebrand Davis Hearst Cafe3 Warren WayWest Ippuku NorthGate Bongo BigC McCone Baker FSM Faculty Haas Stonefire RareTea McLaughlin Memorial Haviland Campbell Birge LeConte Campanile Doe Wheeler
22
Wheeler Sproul Dwinelle
Evans Bechtel Jacobs Boalt Kroeber Morrison
Latimer Foothill
Etcheverry Etcheverry
Soda Martinez Barker Unit3 OCF
Moffitt Moffitt
HearstAnnex Moses
Anthony Anthony
Cheit Cheit
Davis Davis
Hearst Hearst
Cafe3 Cloyne
Warren Warren
Ippuku Metropolitan
BigC Unit2 Legends TriDelta PeoplePark
McCone CKerr
Baker Baker Fiji
Haas Hargrove Haas
Stonefire Stonefire RSF
McLaughlin McLaughlin
Memorial IHouse
Birge Birge
