Bowles Calvin Bowles Mulford Latimer MLK Hearst Jacob Foothill Davis Hildebrand Davis Foothill Haviland Morgan Haviland Foothill Jacob TopDog Starbucks Chipotle Starbucks TopDog Jacob Hertz CVStarr Unit3 CKerr Unit3 CVStarr Hertz Jacob Cory Stanley LeConte Campanile Bongo Campanile LeConte VLSB Boalt Kresge Boalt VLSB LeConte Stanley Campbell Stanley Cory Bechtel Latimer Edwards Latimer MLK Hearst Jacob Foothill Dwinelle Haas Crossroads Lawrence Crossroads Haas Dwinelle HearstAnnex Dwinelle Foothill Jacob Evan Blackwell Evan SigmaPhiOmega BearFoodCourt Hargrove Tan Warren Safeway Stebbins Greek Unit2 Wolf Unit2 Greek Moses Pimentel Stacks Pimentel Moses Wellman Moses SigmaOmicronPi Marugame Memorial Maxwell Memorial Minor Bechtel Cory Stanley LeConte Campanile Wurster McCone Spats Stonefire PiLambda Stonefire Spats McCone Wurster Campanile LeConte Stanley Cory Bechtel Baker Strada RoseGarden Strada Baker Bechtel Birge Bowles
39
Bowles LaVals
Calvin Calvin Etcheverry Graduate
Mulford Mulford Crescent
Hildebrand Hildebrand YogurtPark
Davis Browns
Morgan Morgan Martinez
TopDog Barker GammaPhiBeta
Chipotle Chipotle MFoundry
Unit3 Unit3
CKerr CKerr WayWest Ridge
Bongo Campanile Bongo ShengKee Cheeseboard
LeConte VLSB RSF Boalt NorthGate ALS
Kresge Kresge PeoplesPark Castro
Campbell Campbell Doe Koshland
Cory Extension
Edwards Edwards Easterly
MLK Rochdale
Foothill Foothill Unit1
Lawrence UCTheatre NCEM
Haas Haas Pavilion Crossroads
HearstAnnex HearstAnnex Lothlorien
Evan Evan Cloyne
Blackwell Blackwell GenPlantBio
BearFoodCourt BearFoodCourt
Safeway Safeway
Greek Greek
Wolf Wolf StrawberryCreek
Unit2 Unit2 IndianRock
Stacks Stacks Sherman
Wellman Wellman Sutardja
Moses Moses Gypsys
Memorial TacoBell AlphaSigmaPhi
Maxwell Maxwell Barrows
Bechtel Birge Wilde
Wurster Wurster Zellerbach
PiLambda PiLambda PiAlphaPhi
Spats Spats
Baker Baker Simons Daiso
RoseGarden Strada RoseGarden
