86 128 63 74 63 145 7 163 161 151 88 32 181 9 10 187 20 47 18 88 143 127 94 136 91 98 187 2 67 114 1 180 49 98 148 78 14 78 23 58 97 171 182 108 161 95 109 183 25 158 147 73 147 113 111 76 99 79 61 48 12 8 55 133 86
46
86 120 125 150 169
74 74
145 145 146
163 163
151 17 160 184 192 194
32 126 139 157 159 175 181
9 13 26 110
10 10
20 36 38 82
47 41
18 51 84 177
88 27 56 199
143 6 117
94 94
136 89
91 91
187 35
2 2
67 22 54 71 93 140 198
114 8 52 105
1 1
180 19 45 53 66 101 106 154
49 122
98 5 107 173 189
148 148
14 14
23 185
58 28 116
97 97
171 75 129
182 92 100 174
108 44 149
95 57 72 156
183 179 183
25 64 90 153
158 158
73 73
113 113
76 76
99 11 87 196
79 21 30 137
61 69
48 48
12 123 138
55 121 132
133 152
