110 195 15 181 139 39 3 138 142 13 189 74 172 47 54 197 87 66 112 56 96 64 152 119 199 185 28 154 0 23 107 147 103 26 168 81 100 60 41 20 94 30 14 193 123 5 83 101 140 187 51 18 19 52 22 1 79 49 175 53 50 182 85 72 44 110
60
110 110
195 195 77
15 163 15 67 91 145 132
181 99 181
139 38
39 171 55 39
3 127 122 3
138 190 138
142 142
13 160 11 13 176
189 178 98 189
74 148 74
172 172 92
47 47 45
54 54 73
197 197 169
87 87
66 66
56 56
96 96
64 64
152 152
199 199
28 28 29
154 154
0 0
107 107
147 126 147
103 103
26 90 26
168 168
81 159 81 124
100 100
60 60
41 41 25 192
20 20
94 76 94
30 30 40
14 14 170
193 193
123 43 123
5 5 161
83 141 83
101 101
140 6 140
187 121 131
51 51
18 18
19 165 19
52 52
22 22
1 36 1
79 79 149
175 175
53 53
50 50
182 182
85 85
72 72
44 44
