Location0 Location29 Location121 Location58 Location80 Location27 Location19 Location45 Location23 Location107 Location15 Location85 Location26 Location7 Location79 Location8 Location1 Location31 Location1 Location41 Location12 Location59 Location100 Location22 Location14 Location2 Location37 Location115 Location49 Location39 Location17 Location110 Location105 Location30 Location52 Location10 Location13 Location44 Location42 Location18 Location25 Location43 Location0
30
Location29 Location29
Location27 Location27
Location19 Location6 Location19
Location23 Location23 Location33
Location15 Location15
Location26 Location20 Location21 Location26
Location7 Location4 Location7
Location8 Location8 Location40
Location1 Location1
Location31 Location31 Location35
Location41 Location41
Location12 Location5 Location12
Location22 Location22
Location14 Location14
Location2 Location2
Location37 Location36 Location37 Location45
Location115 Location16 Location24
Location39 Location39
Location17 Location3 Location11 Location17
Location110 Location38
Location105 Location32
Location30 Location30
Location52 Location28
Location10 Location10
Location13 Location13
Location44 Location44
Location42 Location42
Location18 Location18
Location25 Location9 Location25 Location34
Location43 Location43
