Location0 Location27 Location58 Location46 Location33 Location59 Location31 Location22 Location7 Location13 Location25 Location52 Location32 Location60 Location36 Location38 Location30 Location23 Location17 Location37 Location5 Location20 Location9 Location11 Location35 Location4 Location12 Location8 Location1 Location28 Location57 Location40 Location57 Location19 Location38 Location24 Location26 Location10 Location34 Location0
31
Location27 Location27
Location46 Location3
Location33 Location33
Location59 Location16 Location31
Location22 Location22
Location7 Location7
Location13 Location13 Location14
Location25 Location25
Location32 Location32 Location39
Location36 Location36
Location38 Location38
Location30 Location30
Location23 Location23
Location17 Location17
Location37 Location37
Location5 Location5
Location20 Location20
Location9 Location9 Location18 Location29
Location11 Location11
Location35 Location35
Location4 Location4
Location12 Location12
Location8 Location6 Location8
Location1 Location1
Location28 Location28
Location40 Location2 Location40
Location19 Location19
Location24 Location24
Location26 Location15 Location26
Location10 Location10 Location21
Location34 Location34 Location41
