1 8 193 21 161 124 127 189 167 101 3 33 129 184 171 86 27 50 143 60 13 70 68 31 92 16 55 138 131 139 83 177 44 89 47 88 75 87 136 41 144 162 58 77 165 2 141 56 174 157 106 140 9 97 159 130 111 36 85 53 110 102 99 82 156 49 17 59 200 150 61 103 169 116 151 6 20 126 164 137 84 10 37 51 81 34 80 133 26 176 57 1
90
1 1 198
8 8
193 193
21 21 74
161 161
124 124
127 127
189 182 189
167 167
101 35 101
3 3
33 33
129 129
184 184
171 171
86 69 86
27 27
50 50
143 143
60 60
13 13
70 70
68 68
31 31
92 92
16 16
55 55
138 138
131 131
139 139
83 83
177 177
44 44
89 89
47 42 47
88 88
75 75 95
87 87
136 136
41 41
144 144
162 162
58 58
77 77
165 165
2 2
141 141
56 56
174 174
157 157
106 106
140 140
9 9
97 97
159 159
130 130
111 111
36 36
85 85
53 53
110 110
102 102
99 99
82 82
156 156
49 49
59 59
200 200
150 150
61 61
103 103
169 169
116 116
151 151
6 6
20 20
126 126
164 164
137 137
84 84
10 10
37 37
51 51
81 81
34 34
80 80
133 133
26 26
176 176
57 57
