0 1 0 15 0 15 0 50 100 115 114 112 116 117 113 109 110 109 120 118 120 121 120 119 120 119 120 119 120 109 120 121 120 121 130 129 130 121 130 134 130 131 130 134 130 134 133 134 132 119 120 109 120 109 110 109 120 118 120 118 107 118 120 109 113 117 116 112 114 115 100 150 151 150 100 115 100 150 199 198 199 150 165 150 199 150 100 50 65 64 62 66 67 66 67 63 67 63 67 63 61 63 59 63 61 63 61 54 61 54 61 54 61 54 61 63 61 54 61 54 61 54 61 63 67 66 67 66 62 66 62 66 67 63 67 63 59 70 59 60 59 70 59 60 59 63 59 63 67 63 67 66 62 66 62 64 65 64 62 64 65 50 100 50 51 50 51 50 51 50 0 1 0
19
1 1
15 2 3 4 5 6 10 22 24 25 26 27 33 47 44 48 49 46 42 36 40 41
100 101
114 102 103
113 104
110 110
130 122 146 142 136 140 141
129 124 125 126 127
133 133 147 144 148 149
107 105 106
151 151
199 199
198 155 156 172 174 175 176 177 183 197 194 198 196 192 186 190 191
165 152 153 154 160
64 52 53
54 54
70 55 56 72 74 75 76 77 83 97 94 98 99 96 92 86 90 91
60 60
51 51
