0 15 14 3 2 3 14 12 16 17 13 9 20 21 30 29 23 24 23 29 30 35 37 38 36 42 36 38 37 35 30 34 33 47 44 47 33 34 30 21 20 18 7 8 7 18 20 9 13 11 13 17 16 12 14 15 0 50 100 101 100 50 65 64 53 64 62 66 67 63 59 70 68 57 68 70 71 80 79 73 74 76 74 73 79 80 85 87 88 86 92 86 88 87 85 80 84 83 97 83 84 80 71 70 59 63 67 66 62 64 65 50 100 150 199 198 199 150 165 164 153 164 165 150 100 115 114 112 116 117 113 109 120 118 107 108 107 118 120 121 130 129 123 124 123 129 130 134 133 147 144 147 133 134 130 135 137 138 136 138 141 138 137 135 130 121 120 109 113 111 104 111 113 117 116 112 114 115 100 150 199 198 194 197 183 184 180 185 187 188 186 188 187 185 180 172 180 179 173 174 173 179 180 171 170 168 157 158 157 168 170 159 163 161 154 161 163 167 166 162 164 165 150 100 50 0
48
0 1
2 2
3 3
24 24 25 26 27
38 36 40 41
42 46 42
37 22
44 33 47 44 48 49
8 5 6
9 10
11 4
101 101
100 151
50 51
53 52 53
63 54
59 60
57 55 56
76 75 76
74 74 77
92 96 92
86 86
88 90 91
80 72
97 83 97 94 98 99
198 194 198 199
153 152 153
114 102 103
109 110
108 105 106
123 127
124 124 125 126
147 133 147
144 144 148 149
136 146 142 136
141 140 141
130 122
104 104
197 197
183 183
188 190 191
186 196 192 186
172 172
174 174 175 176
173 177
158 155 156
159 160
154 154
