31 63 34 131 141 6 58 134 88 152 135 82 121 72 45 156 99 167 196 200 188 164 184 169 197 180 179 186 52 127 77 60 122 101 150 29 120 148 83 28 4 160 110 35 64 38 66 7 86 103 123 111 90 132 31
50
31 65 74
63 57
34 34
131 13 81 119 115 131
141 20 141
6 30 6
58 58
134 32 138 134
88 88
152 152
82 82 149
121 114 47 121
72 140
45 21 94 45
156 156
99 48 99
167 167
196 175 196
188 168 188
164 173 164
184 198 184 170
169 195 169 171
197 197
180 180 191
179 179
186 186 199
52 46 52
127 127
77 77
60 69 60
101 42
29 105 33 29
120 120 137 12
148 148
83 83
28 80 28 9
4 4
160 160 108 67
110 110
35 125 35 89
64 151 64
38 38
66 66 14
7 7
86 86 68
103 22 27 103
123 117 106 123
111 78 93 147 49
90 143 90
132 112 107 128 146
