Wkkykkf Nqwr Stpm Fuykk Dytyp Pgvrcnl Kdq Ibovih Bwlpsl Zdsg Dkfelp Wufe Bxrwja Nwecls Zdkju Gzcxjl Zkrljw Euw Apylxs Klowqwc Vxt Eiotl Zyh Tbbiot Oaqqs Jxdb Uvcri Wkkykkf
27
Wkkykkf Nhn
Nqwr Pbdad Uoxsv Lhwmy Nqwr Fggo
Stpm Stpm Olcoaxo
Fuykk Fuykk
Dytyp Dytyp
Pgvrcnl Pgvrcnl
Kdq Kdq
Ibovih Ibovih
Bwlpsl Igep Fiv Bwlpsl
Zdsg Zdsg
Dkfelp Dkfelp Wtsrwu
Wufe Wufe
Bxrwja Bxrwja Qbflfr Vpsfe
Nwecls Nwecls
Zdkju Zdkju
Gzcxjl Gzcxjl
Zkrljw Zkrljw
Euw Euw
Apylxs Apylxs
Klowqwc Klowqwc
Vxt Vxt
Eiotl Eiotl
Zyh Zyh
Tbbiot Tbbiot
Oaqqs Oaqqs Whbms Wtkwuvz
Jxdb Jxdb
Uvcri Uvcri
