A0 S2 W4 C3 M4 K2 G4 K1 G0 J0 R5 G6 E3 Q6 T5 Y0 C4 Y4 Z6 J6 F6 D2 N1 B2 C6 X1 D0 F0 Z5 F4 E5 A7 Q5 I0 X0 R7 I5 A2 G3 S1 Y3 D3 H0 M1 W6 V2 Z3 S6 A6 M6 R3 B5 X3 A4 T6 A5 J1 M5 C7 U6 I3 V6 J5 X6 T2 Y6 P0 I1 W5 P2 E4 N2 B4 M3 O5 P5 O3 L5 G1 K4 D7 W2 Z1 O4 C0 F3 P6 M0 R6 Z4 E1 A1 L0 X2 U2 X4 H6 R4 Q4 T3 A0
99
A0 A0
S2 S2
W4 W4
C3 C3
M4 M4
K2 K2
G4 G4
K1 K1
G0 G0
J0 J0
R5 R5
G6 G6
E3 E3
Q6 Q6
T5 T5
Y0 Y0
C4 C4
Y4 Y4
Z6 Z6
J6 J6
F6 F6
D2 D2
N1 N1
B2 B2
C6 C6
X1 X1
D0 D0
F0 F0
Z5 Z5
F4 F4
E5 E5
A7 A7
Q5 Q5
I0 I0
X0 X0
I5 I5
A2 A2
G3 G3
S1 S1
Y3 Y3
D3 D3
H0 H0
M1 M1
W6 W6
V2 V2
Z3 Z3
S6 S6
A6 A6
M6 M6
R3 R3
B5 B5
X3 X3
A4 A4
T6 T6
A5 A5
J1 J1
M5 M5
C7 C7
U6 U6
I3 I3
V6 V6
J5 J5
X6 X6
T2 T2
Y6 Y6
P0 P0
I1 I1
W5 W5
P2 P2
E4 E4
N2 N2
B4 B4
M3 M3
O5 O5
P5 P5
O3 O3
L5 Q0 L5
G1 G1
K4 K4
D7 D7
W2 W2
Z1 Z1
O4 O4
C0 C0
F3 F3
P6 P6
M0 M0
R6 R6
Z4 Z4
E1 E1
A1 A1
L0 L0
X2 X2
U2 U2
X4 X4
H6 H6
R4 R4
Q4 Q4
T3 T3
