142 167 151 159 45 173 199 112 82 42 113 138 97 135 137 188 39 115 5 185 22 149 63 131 53 24 37 178 52 134 14 54 114 124 60 78 186 17 6 128 68 152 41 133 33 9 136 119 81 49 161 101 91 3 174 4 46 148 108 160 77 143 90 111 43 110 66 106 127 120 170 163 100 34 175 130 193 16 177 126 12 197 38 198 156 56 157 21 150 99 141 179 27 147 58 121 142
47
167 167
151 144 151 93
159 159
45 31
97 97
137 137
39 39
115 115
22 22
63 129 63 140
131 35
24 76 48
178 158 178 195 69
14 14
124 124
60 60
186 186 55
6 181 30 89 23
128 64
41 41
133 133
33 33
9 70
136 7
91 91
3 3
174 174
4 4
46 46
108 108
77 77
90 90
66 44
106 106
127 127
34 34
16 16
177 177
197 197
38 183 38
157 157
21 21
150 150
141 141
27 145
58 58
121 121
