142 121 58 130 175 34 100 163 8 45 159 151 144 17 186 17 171 135 137 66 106 111 90 143 77 160 108 148 46 4 174 3 91 181 18 103 6 128 122 64 69 158 195 178 52 134 14 9 28 103 18 181 153 139 153 181 18 103 28 9 33 9 92 16 177 126 140 171 63 171 140 116 179 141 99 150 21 157 86 78 60 26 0 183 190 118 93 83 188 39 188 137 48 137 121 142
34
142 121
58 58
34 34
8 31
159 159
151 151 167 93
144 144
186 186 55
135 97
66 106 127 137 44
90 90
143 77
108 46 108
3 174 3 4
64 64
69 69
158 158
195 178 195
14 14
139 30 145
181 181 41 89 23 91
9 70 7
33 133 33
16 177 16
63 22 63 35
140 129 140
141 141
150 150
21 21 157
60 124 60
183 183
118 197 38
39 115 39
48 76 48
