149 59 96 4 42 116 23 79 66 172 6 5 90 160 12 61 86 91 67 19 53 17 84 125 1 89 56 21 92 81 39 31 87 94 93 63 57 97 75 68 149
40
149 14 24
59 59
96 16 76 96 100
4 4
42 2 36 42 45 69
116 18 20 37 44 80
23 23 51 74 99
79 29 79
66 7 33 64 66
172 28 43
6 6 11
5 5 25
90 10 90
160 26 49 52
12 3 12 40 58 65 73
61 9 46 61 71 88
86 15 27 86
91 77 82 91 95 98
67 30 50 62 67
19 19 41 60
53 53
17 8 17 35 78
84 47 84
125 22 38 55
1 1 83
89 89
56 13 56
21 21 34 85
92 32 92
81 70 81
39 39
31 31
87 54 87
94 94
93 93
63 63
57 57 72
97 48 97
75 75
68 68
