PlmPdVeiiHQg3JYZCDWt 8RfB73Lw8C9LbSwIxA9Q JWIkMKKlAG6fUoRVxKKI 6WGzUhXeOltLDbkIvTzq LXqfTqJggDSh6mykPyz3 zvH9G6FQ1xC7CVezs43e YIxKvTpWMaQKGFtD5BDH N5YDsCDN1lKguyHbn4Zb Tr6dOTuKB3EM5juuJxqy x5UVX06335fM5pfCNBMU zos6qdAgLydZyli2syMt Vh6ScHVb39wz7CmKwIuA 3rqlQRwe5izypHjXjWla KjQNU2EAAYEZSeJWPxLM DF1KTiOHBIkswyjh8uB1 dvxgUZzwjHAP85QpElWp EkRPPDhcu5ww6XulSOgx U7iVliqmXRkLwyPSNdfv 1JawjZrawLlOCGN1EB0O gdO0wiBlQ8wFbeNyGtx5 yD8JCRUWcVAZxJ4ZDldr uNMLlt0W1KUwk2d6EP98 TpLamlzpT6GwerxzVsxr UkqILZ2p4EbRuMBIrGXp 9zoM12ZWjXrKaszveCQH 3cixCQKdOFnhNCezth5V E59siIyngnj5PIsLeowv RuUdtXtfFCKpaLUcmsqg Osa2UT4anhyBl7doUFs5 WsVMGV8yZisK6ojnqzBE AmAHnr1XXkPpwJ6DUDIO E8pbRn7LIeWnB3swkYzz nKDJ3ylOzub2eWcHnAhq ANdko3dYAy7a2BOq7wpm VXU331oDUcuzaGGUYIl9 g0ywcwildP9K6oBendJq iFXIyHTPBX7ivXxsV1VM 847MZ9RXdcbtrj0xf7hq uaR7l3Qhn4FRAnSeVURz GzSNGBn4EPemDLEWXNxx N1MiBWI2XSNYPV4Bi2Zg yKQw7YXCNsthb1VWEFur ukPtLY7YueARRkX8hPaS 7qCgmo7DrrfnVQIWnbiV nsq4rhHWMCaIVcah5fcd 2Cz4Y4eG1XIezf9qpdQl tX1uDaXm9hMlEKqU7m9j 9gglBKpHLZmA2dFXYK5s 4QLswP82Wvxw9Z42obzh NA24XhOMsROCBnUViAJT EVtx7khff7Fs8yuuQKJx dsndgEJWfBsFA2I3Hgqf 3M9YkxmgHhrzhCgskWR0 KOLHrmR3FKDMdl4SYdK9 cUanhOambcNkocePqfvx qOK6WPKQJA4Q9XqXgSgT PlmPdVeiiHQg3JYZCDWt
54
PlmPdVeiiHQg3JYZCDWt xcisI0PJDdG9nIuyj3IS
8RfB73Lw8C9LbSwIxA9Q 8RfB73Lw8C9LbSwIxA9Q GUntLlYA0xo9Vk4WLTLV
JWIkMKKlAG6fUoRVxKKI JWIkMKKlAG6fUoRVxKKI
6WGzUhXeOltLDbkIvTzq WZsO2i9GZwvMYoV9SyKS q4nqG9N45SSRxndw48Xl 6WGzUhXeOltLDbkIvTzq 804aK8wEArkuheeUiB4R
LXqfTqJggDSh6mykPyz3 LXqfTqJggDSh6mykPyz3
zvH9G6FQ1xC7CVezs43e YmmIBqqdn3Z6PuFXWNHi zvH9G6FQ1xC7CVezs43e k8LvqKsQ4ejh0bCWs4fP
YIxKvTpWMaQKGFtD5BDH 76b3evP8JEiQ8c6jd2b5 YIxKvTpWMaQKGFtD5BDH
N5YDsCDN1lKguyHbn4Zb MEVVMgbTLIgXdG4vAbeX N5YDsCDN1lKguyHbn4Zb ELEJN8tWDJT7mLhCdqW3
Tr6dOTuKB3EM5juuJxqy Tr6dOTuKB3EM5juuJxqy C6w7afZujemehEooILjN
x5UVX06335fM5pfCNBMU MSj6zOuZ0EoAKjP4wXXW Dwi7fYT8wa9I4Kzyto4Y x5UVX06335fM5pfCNBMU
zos6qdAgLydZyli2syMt W9TKm0U6bNDZ1Aok7hNH
Vh6ScHVb39wz7CmKwIuA Vh6ScHVb39wz7CmKwIuA hZHynIvymuQxD6BftzWt
3rqlQRwe5izypHjXjWla kaVGl3oG0Ulg2MgkbJB8 3rqlQRwe5izypHjXjWla jVItWJkETNqrkY47Hghp
KjQNU2EAAYEZSeJWPxLM KjQNU2EAAYEZSeJWPxLM 2chOacZ5nNYuf6eeGFSW kwA1qrRggH9YLKcVfIe5
DF1KTiOHBIkswyjh8uB1 DF1KTiOHBIkswyjh8uB1
dvxgUZzwjHAP85QpElWp dvxgUZzwjHAP85QpElWp
EkRPPDhcu5ww6XulSOgx EkRPPDhcu5ww6XulSOgx
U7iVliqmXRkLwyPSNdfv ChEnlTNCMoqxBfyzEzW7 eUyNsK7nwP1YPac54CbU U7iVliqmXRkLwyPSNdfv
1JawjZrawLlOCGN1EB0O 1JawjZrawLlOCGN1EB0O
gdO0wiBlQ8wFbeNyGtx5 iwJGcbQH2bifG6D82Iel gdO0wiBlQ8wFbeNyGtx5
yD8JCRUWcVAZxJ4ZDldr yD8JCRUWcVAZxJ4ZDldr m1A3pMC42PQioFziqK5C
uNMLlt0W1KUwk2d6EP98 uNMLlt0W1KUwk2d6EP98
TpLamlzpT6GwerxzVsxr VuvjJGf6deKVAQ0JUD4i TpLamlzpT6GwerxzVsxr irZyMKazQALnyfoOCtbL
UkqILZ2p4EbRuMBIrGXp PIekFeWZsA6etqyFB2SF UkqILZ2p4EbRuMBIrGXp nyd0fM2XE4qmli1xfIwr
9zoM12ZWjXrKaszveCQH o85TEEBuzMbePdf5cbCv 9zoM12ZWjXrKaszveCQH XdyhPab6W9wOZnKLq1fq
3cixCQKdOFnhNCezth5V WErk2X2lm629vuxPHVtl ML4pCjYl4gPEwSnvlRaD
E59siIyngnj5PIsLeowv E59siIyngnj5PIsLeowv
RuUdtXtfFCKpaLUcmsqg RuUdtXtfFCKpaLUcmsqg
Osa2UT4anhyBl7doUFs5 SNmFiRdCmf8vg1yMqr30 Osa2UT4anhyBl7doUFs5
WsVMGV8yZisK6ojnqzBE WsVMGV8yZisK6ojnqzBE 1tmkPhHujDQhTmW4oV7S BWhyt9wATIprZDhzxwVv
AmAHnr1XXkPpwJ6DUDIO JakuJordFcO229c3L5ct AmAHnr1XXkPpwJ6DUDIO YFXFh0nBpGYXfL8mfny3 EY9cQTmyqhrzeZsobQa5
E8pbRn7LIeWnB3swkYzz E8pbRn7LIeWnB3swkYzz
nKDJ3ylOzub2eWcHnAhq nKDJ3ylOzub2eWcHnAhq a06qeiApctGnC1GMtGuJ
ANdko3dYAy7a2BOq7wpm ANdko3dYAy7a2BOq7wpm
VXU331oDUcuzaGGUYIl9 VXU331oDUcuzaGGUYIl9
g0ywcwildP9K6oBendJq g0ywcwildP9K6oBendJq
iFXIyHTPBX7ivXxsV1VM cYMPcE5UNSzOtkRY62gr iFXIyHTPBX7ivXxsV1VM
uaR7l3Qhn4FRAnSeVURz uaR7l3Qhn4FRAnSeVURz
GzSNGBn4EPemDLEWXNxx GzSNGBn4EPemDLEWXNxx 4S2YiI3VYPKghkl95iqK
yKQw7YXCNsthb1VWEFur yKQw7YXCNsthb1VWEFur 7yt9hKqOEGabqtqIEmdH
ukPtLY7YueARRkX8hPaS 060q0aISPODkGeAbYbQ6 ukPtLY7YueARRkX8hPaS
7qCgmo7DrrfnVQIWnbiV 7qCgmo7DrrfnVQIWnbiV
nsq4rhHWMCaIVcah5fcd nsq4rhHWMCaIVcah5fcd Zzs5CIqF9Ll2avkxI78N 1wRG7TNgo9ui6iZBLuaw
2Cz4Y4eG1XIezf9qpdQl 48BAUsycKlkSkbOjYLFN 2Cz4Y4eG1XIezf9qpdQl
tX1uDaXm9hMlEKqU7m9j tX1uDaXm9hMlEKqU7m9j
9gglBKpHLZmA2dFXYK5s IxWh6LSiXwGUWSx9VJ39
4QLswP82Wvxw9Z42obzh NXYVlLN4oRDZThND0BmP 4QLswP82Wvxw9Z42obzh PWUaVYPeofxjJdT472wG
NA24XhOMsROCBnUViAJT NA24XhOMsROCBnUViAJT
EVtx7khff7Fs8yuuQKJx EVtx7khff7Fs8yuuQKJx
dsndgEJWfBsFA2I3Hgqf dsndgEJWfBsFA2I3Hgqf zforAf5jhSPEL0aOiCeo
3M9YkxmgHhrzhCgskWR0 3M9YkxmgHhrzhCgskWR0
KOLHrmR3FKDMdl4SYdK9 KOLHrmR3FKDMdl4SYdK9
cUanhOambcNkocePqfvx cUanhOambcNkocePqfvx CofLnw0Ss4pVGWmPS5oO
qOK6WPKQJA4Q9XqXgSgT qOK6WPKQJA4Q9XqXgSgT
