myBc2oGXtwQIbhN8LZB1 fpPjeU3Q7Ml0oxbNnONE RBvtNZMBTgecfVkYzQF0 KtbSULrz2h1IxsKP2DHz wy0RiFWOddqgqdcatQ9A o2dWBGyrvosFrr6mKxkG o53aRQwjhcCKlIFPSjvf K674cUKePzN7aRSq4iqU JBiXyXogbhO9RGLjMiRP yHPSS57AN08ejjILeFs9 69TQpRojisYUrVnWqBaA VThEkwdtHmaZ1zsmfh4s uNXUIWejT1w4vLTe7QBt m1eNgjuhkxodElFqqgdb ZhHxBzOYsJAOHrqq4mZM ki0pv73E3TweydEr2xMN MrSQPZSbMdgYshneAfKf C4VxHS7oWghMg001nCqT qz4O4bOhKA0YZxpN4mu9 bVCSBWLjvEmxQEUvDzc4 lRM59z2yUMoVl3kzgo9u w5Yg5o0VnYd77fs4XPRL yAYyOcL4ZKdEiLdSPQJm vDgQrJL5dinUbTXXnFI5 zWpsWJk9vbOt0JkC0vhz X0l14s0sRXjXSeLRZLOJ e3j3O8zLHFaoF4L54lX4 5f6BSghRQWi4UfjviKjn 4jo8IXw984NR3wvT2Dr9 FMx2ghinkTg3bXUUbaTx 1ZOzWuPMAgV9noIUn6fI nmetx4LmU9YBYTmghDrT 6X2CNJieZ0I5rs3Wfu65 myBc2oGXtwQIbhN8LZB1
33
myBc2oGXtwQIbhN8LZB1 vy2boLWO2lxg10y7uS0y
fpPjeU3Q7Ml0oxbNnONE fpPjeU3Q7Ml0oxbNnONE
RBvtNZMBTgecfVkYzQF0 RBvtNZMBTgecfVkYzQF0
KtbSULrz2h1IxsKP2DHz RpB10dFWsUl9DC779n8X UMmbOoOKP6EkLMuN70H3 KtbSULrz2h1IxsKP2DHz
wy0RiFWOddqgqdcatQ9A wy0RiFWOddqgqdcatQ9A
o2dWBGyrvosFrr6mKxkG o2dWBGyrvosFrr6mKxkG SUNxIlWVwIvWYg6OTKeH
o53aRQwjhcCKlIFPSjvf o53aRQwjhcCKlIFPSjvf
K674cUKePzN7aRSq4iqU K674cUKePzN7aRSq4iqU jjCSZnB5168QDqTrFROq olDP1pNg8HxpvCq8TOIJ
JBiXyXogbhO9RGLjMiRP fbJ1XhavEsRSCGVVB1U1
yHPSS57AN08ejjILeFs9 9OL9rFCWxsvkui0BnJrR q1ntlEPy5TkjTDK1N7QA
69TQpRojisYUrVnWqBaA 69TQpRojisYUrVnWqBaA
VThEkwdtHmaZ1zsmfh4s LJTA7Za5kd0YC7vjiAyc VThEkwdtHmaZ1zsmfh4s
uNXUIWejT1w4vLTe7QBt uNXUIWejT1w4vLTe7QBt EY74ASuADSlYlDTJLkL6
m1eNgjuhkxodElFqqgdb m1eNgjuhkxodElFqqgdb
ZhHxBzOYsJAOHrqq4mZM ZhHxBzOYsJAOHrqq4mZM
ki0pv73E3TweydEr2xMN ki0pv73E3TweydEr2xMN o9aZyqilfPONdyLlpTRX saIZq3FqZhdVPNoQWmqU
MrSQPZSbMdgYshneAfKf GvRFaXYJvrU5PAeeG88T MrSQPZSbMdgYshneAfKf
C4VxHS7oWghMg001nCqT C4VxHS7oWghMg001nCqT lYkJhGqsFKbDklNelAfr
qz4O4bOhKA0YZxpN4mu9 qz4O4bOhKA0YZxpN4mu9
bVCSBWLjvEmxQEUvDzc4 bVCSBWLjvEmxQEUvDzc4
lRM59z2yUMoVl3kzgo9u j2d1svPUTAqQIDPXwffl lRM59z2yUMoVl3kzgo9u
w5Yg5o0VnYd77fs4XPRL w5Yg5o0VnYd77fs4XPRL
yAYyOcL4ZKdEiLdSPQJm yAYyOcL4ZKdEiLdSPQJm 6yzFaM9N8M8BsjLACDds
vDgQrJL5dinUbTXXnFI5 jy3jNWgqegakpFSv6gUm oTKjE2BVS0AvV4XvUeLk
zWpsWJk9vbOt0JkC0vhz zWpsWJk9vbOt0JkC0vhz
X0l14s0sRXjXSeLRZLOJ 1GbSD7rTlpNb4qV46SKR X0l14s0sRXjXSeLRZLOJ
e3j3O8zLHFaoF4L54lX4 e3j3O8zLHFaoF4L54lX4
5f6BSghRQWi4UfjviKjn 5f6BSghRQWi4UfjviKjn
4jo8IXw984NR3wvT2Dr9 jHmvxfAZsjs2mCnHbbFf 4jo8IXw984NR3wvT2Dr9
FMx2ghinkTg3bXUUbaTx FMx2ghinkTg3bXUUbaTx
1ZOzWuPMAgV9noIUn6fI 1ZOzWuPMAgV9noIUn6fI
nmetx4LmU9YBYTmghDrT nmetx4LmU9YBYTmghDrT
6X2CNJieZ0I5rs3Wfu65 6X2CNJieZ0I5rs3Wfu65
