xse adx uby fin ego cen ckx xnr xme fzi igs nfr lwk fzi pvs nmf bow syk gmq tko qjf krr kgl miy svk eah fjy xeh aeg rjv nii ljd gex pjf ttw ogh bod qkp zkt qxs byu nry vzr wiy ksg rir vmt uuw nwn vvn ils jfh ymw nsw kfu jam ybr xse
46
xse rsg
adx adx mok kxn fgp
fin fin dgl
ego ego
cen cen uok
ckx loj zud ckx zdb
xnr khu nwc
xme fhv vwg xme
igs aii bdh hpx txq wbg
nfr lrj nfr rtc
fzi fzi lwk
pvs pvs ikb
nmf ocp nmf
bow lvm fia
tko tko
qjf uwo qjf
krr krr
miy miy
svk mti uau svk
fjy fbk vmv kpp fjy
xeh xeh
aeg vtd aeg
rjv hmi rjv idv
nii nii ukv
ljd cma tdu tso ljd
pjf wyg pjf gex
ttw bda ttw ptu
ogh ogh
bod bod
qkp yug qdw nvz
zkt zkt
qxs qxs
byu byu ruo
nry cun nry bnl
vzr jgt nhi nko vzr fyc
wiy qbf wiy emz
ksg xjt ksg tlh
vmt vmt
uuw uuw
vvn vvn
ils hcr ils
jfh jfh
nsw nsw
kfu kfu
jam phg jam
ybr ybr
