zMnoKpsz12d1Y6CixoCL vPVOeWczn8eJlf3Gviol BKvWsgveG3lQHgeNBv62 ybqDdUoaPknlNwzZFeto fat0ktgmwPXvqLhmWfJ0 g6l3PryZJRSAXJGUyq22 hzqXRQPGO5tnMpQYDdxn kHWDWFJURX8TBbDnLSlR M3MAG2lM6nUmTjQ3nD4D oJor9EUgXhaXPDmChml7 YqOJXOtRcgzFFRGKRutM JOo21iuZtHvP9sSModQZ e7oVwvEXzQVG9DeK8uQS BVbv363irLjfCXrWQjqn WCUwzDEkBlRrgSeSv9vv QHym2s92VJ8ycxMeFawz B56U06r3nz3RZaXVmiK2 jS5XJP3bXemMgWyvfsmt 50qWynRev5CSErzk8Yih RIRtIJewArUY7i7A6OEl FwLnZPETaUkrkp7dE0hH dakEfF8eF1B4IYsSGGLe GhNWfyijkz8OKJbptIGO TuA4wNSOMjTMUxZ5fZWx OcyqfDTyG7wfT1rvpitz 1Tm2BSSz9mj8o3m9o0TB IcoYVabhkC8yNYJgy44V UkKARQyd3ZxfrQwOeW0R 5jE3DcSbPJWRITx0u2Kf hH5yU5IgxmmStVnXEBJ1 LBRpsuMfPp9LEzGTlw5t vPVOeWczn8eJlf3Gviol zMnoKpsz12d1Y6CixoCL
27
ybqDdUoaPknlNwzZFeto FHGlzd4VlMUVjTba9Qjm WELPo1XEQnG4JejlB13A z6gtkXCB2ntSiYsjrque
fat0ktgmwPXvqLhmWfJ0 mNuLv0WHsIRpWEdSUREd mUERvxQcAO2XlgBTPRGA qSLkk45Evo68Y4JhMUq7
g6l3PryZJRSAXJGUyq22 RvFA5khunRjN3Z7dmUKr 2DqN6NYyebkVczAnrbNI Armxs904ujfdAYn9LtOF
hzqXRQPGO5tnMpQYDdxn XKYNaFpYuIx7Zx7vNANa 8s4ukhLgGBoor0D87KUr bclRgmmOqfg3PHQz06qB
kHWDWFJURX8TBbDnLSlR W8ft2Hcg1VXPVNTpprS3 mTYxpEwVJTp369cmBN7S dUDrtIP8WIldh2FT7uba
M3MAG2lM6nUmTjQ3nD4D PrzulPuk0tqiNKmdjp0X GfpGWz1SaDeisCQVEJrI z2nBS9pweVYpDmW0fMRS
oJor9EUgXhaXPDmChml7 TzlCRBgA0Q2cCjETm7Vx C3qGKxHtliSTI7oOnHoB FDT7h4JKMRWa9fcDNmXs
YqOJXOtRcgzFFRGKRutM JPD2uBroiElzO4z72vhQ HAc1Ylu9mrUmnheKISnK Ryx97mzVLWHytqmLAKlJ
JOo21iuZtHvP9sSModQZ oDA5VKbLZuTPP2ZEB14d T7hLF9jTtc4htoAH0PWD QmCq2RCVgnssPOgSwAr8
e7oVwvEXzQVG9DeK8uQS olgHJpCT79b6HED7FUWa ARorC1kPdEun4czh3dmX bUGtOHLCdzsNiRxcLtaT
BVbv363irLjfCXrWQjqn nfdt04yvrwrpPVPzIy2c MDHuBmBbeFOGqzpuNmVz 34ScKN0pHkNmnxdkoIOC
WCUwzDEkBlRrgSeSv9vv ofmz95sRAyIS0ShQndvb 15e7umNMnawEegsOhkYh 5cjkSqVe5mFfFhCgwe8r
QHym2s92VJ8ycxMeFawz KP4zLIZ5LMWJ6mkRn6BX QFT8yfDPa0xDNdRMchX3 pkPHvGrHHriGlmiL3mRW
B56U06r3nz3RZaXVmiK2 Y0dqIYSR4P9Br1Cq3f9U MyPRIiIVlLarPoP5nZfy xBNbU9Yu51mQvClxjQdr
jS5XJP3bXemMgWyvfsmt CcIlGrru613gqyngyuYo Vv2apUMOUSvB9J5u8yJr ZSg6FSZaRCTLmeHoLgMI
50qWynRev5CSErzk8Yih QTgsp1BfPDsixeeH6QUT Vkpfkc0JUDpakJkZipKD 3fQHkf8pseCy7Ys4Kez5
RIRtIJewArUY7i7A6OEl cthtNVKVABeolrPabegT szEChRtMF49nUq5i634G FqxzURcIHYyg2FOpiXCN
FwLnZPETaUkrkp7dE0hH ZvocIzADG7dBR58wmnu8 9c21VhIQJbtu6kG4NZT4 KBGTLYOWLSviflcWwd9y
dakEfF8eF1B4IYsSGGLe yE3wNgUIJB0oZwUjLCMo 9XhdonQsTDmLQknJ4xeP YIAlamFOfZeHd5qDll32
GhNWfyijkz8OKJbptIGO lcq8BXTLE4WDnj4JF3yo EvdCmEq3CXPDtnZYkiVu VxRxz5foWagBafuSz1m4
TuA4wNSOMjTMUxZ5fZWx jdgXkfbupFQ0XUNJEyvU JzMVZjOikutQZg00S8wX WdpiLe9uZpnuS9WMphYw
OcyqfDTyG7wfT1rvpitz sNJuS4R6b6KAUX5QI4md G6KTAOxQU8MNiSLazU1t uqAmYQiu3O0THeAaPzKH
1Tm2BSSz9mj8o3m9o0TB ZcpnIKUrL8i4GzxAolZX 07iKiKtYzy9bLoKUo0ve 5VNO6t8qAcR3d5jJgfi4
IcoYVabhkC8yNYJgy44V dBvruVRsFq4ihmzPj7nf GaG5DAqLVuTD09GfUl6l U8fsnzMIN4aMdzToihTq
UkKARQyd3ZxfrQwOeW0R u91JdIwHTd2zumpXCvmK OMLAPgVr1RosMrpENk9K JKKWZrMfMDLTYQt6t5Ap
5jE3DcSbPJWRITx0u2Kf NieXnWTTyXxCRp5CSl0i gM8AHyLc0ZjUxmDMuXzJ 9q9h29089dBsNERnjXsd
hH5yU5IgxmmStVnXEBJ1 3mTCmcCkVhhFn533BM03 oougNPfNRCSRCWJrOUlb Y2BEa9hp0T63SlTWXenG
