Encanto Cabbage Green Vernon Delta Two Moccasin City South Alpaugh Ames Jane Woffard Richvale Kern Quail Warner Chinese All Forest Pumpkin Riverside Foothills Woodbridge Granite Yurok Vista McAuley Welden Mount Smoke Costa Glencoe Ramona Beach Los Bonita Cypress Homestead Garden Shafter Presidio Clayton Cherokee Kentfield Sherman Encanto
45
Encanto Encanto
Cabbage Cabbage
Green Santa Green
Vernon Vernon
Delta Delta
Two Two
Moccasin Moccasin
City City
Alpaugh Alpaugh
Ames Ames
Jane Jane
Woffard Laguna Woffard
Richvale Richvale
Kern Kern
Quail Quail
Warner Warner
Chinese Chinese
All All
Forest Forest
Pumpkin Pumpkin
Riverside Riverside
Foothills Foothills
Woodbridge Willow Woodbridge
Granite Granite
Yurok Yurok
Vista Vista
McAuley McAuley
Welden Banning Welden
Mount Mount
Smoke Smoke
Costa Costa
Glencoe Glencoe
Ramona Ramona
Beach Beach
Los Los
Bonita Bonita
Cypress Elmira Cypress
Homestead Homestead
Garden Garden
Shafter Shafter
Presidio Presidio
Clayton Clayton
Cherokee Cherokee
Kentfield Kentfield
Sherman Sherman
