Potrero Linden Warner Calaveras Meyers Ida Merced Banning Boulevard All Laguna Carmel Fiorini Balsdon 18th Clayton Fremont Chinese Oceanside Richvale Santa Ames Woffard Hume Potrero
24
Potrero Potrero
Linden Linden
Warner Warner
Calaveras Calaveras
Meyers Meyers
Ida Ida
Merced Merced
Banning Banning
Boulevard Boulevard
All All
Laguna Laguna
Carmel Carmel
Fiorini Fiorini
Balsdon Balsdon
18th 18th Smoke
Clayton Clayton
Fremont Fremont
Chinese Chinese
Oceanside Oceanside
Richvale Richvale
Santa Santa
Ames Ames
Woffard Woffard
Hume Hume
