Vernon Helm Fullerton Veterans Garcia Calaveras Capuchino Sulpizio Antelope Dulzura Louis Cypress Del Downtown Ramona Portola Robertsville Stockdale Quail Terra Carmel Costa Bradley Santa Cudahy Rowland Bell Sacramento Mecca Woody Escondido Crestmont Industry Ritter Three Fiorini Rough Marshall Huron Kaiser Roseland Chittenden Lake Flinn Pleasant Cambridge Civic Bangor Armstrong Brundage Bakersfield Pacheco Bonny Blue Buena Strawberry Presidio Richvale Le Cabbage Potrero Fox Hoffman Glencoe Beach Alamo Cressey Hammer Parchester Warner Tijuana Escalon Coddingtown Donner Grasslands Timbuctoo Moores Bodad Sherman Balboa South Industrial Anaheim Vernon
82
Helm Helm
Fullerton Fullerton
Veterans Veterans
Garcia Garcia
Calaveras Calaveras
Capuchino Capuchino
Sulpizio Sulpizio
Antelope Antelope
Dulzura Dulzura
Louis Louis
Cypress Cypress
Del Del
Downtown Davenport Downtown
Ramona Ramona
Portola Portola
Robertsville Robertsville
Stockdale Stockdale All
Quail Quail
Terra Terra
Carmel Carmel
Costa Costa
Bradley Bradley
Santa Santa
Cudahy Cudahy
Rowland Rowland
Bell Bell Forbestown
Sacramento Sacramento
Mecca Mecca Collins
Woody Woody
Escondido Yurok Delta Smoke Escondido
Crestmont Crestmont
Industry Industry
Ritter Ritter
Three Three
Fiorini Fiorini
Rough Rough
Marshall Marshall
Huron Cerro Huron
Kaiser Kaiser
Roseland Roseland
Chittenden Chittenden
Lake Lake
Flinn Flinn
Pleasant Pleasant
Cambridge Cambridge
Civic Civic
Bangor Smith Saint Bangor
Armstrong Armstrong
Brundage Winterhaven Brundage
Bakersfield Bakersfield
Pacheco Temecula Pacheco
Bonny Bonny
Blue Blue
Buena Yankee Buena
Strawberry Strawberry Sunny
Presidio Presidio
Richvale Richvale
Le Le
Cabbage Cabbage
Potrero Potrero
Fox Fox
Hoffman Wallace Clayton Hoffman
Glencoe Glencoe
Beach Beach California
Alamo Alamo
Cressey Cressey
Hammer Hammer
Parchester Parchester
Warner Warner
Tijuana Manker Tijuana
Escalon Escalon
Coddingtown Coddingtown
Donner Donner
Grasslands Grasslands
Timbuctoo Timbuctoo
Moores Moores
Bodad Bodad
Sherman Sherman
Balboa Balboa
South South
Industrial Industrial
Anaheim Anaheim
