1 200 196 195 126 125 126 51 52 56 52 53 49 48 47 46 45 41 40 36 35 62 61 60 64 65 66 65 69 68 67 198 197 193 192 188 187 134 133 132 136 135 134 75 76 80 81 85 86 179 180 184 185 189 190 139 140 141 142 115 114 113 117 116 115 158 157 156 160 161 165 166 27 28 29 25 24 20 21 22 163 164 168 167 168 169 173 172 176 175 174 147 146 145 149 150 151 150 91 90 89 93 94 95 96 97 101 100 104 105 109 110 111 110 11 12 13 9 8 4 5 1
66
1 2 5 199
196 196
125 122 124 125
126 127
51 50
52 52
56 55
53 53
47 47
45 42 44 45
36 36 37 39
35 34
61 58 61
60 60 63
66 66
69 69
68 68 71
193 194 197
188 188
133 130 133
132 132
135 135
75 74
76 76 77 79
85 82 84 85
86 87
179 178
180 180 181 183
189 186 189
190 191
139 138
140 140
141 141
142 143
114 114
117 117
116 116 119
157 154 157
160 156 159
165 165
28 28 31
25 26 29
20 20
21 18 21
22 23
163 162
164 164
167 167
169 170
173 173
172 172
175 175
146 146
149 148 149
151 151
90 90
93 93
95 95
96 92
101 98 101
104 100 103
109 106 108 109
111 111
11 10
12 12 13 15
4 4 7
