Soda Doe UniversityVillage Doe GreekTheatre LawrenceHall Kresge Evans BotanicalGardens HearstMining HilgardHall CaliforniaHall Barrows Unit3 Campbell Cory Blackwell BancroftLibrary Blackwell Unit1 SouthHall DavisHall Wheeler LeConte Soda BerkeleyWayWest Campanile BerkeleyWayWest Soda
19
Doe Doe
UniversityVillage Bowles
GreekTheatre GreekTheatre
LawrenceHall LawrenceHall InternationalHouse
Evans Evans BAMPFA
HearstMining HearstMining Dwinelle
CaliforniaHall CaliforniaHall
Unit3 Unit3
Campbell Campbell
Cory Gilman
Blackwell DurantHall
BancroftLibrary BancroftLibrary Unit2
Unit1 Unit1
SouthHall SouthHall
DavisHall Moffit Stern
Wheeler Wheeler
LeConte LeConte Foothill
BerkeleyWayWest BerkeleyWayWest
Campanile Campanile
