Evans WursterHall Plentea SutardjaDai Cornerstone Firewings CaliforniaHall Firewings RSF Underhill Foothill HAAS BAMPFA Barrows HortonHall Doe SatherGate ZellerbachHall Cornerstone BancroftLibrary HavilandHall VLSB HearstMining StrawberryCreek MemorialGlade Milkbomb SouthHall Moffit LeConte Bowles Unit3 Bowles KroeberHall Barrows Unit2 Pappys SproulHall LewisHall DavisHall LewisHall Underhill Blackwell ImmThai AlumniHouse BerkeleyWayWest Yifang UCafe Chipotle ThaiNoodle Dwinelle MLK Dwinelle ThaiNoodle Marugame Eshelman Campbell WursterHall Evans
36
Evans Cory
Plentea Soda
SutardjaDai SutardjaDai
CaliforniaHall CaliforniaHall InternationalHouse
RSF RSF
Foothill Foothill
HAAS Unit1 HAAS
BAMPFA BAMPFA
HortonHall MemorialStadium
Doe Doe
SatherGate GreekTheatre CanyonPool GiauqueHall
ZellerbachHall ZellerbachHall
BancroftLibrary BancroftLibrary LawrenceHall
HavilandHall HavilandHall
VLSB VLSB
HearstMining HearstMining
MemorialGlade Kresge
SouthHall SouthHall HesseHall
Moffit Moffit
LeConte LeConte
Bowles Bowles HilgardHall
Unit3 Unit3 Boalt
KroeberHall Etcheverry
Barrows Barrows
Unit2 Stern Unit2
DavisHall BotanicalGardens DavisHall
Blackwell Blackwell
AlumniHouse AlumniHouse
BerkeleyWayWest BerkeleyWayWest
Yifang Wheeler UniversityVillage
Dwinelle Dwinelle
MLK MLK HildebrandHall
ThaiNoodle ThaiNoodle
Marugame Campanile Gilman
Eshelman Eshelman
Campbell DurantHall Campbell
