Ippudo Platano Gypsys EastAsianLibrary Campbell HearstMining Flavia HearstGym WursterHall Spats Gather TraderJoes BerkeleyHigh Stern HortonHall Cinnaholic Bonchon UCafe UniversityVillage Fengcha UniversityVillage TToust BobaNinja TennisCourts StrawberryCreek Morganhall Jupiter CVS Wikiwiki Underhill Homeroom TheHabit FireTrails BrandyMelville ThaiBasil HesseHall Kips EndlessSweets HalalGuys Gadani CaliforniaHall AshaTeaHouse JacobsApartment Blackwell SuperDuperBurgers Pappys HearstAnnex McDonalds ZellerbachHall DurantHall Yifang NorthHall MSRI NoodleGirl MemorialStadium Artichokes SnackShack AmoebaMusic BotanicalGardens SteamTrains JambaJuice Doe ThaiNoodle PeoplesPark Quicklys BerkeleyArtStudio SaturnCafe HeatCafe Tilden GreekTheatre BagOCrab LewisHall SmokesPoutinerie LiKaShing Rachas SutardjaDai BerkeleyThaiHouse Safeway Barrows BerkeleyBart LaBurrita Unit3 Eshelman Namaste EastBaySpiceCompany GSPP Wheeler Chipotle HAAS Cream Venus TukTukThai DavisHall Evans HavilandHall Fengcha Ikes Eureka Ikea GiauqueHall Gilman Ucha SouthHall BobbyGPizza InternationalHouse Raretea FoxTheater GrizzlyPeak RSF Cheeseboard BancroftLibrary LittleCampanile WindmillCoffee PokeBar Plentea ClarkKerr DollarTree BenAndJerry Marugame Etcheverry Toss LaNote ExtremePizza Cafe3 LeConte Campanile TPTea HildebrandHall Soda Platano Ippudo
77
Platano Platano
Gypsys Gypsys
EastAsianLibrary EastAsianLibrary
Campbell MemorialGlade
Flavia PeoplesCafe AndrewsApartment UrbanOutfitters
WursterHall WursterHall
Spats Spats
Gather Gather
TraderJoes SatherGate TraderJoes GreatChina Target
HortonHall HortonHall Shengkee
Cinnaholic Slivers
Bonchon Bonchon
UCafe UCafe
Fengcha Fengcha
BobaNinja BobaNinja
StrawberryCreek StrawberryCreek
Morganhall Morganhall
Jupiter TopDog Jupiter
Wikiwiki Wikiwiki
Underhill Underhill
Homeroom Homeroom
TheHabit TheHabit
FireTrails MulfordHall
ThaiBasil ThaiBasil
Kips Kips Muraccis
HalalGuys HalalGuys
Gadani Gadani
AshaTeaHouse AshaTeaHouse
SuperDuperBurgers SuperDuperBurgers
Pappys Pappys
McDonalds Morrisonhall McDonalds
Yifang Yifang
NorthHall NorthHall
NoodleGirl Teazone
Artichokes Artichokes LowerSproul
SnackShack SnackShack
AmoebaMusic AmoebaMusic
SteamTrains KroeberHall
JambaJuice JambaJuice
ThaiNoodle ThaiNoodle
Quicklys Firewings Quicklys
BerkeleyArtStudio Mezzo BerkeleyArtStudio
SaturnCafe SaturnCafe
Tilden LatimerHall
LewisHall LewisHall
SmokesPoutinerie SmokesPoutinerie TheDwight
LiKaShing Crossroads BanshoRamen
Rachas Rachas
Safeway Safeway
BerkeleyBart HappyLemon SproulHall BigC TenderGreens
LaBurrita OptometryBuilding LaBurrita
Eshelman SweetheartCafe
Namaste Namaste
EastBaySpiceCompany EastBaySpiceCompany
Wheeler Wheeler
Chipotle Chipotle
Venus Venus
TukTukThai BSC TukTukThai
Ikes Gongcha BetaLounge Ikes
Eureka Eureka
Ikea Milkbomb
Ucha Ucha
BobbyGPizza ImmThai
Raretea Raretea
GrizzlyPeak GrizzlyPeak
Cheeseboard Cheeseboard
LittleCampanile LittleCampanile
PokeBar PokeBar
Plentea Plentea
ClarkKerr ClarkKerr
DollarTree TripleRock
Marugame Marugame
LaNote TacoBell LaNote
ExtremePizza ExtremePizza
Cafe3 Cafe3
Campanile Cornerstone ChezPanisse
TPTea TPTea
