Ippudo Platano Soda HildebrandHall NatApartment Rachas LiKaShing Crossroads TToust ImmThai TToust BobaNinja TennisCourts BerkeleyHigh Toss LaNote ExtremePizza Cafe3 LeConte AshaTeaHouse Barrows BerkeleyBart BigC BerkeleyBart HappyLemon BerkeleyWayWest Artichokes SnackShack AmoebaMusic LeConte AshaTeaHouse Bowles Namaste EastBaySpiceCompany HesseHall Kips HesseHall EastBaySpiceCompany GSPP Wheeler AndrewsApartment Flavia SmokesPoutinerie Flavia HearstGym WursterHall HearstGym Flavia UCafe Flavia AndrewsApartment UrbanOutfitters Cornerstone Campanile LeConte Cafe3 ThaiNoodle Doe JambaJuice SteamTrains Underhill HortonHall Stern ClarkKerr Plentea PokeBar Homeroom TheHabit FireTrails BrandyMelville ThaiBasil SutardjaDai Rachas Gadani CaliforniaHall AshaTeaHouse JacobsApartment Blackwell SuperDuperBurgers Pappys HearstAnnex McDonalds ZellerbachHall DurantHall Ikes SweetheartCafe Ikes Fengcha UniversityVillage TToust BobaNinja TennisCourts StrawberryCreek Morganhall Jupiter LatimerHall Tilden GreekTheatre ACuppaTea Wikiwiki NoodleGirl MSRI NorthHall DavisHall TukTukThai BSC ClarkKerr Stern BerkeleyHigh TraderJoes YogurtPark GreatChina YogurtPark OptometryBuilding LaBurrita Chipotle HearstMining Chipotle HAAS Mezzo BerkeleyArtStudio Mezzo HAAS Chipotle HearstMining Campbell EastAsianLibrary Gypsys Platano Ippudo
48
Crossroads Ucha Crossroads BanshoRamen
ImmThai Raretea ImmThai
LaNote TacoBell ExtremePizza LaNote
AshaTeaHouse AshaTeaHouse
BigC BigC TenderGreens
HappyLemon HappyLemon SproulHall
Artichokes Artichokes LowerSproul
SnackShack SnackShack AmoebaMusic
Namaste Namaste
Kips Kips EastBaySpiceCompany Muraccis
SmokesPoutinerie LewisHall SmokesPoutinerie TheDwight
WursterHall Spats WursterHall
UCafe UCafe
AndrewsApartment Wheeler GrizzlyPeak AndrewsApartment UrbanOutfitters
Cornerstone Cornerstone ChezPanisse
Cafe3 Cafe3 ThaiNoodle
JambaJuice KroeberHall JambaJuice
Underhill Underhill
HortonHall HortonHall Shengkee Slivers
ClarkKerr ClarkKerr TripleRock
Plentea Plentea PokeBar
Homeroom TheHabit Homeroom
ThaiBasil MulfordHall Milkbomb ThaiBasil
SutardjaDai Safeway
Rachas Rachas
Gadani Marugame HalalGuys Gadani
SuperDuperBurgers SuperDuperBurgers
Pappys Pappys
McDonalds Morrisonhall McDonalds
Ikes Bonchon Gongcha Fengcha BetaLounge Ikes Eureka
SweetheartCafe PeoplesCafe SweetheartCafe
TennisCourts TPTea Cheeseboard BobaNinja
StrawberryCreek StrawberryCreek
Jupiter Morganhall Firewings TopDog Jupiter
LatimerHall LatimerHall Gather
Wikiwiki Wikiwiki
NoodleGirl Teazone
NorthHall NorthHall Yifang
TukTukThai BSC TukTukThai Venus
TraderJoes TraderJoes
GreatChina SatherGate GreatChina
YogurtPark OptometryBuilding Target
LaBurrita LaBurrita
HearstMining Chipotle MemorialGlade EastAsianLibrary LittleCampanile
Mezzo Mezzo
BerkeleyArtStudio Quicklys SaturnCafe BerkeleyArtStudio
Gypsys Gypsys
Platano Platano
