Loc76 Loc80 Loc32 Loc3 Loc9 Loc22 Loc53 Loc86 Loc63 Loc79 Loc43 Loc24 Loc65 Loc72 Loc98 Loc89 Loc55 Loc44 Loc13 Loc40 Loc30 Loc87 Loc28 Loc35 Loc36 Loc90 Loc73 Loc84 Loc75 Loc1 Loc29 Loc4 Loc16 Loc71 Loc91 Loc60 Loc14 Loc83 Loc19 Loc85 Loc57 Loc37 Loc66 Loc10 Loc23 Loc18 Loc92 Loc8 Loc94 Loc34 Loc97 Loc42 Loc25 Loc51 Loc45 Loc78 Loc5 Loc2 Loc6 Loc70 Loc21 Loc20 Loc59 Loc64 Loc26 Loc77 Loc96 Loc95 Loc81 Loc41 Loc15 Loc88 Loc33 Loc61 Loc17 Loc47 Loc50 Loc11 Loc12 Loc39 Loc49 Loc56 Loc0 Loc7 Loc58 Loc69 Loc52 Loc31 Loc27 Loc46 Loc38 Loc76
91
Loc76 Loc76
Loc80 Loc80
Loc32 Loc32
Loc3 Loc3
Loc9 Loc9
Loc22 Loc22
Loc53 Loc53 Loc93
Loc86 Loc86
Loc63 Loc63
Loc79 Loc79
Loc43 Loc43
Loc24 Loc24
Loc65 Loc65
Loc72 Loc72
Loc98 Loc98
Loc89 Loc89
Loc55 Loc55
Loc44 Loc44 Loc67
Loc13 Loc13
Loc40 Loc40
Loc30 Loc30 Loc54 Loc68
Loc87 Loc87
Loc28 Loc28
Loc35 Loc35
Loc36 Loc36
Loc90 Loc90
Loc73 Loc73
Loc84 Loc84
Loc75 Loc75
Loc1 Loc1
Loc29 Loc29 Loc82
Loc4 Loc4
Loc16 Loc16
Loc71 Loc71
Loc91 Loc91
Loc60 Loc60
Loc14 Loc14
Loc83 Loc83
Loc19 Loc19 Loc99
Loc85 Loc85
Loc57 Loc57
Loc37 Loc37 Loc62
Loc66 Loc66
Loc10 Loc10
Loc23 Loc23
Loc18 Loc18
Loc92 Loc92
Loc8 Loc8
Loc94 Loc94
Loc34 Loc34
Loc97 Loc97
Loc42 Loc42
Loc25 Loc25
Loc51 Loc51
Loc45 Loc45
Loc78 Loc78
Loc5 Loc5
Loc2 Loc2
Loc6 Loc6
Loc70 Loc70
Loc21 Loc21
Loc20 Loc20
Loc59 Loc59
Loc64 Loc48 Loc64
Loc26 Loc26
Loc77 Loc77
Loc96 Loc96
Loc95 Loc95
Loc81 Loc81
Loc41 Loc41
Loc15 Loc15
Loc88 Loc88
Loc33 Loc33
Loc61 Loc61
Loc17 Loc17
Loc47 Loc47
Loc50 Loc50
Loc11 Loc11
Loc12 Loc12
Loc39 Loc39
Loc49 Loc49
Loc56 Loc56
Loc0 Loc0
Loc7 Loc7
Loc58 Loc58
Loc69 Loc69
Loc52 Loc52
Loc31 Loc31
Loc27 Loc27
Loc46 Loc46 Loc74
Loc38 Loc38
