Shower0 Robot49 Cat44 Toilet45 Post17 Prints25 Plants3 Ice30 BBQ36 Laptop22 Elevator35 Monster32 Android27 Sink37 Allergies7 Prints46 Soda18 Website21 Soap14 Website21 Crab16 Nuclear43 Websites24 YouTube4 Shower0
18
Robot49 Robot49
Cat44 Cat44 Light1
Toilet45 Toilet45 Ice42
Prints25 Mail41 Prints25 Toilet26
Plants3 BBQ38 Plants3
Ice30 Ice30
BBQ36 BBQ36
Laptop22 Laptop22
Elevator35 Elevator35
Monster32 Monster32
Android27 Android27 Cone13
Sink37 Sink37
Allergies7 Allergies7
Soda18 Soda18
Soap14 Ring33
Crab16 Crab16
Nuclear43 Nuclear43
Websites24 YouTube4 Puppy19
