Shelf0 Whale137 Cat163 Mail22 Ring82 Android196 Towel92 Trees68 Flowers178 Dislike27 Laptop19 Water135 Laptop125 Allergies176 Dislike143 Running177 Hnads116 System79 Running66 Soda119 YouTube33 Crab83 Poop150 Soap53 System156 Soap53 Allergies88 Websites4 Monster73 Drugs184 Toilet13 Toolbox153 Ice52 Male149 Robot164 Android196 Book171 Monster175 Sink109 Cat187 Whale31 Clock61 Mail6 Ice165 System183 Kitty89 Comics105 Ring161 Fusion104 Plants118 Shoes8 Boat67 Urine108 Hnads182 Solar162 Light30 Toolbox146 Shelf0
44
Shelf0 Shelf0
Whale137 Whale137 Ring169
Mail22 Mail22 Allergies103 Puppy140
Ring82 Ring82
Android196 Dog168 Android196
Towel92 Towel92
Flowers178 Settings75 Urine97 Flowers178
Dislike27 Soda197 Dislike27 Book24
Laptop19 Shelf40 Ice41 Laptop19
Water135 Water135
Laptop125 Laptop125 Rollers95 Water29 Kitty98
Allergies176 Allergies176
Dislike143 Towel154 Dislike143
Hnads116 Drugs39 Drugs195 Hnads116
System79 System79
Running66 Cat15
Soda119 Soda119 Solar192
Crab83 Crab83 Soap64
Poop150 Robot93 Leash77 Poop150
System156 Nuclear18 System156
Allergies88 Allergies88
Websites4 Clock139 Websites4
Monster73 Monster73
Toilet13 Toilet13
Toolbox153 Toolbox153
Male149 Urine124 Male149
Robot164 Robot164 Whale114 Comics107
Book171 Light30 Solar130 Toolbox72 Book171
Monster175 Monster175
Sink109 Sink109 Shower47 Shower57
Cat187 Printer188 Cat187
Clock61 Post158 Whale126 Clock61
Mail6 Body55 Mail6 Poop76
Ice165 Puppy117 Clock2 Water38 Ice165
System183 System183
Kitty89 Horse148 Kitty89
Ring161 BBQ36 Nuclear35 Rollers14 Urine20
Fusion104 Poop80 Fusion104 Solar71 Fusion34 Breakfast85
Plants118 Plants118
Shoes8 Soap58 Dislike12 Dog181 Shoe17 Shoes8
Boat67 Boat67 Shoe174
Hnads182 Robot51 Plus78 Hnads182
Solar162 Kitty194 Ice9 Solar162 Website190
Toolbox146 Toolbox146
