Horse0 Breakfast74 Horse55 Allergies3 Ring97 Running77 Water52 Cat13 Ice30 Prints23 Ice10 Water66 BBQ86 Monster71 Monster39 Leash27 Kitty14 Leash89 Mail88 Printer53 Whale59 Shower11 Settings5 Rollers34 Shower15 Dislike21 Plus62 Dislike51 Bird82 Whale22 Book41 System90 Comics49 Post61 Soda57 Breakfast19 Floppy64 Horse0
31
Horse0 Horse0
Breakfast74 Breakfast74
Horse55 Horse55
Allergies3 Solar58 Flowers98 Allergies3 Towel35
Running77 Running77 Ring97 Towel16
Water52 Water52
Cat13 Cat13
Ice30 Allergies4 Ice30
Prints23 Prints23
Ice10 Ice10 Floppy63
Water66 Toilet20 Water66 Bird93
BBQ86 BBQ86
Monster71 Monster71
Monster39 Monster39
Kitty14 Male84 Kitty14 Leash68
Leash89 Websites81 Towel37 Ice38
Mail88 Robot9 Mail88
Printer53 Printer53
Whale59 Shower11 Ring45 Whale59
Settings5 Settings5
Rollers34 Websites17 Rollers34
Shower15 Shower15
Plus62 Plus62
Dislike51 Dislike51
Bird82 Bird82
Whale22 Whale22 Shelf25
Book41 Book41 Rollers48
Comics49 Comics49
Post61 Post61
Soda57 Soda57
Breakfast19 Breakfast19
