Shelf0 Settings75 Cat70 Drugs195 Clock2 Comics105 Shelf0 Puppy140 Light30 Clock2 Plus78 Boat141 Laptop125 Dog101 Soda127 Soap3 Shelf0 Websites4 Allergies88 Water135 Urine108 Boat67 Kitty56 Shelf0
20
Shelf0 Toolbox153 Whale137 Shelf0 Toilet13
Settings75 Sink109 Settings75 Shower47 Printer188 Soda197 Dislike27 Book24 Urine97 Flowers178 Clock61 Cat187 Shower57
Cat70 Soda119 Cat15
Drugs195 Drugs39 Drugs195 Hnads116 System79
Clock2 Body55 Puppy117 Clock2 Water38 Ice165 Mail6 Poop76
Comics105 Horse148 Kitty89 BBQ36 Nuclear35 Rollers14 Urine20 System183 Breakfast85
Puppy140 Dog168 Urine124 Mail22 Allergies103 Monster73 Puppy140 Ring169 Android196
Light30 Toolbox146 Light30 Monster175 Solar130 Toolbox72 Book171
Plus78 Plus78 Fusion104 Solar71 Fusion34
Boat141 Robot93 Leash77 Ice9 Poop150 Solar162
Laptop125 Laptop125 Dislike143 Rollers95 Water29 Solar192 Kitty98
Dog101 Crab83 Soap64 System156
Soda127 Post158 Whale126 Robot164 Whale114 Towel92 Comics107
Soap3 Ring82 Male149
Websites4 Clock139 Websites4
Allergies88 Allergies88
Water135 Water135
Urine108 Shelf40 Plants118 Ice41 Robot51 Laptop19 Poop80 Shoe17 Hnads182
Boat67 Boat67 Soap58 Towel154 Dislike12 Shoe174 Dog181 Allergies176 Shoes8
Kitty56 Kitty194 Nuclear18 Website190
