S F K 2 X 3 H 5 Y 11 G2 H2 M2 L2 Q2 R 20 W2 X2 Y2 Z2 48 A3 48 T2 N2 I2 J2 K2 J2 O2 U2 V2 49 53 A2 63 69 83 90 Y3 X3 D3 I3 D3 C3 94 93 92 H3 84 71 64 P3 58 U3 58 P3 F3 E3 J3 E3 127 Q3 Q 17 12 7 G W X 2 K 8 M N U D C B P 8 T 10 T 2 O W O J E A E A S
43
S F
5 I Y Z
G2 B2 G2
H2 C2 H2 M2
L2 L2 Q2
R R
W2 W2
X2 X2
Y2 Y2
Z2 R2 Z2 Z3
A3 U2 A3 B3
T2 N2 T2
I2 D2 I2
K2 F2 K2 P2
J2 E2 J2 O2
V2 V2
A2 A2
Y3 Y3
X3 X3
D3 D3
I3 I3 T3
C3 C3 R3 W3
H3 H3 L3
P3 P3
U3 N3 U3 V3
58 M3
F3 F3 K3
E3 E3
J3 G3 J3 O3
Q3 Q Q3
X L X
K K
M M
N N U V
D D
C C
B B P
T T
10 H
O J O
W G W
A A
E E
