S A E J O 2 X W G 3 H 9 14 19 23 22 50 131 127 E3 J3 O3 70 76 84 H3 91 L3 95 111 113 114 118 119 120 121 R3 121 106 99 98 93 85 V3 79 80 W3 C3 D3 100 108 100 108 109 101 90 83 82 81 80 81 80 66 65 59 54 74 Y2 Z2 48 52 56 57 A2 53 B3 53 B3 A3 U2 O2 P2 O2 J2 E2 D2 C2 H2 I2 N2 M2 L2 G2 11 16 11 I 11 Y 5 H 10 T 8 P B C D U D U 4 P B S
58
S F
A A
E E
J J
O O
2 K
X X
W W
G G
3 L
H H
23 W2 P3
22 Q
131 F3
127 Q3
E3 E3
J3 J3
O3 O3
70 K3
H3 H3
L3 L3
95 G3
R3 R3 T3
V3 M3 N3 U3 V3
W3 W3
C3 C3
D3 D3 I3 X3
100 Y3
Y2 Q2 X2 Y2
Z2 R2 Z2 Z3
48 T2
A2 A2
B3 B3
A3 A3
U2 U2
O2 O2
P2 F2 K2 P2 V2
J2 J2
E2 E2
D2 D2
C2 C2
H2 H2
I2 I2
N2 N2
M2 M2
L2 L2
G2 B2 G2
16 R
I I V
Y Y
5 Z
T T
P P
B B
C C
D D
U N U
4 M
