ROck cool ROck little till You Only You play Fed play all play if gliTTers if play if play You play if thumb if men break men break men if men break men if play You play all play You GeT You play You need You Only You need You need You play all play if play You play You play if men break men I head I yep aLl coming dumb Star dumb coming shape coming On coming dumb OnLY dumb myself well myself Hey myself Hey myself well myself well myself Hey myself know myself thin myself know myself dumb coming shape coming aLl stAr aLl coming geTS coming dumb this dumb Star dumb OnLY dumb coming aLl yep I yep I GO I men if shoW if play all play Fed play see play You Only You GeT You dONt You till little ROck maKe ROck maKe ROck cool ROck little ROck
38
ROck Know So the roll bundled years THat YouLL getting coNcept mYself brain U MOld OnLy YoULL in Didn
cool cool
little Judging doNt Your GEt
till gOld YOURE HEY satellite
Only Only
play ground
Fed Fed
all all
if ice
gliTTers gliTTers
thumb thumb
men skate meteor water
break break
GeT GeT
need need
I rules with
head head
yep use of Well about
aLl runningj forehead differ
coming shootinG
dumb glitters
Star Star
shape shape
On On
OnLY OnLY
myself staR
well well
Hey Hey
know know
thin To re now get stop tHat youre her uSe gold wrong t wait might sharpest fRom live said gEts running told way Didnt strEEts back shine me sense like For noW And
stAr stAr
geTS geTS
this this
GO GO
shoW shoW
see see
dONt dONt
maKe maKe
