0 143 107 3 62 34 13 118 35 121 86 56 80 36 161 162 163 164 165 166 167 168 169 170 171 172 173 174 175 176 177 178 179 180 181 182 183 184 185 184 183 182 181 180 179 178 177 176 175 174 173 172 171 170 169 168 167 166 165 164 163 162 161 129 122 69 94 24 140 120 31 61 51 151 60 101 65 5 159 19 146 157 153 69 188 189 190 191 192 193 194 195 196 197 198 197 196 195 194 193 192 191 190 189 188 69 112 67 102 160 7 124 95 2 54 12 133 155 43 47 66 0
68
0 22 68 77 135
143 72 143
107 53 107
3 3 142 145
62 62
34 34
13 13 73 83
118 118
35 35 59
121 121
86 86
56 56 148
80 80
36 36 44
167 166 167
173 173
177 176 177 178
179 179
181 180 181
183 182 183 184
185 185 186 187
175 174 175
172 172
171 171
169 168 169 170
164 164 165
162 162 163
129 129
122 122
69 69
94 94
24 24
140 140
120 120
31 31
61 28 61
51 51
151 151
60 60
101 101
65 65
5 5
159 159
19 19
146 146
157 157
153 153
188 188
192 191 192
196 195 196 197
198 198 199
193 193 194
190 189 190
112 112
67 67
102 102
160 160
7 7
124 124
95 95
2 2
54 54
12 12
133 133
155 155
43 43
47 47
66 66
