hdpxs crlfe nqtru tmwdy pytwh ehqyk ypdnb rzvtg zcjqx fjdqi oxuqn mhuad tkwle mhekz syoxv qbdwz xcvow yazqf dbjxw cqsby ahnds jhlus ymcfp zqjxb xscoe qckjp uiogl iyuas ohzfn wotiq bwknx mvxup amfiz dwyai lmwpk frhgc htkwy vcwfj hoxir qtdze gdovn zntkr vobqh qhvsb drojn xlrzc rjdai joztf kscoz mujil wkbuf btwzv oewcd stflc lpudv pgqva olqfv bkfuc ebwcp tgeks rjuxc wdquv tfcam xnpwq cihba hdpxs
58
crlfe sxdiu vgwoi hwmzn
nqtru mlibf nqtru rlumh
tmwdy tmwdy
pytwh pytwh gstwp
ehqyk yqfdk ehqyk
ypdnb ypdnb
rzvtg ayrgb rzvtg
zcjqx zcjqx
fjdqi fjdqi
oxuqn oxuqn
mhuad mhuad tjake
tkwle armnk tkwle
mhekz gufvs mhekz
syoxv syoxv
qbdwz maqho wajol qbdwz
xcvow xcvow
yazqf yazqf
dbjxw yqtob dbjxw
cqsby cqsby
ahnds ahnds
jhlus jhlus
ymcfp lnjxt ymcfp
zqjxb uklga zqjxb
qckjp qckjp
uiogl uiogl ktzce
iyuas iyuas
ohzfn ohzfn dkjro
wotiq wotiq
bwknx bwknx
amfiz amfiz
dwyai rchbw
lmwpk lmwpk
frhgc frhgc
htkwy bsvth htkwy
vcwfj qsmkj vcwfj
qtdze utdhx
gdovn gdovn
zntkr tndwl zntkr wcjeg
vobqh vobqh
qhvsb qhvsb
drojn drojn
xlrzc xlrzc
rjdai qhibx mtcsd rjdai oaeyh
joztf joztf aedvq evtgj cxajk
kscoz jcwpu kscoz
mujil mujil kzwah pihld
wkbuf qpbmc kjihy wkbuf
btwzv btwzv
oewcd cxdes osvgp oewcd
stflc stflc syoxf
lpudv gdnim yvbse lpudv evsbm
pgqva pgqva
bkfuc bkfuc
ebwcp bdevm ebwcp
rjuxc rjuxc
wdquv wdquv
xnpwq xnpwq
cihba oxitr wnelr cihba osxbc
