hutmk ugamb spuoi abupm axmwy aqzce hopbn zsehb tyuep xnysi coubd oscrv mlfbi lsnhz xeljy ijvuq ywion otirh bcrwj gxdqt rlfxc yaxts ugyls omjfc hutmk
23
ugamb ugamb
spuoi vczkh spuoi
abupm mzlsn artvi
axmwy axmwy
aqzce aqzce tejxc
hopbn hopbn qdzgs
zsehb zsehb
tyuep tyuep
xnysi cursl xnysi
coubd coubd xintv urlkt
oscrv oscrv
mlfbi mlfbi
lsnhz lsnhz
xeljy xeljy misyc
ijvuq ijvuq
ywion ywion ijofp
otirh yiodb aeomh otirh
bcrwj bcrwj
gxdqt gxdqt
rlfxc lnfiu rlfxc ablxw
yaxts yaxts
ugyls lcghr yzaje vmgxh ugyls
omjfc omjfc dowbf
