Hayward Asheville Durham Waterloo Yonkers Huntsville Bradenton Tucson PalmBay Modesto Hampton RichmondCounty Hampton Modesto Corona Springdale McHenry Torrance PalmBay Tucson Bradenton Tucson Aurora NewBedford York BelAir Milwaukee Omaha Topeka Omaha PuntaGorda Kennewick Hickory Winston Wilmington Danbury Burbank NewOrleans SaintLouis GrandRapids Abilene CedarRapids Hayward
30
Hayward SantaClara
Asheville Asheville
Durham Deltona Durham Bloomington
Waterloo Waterloo
Yonkers Yonkers
Huntsville McAllen Huntsville
RichmondCounty Charlotte RichmondCounty
Hampton Hampton
Modesto Modesto
Corona Waco
Springdale Springdale
McHenry McHenry Newark
Torrance Torrance
PalmBay PalmBay
Bradenton Tucson Bradenton SaintPaul
Aurora Aurora Bakersfield
NewBedford NewBedford
York York
BelAir BelAir Monroe
Topeka ThousandOaks Omaha Topeka SantaCruz
PuntaGorda PuntaGorda
Kennewick Barnstable NewYorkCity Kennewick
Hickory Tyler HuntingtonBeach Tampa Memphis Hickory
Wilmington LakeCharles
Danbury Danbury
Burbank Burbank Chicago
SaintLouis Harlingen
GrandRapids GrandRapids
Abilene Downey Atlanta
CedarRapids CedarRapids
