Hayward Shreveport Seaside Elkhart Seaside CapeCoral Huntsville ThousandOaks Tucson NewYork Monroe Escondido Independence RoundLakeBeach Independence Columbus Anaheim Trenton Louisville Trenton OverlandPark Youngstown Pueblo SanBernardino PembrokePines LasVegas Stamford Marysville Stamford OverlandPark Anchorage Norwich SanBuenaventura Hemet PuntaGorda HavredeGrace Burlington Downey Topeka Henderson NewYorkCity Omaha Champaign SterlingHeights Springfield Spartanburg Springfield SterlingHeights NorthLasVegas SterlingHeights Boston Hialeah Marina PortArthur Marina NewportNews SimiValley Aberdeen SantaClara VeroBeach PembrokePines VeroBeach PalmBay CorpusChristi StPaul Savannah Lacey Paterson Fullerton Duluth GreenBay Duluth SaintPaul GrandRapids Vancouver Wilmington Arvada Tyler Arvada Tyler Nashua Orem Lubbock Melbourne Torrance Newburgh Waterbury Hayward
54
Elkhart McAllen Modesto Elkhart
CapeCoral CapeCoral Bloomington
ThousandOaks ThousandOaks Olympia Huntsville
Tucson Tucson Deltona
Escondido Mesquite StLouis Monroe
Independence Cincinnati
RoundLakeBeach RoundLakeBeach Kalamazoo
Columbus Columbus SiouxFalls
Anaheim Eugene Anaheim
Louisville Louisville
Youngstown Barnstable Hagerstown Bakersfield
Pueblo Pueblo
LasVegas LasVegas
Stamford Stamford
Marysville Layton Boise Marysville
OverlandPark Greenville OverlandPark
Anchorage Utica Anchorage Fresno
Norwich Norwich
SanBuenaventura SanBuenaventura Oxnard
Hemet PuntaGorda Hemet Mobile
HavredeGrace JohnsonCity HavredeGrace
Downey Salem Downey Burlington
Topeka Topeka
Henderson Henderson NewYorkCity
Omaha Omaha Scottsdale
Champaign Charlotte Champaign York
Springfield Harlingen
Spartanburg LakeCharles Spartanburg
NorthLasVegas NorthLasVegas Hartford
Hialeah Albuquerque Hialeah
Marina Marina Frederick Kissimmee
PortArthur RichmondCounty
NewportNews NewportNews
Aberdeen Aberdeen
SantaClara SantaClara
PembrokePines Racine
PalmBay PalmBay
CorpusChristi CorpusChristi
StPaul CathedralCity Ogden
Savannah Savannah
Lacey Lacey
Fullerton Flint Fullerton Plano
Duluth Duluth Detroit
GreenBay Laredo GreenBay
SaintPaul ElPaso SaintPaul
GrandRapids GrandRapids
Vancouver Vancouver
Tyler Tyler Nashua
Arvada Arvada Scranton HuntingtonBeach
Orem Bethlehem NewBedford
Lubbock Birmingham Lubbock Newark
Torrance Torrance Melbourne
Newburgh Newburgh
Waterbury Waterbury
