AndyandZeyu f6 g6 AndyandZeyu f0 h0 i0 AndyandZeyu0 g0 j0 AndyandZeyu f i j c AndyandZeyu j8 f8 AndyandZeyu f3 j3 g3 h3 AndyandZeyu j2 f2 h2 i2 c2 g2 AndyandZeyu g4 h4 i4 f4 AndyandZeyu AndyandZeyu7 j6 i7 g7 h7 b7 f7 AndyandZeyu h AndyandZeyu g1 h1 b1 AndyandZeyu h5 j4 f5 i5 e5 AndyandZeyu
40
AndyandZeyu j1 i6 i8
f6 f6
g6 j5 g6 h6
f0 f0
h0 h0
i0 i0
g0 g0
j0 j0
f f
i i
j g j
j8 j7 j8
f8 f8 g8 h8
f3 f3
j3 j3
g3 g3 i3
h3 h3
j2 j2
f2 f2
h2 h2
i2 i2
g2 g2
g4 g4
h4 h4
i4 i4
f4 f4
j6 j6
i7 i7
g7 g7
h7 h7
f7 f7
h h
g1 g1
h1 h1 i1
b1 f1
h5 h5
j4 j4
f5 f5
i5 i5
e5 g5
