AndyandZeyu f0 j0 AndyandZeyu i15 j14 h15 AndyandZeyu f j g AndyandZeyu g13 f13 j13 AndyandZeyu b4 AndyandZeyu i10 j9 h10 AndyandZeyu i5 j4 h5 e5 AndyandZeyu g16 f16 AndyandZeyu f2 j2 g2 AndyandZeyu h1 AndyandZeyu f14 i14 b14 AndyandZeyu f7 AndyandZeyu i18 AndyandZeyu i17 g17 j16 AndyandZeyu17 AndyandZeyu AndyandZeyu12 j11 c12 h12 g12 i12 AndyandZeyu i7 g7 j6 AndyandZeyu7 AndyandZeyu f3 g3 i3 AndyandZeyu j8 f8 AndyandZeyu f18 j18 AndyandZeyu h11 g11 f11 AndyandZeyu g9 AndyandZeyu i13 AndyandZeyu f6 j5 g6 h6 AndyandZeyu
56
AndyandZeyu h g1 j1 f4 g4 i6 i8 f9 i9 i11 f12 g14 i16 f17
f0 f0 g0 h0 i0
j0 j0
i15 i15
j14 j14 f15
h15 g15 h15
f f
j i j
g g
g13 g13
f13 f13 h13
j13 j12 j13
b4 h4 i4
i10 i10
j9 j9 f10
h10 g10 h10
i5 i5
j4 j4 f5
h5 h5
e5 g5
g16 j15 g16 h16
f16 f16
f2 f2 h2 i2
j2 j2
g2 g2
h1 f1 h1 i1
f14 f14
i14 h14 i14
f7 f7
i18 i18
i17 i17
g17 g17 h17
j16 j16
j11 j11
h12 h12
g12 g12
i12 i12
i7 i7
g7 g7 h7
j6 j6
f3 f3
g3 g3 h3 j3
i3 i3
j8 j7 j8
f8 f8 g8 h8
f18 f18 g18 h18
j18 j17 j18
h11 h11
g11 j10 g11
f11 f11
g9 g9 h9
i13 i13
f6 f6
j5 j5
g6 g6
h6 h6
