A TA312NN TA812NN TA2212NN TA91 TA111 TA20 TA2 TA18 TA10 TA182N TA212NN TA2112NN TA1712NN TA152N TA112NN TA2012NN TA4 TA231 TA1612NN TA712NN TA102N TA6 TA412NN TA82N TA232N TA1312NN TA81 TA1212NN TA242N TA221 TA11 TA61 TA23 TA141 TA51 TA1112NN TA41 TA TA112N TA19 TA12NN TA132N TA9 TA1012NN TA171 TA12N TA72N TA8 TA151 TA202N TA22 TA16 TA912NN TA1512NN TA15 TA3 TA24 TA17 TA12 TA512NN TA201 TA1412NN TA142N TA71 TB11 TA211 TA161 TA5 TA101 TA14 TA42N TA32N TA2N TB1 TA52N TA62N TA22N TA7 TA172N TA21 TA1 TA92N TA191 TA181 TB21 TA121 TA612NN TA212N TA122N TA31 TA162N TA2312NN TA1812NN TA241 TA222N TA131 TA192N A
98
A TA1912NN TA2412NN
TA312NN TA13 TA312NN
TA812NN TA812NN
TA2212NN TA2212NN
TA91 TA91
TA111 TA111
TA20 TA20
TA2 TA2
TA18 TA18
TA10 TA10
TA182N TA182N
TA212NN TA212NN
TA2112NN TA2112NN
TA1712NN TA1712NN
TA152N TA152N
TA112NN TA112NN
TA2012NN TA2012NN
TA4 TA4
TA231 TA231
TA1612NN TA1612NN
TA712NN TA712NN
TA102N TA102N
TA6 TA6
TA412NN TA412NN
TA82N TA82N
TA232N TA232N
TA1312NN TA1312NN
TA81 TA81
TA1212NN TA1212NN
TA242N TA242N
TA221 TA221
TA11 TA11
TA61 TA61
TA23 TA23
TA141 TA141
TA51 TA51
TA1112NN TA1112NN
TA41 TA41
TA TA
TA112N TA112N
TA19 TA19
TA12NN TA12NN
TA132N TA132N
TA9 TA9
TA1012NN TA1012NN
TA171 TA171
TA12N TA12N
TA72N TA72N
TA8 TA8
TA151 TA151
TA202N TA202N
TA22 TA22
TA16 TA16
TA912NN TA912NN
TA1512NN TA1512NN
TA15 TA15
TA3 TA3
TA24 TA24
TA17 TA17
TA12 TA12
TA512NN TA512NN
TA201 TA201
TA1412NN TA1412NN
TA142N TA142N
TA71 TA71
TB11 TB11
TA211 TA211
TA161 TA161
TA5 TA5
TA101 TA101
TA14 TA14
TA42N TA42N
TA32N TA32N
TA2N TA2N
TB1 TB1
TA52N TA52N
TA62N TA62N
TA22N TA22N
TA7 TA7
TA172N TA172N
TA21 TA21
TA1 TA1
TA92N TA92N
TA191 TA191
TA181 TA181
TB21 TB21
TA121 TA121
TA612NN TA612NN
TA212N TA212N
TA122N TA122N
TA31 TA31
TA162N TA162N
TA2312NN TA2312NN
TA1812NN TA1812NN
TA241 TA241
TA222N TA222N
TA131 TA131
TA192N TA192N
