A TA19 TA51 TA TA171 TA101 TA9 TA211 TA241 TA91 TA10 TA21 TA41 TA20 TA14 TA12 TA121 TA151 TA23 TA13 TA191 TA1 TA8 TA6 TA221 TA18 TA141 TA181 TA201 TA231 TA17 TA111 TA4 TA71 TA7 TA15 TA2 TA31 TA81 TA11 TA16 TA24 TA22 TA3 TB1 TA161 TA131 TA61 TB11 TA5 A
49
TA19 TA19 TB21
TA51 TA51
TA TA
TA171 TA171
TA101 TA101
TA9 TA9
TA211 TA211
TA241 TA241
TA91 TA91
TA10 TA10
TA21 TA21
TA41 TA41
TA20 TA20
TA14 TA14
TA12 TA12
TA121 TA121
TA151 TA151
TA23 TA23
TA13 TA13
TA191 TA191
TA1 TA1
TA8 TA8
TA6 TA6
TA221 TA221
TA18 TA18
TA141 TA141
TA181 TA181
TA201 TA201
TA231 TA231
TA17 TA17
TA111 TA111
TA4 TA4
TA71 TA71
TA7 TA7
TA15 TA15
TA2 TA2
TA31 TA31
TA81 TA81
TA11 TA11
TA16 TA16
TA24 TA24
TA22 TA22
TA3 TA3
TB1 TB1
TA161 TA161
TA131 TA131
TA61 TA61
TB11 TB11
TA5 TA5
