1efe0a 8035d3 c845ed 390b11 8903f8 444533 bd00fb 640320 bf356c 1aedf0 6d8fd3 909532 444f08 c0df7c ff448b 75b2ff ccf3af 1cb432 22f6f5 fc6ab6 ef9cce 1c3716 525361 e758e6 20ec85 9e3235 8035d3 70d79e 76bb8e 9b8a2b 770b7a 1efe0a
26
8035d3 8035d3
c845ed de59c9 b9fcab c845ed
390b11 390b11
8903f8 8903f8
444533 444533
bd00fb bd00fb 3c1987
640320 640320
bf356c bf356c
1aedf0 1aedf0 363906 6d606b
6d8fd3 6d8fd3 bb4650
909532 909532 5b1cb0
444f08 a3ccd4 444f08 d1ae8e
c0df7c e17800 c0df7c
ff448b 22b74c e99176 ff448b
75b2ff 75b2ff
ccf3af ccf3af efb6f6
22f6f5 22f6f5 83454a
fc6ab6 d4f94d fc6ab6
ef9cce ef9cce
1c3716 1c3716 ae5d4a 98b7f9
e758e6 e758e6 940b78 525361
20ec85 20ec85
9e3235 ab6081 9e3235 bf7494 518f91
76bb8e 76bb8e
9b8a2b a4f7ab d36b6f
770b7a 194181 770b7a
