MfdzFvsdGbvl VARFNCcqfgIc VyXrTLUcizAa UVLyMXgqTFaJ axLiuEEXvnsQ arcJTkwUqbUy TbekQRoKcInv EoEdLMroSPNp MLnLJmQHwuOS noaMakAlHdwq pQCFwcmaYfTN rrRAqFcoDYfk pkzKsTORVYro buqjmAINqGzN BkcPMTugAswL mtRsLIzrlNLu DvRTDyBMOCbT DFscNnuMhxUC GKWfMfVZxbJi NlmuUUVQUbgI QHpWWcCYavdw IHnRSACwPeSd hLGIbMiwjPgd MkUBuIisCVpZ SgyAcloZDNJV mFYKjQfCsRtT deJmWrylVSGK QifLRRQkbeZy MOpktZzuQRCH jBrNTBMPxyQD FCrKCfVsEsBk PUcvIgREsriS hCxjbMrSlUJQ PvZWLvSzyZfH AMizjBPjmCZd ymJllvoAiAsf SojgLCNtJNvq ZjfLZjjegWJT GemeldahvdVv uFHfCerNFIme tywOQDwDhjwZ plKUVNXwKfVb PnbamVANEguC AGbRQRBgaOdX dDFWxTbuPymh PQTqeEtJjrHq rVqgoVgUmLRB GuSSYBNHDbKE RICmsRCgzRsB MfdzFvsdGbvl
49
MfdzFvsdGbvl BbyhqvohDUZK
VARFNCcqfgIc VARFNCcqfgIc
VyXrTLUcizAa VyXrTLUcizAa
UVLyMXgqTFaJ UVLyMXgqTFaJ
axLiuEEXvnsQ axLiuEEXvnsQ
arcJTkwUqbUy arcJTkwUqbUy
TbekQRoKcInv TbekQRoKcInv
EoEdLMroSPNp EoEdLMroSPNp
MLnLJmQHwuOS MLnLJmQHwuOS
noaMakAlHdwq noaMakAlHdwq
pQCFwcmaYfTN pQCFwcmaYfTN
rrRAqFcoDYfk rrRAqFcoDYfk
pkzKsTORVYro pkzKsTORVYro
buqjmAINqGzN buqjmAINqGzN
BkcPMTugAswL BkcPMTugAswL
mtRsLIzrlNLu mtRsLIzrlNLu
DvRTDyBMOCbT DvRTDyBMOCbT
DFscNnuMhxUC DFscNnuMhxUC
GKWfMfVZxbJi GKWfMfVZxbJi
NlmuUUVQUbgI NlmuUUVQUbgI
QHpWWcCYavdw QHpWWcCYavdw
IHnRSACwPeSd IHnRSACwPeSd
hLGIbMiwjPgd hLGIbMiwjPgd
MkUBuIisCVpZ MkUBuIisCVpZ
SgyAcloZDNJV SgyAcloZDNJV
mFYKjQfCsRtT mFYKjQfCsRtT
deJmWrylVSGK deJmWrylVSGK
QifLRRQkbeZy QifLRRQkbeZy dFUHctNjrywb
MOpktZzuQRCH MOpktZzuQRCH
jBrNTBMPxyQD jBrNTBMPxyQD
FCrKCfVsEsBk FCrKCfVsEsBk
PUcvIgREsriS PUcvIgREsriS
hCxjbMrSlUJQ hCxjbMrSlUJQ
PvZWLvSzyZfH PvZWLvSzyZfH
AMizjBPjmCZd AMizjBPjmCZd
ymJllvoAiAsf ymJllvoAiAsf
SojgLCNtJNvq SojgLCNtJNvq
ZjfLZjjegWJT ZjfLZjjegWJT
GemeldahvdVv GemeldahvdVv
uFHfCerNFIme uFHfCerNFIme
tywOQDwDhjwZ tywOQDwDhjwZ
plKUVNXwKfVb plKUVNXwKfVb
PnbamVANEguC PnbamVANEguC
AGbRQRBgaOdX AGbRQRBgaOdX
dDFWxTbuPymh dDFWxTbuPymh
PQTqeEtJjrHq PQTqeEtJjrHq
rVqgoVgUmLRB rVqgoVgUmLRB
GuSSYBNHDbKE GuSSYBNHDbKE
RICmsRCgzRsB RICmsRCgzRsB
