MHnVCXOJJwOI RWoTZCNhceUR cXYRsTNMJDHO SPoMbAzxrqrj KKNtdnAHmUpc AZrILCuGwbtV YfpLHnDpSXzc ltlOmMSvjmIL GoPPViXuIoMW PCNGxUSnzrYJ JCPkGQQBkgge svpVoYHpEpjH crcFIKqbaYTC GLfJulJDWdHA SJPfUQrbAbqM jmWqilJNXyuV oClepMbylsqk NkzUoyRYPnbb FhVNapbaoZOZ phTlHtTwrYOU bVDkAfQbeTmx YbGvPudTcbyh ilCjMogPnNTK NmmqQKqzdERM MlFqcqjWiUdI MHnVCXOJJwOI
25
MHnVCXOJJwOI UvfnFwkwYqFk
RWoTZCNhceUR RWoTZCNhceUR
cXYRsTNMJDHO cXYRsTNMJDHO
SPoMbAzxrqrj SPoMbAzxrqrj
KKNtdnAHmUpc KKNtdnAHmUpc
AZrILCuGwbtV AZrILCuGwbtV
YfpLHnDpSXzc YfpLHnDpSXzc
ltlOmMSvjmIL ltlOmMSvjmIL
GoPPViXuIoMW GoPPViXuIoMW
PCNGxUSnzrYJ PCNGxUSnzrYJ
JCPkGQQBkgge JCPkGQQBkgge
svpVoYHpEpjH svpVoYHpEpjH
crcFIKqbaYTC crcFIKqbaYTC
GLfJulJDWdHA GLfJulJDWdHA
SJPfUQrbAbqM SJPfUQrbAbqM
jmWqilJNXyuV jmWqilJNXyuV
oClepMbylsqk oClepMbylsqk
NkzUoyRYPnbb NkzUoyRYPnbb
FhVNapbaoZOZ FhVNapbaoZOZ
phTlHtTwrYOU phTlHtTwrYOU
bVDkAfQbeTmx bVDkAfQbeTmx
YbGvPudTcbyh YbGvPudTcbyh
ilCjMogPnNTK ilCjMogPnNTK
NmmqQKqzdERM NmmqQKqzdERM
MlFqcqjWiUdI MlFqcqjWiUdI
