IvOdahrtFwzZ qlMzHEurfTvO zypYDSZfKAvD YGzazHdyrGCd ybLCwZqVZKud quZcTYtpBjSn NxxrxPgsnMqG sTgUExIipvWV TZmWJenJbEsV sFSBpaJxLpBT DiKlonktcqTP oOIjuHJcVRiV aSpDrTbKBytW AoaIXEzdsCrm wHeDieHMYzAK WRiugWLCujBI ypApeqMQPnQA TTwdgXpOLyxF zCWezcJmUGqs NMSHhfMtAJZb LNoKVqXhLEzn JNoAmCxHcsYw gJMLzBkWmUoV cpNycWVdmzHJ xXoCKkdkKAne EwXugPkGUVkm ZPYnROAizafx UYTxhnOtiPHB QZQElPdcHxru KtoZVrQmJWki tARvBeqQDqSY HEwqlaeMfSzl WHSGrQQrrotE gXcuqckdTdIP WUqhotrexTBp PKHkuTHeRXhO ocysUjOwnenm aXlcDzbXwAJW UGahWpWtmUQn lRgeGnDJBtMa evRMhyiHKGXv jXOmYlZmvqnI yFQWQWtUUMle touUfboeiIya AQgpWBullbIi PFpQuVVRxbvV lznMKRYSMheH IcNVObbuvzWY ctZWqndwhbJm hPSXtHMMyKAK cRekprdsHHWw nyTRNDRCsANl AhJBAeSEuUkL mvdksSctoMVi ppfBOAvWYXyJ vkOqMvrCUWYf GvyjKkGcUdcI QFfSmYtuSTPl WnABnktZDxMx fblrDraNAUxK EKWhDcEeEkGK IfTQNEFsiTgr zcAOlsVDUDkc wXjNgGRCXYRl YvLRANdegrdA WsLfQLsirtHk FkNlSGMBOUbz oKIKkmsSWzmH QDhUZstsJKtV nlzJUuBrsbXD dXlgwkdKhUmB nxbMBCPhfQij uzYTzVwixczQ qFGlIHDqKyPA HVwGkspnDHbf gkTmCiZxFrJw RGYiIUdVAiVL pjemGRILnFei mZUBOQTZyXOM XwPJYwaGcHxO RQBxIsRWzmfl yVSfaizVeLPT mgKEFEWheOqk cQFNlImsTWTM yHOsEGOhjOLt sFSBpaJxLpBT TglqUXfjbefC OIjApACwnyqG QxNjgiXciQma nKmMbiEuiffc jXgKDXnEJsra WWtfhwMSzfGW nschEYWjrAsr EOKLHvbbCToE ubtvaUeVUfmV IvOdahrtFwzZ
93
qlMzHEurfTvO qlMzHEurfTvO
zypYDSZfKAvD zypYDSZfKAvD
YGzazHdyrGCd YGzazHdyrGCd
ybLCwZqVZKud ybLCwZqVZKud
quZcTYtpBjSn quZcTYtpBjSn
NxxrxPgsnMqG NxxrxPgsnMqG
sTgUExIipvWV SKbQkQUhqQEt sTgUExIipvWV
TZmWJenJbEsV TZmWJenJbEsV
DiKlonktcqTP DiKlonktcqTP
oOIjuHJcVRiV oOIjuHJcVRiV
aSpDrTbKBytW aSpDrTbKBytW
AoaIXEzdsCrm AoaIXEzdsCrm
wHeDieHMYzAK wHeDieHMYzAK
WRiugWLCujBI WRiugWLCujBI
ypApeqMQPnQA ypApeqMQPnQA
TTwdgXpOLyxF TTwdgXpOLyxF
zCWezcJmUGqs zCWezcJmUGqs
NMSHhfMtAJZb NMSHhfMtAJZb
LNoKVqXhLEzn LNoKVqXhLEzn
JNoAmCxHcsYw JNoAmCxHcsYw
gJMLzBkWmUoV gJMLzBkWmUoV
cpNycWVdmzHJ cpNycWVdmzHJ
xXoCKkdkKAne xXoCKkdkKAne hLCSOZLNEdhX
EwXugPkGUVkm EwXugPkGUVkm
ZPYnROAizafx ZPYnROAizafx
UYTxhnOtiPHB zOkfhFVfOKVi UYTxhnOtiPHB
QZQElPdcHxru QZQElPdcHxru
KtoZVrQmJWki KtoZVrQmJWki
tARvBeqQDqSY fiHhqLtPfdZy tARvBeqQDqSY
HEwqlaeMfSzl HEwqlaeMfSzl
WHSGrQQrrotE WHSGrQQrrotE
gXcuqckdTdIP gXcuqckdTdIP
WUqhotrexTBp WUqhotrexTBp
PKHkuTHeRXhO PKHkuTHeRXhO
ocysUjOwnenm ocysUjOwnenm
aXlcDzbXwAJW aXlcDzbXwAJW
UGahWpWtmUQn UGahWpWtmUQn
lRgeGnDJBtMa lRgeGnDJBtMa
evRMhyiHKGXv evRMhyiHKGXv
jXOmYlZmvqnI jXOmYlZmvqnI
yFQWQWtUUMle yFQWQWtUUMle
touUfboeiIya touUfboeiIya
AQgpWBullbIi AQgpWBullbIi
PFpQuVVRxbvV PFpQuVVRxbvV
lznMKRYSMheH lznMKRYSMheH
IcNVObbuvzWY IcNVObbuvzWY
ctZWqndwhbJm ctZWqndwhbJm
hPSXtHMMyKAK hPSXtHMMyKAK
cRekprdsHHWw cRekprdsHHWw
nyTRNDRCsANl nyTRNDRCsANl
AhJBAeSEuUkL AhJBAeSEuUkL
mvdksSctoMVi mvdksSctoMVi
ppfBOAvWYXyJ ppfBOAvWYXyJ
vkOqMvrCUWYf vkOqMvrCUWYf
GvyjKkGcUdcI GvyjKkGcUdcI
QFfSmYtuSTPl QFfSmYtuSTPl
WnABnktZDxMx WnABnktZDxMx
fblrDraNAUxK fblrDraNAUxK
EKWhDcEeEkGK EKWhDcEeEkGK
IfTQNEFsiTgr IfTQNEFsiTgr
zcAOlsVDUDkc zcAOlsVDUDkc
wXjNgGRCXYRl wXjNgGRCXYRl
YvLRANdegrdA qxhFFIUEfnzV YvLRANdegrdA
WsLfQLsirtHk WsLfQLsirtHk
FkNlSGMBOUbz FkNlSGMBOUbz
oKIKkmsSWzmH oKIKkmsSWzmH
QDhUZstsJKtV QDhUZstsJKtV
nlzJUuBrsbXD nlzJUuBrsbXD
dXlgwkdKhUmB dXlgwkdKhUmB
nxbMBCPhfQij nxbMBCPhfQij
uzYTzVwixczQ uzYTzVwixczQ
qFGlIHDqKyPA qFGlIHDqKyPA
HVwGkspnDHbf HVwGkspnDHbf
gkTmCiZxFrJw gkTmCiZxFrJw
RGYiIUdVAiVL RGYiIUdVAiVL
pjemGRILnFei pjemGRILnFei
mZUBOQTZyXOM mZUBOQTZyXOM
XwPJYwaGcHxO XwPJYwaGcHxO
RQBxIsRWzmfl RQBxIsRWzmfl
yVSfaizVeLPT yVSfaizVeLPT
mgKEFEWheOqk mgKEFEWheOqk
cQFNlImsTWTM cQFNlImsTWTM
yHOsEGOhjOLt IQvKLYGCcCbd yHOsEGOhjOLt JpwDMOwQmqOp
sFSBpaJxLpBT sFSBpaJxLpBT
TglqUXfjbefC TglqUXfjbefC
OIjApACwnyqG OIjApACwnyqG
QxNjgiXciQma QxNjgiXciQma
nKmMbiEuiffc nKmMbiEuiffc
jXgKDXnEJsra jXgKDXnEJsra
WWtfhwMSzfGW WWtfhwMSzfGW
nschEYWjrAsr nschEYWjrAsr
EOKLHvbbCToE EOKLHvbbCToE
ubtvaUeVUfmV ubtvaUeVUfmV
