IvOdahrtFwzZ QFfSmYtuSTPl RQBxIsRWzmfl zcAOlsVDUDkc xogpFjQUGEgg ZPYnROAizafx xXoCKkdkKAne nyTRNDRCsANl aXlcDzbXwAJW gXcuqckdTdIP ZPYnROAizafx evRMhyiHKGXv sTgUExIipvWV EOKLHvbbCToE ZPYnROAizafx oKIKkmsSWzmH aSpDrTbKBytW fiHhqLtPfdZy HVwGkspnDHbf jXfRZxvlYeVi RPXFDLrswDGU evYbQMSKanfJ ZPYnROAizafx EwXugPkGUVkm uaSeXTkrhIdS IvOdahrtFwzZ
22
IvOdahrtFwzZ zOkfhFVfOKVi WUqhotrexTBp fblrDraNAUxK nKmMbiEuiffc yVSfaizVeLPT zCWezcJmUGqs
QFfSmYtuSTPl GvyjKkGcUdcI IfTQNEFsiTgr AoaIXEzdsCrm TTwdgXpOLyxF QFfSmYtuSTPl
RQBxIsRWzmfl RQBxIsRWzmfl KtoZVrQmJWki pjemGRILnFei
zcAOlsVDUDkc WRiugWLCujBI zcAOlsVDUDkc mvdksSctoMVi qlMzHEurfTvO hPSXtHMMyKAK
xogpFjQUGEgg jXOmYlZmvqnI UGahWpWtmUQn IQvKLYGCcCbd HEwqlaeMfSzl quZcTYtpBjSn AQgpWBullbIi mZUBOQTZyXOM
ZPYnROAizafx TZmWJenJbEsV sFSBpaJxLpBT ZPYnROAizafx
xXoCKkdkKAne QDhUZstsJKtV xXoCKkdkKAne cpNycWVdmzHJ hLCSOZLNEdhX gJMLzBkWmUoV QxNjgiXciQma
nyTRNDRCsANl lRgeGnDJBtMa ctZWqndwhbJm YGzazHdyrGCd nyTRNDRCsANl JNoAmCxHcsYw cRekprdsHHWw
aXlcDzbXwAJW ocysUjOwnenm IcNVObbuvzWY AhJBAeSEuUkL aXlcDzbXwAJW FkNlSGMBOUbz
gXcuqckdTdIP gXcuqckdTdIP WWtfhwMSzfGW
evRMhyiHKGXv evRMhyiHKGXv WnABnktZDxMx
sTgUExIipvWV zypYDSZfKAvD PFpQuVVRxbvV RGYiIUdVAiVL SKbQkQUhqQEt sTgUExIipvWV LNoKVqXhLEzn OIjApACwnyqG
EOKLHvbbCToE ybLCwZqVZKud NxxrxPgsnMqG nschEYWjrAsr EOKLHvbbCToE yHOsEGOhjOLt wXjNgGRCXYRl dXlgwkdKhUmB
oKIKkmsSWzmH ubtvaUeVUfmV oKIKkmsSWzmH EKWhDcEeEkGK wHeDieHMYzAK nxbMBCPhfQij
aSpDrTbKBytW ypApeqMQPnQA JpwDMOwQmqOp oOIjuHJcVRiV aSpDrTbKBytW
fiHhqLtPfdZy fiHhqLtPfdZy WsLfQLsirtHk vkOqMvrCUWYf PKHkuTHeRXhO tARvBeqQDqSY
HVwGkspnDHbf cQFNlImsTWTM qFGlIHDqKyPA HVwGkspnDHbf
jXfRZxvlYeVi gkTmCiZxFrJw XwPJYwaGcHxO mgKEFEWheOqk uzYTzVwixczQ
RPXFDLrswDGU nlzJUuBrsbXD TglqUXfjbefC jXgKDXnEJsra QZQElPdcHxru DiKlonktcqTP
evYbQMSKanfJ touUfboeiIya WHSGrQQrrotE NMSHhfMtAJZb yFQWQWtUUMle
EwXugPkGUVkm ppfBOAvWYXyJ EwXugPkGUVkm
uaSeXTkrhIdS qxhFFIUEfnzV lznMKRYSMheH UYTxhnOtiPHB YvLRANdegrdA
