5 185 20 137 102 197 83 157 117 164 124 53 100 55 159 91 168 69 27 196 103 149 106 108 147 198 112 35 115 78 46 92 82 16 58 50 1 184 93 66 8 97 79 170 188 89 42 190 5
46
5 182
185 185
20 20
137 130 137
102 122 102
197 197
83 83
157 157
117 117
164 164
124 124
100 100
55 55
159 159
91 91
168 168
69 69
27 27
196 196
103 103
149 149 38
106 106
108 108
147 147
198 198
112 112
35 35
115 115
78 78
46 46
92 92
82 82
16 16
58 58
50 50
1 1
93 93
66 177 66
8 8
97 97
79 79
170 170
188 188
89 89
42 42
190 190
