0 59 73 9 55 13 197 144 6 2 38 168 109 45 91 116 87 135 60 101 97 11 136 132 118 132 26 18 171 89 106 19 95 123 12 184 27 172 17 158 50 173 51 79 51 1 188 10 151 67 151 36 49 156 71 21 147 191 65 0
40
59 73 142 59
9 152 9 40 198
55 160 55 66
197 155 23
6 6 35 42 144
38 150 38
168 22 168
109 162 189 109
91 91 75
87 87 157
135 164 135
60 80 110 60
101 101 68 15
11 129 136 105 11
132 122
118 16 118
26 26 61
18 18 171 25
89 89
106 193 161 56
19 5
95 123 95 30
12 12 62
184 138 184
27 27 39
172 172
17 17
158 158 104
50 50 108 83 187 141
173 173 140 96 7
79 79 196 102
1 1 179 163
10 119 145 10 130
67 178 31 67
151 34 151
36 36
49 124 156 49
71 71 24 93
21 147 21
191 111 194
