a0 a101 a99 a130 a49 a76 a120 a16 a149 a184 a59 a159 a31 a164 a165 a138 a82 a22 a58 a85 a77 a124 a168 a55 a83 a173 a7 a145 a18 a189 a177 a87 a151 a167 a43 a183 a196 a33 a79 a108 a37 a160 a198 a11 a60 a25 a192 a126 a155 a27 a105 a17 a40 a121 a78 a93 a41 a8 a107 a0
58
a0 a10 a68
a101 a101
a99 a99 a46 a195
a130 a130
a49 a178 a49
a76 a45
a120 a80 a120 a32 a140
a16 a16 a163
a149 a149 a50
a59 a59 a102
a159 a134 a159 a144
a31 a31
a164 a38
a165 a165 a75 a53 a104
a138 a138
a82 a82
a22 a22
a58 a58
a85 a85
a77 a131 a154 a77
a124 a124
a168 a56 a168 a153
a55 a55
a83 a83 a133
a173 a173
a7 a7 a88
a145 a158 a145 a142
a18 a96
a189 a29
a177 a177 a28
a87 a87 a175
a151 a151
a167 a94
a43 a43
a183 a183
a196 a42 a196
a33 a33 a129
a79 a79 a6
a108 a14 a185 a108
a37 a103 a37
a160 a160 a98
a198 a57 a161 a198
a11 a44 a186 a11
a60 a60
a25 a25
a192 a192
a126 a126
a155 a155
a27 a27
a105 a63
a17 a157 a17
a40 a172
a121 a121
a78 a78
a93 a93 a180
a41 a3 a21 a156 a135 a41
a8 a8
a107 a107
