ssp100 25 4 2 3 18 19 20 19 20 19 16 18 23 18 23 27 37 32 49 43 34 30 33 27 55 28 46 37 56 27 71 63 71 86 71 63 59 62 68 81 68 80 68 62 69 62 59 62 69 62 69 62 68 80 68 62 69 82 69 62 68 62 59 63 71 27 92 27 42 51 36 49 32 34 27 42 27 44 27 23 3 2 3 8 11 8 10 8 10 8 10 8 3 2 4 25 ssp100
28
4 4
2 1 2
3 24
18 15
19 22
20 20 21
16 12
27 27 88 90 98 93 94 95 96
37 37
32 45
49 49
43 43 53
34 35
33 33
55 55
28 41
56 56
59 64 73 59 65 79 74
68 68
81 81
82 82
92 92 97 99
42 31 39 47
51 51
36 29
8 9
11 11
10 10
