SabrinaSiriPrince50 X8iWp cRUJh DrLs7 4MOkB yJVF4 9HL6t DrLs7 SVxWg nbohZ d2ZYh SVxWg cRUJh duKKu 11x30 OSLHQ EZqNK WcEcU 11x30 YgbLl Wutnl 5X0EW vmJdf YgbLl duKKu X8iWp aHwNY UBrR9 plb6L Ms6jj 0kSSC H8qqB 52PwN UBrR9 aHwNY M7N2p SabrinaSiriPrince50
19
4MOkB 4MOkB
yJVF4 yJVF4
9HL6t 9HL6t
nbohZ nbohZ
d2ZYh d2ZYh
OSLHQ OSLHQ
EZqNK EZqNK
WcEcU WcEcU
Wutnl Wutnl
5X0EW 5X0EW
vmJdf vmJdf
plb6L plb6L
Ms6jj Ms6jj
0kSSC 0kSSC
H8qqB H8qqB
52PwN 52PwN
UBrR9 UBrR9
aHwNY aHwNY
M7N2p V7iEC Bjd2k cwf5o nMJpi nannc rFWcq i3qsm
