ssp200 13 10 2 8 6 8 2 181 182 187 183 184 185 186 188 182 181 17 22 18 19 20 21 23 17 181 182 194 182 181 77 82 78 79 80 81 83 77 89 77 87 77 181 167 172 168 169 170 171 173 167 181 47 52 48 52 47 181 167 177 167 179 167 181 2 14 2 181 107 119 107 112 108 109 110 111 113 107 181 152 157 153 154 155 156 158 152 164 152 181 92 98 96 95 94 93 97 92 104 92 181 62 72 62 74 62 67 63 64 65 66 68 62 181 137 142 138 139 140 141 143 137 149 137 181 32 37 33 34 35 36 38 32 44 32 181 122 134 135 134 122 127 123 124 125 126 128 122 181 2 7 2 10 13 ssp200
63
6 5 6
2 11
183 183
184 184
185 185
186 186
182 191
18 18
19 19
20 20 21
17 26 29 30
194 194 195
78 78 79
80 80
81 81
89 89 90
87 86
168 168
169 169
170 170
171 171
48 48 49 50
47 51 56 59 60
177 176
179 179 180
14 14 15
119 119 120
107 116
109 108 109
110 110
111 111
152 161
153 153
154 154
155 155
156 156
164 164 165
96 95 96
93 93 94
92 101
104 104 105
72 71
74 74 75
63 63
64 64 65
68 66
137 146
138 138
139 139
140 140
141 141
149 149 150
33 33 34
35 35
36 36
44 44 45
32 41
134 134
135 135
122 131
123 123
125 124 125 126
7 3 4
