1 53 101 41 93 119 123 63 57 129 23 27 25 29 67 115 13 103 135 143 55 35 141 37 19 147 97 75 95 121 21 125 83 81 69 145 111 33 59 89 51 17 107 85 91 45 61 117 139 87 31 73 3 11 43 65 131 39 47 79 109 105 149 71 133 113 127 9 77 5 7 1
71
1 1 15
53 49 53 99
101 101 137
41 41
93 93
119 119
123 123
63 63
57 57
129 129
23 23
27 27
25 25
29 29
67 67
115 115
13 13
103 103
135 135
143 143
55 55
35 35
141 141
37 37
19 19
147 147
97 97
75 75
95 95
121 121
21 21
125 125
83 83
81 81
69 69
145 145
111 111
33 33
59 59
89 89
51 51
17 17
107 107
85 85
91 91
45 45
61 61
117 117
139 139
87 87
31 31
73 73
3 3
11 11
43 43
65 65
131 131
39 39
47 47
79 79
109 109
105 105
149 149
71 71
133 133
113 113
127 127
9 9
77 77
5 5
7 7
