Austin Patrick Hannah Elizabeth Janet Sara April Melinda Victoria Joshua Jamie Jordan Robert Danielle John Ralph Michael Edward Garrett Alex Rhonda Rachel Donald Debra Scott Amy Maxwell Elaine Eugene Mariah Ashley Dennis Walter Paige Juan Cassandra Jennifer Jeanette Kyle Melissa Daniel Robin Monique Kari Steven Gina Paul Sean Austin
47
Patrick Patrick
Hannah Hannah
Elizabeth Elizabeth
Janet Janet
Sara Sara
April April
Melinda Melinda
Victoria Victoria
Joshua Joshua
Jamie Jamie
Jordan Glenda Jordan
Robert Robert
Danielle Danielle
John John
Ralph Ralph
Michael Michael
Edward Edward
Garrett Garrett
Alex Alex
Rhonda Rhonda
Rachel Rachel
Donald Donald
Debra Debra
Scott Scott
Amy Amy
Maxwell Maxwell
Elaine Elaine
Eugene Eugene
Mariah Mariah
Ashley Ashley
Dennis Dennis
Walter Walter
Paige Paige
Juan Juan Jonathan
Cassandra Cassandra
Jennifer Jennifer
Jeanette Jeanette
Kyle Kyle
Melissa Melissa
Daniel Daniel
Robin Robin
Monique Monique
Kari Kari
Steven Steven
Gina Gina
Paul Paul
Sean Natasha Sean
