Jason Robin Brad Ronnie Grace Mercedes Adam Rebekah Monica Misty Shannon Michelle Dylan Roy Nathaniel Mario John Kayla Gabriel Laura Edwin Jill Brett Melinda William Kristen Mary Kathy Shawn April Evan Dana Edwin Rachel Stephen Elizabeth Heather Amanda Jeffery Ricky Paul Brian Crystal Lauren Charles Robert Stacie James Bryan Joshua Tommy Juan Karen Wendy Johnathan Scott Logan Nicholas Alexandra Brittany Shane Kyle David Jeremy Timothy Cheryl Jennifer Regina Christina Carrie Andrew Jacqueline Megan Adrian Katelyn Samantha Tammy Jeffrey Joseph Sabrina Kimberly Ashley Melissa Wayne Derek Jason
83
Robin Robin
Brad Brad
Ronnie Ronnie
Grace Kari Grace
Mercedes Mercedes
Adam Adam
Rebekah Rebekah
Monica Monica
Misty Misty
Shannon Shannon Susan
Michelle Michelle
Dylan Dylan
Roy Roy Gregory
Nathaniel Nathaniel
Mario Claire Mario
John John
Kayla Kayla
Gabriel Gabriel
Laura Laura
Jill Jill
Brett Rebecca Brett
Melinda Dustin Melinda Randy
William Cristian William
Kristen Kristen
Mary Mary Jane
Kathy Kathy
Shawn Shawn
April April
Evan Evan
Dana Dana
Edwin Nicole Edwin
Rachel Rachel
Stephen Stephen
Elizabeth Elizabeth
Heather Heather
Amanda Carol Amanda
Jeffery Jeffery Jordan
Ricky Ricky
Paul Paul
Brian Brian
Crystal Crystal
Lauren Lauren
Charles Charles
Robert Robert
Stacie Stacie
James James
Bryan Bryan
Joshua Joshua Tristan
Tommy Tommy
Juan Juan
Karen Karen
Wendy Kelsey Wendy
Johnathan Johnathan
Scott Scott
Logan Logan
Nicholas Nicholas
Alexandra Alexandra
Brittany Brittany
Shane Shane
Kyle Kyle
David David
Jeremy Jeremy
Timothy Timothy
Cheryl Cheryl
Jennifer Jennifer
Regina Mark Regina
Christina Christina
Carrie Carrie
Andrew Andrew
Jacqueline Jacqueline
Megan Megan
Adrian Adrian
Katelyn Katelyn
Samantha Samantha
Tammy Kara Tammy
Jeffrey Jeffrey
Joseph Joseph
Sabrina Jose Sabrina
Kimberly Kimberly
Ashley Ashley
Melissa Melissa
Wayne Wayne
Derek Derek
