Glameow Electivire Furret Wartortle Spinarak Ivysaur Spiritomb Bergmite Feebas Togepi Turtwig Fomantis Mudbray Fomantis Poochyena Weedle Cacturne Wailord Cacturne Leavanny Beheeyem Ledian Zygarde Buneary Gigalith Spheal Glameow
19
Glameow Loudred
Electivire Electivire Yanma Archeops
Furret Furret
Spinarak Spinarak
Spiritomb Spiritomb
Bergmite Gumshoos Bergmite
Togepi Togepi
Turtwig Meganium
Fomantis Glalie
Mudbray Mudbray
Poochyena Piplup
Wailord Wailord
Leavanny Leavanny
Beheeyem Golett Beheeyem
Ledian Ledian
Zygarde Zygarde
Buneary Buneary
Gigalith Gigalith
Spheal Spheal Gothorita Inkay
