Glameow Inkay Turtwig Wailord Cacturne Weedle Poochyena Fomantis Throh Zygarde Ivysaur Spinarak Electivire Gumshoos Bergmite Spiritomb Bergmite Feebas Togepi Sigilyph Araquanid Leavanny Beheeyem Cacturne Spheal Glameow
18
Glameow Loudred
Inkay Inkay
Wailord Wailord
Poochyena Piplup
Fomantis Mudbray
Throh Glalie
Zygarde Ledian Buneary Zygarde
Ivysaur Meganium
Spinarak Spinarak
Electivire Electivire Archeops Furret
Gumshoos Gumshoos
Bergmite Bergmite
Spiritomb Spiritomb
Togepi Togepi
Sigilyph Yanma
Leavanny Leavanny
Beheeyem Golett Beheeyem
Spheal Spheal Gigalith Gothorita
