Granbull PorygonZ Geodude Torchic Jolteon Glalie Charizard Tyrunt Mightyena Heliolisk Cinccino Oshawott Greninja Reshiram Machamp Staryu Dustox Probopass Fletchling Cubone Butterfree Carnivine Wailord Amoonguss Golbat Heatran Slakoth Happiny Magmortar Goomy Lileep Absol Swanna Unown Kirlia Whimsicott Pancham Mudsdale Greninja Tsareena Masquerain Cosmog Smeargle Corphish Krookodile Mawile Spinda Mawile Trumbeak Furfrou Lapras Sylveon Bonsly Metang Magmar Kyurem Ampharos Carbink Bergmite Serperior Binacle Exeggcute Torracat Budew Beedrill Jirachi Kangaskhan Skitty Quilava Rufflet Quilava Whiscash Amoonguss Lycanroc Lombre Diggersby Metapod Chespin Typhlosion Bulbasaur Granbull
51
PorygonZ Electrode PorygonZ
Torchic Torchic
Jolteon Buizel Jolteon
Glalie Mimikyu Glalie
Charizard Charizard
Mightyena Roserade Mightyena Bronzor
Cinccino Cinccino
Greninja Greninja Torkoal
Reshiram Reshiram
Machamp Happiny Remoraid Machamp Nuzleaf
Dustox Dustox
Probopass Probopass
Cubone Butterfree Cubone TypeNull
Carnivine Mantine Carnivine
Golbat Golbat
Heatran Heatran Charmander
Slakoth Slakoth Ninjask Chatot
Magmortar Magmortar
Goomy Goomy
Lileep Lileep
Absol Absol Hitmontop
Swanna Swanna
Unown Unown Relicanth Electrike Floatzel
Whimsicott Whimsicott
Mudsdale Mudsdale Pidgeot Vivillon
Tsareena Tsareena Gliscor Feraligatr
Cosmog Cosmog
Krookodile Cascoon Crawdaunt Krookodile Corphish
Spinda Spiritomb Spinda Mawile
Trumbeak Trumbeak
Lapras Torracat Lapras
Sylveon Sylveon Malamar
Bonsly Bonsly
Magmar Magmar Blissey
Ampharos Ampharos
Carbink Metagross Infernape Carbink
Serperior Heatmor Serperior Bergmite Deoxys
Exeggcute Binacle Exeggcute
Budew Grumpig Budew
Beedrill Beedrill Floette
Jirachi Jirachi
Kangaskhan Kangaskhan
Skitty Skitty
Rufflet Arbok Lampent Rufflet Flygon
Quilava Quilava Crabominable
Whiscash Rockruff Whiscash
Lycanroc Raichu Lycanroc Luvdisc
Diggersby Diggersby Darkrai
Metapod Metapod
Chespin Chespin
Typhlosion Chinchou Reuniclus Typhlosion
