Florges Snorunt Shaymin Lillipup Hakamoo Palkia Girafarig Audino Nidoking Wailmer Weavile Hitmonlee Doublade Weepinbell Dusknoir Kricketot Genesect Slugma Bayleef Pidgey Cherrim Zoroark Florges
18
Florges Togetic Bergmite Stufful
Snorunt Dialga
Shaymin Shaymin Regice
Lillipup Lillipup Poliwag Infernape Bouffalant
Hakamoo Volbeat Moltres Purrloin Gastrodon Buzzwole Hakamoo
Palkia Piloswine
Girafarig Bidoof Girafarig
Wailmer Delibird Tentacruel Wailmer Poliwrath Wormadam Primarina
Hitmonlee Yanmega Hitmonlee Celebi
Doublade Ralts Carracosta Aurorus
Weepinbell Weepinbell Tsareena
Dusknoir Dusknoir
Kricketot Kricketot
Slugma Zapdos Manectric Omastar
Bayleef Persian Bayleef Bisharp
Pidgey Sentret Scolipede Pichu
Cherrim Cherrim Timburr Machoke Cascoon
Zoroark Zubat Celesteela
