Florges Vespiquen Persian Furfrou Bayleef Furfrou Lillipup Hakamoo Buzzwole Dialga Aurorus Doublade Hitmonlee Celebi Bidoof Hippopotas Machoke Caterpie Tentacruel Chansey Regice Shaymin Snorlax Celesteela Dusknoir Gastrodon Moltres Sentret Purrloin Delibird Wailmer Poliwrath Zapdos Slugma Flaaffy Palkia Girafarig Serperior Bouffalant Palossand Bidoof Manectric Zubat Florges
31
Florges Bergmite Tsareena Stufful
Vespiquen Weepinbell
Bayleef Bayleef Bisharp
Furfrou Persian Scolipede
Hakamoo Lillipup Hakamoo
Buzzwole Volbeat Buzzwole
Dialga Dialga Pichu
Aurorus Aurorus
Hitmonlee Carracosta Yanmega Hitmonlee
Celebi Ralts Celebi
Bidoof Piloswine Bidoof
Hippopotas Cherrim
Machoke Timburr Machoke
Tentacruel Tentacruel
Regice Regice
Shaymin Shaymin
Snorlax Togetic Celesteela
Dusknoir Dusknoir Kricketot
Gastrodon Gastrodon
Moltres Moltres
Sentret Sentret
Purrloin Purrloin Poliwag
Delibird Delibird Cascoon
Wailmer Wailmer Wormadam Primarina
Poliwrath Poliwrath
Zapdos Zapdos
Flaaffy Omastar
Girafarig Girafarig
Bouffalant Infernape Bouffalant
Manectric Manectric
Zubat Zubat
