Granbull Rufflet Charmander Heatran Heliolisk Mantine PorygonZ Electrode Reuniclus Bulbasaur Typhlosion Chinchou Typhlosion Chespin Metapod Parasect Floatzel Deoxys Staryu Nuzleaf Machamp Ninjask Geodude Altaria Geodude Torchic Binacle Magmar Rockruff Absol Swanna Darkrai Diggersby Cinccino Lycanroc Raichu Jolteon Bergmite Serperior Bergmite Serperior Heatmor Flareon Goomy Magmortar Happiny Machamp Quilava Whiscash Greninja Tsareena Staravia Mightyena Bronzor Carbink Salandit Glalie Mimikyu Kirlia Whimsicott Budew Smeargle Corphish Krookodile Azurill Jirachi Heliolisk Relicanth Unown Trumbeak Mawile Trumbeak Beedrill Butterfree Cubone Mudsdale Greninja Torkoal Torracat Granbull
53
Rufflet Arbok Lampent Rufflet
Charmander Charmander
Heatran Heatran Golbat
Mantine Mantine Carnivine
Electrode Electrode Flygon PorygonZ
Reuniclus Reuniclus
Chinchou Chinchou Bonsly Typhlosion
Chespin Chespin
Metapod Metapod
Floatzel Floatzel
Deoxys Deoxys
Staryu Dustox
Nuzleaf Nuzleaf
Ninjask Slakoth Ninjask
Altaria Ampharos Sylveon Malamar
Torchic Torchic
Binacle Binacle Exeggcute
Magmar Magmar Blissey
Absol Absol Hitmontop Lileep
Swanna Swanna
Darkrai Darkrai
Diggersby Diggersby
Cinccino Cinccino
Lycanroc Lycanroc Luvdisc
Raichu Raichu
Jolteon Buizel Jolteon
Serperior Serperior
Bergmite Bergmite
Heatmor Heatmor
Goomy Goomy
Magmortar Magmortar
Machamp Happiny Remoraid Machamp Chatot
Quilava Quilava Crabominable Skitty
Whiscash Rockruff Whiscash
Tsareena Tsareena Gliscor
Staravia Feraligatr
Bronzor Roserade Mightyena Bronzor
Carbink Metagross Reshiram Infernape Carbink
Glalie Charizard Glalie
Mimikyu Mimikyu
Whimsicott Whimsicott
Budew Grumpig Budew
Smeargle Cosmog
Krookodile Cascoon Crawdaunt Krookodile Corphish
Jirachi Kangaskhan Jirachi
Unown Unown Relicanth Electrike
Mawile Spiritomb Spinda Mawile
Trumbeak Trumbeak
Beedrill Beedrill Floette
Cubone Butterfree Cubone TypeNull Probopass
Mudsdale Greninja Mudsdale Pidgeot Vivillon
Torkoal Torkoal
Torracat Torracat Lapras
