0 68 116 125 74 41 72 181 153 55 160 6 82 147 174 197 157 177 73 17 16 98 149 63 81 50 138 140 155 42 62 23 121 113 2 139 108 187 198 9 141 137 45 14 180 87 183 128 10 122 7 67 179 83 109 176 117 145 103 114 143 0
45
0 80 52 143
68 126 66
116 116 125
74 144 74
72 97 171 72
181 181 152
55 11 105 55
160 160
82 82 36
147 59 147
174 84 130 174
197 199 197
157 157
73 131 177 189
17 46 151 17
16 16
98 98 106
149 48 149
63 81 63
50 50
138 31 138 34
42 140 42 40
62 62
23 23
121 102 121
113 136 185
2 111 196
139 139 53
108 108 20
198 9 88 76 198
141 4 30
137 137
45 45 70 19
180 180 69 87
183 183
128 128 26
10 10
122 162 166 122 35
67 67 13
83 83 91 75
176 176 109 195
117 117 168 134
145 145
103 27 179 184 103 156
114 114 85
