0 156 0 52 133 22 41 26 134 106 5 3 46 19 82 6 16 3 77 196 31 35 141 155 2 87 62 103 68 0
25
0 80 13 143 76
156 162 20 156
52 52 102
133 48 197
22 199 177 157 149
41 144 171 72 74
26 9 26
134 11 168 134
106 106
5 128 91 88
46 46
19 137 45 70 19
82 176 109 97 59 82 147 116 36 125
6 117 195 160 181 105 152 81 55 63
16 131 16 98 189 151 17
196 196
31 31 50 138 34
35 166 122 35
141 4 30
155 140 42 40
2 111 10 136 139 108 185 53 121 198
87 180 69 87 183
62 62 23
103 67 27 145 114 179 184 103 85
68 126 83 66 84 130 75 174
