1 16 160 32 100 164 105 100 137 155 183 100 186 89 189 100 10 100 101 115 18 100 175 80 76 131 43 100 21 100 25 93 100 12 8 30 170 84 124 100 83 127 86 100 22 111 100 182 125 27 50 88 100 158 199 100 129 121 59 100 171 54 159 100 178 119 49 193 100 1
53
1 1 68
16 16
160 160
32 163 32
164 177 164 29
105 105
137 137
155 155
183 183
186 186
89 89
189 189
10 10
101 101
115 115 63
18 18
175 175 44
80 80
76 76
131 131
43 117 43
21 141 21
25 25
93 93
12 12
8 8
30 30
170 170
84 84
124 195 124
83 83
127 127 55
86 86
22 0 22 35
111 111
182 182
125 125
27 27
50 50 151
88 19 88
158 158
199 199
100 174 192 45 136 74 157 31 3 82 38 113 188 153 24 57 28 138 134 77 15 56 148 60 26 97 99 36 142 194 191 172 150 180 196
129 129
121 121
59 59
171 171
54 54
159 159
178 178
119 119
49 49
193 193
