21 152 153 16 126 196 197 95 64 101 8 101 92 91 178 63 178 179 25 179 84 60 84 68 176 109 106 105 41 11 41 42 150 53 150 85 107 169 168 139 1 139 142 185 143 185 186 159 119 39 136 69 171 15 171 170 108 4 43 110 124 125 115 116 47 48 79 23 160 23 191 151 150 53 181 134 188 113 31 36 37 189 124 123 124 189 37 38 187 156 93 156 21
43
21 21 45
153 153 173
126 127
197 49 163 197
95 95 195
8 7 9 101 193
91 91
63 63 71 83
25 25 165
179 161 179
60 59 61
109 109
105 103 105 129
11 11
41 41
53 53
85 85
107 107
169 57 169
1 1 3
139 99 139 149
143 143 147 157
185 33 55 155 185
119 51 115 119 159
39 39
69 67 69 145
171 171 177 183
15 5 15
170 117 121 167
43 27 43 73
125 125 137
47 47 133
48 19 65 79
160 17 23 75 77
151 13 141 151 175 191
181 181
188 111 135
113 31 81 113
36 29 35 97
123 123 131
37 37 87 189
187 187
93 89 93
