21 129 34 105 114 96 8 147 146 53 181 134 81 149 176 148 102 64 40 20 48 49 50 51 120 166 167 108 4 185 186 159 165 25 183 172 60 84 179 178 91 164 75 74 121 170 24 21
41
21 21 45 89 93 153
129 129
34 3 139
105 103 105
96 97
8 7 9 27 101 193
147 147
146 145 157
53 41 53 85 107 141 151 175 191
181 127 181
134 111 135
81 11 81 113 171
149 99 149
176 109
148 131 163 197
64 95 195
20 29 187
48 19 47 65 79 133
49 5 49
51 51
166 57 169
167 167
108 13
4 43 73
185 15 55 143 185
186 33 155
159 115 119 159
165 165
25 25
183 183
172 173
60 59 61
179 125 161 179
178 63 71 83 177
91 91
164 37 87 189
75 75 137
74 17 23 39 67 69 77 123
121 121
170 117
24 1 31 35
