74 78 73 79 71 75 151 155 152 157 159 152 153 151 169 172 38 192 121 141 75 87 98 182 18 63 21 132 102 75 78 74
23
74 74
73 73
79 76 80
71 77
75 50 47 52 54 55 41 116 57 113 111 114 118 58 59 46 53 119 75
151 6 151 8 2
152 156 160
157 157
153 153
169 167 161 165 166 164 168 163 169
172 179 178 175 172 174 180
38 31 39 37 36 38 35 32
192 199 191 197 192 198
121 126 128 122
141 148 146 145 141 142
87 86 81 89 85 83 88 82
98 96 99
182 185 189
18 11 14 13 19 16
63 69 62 70 68 61 66
21 25 28 26 30 23 29
132 135 137 131 139 136 140
102 104
