74 72 80 76 75 121 128 122 121 46 2 6 8 9 2 46 18 11 16 18 192 193 198 199 192 182 141 146 145 141 118 116 118 98 99 98 151 153 156 157 151 172 174 180 178 171 172 38 31 37 36 38 21 23 29 21 63 66 65 70 63 102 132 135 136 132 46 50 41 46 169 167 164 169 87 85 81 87 58 56 54 53 58 75 77 72 74
53
74 74
80 80
76 76 73
75 75
128 128
122 126 122
6 6
8 8
2 2
11 11 14
16 13 19 16
193 197
198 198
199 199 191
192 192
182 185 189
141 148 141
146 146 142
145 145
116 116 113 111 114 118 119
99 96 99
153 153
156 156 160
157 157
151 151
174 174
180 179 180
178 178 175
172 172
31 31 39 38
37 37 32
36 36 35
23 25 23
29 28 26 30 29
66 62 61 66
65 68
70 69 70
102 104
135 135 137 131 139 140
136 136
46 46
50 50
41 47 41
169 169
167 167 165 166 168
164 161 164 163
85 85 83
81 86 81 89 88 82
58 58 59
56 52
54 54 57
53 55 53
77 77
