l7 l40 l39 l72 l61 l143 l114 l172 l163 l94 l130 l147 l169 l90 l177 l158 l181 l126 l97 l136 l162 l142 l127 l49 l184 l2 l33 l24 l148 l155 l102 l67 l40 l7
30
l7 l35 l7
l40 l40
l39 l39
l72 l189 l21 l37 l44 l63 l72
l61 l115 l12 l83
l143 l109 l26 l53 l54
l114 l114 l14 l6
l172 l124 l15 l172 l74
l163 l132 l163
l94 l128 l94
l130 l130 l168 l41
l147 l101 l110 l46 l59
l169 l141 l169 l180 l186
l90 l90
l177 l116 l177 l200
l181 l181
l126 l138 l171
l136 l136 l199
l162 l113 l162
l142 l142
l127 l127
l49 l49
l184 l184 l192 l25 l77
l2 l2 l58
l33 l122 l33
l24 l24
l148 l148
l155 l155
l102 l102 l20
l67 l160 l161 l27 l67
