0 179 0 179 0 1 175 1 175 111 112 113 37 36 37 113 37 36 88 87 88 36 88 36 37 36 37 113 112 113 78 79 165 164 165 166 167 166 167 168 167 168 169 168 169 168 167 168 86 168 167 166 165 166 167 168 167 168 86 168 86 168 167 166 165 79 165 79 165 79 165 125 124 123 83 82 83 123 124 125 165 164 163 2 163 2 163 101 163 2 158 2 163 2 158 2 163 101 163 120 119 120 163 164 165 164 163 120 163 164 165 79 78 113 78 15 47 127 126 174 173 174 126 127 147 54 147 54 24 54 24 23 24 54 53 54 147 127 47 15 78 77 78 113 112 111 110 111 175 1 0 1 8 1 0 1 8 1 0 179 178 179 178 179 0
29
175 175
111 111
112 112
113 102 113
36 35
87 87
164 73
169 152 34
86 86
123 122 123
83 83
82 16 17 80 81
2 2
158 158
120 4
15 15
47 47
126 126
174 55
173 173
147 103 105 106 147 9
54 54
24 24
23 153 154 22
53 53
77 77
110 109 131 170 172 25 26 27 29 32 49 58 61 62 63 7 72 84 90 93 94 95 96 98 99
8 114 115 116
178 150 178 44 69 70
