L55 L178 L42 L56 L87 L189 L23 L105 L15 L95 L134 L196 L82 L8 L132 L160 L121 L185 L53 L114 L67 L31 L167 L138 L36 L71 L112 L35 L170 L108 L24 L101 L94 L99 L54 L191 L68 L199 L37 L90 L96 L93 L22 L41 L165 L158 L70 L142 L74 L144 L103 L102 L136 L16 L166 L50 L129 L143 L195 L117 L33 L2 L119 L47 L139 L43 L127 L131 L64 L6 L4 L7 L141 L76 L115 L73 L190 L177 L0 L184 L69 L10 L174 L104 L133 L45 L152 L89 L186 L19 L145 L168 L182 L193 L38 L159 L20 L55
97
L55 L55
L178 L59 L30 L178
L42 L42
L56 L34 L56
L87 L87
L189 L189
L23 L23
L105 L105
L15 L15
L95 L95
L134 L134
L196 L196
L82 L82
L8 L8
L132 L132
L160 L160
L121 L121
L185 L185
L53 L53
L114 L114
L67 L67
L31 L31
L167 L167
L138 L138
L36 L36
L71 L71
L112 L112
L35 L35
L170 L170
L108 L108
L24 L24
L101 L101
L94 L94
L99 L99
L54 L54
L191 L191
L68 L68
L199 L199
L37 L37
L90 L90
L96 L96
L93 L93
L22 L22
L41 L41
L165 L165
L158 L158
L70 L70
L142 L142
L74 L74
L144 L144
L103 L103
L102 L102
L136 L136
L16 L16
L166 L166
L50 L50
L129 L129
L143 L143
L195 L195
L117 L117
L33 L33
L2 L2
L119 L119
L47 L47
L139 L139
L43 L43
L127 L127
L131 L131
L64 L64
L6 L6
L4 L4
L7 L7
L141 L141
L76 L76
L115 L115
L73 L73
L190 L190
L177 L177
L0 L0
L184 L184
L69 L69
L10 L10
L174 L174
L104 L104
L133 L133
L45 L45
L152 L152
L89 L89
L186 L186
L19 L19
L145 L145
L168 L168
L182 L182
L193 L193
L38 L38
L159 L159
L20 L20
