101 100 107 105 103 101 100 50 53 51 52 56 54 55 52 34 38 30 37 31 30 37 47 40 41 43 48 40 99 79 72 71 70 78 70 76 70 74 53 50 3 99 93 98 97 60 65 63 69 63 62 67 68 17 11 12 18 13 12 10 88 10 13 16 10 87 82 100 101
46
50 50
53 53 59
51 51
52 52
56 56 57 58
54 54
55 55
34 34 36
38 38
30 30 33 35
37 32 37
31 31 39
47 42 47
40 40
41 41 44
43 43 46
48 45 48 49
99 90 91 92 94 95 99
79 79
72 72 73
71 71
70 70
78 75 78
76 76 77
74 20 74
3 0 1 2 3 4 5 6 7 8 9 21
93 93
98 96 98
97 97
60 60 66
65 24 26 27 28 65
63 63
69 22 25 29 69
62 61 62
67 64 67
68 68
17 17
11 11 23
12 12
18 18
13 13
10 10 15
88 83 85 86 88 89
16 14 16 19
87 80 81 87
82 82 84
