101 100 0 6 8 0 15 13 16 79 74 20 24 26 28 65 60 68 84 88 81 36 37 30 92 95 96 93 99 100 50 40 45 48 41 52 59 57 56 54 50 100 101
36
0 0 1 3 4 7
6 6
8 2 5 8 9
15 10 15 19
13 12 13 17
16 11 14 16 18
79 70 72 75 76 77 79
74 71 73 74 78
20 20 22 23
24 24 25
26 26 29
28 21 27 28
65 65
60 60 62 63 66 67 69
68 61 64 68
84 84 85
88 82 83 86 87 88 89
81 80 81
36 34 36 38 39
37 32 37
30 30 31 33 35
92 90 92
95 95
96 91 94 96 98
93 93
99 97 99
50 50 51 55
40 40 47
45 42 45 46
48 43 48 49
41 41 44
52 52
59 53 59
57 57
56 56 58
54 54
