Soda Costa Cambodia Guam Belize Czech Cocos Bonaire Central Fiji Bermuda China American Cuba Comoros Egypt Belarus Denmark Iceland Bouvet Botswana Bulgaria Antigua Guyana Guadeloupe Soda
18
Cambodia Cambodia
Guam Guam
Belize Belize
Czech United Australia Czech
Cocos Cocos Cayman
Central Austria Aruba Central
Fiji Argentina Fiji
Bermuda Bermuda
China China
American Angola Colombia
Comoros Comoros
Egypt Egypt
Denmark Denmark
Bouvet Bouvet
Botswana Botswana
Antigua Antigua
Guyana Guyana
Guadeloupe Guadeloupe
