Soda Northern Aruba Nigeria Rwanda Hong Palau Pitcairn Japan Germany Fiji Netherlands Kyrgyzstan Niger Bahamas Costa Kiribati Jamaica Estonia Singapore Saint Korea Moldova Latvia Moldova Sint Egypt Congo Mayotte Malawi Croatia Republic Liberia Albania United Burkina Soda Cambodia Soda
33
Northern Northern Argentina
Aruba Pakistan Aruba
Nigeria Nigeria
Rwanda Rwanda
Hong Hong
Palau Palau
Pitcairn Pitcairn Macao
Japan Japan
Fiji Fiji
Netherlands Netherlands
Kyrgyzstan Sao Kyrgyzstan
Niger Niger
Bahamas Indonesia Bahamas Mexico
Kiribati Lao Kiribati
Jamaica Jamaica
Estonia Iraq New
Singapore Singapore Lebanon
Saint Belize Saint
Korea Korea British
Latvia Latvia
Moldova Moldova
Sint Sint
Egypt Egypt
Congo Burundi Luxembourg Congo
Mayotte Mayotte Ireland
Malawi Malawi
Croatia Croatia
Republic Republic Algeria Antigua
Liberia Liberia
Albania Albania
United United
Burkina Burkina
Cambodia Cambodia Finland
