1 108 28 45 61 41 65 29 70 42 59 57 40 60 53 50 10 21 16 26 38 25 71 74 11 47 36 56 116 58 23 34 37 31 13 19 32 27 54 93 72 75 66 73 30 52 83 43 1
47
1 49 67
108 62 64
28 28 55 63 77
45 45
61 15 61
41 14 41 79
65 46 65
29 29
70 70 76
42 42 48 69
59 59
57 44 57
40 40
60 60
53 53
50 18 50
10 10 24
21 21
16 16
26 26
38 38
25 25
71 33 71
74 68 74
11 11 51
47 47
36 36
56 20 56
116 12
58 58
23 23
34 22 34
37 37
31 31
13 13
19 19 35
32 32
27 27
54 17 54
72 72
75 39 75
66 66
73 73
30 30
52 52
83 78
43 43
