Meckgue VaultofSouls LakeLaogai Urubaen Sanlow ZhaoFu RepublicCity FogofLostSouls Murkcairn Netherfort Murkcairn Keld GooLagoon Ellesmera Vexhollow BeyondtheWall TheBoilingRock TheVale EasternAirTemple Carvahall ThePrancingPony Carvahall Winterfell Meereen ShatteredPlains TheUniversity TheSpine EarthKingdom Yunkai TheKrustyKrab Lorien Ceald Gizton Larcbost KoralReef Essos Dagobah Braavos TheArcanum TheWaystoneInn Tartarus Grayburn Beldenn Meckgue
38
Meckgue Meckgue
VaultofSouls VaultofSouls Kinecardine Steeltown
LakeLaogai UtgardMountain LeakyCauldron LakeLaogai
Urubaen FlourishBlotts Urubaen
Sanlow Gotham Sanlow TheGodswood
ZhaoFu ZhaoFu
RepublicCity MysticRuins RepublicCity TreeofTime
Netherfort Netherfort TheHogsHead
Murkcairn Murkcairn
Keld Keld
GooLagoon GooLagoon
Ellesmera Ellesmera
Vexhollow Ademre Vexhollow
BeyondtheWall BeyondtheWall
TheBoilingRock TheBoilingRock
TheVale TheVale Castamere
EasternAirTemple EasternAirTemple
Carvahall Carvahall
ThePrancingPony ThePrancingPony
Winterfell Winterfell
Meereen Meereen
ShatteredPlains ShatteredPlains
TheUniversity TheUniversity
TheSpine TheSpine
EarthKingdom EarthKingdom
Yunkai Yunkai
TheKrustyKrab TheKrustyKrab
Lorien Lorien
Gizton Gizton
Larcbost Larcbost
KoralReef KoralReef
Dagobah Dagobah
Braavos Braavos
TheArcanum TheArcanum
TheWaystoneInn TheWaystoneInn
Tartarus Tartarus
Grayburn Grayburn
Beldenn Beldenn
