Essos Toffingburg TheRiverStyx Ivormere Valyria ShatteredPlains Keld ShatteredPlains BaSingSe Ramshorn Chrofall Batcave Atlantas TheFae DuWeldenvarden Toperhagen RepublicCity Dubwall Urubaen Azir Millingburg TheSpine CastleBlack MountOlympus Aerodenn Lorien TheCommonwealth Ademre Barkamsted TheGodswood MadamMalkins Dragonstone TheSpiritWorld TheChumBucket TheBoilingRock FireNation TheKrustyKrab GodricsHollow Vintas Alethkar Alderaan KnifesEdge Boatwright Gizton Carvahall Karth BeyondtheWall DiagonAlley Shinovar Blackwater Grimbarrow TheKrustyKrab Duskhollow TheReshiIsles FleaBottom WesternAirTemple TheEyrie WitheredHeath KingsLanding ProBendingArena Yll Penketh TheVale Bobbingbourne Accrington AirTempleIsland Riverrun Tartarus Westeros Severen Winterfell Meckingbourne Essos
63
Essos Essos JarrensOutpost
Toffingburg Toffingburg JahKeved Jakku
TheRiverStyx TheRiverStyx
Ivormere HighGarden Ivormere TheUnderworld
Valyria Valyria Arrowcave Braavos ShriekingShack
Keld Keld GooLagoon
ShatteredPlains Newarre ShatteredPlains
BaSingSe BaSingSe Neddington
Chrofall Chrofall Castamere FlourishBlotts Peridrift
Batcave Batcave
Atlantas Soda Atlantas
TheFae Arcwallow TheFae Helgrind
DuWeldenvarden Tarbean DuWeldenvarden Meereen
Toperhagen Lockinge Toperhagen
RepublicCity RepublicCity TheGreatDivide
Dubwall Dubwall Endor
Urubaen Urubaen
Azir Azir
TheSpine TheSpine Arkham
CastleBlack Steeltown CastleBlack
MountOlympus Ellesmera MountOlympus
Aerodenn Netherfort TheWhompingWillow CaveofTwoLovers Neddingtown Aerodenn
Lorien Lorien
TheCommonwealth TheCommonwealth SatishVille
Ademre Ademre
Barkamsted Barkamsted
TheGodswood TheGodswood
Dragonstone Dragonstone
TheSpiritWorld TheSpiritWorld
TheChumBucket Trebon TheChumBucket
TheBoilingRock TheBoilingRock
FireNation FireNation Sanlow
TheKrustyKrab BikiniBottom TheKrustyKrab
Vintas Vintas
Alethkar Alethkar
Alderaan Alderaan
KnifesEdge KnifesEdge
Boatwright Boatwright
Gizton Gizton
Carvahall Carvahall
Karth Karth
BeyondtheWall Hogsmead BeyondtheWall
DiagonAlley DiagonAlley
Shinovar Shinovar
Blackwater Hogwarts Blackwater
Grimbarrow Grimbarrow
Duskhollow Duskhollow
TheReshiIsles TheReshiIsles
FleaBottom FleaBottom
WesternAirTemple Omashu WesternAirTemple
TheEyrie TheEyrie
WitheredHeath WitheredHeath
ProBendingArena ProBendingArena
Yll Yll
Penketh Penketh
TheVale TheVale
Bobbingbourne Bobbingbourne
Accrington Accrington
Riverrun Riverrun
Tartarus Tartarus
Westeros Westeros Astapor
Severen Severen
Winterfell Winterfell
