Essos TheWall Gizton Severen Westeros Pendle Karth Newarre Steeltown CrystalCove Glimthain TheFae Aerodenn WitheredHeath Alethkar Jakku Toffingburg VaultofSouls TheSpine Prongdale EarthKingdom WonderCity Ramshorn Valyria IslesofElysium Westopolis Lockinge TheChumBucket RokusIsland Dagobah TheEyrie ZhaoFu EasternAirTemple GringottsBank Vintas Neddington Shinovar JarrensOutpost Essos
30
Essos TheSpiritWorld Essos TheRiverStyx
TheWall Tarbean Hogsmead TheVale Omashu Urubaen BaSingSe DuWeldenvarden Ivormere
Gizton Dubwall Boatwright Gizton FleaBottom FlourishBlotts Carvahall
Severen Severen DiagonAlley TheReshiIsles ProBendingArena GooLagoon Winterfell
Westeros ShatteredPlains Tartarus Westeros Arrowcave Astapor JahKeved Duskhollow Ademre Blackwater Riverrun
Pendle Soda BikiniBottom FireNation
Karth Yll Castamere TheWhompingWillow BeyondtheWall Karth
Newarre Newarre Azir Accrington Dragonstone Braavos TheGreatDivide Peridrift Bobbingbourne
Steeltown Steeltown Neddingtown Grimbarrow Meereen CastleBlack
CrystalCove TheKrustyKrab Lorien WesternAirTemple Helgrind
Glimthain Trebon Ellesmera Netherfort Hogwarts Batcave
TheFae Arcwallow TheFae Toperhagen Atlantas
Aerodenn MountOlympus Chrofall TheBoilingRock CaveofTwoLovers Aerodenn Arkham
WitheredHeath WitheredHeath Endor
Alethkar Penketh Alethkar Alderaan
Jakku Jakku TheUnderworld
Toffingburg Toffingburg
TheSpine RepublicCity TheSpine
Prongdale Sanlow
EarthKingdom TheCommonwealth
Ramshorn KnifesEdge HighGarden
Valyria Valyria ShriekingShack
Lockinge Lockinge
TheChumBucket TheChumBucket TheGodswood SatishVille
TheEyrie TheEyrie
GringottsBank Barkamsted
Vintas Vintas
Neddington Neddington
Shinovar Shinovar
JarrensOutpost JarrensOutpost Keld
