FleaBottom RockofKuthian Arkham Westopolis Carvahall Ademre TheBoilingRock UtgardMountain MinistryofMagic Yll HighGarden TheGreatDivide IronIslands ShriekingShack TheSpine TheAturanEmpire GringottsBank Ebonfall SatishVille Eggmanland Trebon Urubaen Bobbingbourne FleaBottom
20
RockofKuthian Olivanders
Arkham Arkham
Westopolis Westopolis
Carvahall TheVale Accrington
Ademre Ademre
TheBoilingRock TheBoilingRock Batcave
UtgardMountain UtgardMountain Glimthain
MinistryofMagic MinistryofMagic
Yll TheBurningPlains Yll
HighGarden Vintas HighGarden
TheGreatDivide TheGreatDivide
ShriekingShack ShriekingShack
TheSpine Coalwatch
GringottsBank GringottsBank
Ebonfall Ebonfall
SatishVille SatishVille
Eggmanland Eggmanland
Trebon Trebon
Urubaen Urubaen
Bobbingbourne Bobbingbourne
