21 54 107 142 146 149 74 34 120 88 130 156 87 104 51 105 50 172 170 62 85 20 154 137 72 84 133 31 119 178 129 167 10 61 147 29 115 82 148 91 32 7 127 125 36 45 196 139 135 11 188 186 93 71 144 151 159 21
46
21 48 21
54 54
142 2 97 142 37 121
146 118 134 146
149 149 49 95
74 74
34 34 64
120 14 120 16 60
88 18 81 88
130 136 194 130 160 68
156 156
87 87
51 51 103 177
105 46 38 105
50 24 116
170 170 172
62 62
20 20
154 154
137 100 137
72 72 53
133 133
31 31 27
119 17 119 176
178 178 78 96 75
129 163 90 167 102
10 10 180 30
61 40 61
29 147 29
115 115
82 114 82
91 91
32 169 32
7 42 47 7
127 127 15
125 125
36 36 108 168
45 45
196 139 196
135 135 131
188 190 188 56
186 186
71 152
144 122 144
151 151 184
159 23 159
