1FoundersRock 39SanFransisco 1FoundersRock 37OtherCoop 23Unit3 38RajProperties 22Unit2 29VarsityBerkeley 35ChanningBowdwitch 18NorthGate 30Stonefire 33Wada 25Foothill 19SouthHall 17Wheeler 32DeltaPhiEpsilon 26ClarkKerr 31Hillegass 28SodaHall 27InternationalHouse 21Unit1 16Giannini 36CasaZimbabwe 24Blackwell 20Ehrman 34Martinez 1FoundersRock
24
39SanFransisco 39SanFransisco 40Oaktown
37OtherCoop 37OtherCoop
23Unit3 23Unit3
38RajProperties 38RajProperties
22Unit2 22Unit2
29VarsityBerkeley 29VarsityBerkeley
35ChanningBowdwitch 35ChanningBowdwitch
18NorthGate 18NorthGate
30Stonefire 30Stonefire
33Wada 33Wada
25Foothill 25Foothill
19SouthHall 19SouthHall
17Wheeler 17Wheeler
32DeltaPhiEpsilon 32DeltaPhiEpsilon
26ClarkKerr 26ClarkKerr
31Hillegass 31Hillegass
28SodaHall 28SodaHall
27InternationalHouse 27InternationalHouse
21Unit1 21Unit1
16Giannini 16Giannini
36CasaZimbabwe 36CasaZimbabwe
24Blackwell 24Blackwell
20Ehrman 20Ehrman
34Martinez 34Martinez
