s h140 l50 l82 l10 l83 h171 l11 h154 l6 h143 h131 l20 h199 h139 l90 h179 h193 h187 h161 l89 l42 h148 l4 l85 h187 s
24
s h129 h167
h140 h132 h140 h151 h152 h189
l50 h180
l82 h104 h135 h175 h177 h186
l10 h100 h123 h168 h198
l83 h163 h169 h170
h171 h111 h171 h190
l11 h116 h125 h147 h158 h159 h166 h183
h154 h120 h130 h154 h164 h195
l6 h126 h141 h145 h162 h172
h143 h107 h134 h143 h144 h185
h131 h103 h105 h112 h118 h131 h150 h196
l20 h114 h176
h199 h108 h136 h142 h199
h139 h139 h146 h156
l90 h110 h173 h178
h179 h113 h137 h160 h179 h194
h193 h121 h193 h197
h187 h117 h165 h184 h187 h188 h192
h161 h102 h119 h124 h127 h161 h174 h191
l89 h138 h157 h182
l42 h101 h128 h181
h148 h109 h115 h148 h153
l4 h106 h122 h133 h149 h155
