s h79 h52 l2 h94 h70 h81 h51 h61 h87 h57 h67 h66 h71 h64 h95 h86 h78 h85 h92 h63 h59 h77 h80 h53 h68 h69 h56 h60 h97 h62 h90 h74 h58 h82 h72 h75 h88 h89 h83 h99 h50 h76 h54 h84 s
44
s h91
h79 h79
h52 h52
h94 h94
h70 h70
h81 h81
h51 h51
h61 h61
h87 h87
h57 h57
h67 h67
h66 h66
h71 h71
h64 h64
h95 h95
h86 h86
h78 h78 h93
h85 h85
h92 h65 h92
h63 h63
h59 h59
h77 h77
h80 h80
h53 h53
h68 h68
h69 h69
h56 h56
h60 h60
h97 h97
h62 h55 h62
h90 h90
h74 h74
h58 h58 h96
h82 h82
h72 h72
h75 h75
h88 h88
h89 h89
h83 h83
h99 h73 h98 h99
h50 h50
h76 h76
h54 h54
h84 h84
