s h129 h154 h118 h139 h156 h159 h184 h190 h155 h189 h142 h186 h151 h125 h195 h111 h100 h146 h106 l46 h101 h163 l97 h107 h150 h113 h153 h148 h174 h176 h127 h176 h108 h126 h188 h196 h116 h182 h166 h199 h193 h197 l72 h133 h149 h141 h181 h161 h187 h117 h162 h160 h177 h164 h114 h135 h105 h131 h143 h185 h102 h173 h115 h138 h194 h164 h147 l39 s
63
s h167
h129 h104 h129
h154 h120 h130 h154
h118 h118 h169
h139 h139
h156 h156
h159 h112 h159
h184 h184
h190 h157 h171 h190
h155 h119 h155
h189 h137 h189
h142 h142 h144
h186 h186
h151 h124 h128 h132 h140 h151
h125 h125
h195 h195
h111 h111 h152 h178
h100 h100
h146 h146
h106 h106
h101 h101
h163 h163
h107 h107 h110
h150 h150 h158
h113 h113
h153 h153
h148 h109 h148
h174 h174
h127 h127
h176 h176
h108 h108 h180
h126 h126
h188 h188
h196 h123 h196
h116 h116
h182 h182
h166 h166
h199 h199
h193 h121 h193
h197 h134 h197
h133 h133
h149 h149 h198
h141 h141
h181 h170 h172 h181
h161 h161 h191
h187 h187 h192
h117 h117 h122
h162 h162
h160 h145 h160 h168 h179
h177 h177 h183
h114 h103 h114
h135 h135
h105 h105 h165
h131 h131
h143 h143
h185 h185
h102 h102
h173 h173
h115 h115
h138 h138
h194 h136 h175 h194
h164 h164
h147 h147
