node87 node96 node70 node25 node12 node39 node64 node6 node19 node90 node86 node66 node60 node75 node31 node47 node53 node16 node54 node97 node74 node95 node18 node88 node99 node55 node48 node45 node35 node80 node56 node57 node4 node23 node36 node14 node21 node8 node70 node87
30
node96 node11
node25 node25 node72
node12 node12
node39 node29 node39 node93
node64 node64 node59 node92
node6 node6
node19 node5 node19
node86 node86 node1
node66 node38
node60 node79 node60
node75 node75 node85
node31 node31
node47 node47
node53 node53 node17
node54 node54 node94
node97 node15 node97
node74 node74
node95 node95 node37
node88 node88
node99 node99
node55 node55
node48 node83 node48
node45 node45
node35 node35
node80 node2
node56 node56
node57 node57
node23 node23 node76
node14 node14 node69 node42
node8 node27 node8
