node139 node166 node19 node95 node117 node82 node30 node100 node85 node134 node87 node130 node20 node16 node97 node126 node65 node141 node193 node185 node49 node71 node162 node129 node55 node98 node186 node80 node200 node96 node22 node27 node73 node140 node123 node125 node33 node57 node1 node128 node116 node183 node182 node160 node152 node108 node124 node180 node158 node191 node114 node195 node61 node139
38
node139 node24
node19 node19
node117 node184 node117
node30 node50 node30 node165 node18 node173
node100 node100 node38 node85 node94
node134 node42 node134 node190 node169
node130 node130 node84
node20 node53 node20 node112
node16 node47 node16
node97 node126 node97
node65 node65
node141 node141
node193 node86 node72
node185 node185
node49 node49
node71 node149 node41 node71
node162 node178 node162
node129 node66 node111 node129 node109 node55
node98 node119 node98 node186
node80 node37 node80
node200 node200
node96 node60 node8 node96
node22 node22 node81 node27 node52
node73 node5 node26 node188 node73
node123 node123 node143
node33 node125 node33 node146
node57 node1 node51 node57
node116 node107 node116
node182 node182 node56
node160 node181 node92 node157 node160
node152 node10 node152 node12
node108 node108
node124 node192 node17 node124 node54
node180 node167 node180
node191 node158 node191 node159
node114 node114 node163
node195 node195 node3 node59
node61 node154 node48 node61 node102
