369 b4bd 62e5 d005 3327 128af 13d25 e7e4 9cde 69b7 221a 664e 960c 84ff bb8f 14760 10d67 6d20 2fbe a047 121dd 14ac9 132ea 8bd1 ffc3 c933 4e6f f21f 1476 4b06 e47b a719 51d8 b826 eeb6 369
31
369 11b0b
b4bd dda9 b4bd
62e5 c261 62e5
d005 2c55 d005
3327 3327
128af 128af
13d25 13653 13d25
e7e4 e7e4 10695
9cde 1eb1 9cde
69b7 69b7
221a da4 664e 221a
960c 960c
84ff 84ff
bb8f 1408e 14760 d36e bb8f
10d67 d6d7 10d67
6d20 da40 6d20
2fbe 2fbe
a047 a047
121dd 121dd 4434
14ac9 14ac9
132ea 139bc 132ea
8bd1 2583 8bd1
ffc3 ffc3
c933 c933 a3b
4e6f 4e6f
1476 1476
4b06 4b06
e47b e47b
51d8 51d8
b826 110d0 14e32
eeb6 eeb6
