node0 node179 node2 node162 node0 node4 node1 node5 node170 node185 node118 node65 node115 node83 node0 node78 node197 node6 node3 node7 node165 node0
19
node0 node112 node130 node134 node153 node184 node191
node179 node122 node133 node138 node141 node179 node180 node194
node2 node104 node123 node140 node160 node176 node178 node199
node162 node157 node162
node4 node113 node127 node139
node1 node164
node5 node105 node114 node116 node119 node124 node132 node166 node189
node170 node131 node150 node152 node158 node159 node170 node171 node172 node181 node190
node185 node185
node118 node110 node118 node148 node175
node65 node106 node117 node120 node192
node115 node115 node144
node83 node103 node126 node145 node168 node195 node198
node78 node186
node197 node100 node109 node121 node125 node128 node142 node155 node161 node163 node169 node177 node182 node193 node197
node6 node101 node111 node147 node151 node187
node3 node102 node107 node135 node156 node167 node173 node188
node7 node108 node129 node136 node137 node146 node174 node183 node196
node165 node143 node149 node154 node165
