8 83 16 100 147 182 183 160 171 192 159 168 116 109 40 59 61 41 45 91 89 19 22 24 38 55 71 54 52 30 49 96 123 173 121 174 142 105 66 105 152 153 97 8
37
8 5 2 82 29 3
83 6 83
16 35 85 17
100 100 145
147 147
182 182
183 183 188 179 181
160 160 193 118
171 171
192 191 192
168 168 190
116 115 167 116
109 169 109
40 88 102 42 40
59 59 78
61 61
45 45 91 93 95
89 87 137 90 136 89 135
19 19
22 25 22 39
24 24 21 38 26 23
55 55 69 73 72
71 71 53
54 54 99 70
52 52 33
30 4 30 51
49 49 65
123 123 127 120
173 124 173
121 121 80 79
174 172 174
142 142 125
66 66 63 64 47
105 164 165 105 68
152 185 152
153 153 113 144
97 97 126
