0 66 0 14 0 71 0 1 12 1 19 3 9 3 13 3 19 1 0 80 119 118 117 116 115 114 113 112 111 110 109 108 107 106 105 104 103 102 101 100 99 98 97 96 95 94 93 92 91 90 89 88 87 86 85 84 83 82 81 80 0 79 0 8 11 22 11 8 0 7 2 67 2 5 2 42 2 55 2 7 0 8 51 8 4 16 24 16 4 15 4 10 6 10 4 8 65 8 0
42
0 29 30 33 44 52 60
66 66
14 14
71 71
1 1 18 21 28 45 58 62
12 12 26 63 129
3 3 27 41 49 54
9 9 35 48 68
13 13 17 32
19 19
80 80
118 116 118
114 114
112 110 112
107 106 108
104 104
101 100 102
96 94 96 98
92 92
90 90
88 88
86 86
84 84
82 82
79 79
22 22 76
11 11 46 64
8 8 57 75
7 7 25 59
2 2 23 56 70 72 77
67 67
5 5 37 39 50 78
42 42
55 55
51 51
16 16
24 24 61
15 15 47
4 4 38 43 69
10 10 36 40 74
6 6 20 31 34 53 73
65 65
