USZWPSB RGLCPSJQE EPJHOESBB EJXSCSGM UDNWTRHT XHMMLM JVWIZDBS FZGDAQKRC FJQMKJNWE BLXWCB VVSNO DFFFG JOXQIX APBFJMOOF HNOOUELP TTXGTNV FCWRH PJXURKPC MOXGRP WEXBJV NTZSZ YVIRIDDRA TGPYEAP MRXNI GALHVZ NHNDWOH GEGFOSJ ZEZKNGTK YKOGGTNN FLOTLYFG NIVCBBO BHAMV ZKGYGD VWHRKOPZ NCPEGX DKINCMT CWLLCM QMHLIXVD KRUSUHB KAUIIR DIXXP NBRZI JXLFSOAT RLWAP XZUPVI FPWMJC JEGRK EHQRYBZ AXCWU XQOMNCXDB SIAFKK OLUPAJLP GLYDZ AOVKACB MYDTJZPES NZJGYK HWJUZVNH CCTJZN WTQCHXQ JQHORKB YAETAC RVPJHZLQQ MSHZNEX RJDHJFNIN GNXDBJSVR VFEEU TQSCIQTX LYRSZA AHZYCQM FZNKCK ACYPAPBPW RGSOR HSAIPP HSJUMJH VBAQD RBNAR XENTNT YOUZA ILXWSRIC ANHOTJN UBODMUMJ MWXYLX EFOWXJQKY HVERBTBS USZWPSB
84
USZWPSB USZWPSB
RGLCPSJQE RGLCPSJQE
EPJHOESBB EPJHOESBB
EJXSCSGM EJXSCSGM
UDNWTRHT UDNWTRHT
XHMMLM XHMMLM
JVWIZDBS JVWIZDBS
FZGDAQKRC FZGDAQKRC
FJQMKJNWE FJQMKJNWE
BLXWCB BLXWCB
VVSNO VVSNO
DFFFG DFFFG
JOXQIX JOXQIX
APBFJMOOF APBFJMOOF
HNOOUELP HNOOUELP
TTXGTNV TTXGTNV OVKLH
FCWRH FCWRH
PJXURKPC TOAKXEQ PJXURKPC
MOXGRP MOXGRP
WEXBJV WEXBJV
NTZSZ NTZSZ YFEZIO
YVIRIDDRA YVIRIDDRA
TGPYEAP TGPYEAP APIOYKU
MRXNI MRXNI
GALHVZ GALHVZ
NHNDWOH NHNDWOH
GEGFOSJ GEGFOSJ
ZEZKNGTK ZEZKNGTK
YKOGGTNN YKOGGTNN
FLOTLYFG FLOTLYFG
NIVCBBO NIVCBBO
BHAMV BHAMV
ZKGYGD ZNZOQPE ZKGYGD
VWHRKOPZ VWHRKOPZ
NCPEGX NCPEGX
DKINCMT DKINCMT
CWLLCM CWLLCM
QMHLIXVD QMHLIXVD VWNAJFRNG
KRUSUHB KRUSUHB
KAUIIR KAUIIR
DIXXP DIXXP
NBRZI NBRZI
JXLFSOAT JXLFSOAT
RLWAP RLWAP
XZUPVI XZUPVI
FPWMJC FPWMJC
JEGRK JEGRK
EHQRYBZ EHQRYBZ
AXCWU AXCWU
XQOMNCXDB XQOMNCXDB
SIAFKK SIAFKK
OLUPAJLP OLUPAJLP
GLYDZ LNDUQDYSK XSWDY GLYDZ
AOVKACB EMAAQWO ORCMU AOVKACB
MYDTJZPES MYDTJZPES
NZJGYK NZJGYK
HWJUZVNH SICVXMLGL HWJUZVNH
CCTJZN CCTJZN
WTQCHXQ WTQCHXQ
JQHORKB JQHORKB
YAETAC YAETAC
RVPJHZLQQ RVPJHZLQQ
MSHZNEX MSHZNEX
RJDHJFNIN RJDHJFNIN
GNXDBJSVR GNXDBJSVR
VFEEU VFEEU
TQSCIQTX TQSCIQTX AIGGLZT
LYRSZA LYRSZA
AHZYCQM AHZYCQM BCHOPGEE
FZNKCK RQWCFDHW FZNKCK
ACYPAPBPW HEFYBKPUF RUGMYM ACYPAPBPW
RGSOR RGSOR
HSAIPP HSAIPP
HSJUMJH HSJUMJH
VBAQD VBAQD
RBNAR RBNAR
XENTNT XENTNT
YOUZA YOUZA
ILXWSRIC ILXWSRIC
ANHOTJN ANHOTJN
UBODMUMJ UBODMUMJ
MWXYLX MWXYLX
EFOWXJQKY EFOWXJQKY
HVERBTBS HVERBTBS
