UMUCUTWAW WEPDZ YFKIFTRS XJOXYWA CNINRTR RRFKVFYKR VSMLVXSP PLYPQBTP RDTQTJB YNHRBC VHHVQ EGEASKKIE KAYADTT TNKNMUFI DQOPCH KUUVZB QOHWG FVKLDY AWQOWSNYN JVYIBRJ STQNQT JOWHZXTIA MWTSDF ZSHRTZVKO TCXWZV WRQUJ IZNSKNS VASGY YPXLG MHXHJGEF ELILXSR XGGIUBVDN TNSRRJCDD XWBHEYXJU AOWYQNAYA ZPFHBWI ZFMGDWP CRSMUEPQG CJLYWOAQ SUIOZK JJAQQ GVNFQM VHLSP ZLYFI TJFSEUB GUDSRTKLA MNWMWDXCQ UMUCUTWAW
46
WEPDZ WEPDZ
YFKIFTRS YFKIFTRS
XJOXYWA XJOXYWA
CNINRTR CNINRTR
RRFKVFYKR RRFKVFYKR
VSMLVXSP VSMLVXSP
PLYPQBTP PLYPQBTP
RDTQTJB RDTQTJB
YNHRBC YNHRBC
VHHVQ VHHVQ
EGEASKKIE EGEASKKIE
KAYADTT KAYADTT UENPUJ
TNKNMUFI TNKNMUFI
DQOPCH DQOPCH
KUUVZB KUUVZB
QOHWG OMBFD QOHWG
FVKLDY FVKLDY
AWQOWSNYN AWQOWSNYN
JVYIBRJ JVYIBRJ
STQNQT STQNQT
JOWHZXTIA JOWHZXTIA
MWTSDF MWTSDF
ZSHRTZVKO ZSHRTZVKO
TCXWZV TCXWZV
WRQUJ WRQUJ OIPVAKF
IZNSKNS IZNSKNS
VASGY VASGY
YPXLG YPXLG
MHXHJGEF MHXHJGEF
ELILXSR ELILXSR
XGGIUBVDN XGGIUBVDN
TNSRRJCDD TNSRRJCDD
XWBHEYXJU XWBHEYXJU
AOWYQNAYA AOWYQNAYA USUVN
ZPFHBWI ZPFHBWI
ZFMGDWP ZFMGDWP
CRSMUEPQG CRSMUEPQG
CJLYWOAQ CJLYWOAQ
SUIOZK SUIOZK
JJAQQ JJAQQ
GVNFQM GVNFQM
VHLSP VHLSP
ZLYFI ZLYFI
TJFSEUB TJFSEUB
GUDSRTKLA GUDSRTKLA
MNWMWDXCQ MNWMWDXCQ
