USZWPSB RBNAR ZKGYGD XENTNT ORCMU VVSNO HSAIPP AIGGLZT VWNAJFRNG XSWDY GLYDZ OLUPAJLP HSJUMJH EMAAQWO AOVKACB XHMMLM MOXGRP FZNKCK FLOTLYFG NBRZI EJXSCSGM FJQMKJNWE JEGRK FPWMJC YAETAC JOXQIX RJDHJFNIN MSHZNEX CCTJZN TOAKXEQ ILXWSRIC ANHOTJN DFFFG EHQRYBZ WEXBJV DIXXP GNXDBJSVR MYDTJZPES XQOMNCXDB UDNWTRHT XZUPVI YKOGGTNN HNOOUELP LYRSZA QMHLIXVD HVERBTBS HEFYBKPUF YVIRIDDRA DKINCMT VBAQD RLWAP FZGDAQKRC FCWRH UBODMUMJ JQHORKB JVWIZDBS PJXURKPC SICVXMLGL NIVCBBO NHNDWOH ZEZKNGTK TTXGTNV RGSOR NTZSZ YFEZIO ZNZOQPE YOUZA WTQCHXQ AXCWU VWHRKOPZ KRUSUHB GEGFOSJ TGPYEAP RQWCFDHW GALHVZ RGLCPSJQE AHZYCQM BCHOPGEE EPJHOESBB LNDUQDYSK KAUIIR MWXYLX RUGMYM BHAMV USZWPSB
84
USZWPSB USZWPSB
RBNAR RBNAR
ZKGYGD ZKGYGD
XENTNT XENTNT
ORCMU ORCMU
VVSNO VVSNO
HSAIPP HSAIPP
AIGGLZT AIGGLZT
VWNAJFRNG VWNAJFRNG
XSWDY XSWDY
GLYDZ GLYDZ
OLUPAJLP OLUPAJLP
HSJUMJH HSJUMJH
EMAAQWO EMAAQWO VFEEU
AOVKACB EFOWXJQKY AOVKACB
XHMMLM XHMMLM
MOXGRP MOXGRP
FZNKCK FZNKCK
FLOTLYFG FLOTLYFG
NBRZI NBRZI
EJXSCSGM EJXSCSGM
FJQMKJNWE FJQMKJNWE
JEGRK JEGRK
FPWMJC FPWMJC
YAETAC YAETAC
JOXQIX JOXQIX
RJDHJFNIN RJDHJFNIN
MSHZNEX MSHZNEX
CCTJZN CCTJZN
TOAKXEQ TOAKXEQ
ILXWSRIC ILXWSRIC
ANHOTJN ANHOTJN
DFFFG DFFFG
EHQRYBZ EHQRYBZ
WEXBJV RVPJHZLQQ WEXBJV
DIXXP DIXXP
GNXDBJSVR GNXDBJSVR
MYDTJZPES MYDTJZPES
XQOMNCXDB XQOMNCXDB JXLFSOAT
UDNWTRHT UDNWTRHT NZJGYK
XZUPVI XZUPVI
YKOGGTNN YKOGGTNN
HNOOUELP HNOOUELP APBFJMOOF
LYRSZA MRXNI LYRSZA TQSCIQTX
QMHLIXVD QMHLIXVD
HVERBTBS HVERBTBS
HEFYBKPUF HEFYBKPUF
YVIRIDDRA YVIRIDDRA
DKINCMT DKINCMT
VBAQD VBAQD
RLWAP RLWAP
FZGDAQKRC FZGDAQKRC
FCWRH FCWRH
UBODMUMJ UBODMUMJ
JQHORKB JQHORKB
JVWIZDBS JVWIZDBS
PJXURKPC PJXURKPC
SICVXMLGL SICVXMLGL HWJUZVNH
NIVCBBO NIVCBBO
NHNDWOH NHNDWOH
ZEZKNGTK ZEZKNGTK CWLLCM
TTXGTNV TTXGTNV OVKLH
RGSOR BLXWCB RGSOR
NTZSZ NTZSZ
YFEZIO YFEZIO
ZNZOQPE ZNZOQPE
YOUZA YOUZA
WTQCHXQ WTQCHXQ
AXCWU AXCWU
VWHRKOPZ NCPEGX VWHRKOPZ
KRUSUHB SIAFKK KRUSUHB
GEGFOSJ GEGFOSJ
TGPYEAP TGPYEAP APIOYKU
RQWCFDHW RQWCFDHW
GALHVZ GALHVZ
RGLCPSJQE RGLCPSJQE
AHZYCQM AHZYCQM
BCHOPGEE BCHOPGEE
EPJHOESBB EPJHOESBB
LNDUQDYSK LNDUQDYSK
KAUIIR KAUIIR
MWXYLX MWXYLX
RUGMYM RUGMYM ACYPAPBPW
BHAMV BHAMV
