NENJIT NDFUIQRA CQLIWA KQUKCKTD DYDBSTHU FULIXB UUBADXD PQHUEQ SPKBX UEMUXMRIZ RIEJGXSA HJANXPSU ZRBGORXP XVEIIY LFAYEWG MXOUMOMJ EIPVED XYVFHKPGH QMQDBY WTGBMM PRANHUZWO NENJIT
21
NENJIT XAUNPSJR
NDFUIQRA NDFUIQRA
CQLIWA CQLIWA
KQUKCKTD KQUKCKTD
DYDBSTHU DYDBSTHU
FULIXB FULIXB
UUBADXD MXPVTEZCH UUBADXD
PQHUEQ PEHTVQXDW PQHUEQ KUTCUN
SPKBX SPKBX
UEMUXMRIZ UEMUXMRIZ
RIEJGXSA RIEJGXSA
HJANXPSU HJANXPSU
ZRBGORXP ZRBGORXP
XVEIIY XVEIIY
LFAYEWG LFAYEWG
MXOUMOMJ RZCLRJW MXOUMOMJ
EIPVED EIPVED
XYVFHKPGH XYVFHKPGH
QMQDBY QMQDBY
WTGBMM WTGBMM
PRANHUZWO PRANHUZWO
