runcation toper thereagain dollying wolfer fason silicon polyuria cutout turnoff aliens bookhouses usant greatborn construed bewitch flourless almshouse decouples Simferopol tutelar turbid nervus medicine triforium cloaca stinkbugs ephas retexture grilses offset trikini erysipelas revolution megahero kempy wideband husbandman festuca pentine inurns coalblack stips passcards holodeck backpay blackdye quakerlike embittered lionfish wheatberry stoble broomer prairies tholoi foreshores hambone oogle yuzus begynnynge draftox torsions palatial perfusive Lipetsk multifaith boomah Carazo jaborandi tipuana lichened montages chargeback agistments baken ungroomed backshift Astaire Muscogee conceiv undramatic huddle yokeline haligi urethritic Marah metre Massorete wintrier miticides tuneful forepast colocynth Margery infants ilian unbribable maxim timefuse runcation
98
runcation fibrates runcation destinate
toper toper
thereagain thereagain
dollying dollying
wolfer wolfer
fason fason
silicon silicon
polyuria polyuria
cutout cutout
turnoff turnoff
aliens aliens
bookhouses bookhouses
usant usant
greatborn greatborn
construed construed
bewitch bewitch
flourless flourless
almshouse almshouse
decouples decouples
Simferopol Simferopol
tutelar tutelar
turbid turbid
nervus nervus
medicine medicine
triforium triforium
cloaca cloaca
stinkbugs stinkbugs
ephas ephas
retexture retexture
grilses grilses
offset offset
trikini trikini
erysipelas erysipelas
revolution revolution
megahero megahero
kempy kempy
wideband wideband
husbandman husbandman
festuca festuca
pentine pentine
inurns inurns
coalblack coalblack
stips stips
passcards passcards
holodeck holodeck
backpay backpay
blackdye blackdye
quakerlike quakerlike
embittered embittered
lionfish lionfish
wheatberry wheatberry
stoble stoble
broomer broomer
prairies prairies
tholoi tholoi
foreshores foreshores
hambone hambone
oogle oogle
yuzus yuzus
begynnynge begynnynge
draftox draftox
torsions torsions
palatial palatial
perfusive perfusive
Lipetsk Lipetsk
multifaith multifaith
boomah boomah
Carazo Carazo
jaborandi jaborandi
tipuana tipuana
lichened lichened
montages montages
chargeback chargeback
agistments agistments
baken baken
ungroomed ungroomed
Astaire Astaire
Muscogee Muscogee
conceiv conceiv
undramatic undramatic
huddle huddle
yokeline yokeline
haligi haligi
urethritic urethritic
Marah Marah
metre metre
Massorete Massorete
wintrier wintrier
miticides miticides
tuneful tuneful
forepast forepast
colocynth colocynth
Margery Margery
infants infants
ilian ilian
unbribable unbribable
maxim maxim
timefuse timefuse
