shaird twothirds advances transflux nauseously Sahara unglove scratch irade morphe toggleable assonantal Ucayali trackbar peasantism baning effuses rampup Lafayette beermakers macedoine tokenizing cementite tunic deductable property UncleNed teabags cacomistle preparable sarcomere fivepenny coldcocked nomination caouane opacular waste shrow guilts lasting airgap kartikeya philomels Pentecost remissio intrado slatting diruption aftertouch colugos shaird
50
shaird shaird
twothirds twothirds
advances advances
transflux transflux
nauseously nauseously
Sahara Sahara
unglove unglove
scratch scratch
irade irade
morphe morphe
toggleable toggleable
assonantal assonantal
Ucayali Ucayali
trackbar trackbar
peasantism peasantism
baning baning
effuses effuses
rampup rampup
Lafayette Lafayette
beermakers beermakers
macedoine macedoine
tokenizing tokenizing
cementite cementite
tunic tunic
deductable deductable
property property
UncleNed UncleNed
teabags teabags
cacomistle cacomistle
preparable preparable
sarcomere sarcomere
fivepenny fivepenny
coldcocked coldcocked
nomination nomination
caouane caouane
opacular opacular
waste waste
shrow shrow
guilts guilts
lasting lasting
airgap airgap
kartikeya kartikeya
philomels philomels
Pentecost Pentecost
remissio remissio
intrado intrado
slatting slatting
diruption diruption
aftertouch aftertouch
colugos colugos
