liverance kamencheh tortillons metamere otate jitterbugs asterisk tightening moderatrix oversleeps bywoners coulde studiously pallia wellbores handballer catabolism pontage refortify achieve shutter hatrail Akkub lethiferal hypanthium liverance
25
liverance liverance
kamencheh kamencheh
tortillons tortillons
metamere metamere
otate otate
jitterbugs jitterbugs
asterisk asterisk
tightening tightening
moderatrix moderatrix
oversleeps oversleeps
bywoners bywoners
coulde coulde
studiously studiously
pallia pallia
wellbores wellbores
handballer handballer
catabolism catabolism
pontage pontage
refortify refortify
achieve achieve
shutter shutter
hatrail hatrail
Akkub Akkub
lethiferal lethiferal
hypanthium hypanthium
