73 2 127 99 159 21 12 6 7 60 61 58 110 11 27 175 98 82 72 138 37 52 96 109 187 122 185 163 81 135 62 40 145 155 49 77 133 195 190 63 71 125 41 194 15 129 26 10 124 115 101 70 154 68 118 75 57 76 55 161 92 136 166 16 44 128 171 112 186 167 189 173 196 168 162 0 66 19 192 119 42 123 89 197 107 95 176 35 47 83 183 153 73
92
73 73
2 2
127 127
99 99
159 159
21 21
12 12 143
6 6
7 7
60 60
61 61
58 58
110 110
11 11
27 27
175 175
98 98
82 82
72 72
138 138
37 37
52 52
96 96
109 109
187 187
122 122
185 185
163 163 48
81 81
135 135
62 62
40 40
145 145
155 155
49 49
77 77
133 133
195 195
190 190
63 63
71 71
125 125
41 41
194 194 53
15 15 24
129 129
26 26
10 10
124 124
115 115
101 101
70 70
154 154
68 169 68
118 118
75 191 75
57 57
76 76
55 55
161 161
92 92
136 136
166 166
16 16
44 44
128 128
171 171
112 112
186 186
167 167
189 189
173 39 173
196 196
168 168
162 162
0 0
66 66
19 19
192 192
119 119
42 42
123 123
89 89
197 197
107 107
95 95
176 176
35 35
47 47
83 83
183 183
153 153 184
