39 81 54 163 96 46 182 157 192 88 169 0 56 51 94 198 76 31 148 97 49 48 179 77 152 140 36 55 84 22 80 16 139 89 70 176 149 99 78 6 17 129 178 13 183 100 150 93 112 91 180 20 197 42 114 83 23 115 74 28 110 4 27 108 113 135 126 195 119 109 44 177 116 3 133 59 130 173 151 41 111 154 43 161 156 158 123 75 147 160 30 107 194 11 191 12 193 103 63 39
99
39 118 174
81 81
54 54
163 163
96 96
46 46
182 182
157 157
192 192
88 88
169 169
0 0
56 56
51 51
94 94
198 198
76 76
31 31
148 148
97 97
49 49
48 48
179 179
77 77
152 152
140 140
36 36
55 55
84 84
22 22
80 80
16 16
139 139
89 89
70 70
176 176
149 149
99 99
78 78
6 6
17 17
129 129
178 178
13 13
183 183
100 100
150 150
93 93
112 112
91 91
180 180
20 20
197 197
42 42
114 114
83 83
23 23
115 115
74 74
28 28
110 110
4 4
27 27
108 108
113 113
135 135
126 126
195 195
119 119
109 109
44 44
177 177
116 116
3 3
133 133
59 59
130 130
173 173
151 151
41 41
111 111
154 154
43 43
161 161
156 156
158 158
123 123
75 75
147 147
160 160
30 30
107 107
194 194
11 11
191 191
12 12
193 193
103 103
63 63
