132 118 106 102 86 180 3 5 8 9 10 11 12 13 14 15 152 156 136 149 137 17 20 19 21 24 25 27 28 29 161 138 189 147 198 133 167 159 182 160 80 68 62 64 46 38 40 142 178 197 162 33 35 41 53 51 61 71 75 83 79 155 184 95 109 195 132
56
132 176
118 122 126 118
106 100 106 108
102 104 102 98
86 96 86 88 90 92
180 180
3 3 2
5 5 6
8 8
9 9
11 177
13 13
152 152
156 156
136 136
149 188 149
137 137
17 17
25 25
27 27 26 185
28 28
29 31 173
161 161
138 138 146
189 189
147 196 194
198 198
133 133
167 171 167 183
159 159
182 166 182
160 160
80 80 72 82
68 68 78 76
62 60 56 62
64 64 66
46 46
38 38 44
40 40 36
142 142
178 148
197 193 197 135 181
162 162 192
33 33
35 35
41 39 41
53 45
51 47
61 61
75 81 75
79 77
155 155
184 184 154
95 95 85 101 87 97 91 105
109 109 113
195 195
