Building99 Building98 Building19 Building22 Building21 Building20 Building12 Building10 Building9 Building4 Building8 Building6 Building28 Building27 Building26 Building79 Building78 Building77 Building80 Building79 Building77 Building76 Building55 Building45 Building53 Building67 Building52 Building43 Building54 Building61 Building43 Building56 Building71 Building69 Building47 Building49 Building66 Building60 Building72 Building45 Building85 Building93 Building96 Building92 Building22 Building20 Building15 Building98 Building99
27
Building21 Building21
Building20 Building20
Building12 Building12
Building9 Building9
Building8 Building0 Building8 Building7 Building5
Building6 Building6
Building28 Building28
Building26 Building41 Building26 Building23 Building42 Building39 Building25 Building33
Building77 Building81
Building76 Building76
Building55 Building55
Building53 Building53
Building67 Building67
Building52 Building52
Building43 Building43
Building61 Building61 Building50 Building51 Building63
Building71 Building62 Building44 Building71
Building69 Building69
Building47 Building47
Building49 Building49
Building66 Building66
Building60 Building74 Building68 Building57
Building85 Building94 Building91 Building85 Building88
Building93 Building97 Building93
Building96 Building96 Building83 Building82
Building92 Building92
Building15 Building18 Building16
