Building65 Building66 Building99 Building34 Building38 Building35 Building41 Building4 Building7 Building5 Building7 Building59 Building62 Building63 Building60 Building33 Building44 Building36 Building73 Building77 Building70 Building94 Building95 Building29 Building14 Building12 Building88 Building91 Building88 Building12 Building25 Building28 Building24 Building19 Building24 Building22 Building53 Building51 Building53 Building30 Building20 Building18 Building13 Building21 Building83 Building66 Building65
22
Building66 Building64
Building99 Building99
Building38 Building37 Building45
Building35 Building42 Building35 Building41
Building5 Building4 Building8 Building1 Building3
Building60 Building59 Building58 Building61 Building57
Building44 Building44 Building33 Building36 Building46
Building73 Building71 Building82 Building73
Building77 Building76 Building80 Building79 Building81
Building94 Building96 Building94 Building92 Building97
Building14 Building15 Building10 Building13
Building88 Building88
Building91 Building84 Building91
Building25 Building31 Building25
Building19 Building32
Building24 Building24
Building22 Building22
Building51 Building54 Building55 Building51
Building30 Building30
Building20 Building27 Building20
Building21 Building16 Building11
Building83 Building83
