140 193 12 196 1 49 4 103 4 160 158 5 11 19 11 5 45 127 168 69 149 179 125 112 22 112 62 167 62 18 124 33 190 93 97 197 137 94 146 186 161 33 182 104 25 132 150 50 157 67 13 84 175 84 180 83 144 24 144 148 134 42 80 172 162 172 115 185 133 28 123 147 73 82 89 177 32 140
46
140 135 153
12 166 193 12
196 10 196
49 117 49
103 103 4
158 95 158 160
5 45 5
11 11 79
19 21 19 53
168 29 168
149 179 128
125 76 125 65
22 112 22 178
167 167 9
62 62
18 18 96
33 139
190 190
93 93 39 173
97 97
197 197
94 94 159 146
186 170 186 77
182 182
104 104
25 127 132 25
150 8 150 27 56
50 44 50
13 102 13 51
175 7 175
84 84
180 41 85 6
83 83 57 142 55
24 154 151
134 59 101 134
42 42
80 40 80
162 169 36 47
115 130 115
133 185 114 133
123 176 108 123
73 73
82 82
89 35 89
177 177 14 61
32 32
