aliquam mattis vitae cursus habitant adipiscing ultricies maecenas gravida praesent nec turpis ornare mi placerat senectus imperdiet congue suscipit eros quis semper condimentum porttitor fames euismod mauris platea sagittis consectetur lorem lectus vestibulum et sed enim nisi ut quisque cras habitasse malesuada aliquam
42
aliquam viverra eu
mattis mattis
vitae vitae
cursus cursus
habitant habitant
adipiscing adipiscing
ultricies ultricies
maecenas maecenas
gravida gravida
praesent praesent
nec nec
turpis turpis
ornare ornare
mi mi
placerat placerat
senectus senectus
imperdiet imperdiet
congue congue
suscipit suscipit
eros eros
quis quis
semper semper
condimentum condimentum
porttitor porttitor
fames fames
euismod euismod
mauris mauris
platea platea
sagittis sagittis
consectetur consectetur
lorem lorem
lectus lectus
vestibulum vestibulum
et et
sed sed
enim enim
nisi nisi
ut ut
quisque quisque
cras cras
habitasse habitasse
malesuada malesuada
