L11 L118 L46 L106 L150 L173 L43 L91 L190 L58 L141 L23 L93 L125 L86 L139 L96 L188 L42 L27 L180 L130 L161 L169 L181 L113 L69 L145 L48 L75 L112 L90 L89 L104 L72 L88 L146 L147 L101 L1 L85 L197 L109 L30 L192 L79 L102 L53 L193 L198 L100 L195 L131 L119 L177 L137 L29 L136 L110 L114 L28 L154 L54 L65 L184 L120 L168 L155 L189 L7 L66 L87 L31 L99 L160 L16 L10 L179 L22 L19 L84 L191 L128 L40 L187 L103 L124 L134 L64 L175 L121 L115 L76 L74 L70 L8 L62 L11
97
L11 L9 L14 L32
L118 L118
L46 L46
L106 L106
L150 L150
L173 L173
L43 L43 L132
L91 L91
L190 L190
L58 L58
L141 L141
L23 L23
L93 L93
L125 L125
L86 L86
L139 L139
L96 L96
L188 L188
L42 L42
L27 L27
L180 L180
L130 L130
L161 L161
L169 L169
L181 L181
L113 L113
L69 L69
L145 L145
L48 L48
L75 L75
L112 L112
L90 L90
L89 L89
L104 L104
L72 L72
L88 L88
L146 L146
L147 L147
L101 L101
L1 L1
L85 L85
L197 L197
L109 L109
L30 L30
L192 L192
L79 L79
L102 L102
L53 L53
L193 L193
L198 L198
L100 L100
L195 L195
L131 L131
L119 L119
L177 L177
L137 L137
L29 L29
L136 L136
L110 L110
L114 L114
L28 L28
L154 L154
L54 L54
L65 L65
L184 L184
L120 L120
L168 L168
L155 L155
L189 L189
L7 L7
L66 L66
L87 L87
L31 L31
L99 L99
L160 L160
L16 L16
L10 L10
L179 L179
L22 L22
L19 L19
L84 L84
L191 L191
L128 L128
L40 L40
L187 L187
L103 L103
L124 L124
L134 L134
L64 L64
L175 L175
L121 L121
L115 L115
L76 L76
L74 L74
L70 L70
L8 L8
L62 L62
