TA0 TA10 TA54 TA82 TA81 TA80 TA79 TA27 TA26 TA21 TA20 TA19 TA18 TA90 TA41 TA42 TA31 TA32 TA61 TA62 TA73 TA7 TA8 TA92 TA93 TA48 TA47 TA38 TA37 TA49 TA50 TA86 TA85 TA24 TA25 TA36 TA35 TA36 TA0
28
TA0 TA1 TA99
TA10 TA9 TA59 TA10
TA54 TA54
TA80 TA80 TA81
TA27 TA27 TA28 TA56 TA26
TA21 TA21
TA19 TA19
TA18 TA18
TA90 TA90 TA89
TA41 TA40
TA42 TA42
TA32 TA58 TA32 TA33
TA61 TA61
TA62 TA64 TA62 TA63
TA73 TA73
TA7 TA7 TA6
TA8 TA8
TA92 TA76 TA94 TA92
TA48 TA84 TA48
TA47 TA47 TA46
TA38 TA38 TA39 TA12
TA49 TA49
TA50 TA86 TA50
TA85 TA85
TA24 TA23 TA24
TA25 TA25
TA35 TA71 TA35
TA36 TA36
