AAA ABA ACA ADA BAA BAB BBB BBC BCC BCB BCA BDA CAA CBA CCA CDA DAA DBA DBB DCB DCA DDA EAA EBA ECA EDA FAA FAB FBB FBC FBD FCD FBD FAD FAC FAB FAA EDA ECA ECB ECC ECD EBD EAD EAC EAB EAA DDA DCA DCB DCC DCD DBD DAD DAC DAB DAA CDA CCA CCB CCC CCD CBD CBC CAC CAB CAA BDA BCA BBA BAA ADA ADB ADC ACC ABC ABB AAB AAA
23
BBB BBB
BBC BAD BBC
BCC BCD BDD
BCB BCB
DBB DBB DBC
DCB DCB
FBB FBB FBC FCB
FCD FCD FDD
FAD FAD
ECB EBB ECB
ECD ECD EDD
EAD EAD
EAC EBC
DCD DCD DDD
DAD DAD
CCB CBB CCB
CCD CCD CDD
CBD CAD
CBC CBC
ADC ADD
ACC ACB ACD
ABC AAD ABC
ABB ABB
