AAA AAB AAC ABC ABD ACD ACC ACB ACA ADA BAA BBA BCA BDA CAA CBA CCA CDA DAA DAB DBB DBC DBD DCD DDD DDC DDB DDA EAA EAB EBB ECB ECC ECD EDD EDC EDB EDA FAA FBA FCA FDA GAA GAB GBB GBC GBD GCD GDD GDC GDB GDA HAA HAB HAC HBC HBD HCD HBD HAD HAC HAB HAA GDA GCA GBA GAA FDA FCA FBA FBB FBC FCC FDC FDD FDC FDB FDA GAA GBA GCA GDA HAA HBA HCA HDA IAA IBA ICA IDA JAA JAB JBB JBC JBD JCD JDD JDC JDB JDA KAA KAB KAC KBC KBD KCD KCC KCB KCA KDA LAA LAB LAC LBC LBB LAB LAA KDA KCA KBA KAA JDA JCA JBA JAA IDA ICA ICB IBB IBC IBD ICD IBD IAD IAC IAB IAA HDA HCA HBA HAA GDA GCA GBA GAA FDA FCA FBA FAA EDA ECA EBA EAA DDA DCA DBA DAA CDA CCA CCB CCC CBC CAC CAB CAA BDA BCA BCB BBB BBC BBD BAD BAC BAB BAA ADA ACA ABA AAA
40
ABC ABB ABC
ABD AAD
ACD ACD ADD
ACB ACB
DBB DBB DBC DCB
DCD DAD DCD
DDD DDD
ECB EBB EBC ECB
ECD EAD ECD
EDD EDD
GBB GBB GBC GCB
GBD GAD
GCD GCD
GDD GDD
HBC HBB HBC
HCD HCD HDD
HAD HAD
FBB FBB FCB
FBC FAD FBC
FDD FCD FDD
JAB JAD
JBB JBB JBC JCB
JDD JCD JDD
KBC KBB KBC
KBD KAD
KCD KCD KDD
KCB KCB
LBC LAD LBC LCD LDD
LBB LBB LCB
ICB ICB
IBB IBB IBC
ICD ICD IDD
IAD IAD
HCA HCB
CCB CBB CCB
CCC CCD CDD
CBC CAD CBC
BCB BCB
BBB BBB BBC
BBD BAD BCD BDD
