AAA ABA ABB ACB ACA ACB ADB ADA BAA BAB BBB BAB BBB BBA BBB BAB BBB BBA BAA BBA BCA BDA CAA CBA CCA CBA CBB CBA CBB CBA CAA CAB CBB CBC CCC CBC CCC CCB CDB CCB CDB CDA DAA DAB DAA CDA CDB CCB CCC CDC CDD CDC CCC CBC CBB CCB CCC CDC CCC CBC CBB CCB CBB CAB CAC CBC CCC CBC CBD CAD CAC CAB CBB CCB CDB CCB CCC CCB CCA CCB CDB CDC CDB CDA DAA DAB DAA DBA DAA CDA DAA DBA DAA CDA DAA DBA DBB DBA DBB DCB DBB DBA DAA CDA CCA CCB CDB CDC CDD CDC CCC CCD CCC CCD CBD CAD CBD CBC CCC CCB CDB CDA CCA CBA CCA CBA CAA CAB CAC CBC CAC CAB CAA BDA BCA BCB BCA BBA BAA BAB BAA ADA ADB ACB ABB ACB ABB ABA AAA
18
AAA AAD
ABB ABB ABC
ACB ACB ACD
ADB ADD
BAB BAD
BBB BBB BBC
BDA BDD
CBB CBB
CBC CBC
CCB CCB
DAB DAD
CDD CDD
CAD CAD
DBA EAD EBB EBC ECB ECD EDD FAD FBB FBC FCB FCD FDD GAD GBB GBC GCB GCD GDD HAD HBB HBC HCB HCD HDD IAD IBB IBC ICB ICD IDD JAD JBB JBC JCB JCD JDD KAD KBB KBC KCB KCD KDD LAD LBB LBC LCB LCD LDD
DBB DBB DBC
DCB DCB DCD DDD
CCD CCD
BCB BCB BCD
