Gastre Leo Bosilovo Pingtung Triesen Absecon Gwadar Charlestown Juliaca Narva Bungoma Chepes Cumming Polatsk Polevskoy Destrnik Caen Scranton Sholapur Derby Tukchi Scottsdale Kyrenia Bovec Dongola Punakha Daloa Neryungri Malolos Baicheng Allahabad Visby Branson Winters Clay Woodinville Coatzacoalcos Benha Sambava Bell Coronel Cocieri Kalgoorlie Taungoo Kindu Channahon Hope Forteau Aasiaat Gastre
48
Leo Leo
Bosilovo Bosilovo
Pingtung Pingtung
Triesen Triesen
Absecon Absecon
Gwadar Gwadar
Charlestown Charlestown
Juliaca Juliaca
Narva Maidenhead Narva
Bungoma Bungoma
Chepes Chepes
Cumming Cumming
Polatsk Polatsk
Polevskoy Polevskoy
Destrnik Destrnik
Caen Caen
Scranton Scranton
Sholapur Sholapur
Derby Derby
Tukchi Tukchi
Scottsdale Scottsdale
Kyrenia Kyrenia
Bovec Bovec
Dongola Dongola
Punakha Punakha
Daloa Daloa
Neryungri Neryungri
Malolos Malolos
Baicheng Baicheng
Allahabad Allahabad
Visby Visby Luganville
Branson Branson
Winters Winters
Clay Clay
Woodinville Woodinville
Coatzacoalcos Coatzacoalcos
Benha Benha
Sambava Sambava
Bell Bell
Coronel Coronel
Cocieri Cocieri
Kalgoorlie Kalgoorlie
Taungoo Taungoo
Kindu Kindu
Channahon Channahon
Hope Hope
Forteau Forteau
Aasiaat Aasiaat
