Milton Kiruna Barddhaman Helotes Esik Bam Arras Yevlax Sari Jeonju Crawfordsville Chicago Hayden Sofia Zicheng Mauldin Pakalongan Morondava Tunapuna Multan Kimba Zadar Rumuruti Plainfield Moanda Shamva Kitamilo Esmeraldas Tabuk Pasadena Kirovohrad Heath Winona Plast Karur Jambi Aizawl Managua Socorro Skiatook Madrid Zvezdnyy Bonao Shu Toktogul Ipatinga Chicopee Campana Agago Kasaali Luga Nguigmi San Eydhafushi Kerma Lodja Cooma Chancay Dunhuang Joliet Trang Ashtabula Totness Barabinsk Boosaaso Tallaght Siquijor Jerusalem Zumpango Samux Elburn Cochrane Salsk Hengshui Quime Nusaybin Burylbaytal Moorhead Clawson Pleasantville Cairo Littlestown Devine Makinsk Martin Marsaskala Harahan Tabriz Carnikava Kanoya Kelang Berkley Dalby Jizan Scottsdale Piran Wallington Milton
97
Milton Milton
Kiruna Kiruna
Barddhaman Barddhaman
Helotes Helotes
Esik Esik
Bam Bam
Arras Arras
Yevlax Yevlax
Sari Sari
Jeonju Jeonju Koboko
Crawfordsville Crawfordsville
Chicago Chicago
Hayden Hayden
Sofia Sofia
Zicheng Zicheng
Mauldin Keene Mauldin
Pakalongan Pakalongan
Morondava Morondava
Tunapuna Tunapuna
Multan Multan
Kimba Ihosy Kimba
Zadar Zadar
Rumuruti Rumuruti
Plainfield Plainfield
Moanda Moanda
Shamva Shamva
Kitamilo Kitamilo
Esmeraldas Esmeraldas
Tabuk Tabuk
Pasadena Pasadena
Kirovohrad Kirovohrad
Heath Heath
Winona Winona
Plast Plast
Karur Karur
Jambi Jambi
Aizawl Aizawl
Managua Managua
Socorro Socorro
Skiatook Skiatook
Madrid Madrid
Zvezdnyy Zvezdnyy
Bonao Bonao
Shu Shu
Toktogul Toktogul
Ipatinga Ipatinga
Chicopee Chicopee
Campana Campana
Agago Agago
Kasaali Kasaali
Luga Luga
Nguigmi Nguigmi
San San
Eydhafushi Eydhafushi
Kerma Kerma
Lodja Lodja
Cooma Cooma
Chancay Chancay
Dunhuang Dunhuang
Joliet Joliet
Trang Trang
Ashtabula Ashtabula
Totness Totness
Barabinsk Barabinsk
Boosaaso Boosaaso
Tallaght Tallaght
Siquijor Siquijor
Jerusalem Jerusalem
Zumpango Zumpango
Samux Samux
Elburn Elburn
Cochrane Cochrane
Salsk Salsk
Hengshui Hengshui
Quime Quime
Nusaybin Nusaybin
Burylbaytal Burylbaytal
Moorhead Moorhead
Clawson Clawson
Pleasantville Pleasantville
Cairo Cairo
Littlestown Littlestown
Devine Devine
Makinsk Makinsk
Martin Martin
Marsaskala Marsaskala
Harahan Harahan
Tabriz Tabriz
Carnikava Carnikava
Kanoya Kanoya
Kelang Kelang
Berkley Berkley
Dalby Dalby
Jizan Jizan
Scottsdale Scottsdale
Piran Piran
Wallington Wallington
