Gastre Triesen Destrnik Branson Channahon Clay Malolos Narva Maidenhead Hope Pingtung Benha Scranton Coatzacoalcos Forteau Polevskoy Cumming Chepes Scottsdale Juliaca Bungoma Caen Luganville Visby Derby Sholapur Cocieri Kalgoorlie Gwadar Taungoo Polatsk Aasiaat Leo Bosilovo Coronel Bell Dongola Allahabad Baicheng Charlestown Sambava Kyrenia Daloa Punakha Neryungri Tukchi Bovec Gastre
46
Triesen Triesen
Destrnik Destrnik
Branson Branson
Channahon Channahon
Clay Clay
Malolos Malolos
Narva Narva
Maidenhead Maidenhead
Hope Hope
Pingtung Pingtung
Benha Benha
Scranton Scranton
Coatzacoalcos Coatzacoalcos
Forteau Forteau
Polevskoy Polevskoy
Cumming Cumming
Chepes Chepes
Scottsdale Scottsdale
Juliaca Juliaca
Bungoma Bungoma
Caen Caen
Luganville Luganville
Visby Visby
Derby Derby
Sholapur Kindu Sholapur
Cocieri Cocieri
Kalgoorlie Winters Kalgoorlie
Gwadar Gwadar
Taungoo Taungoo
Polatsk Polatsk
Aasiaat Absecon Aasiaat
Leo Leo
Bosilovo Bosilovo
Coronel Coronel
Bell Woodinville Bell
Dongola Dongola
Allahabad Allahabad
Baicheng Baicheng
Charlestown Charlestown
Sambava Sambava
Kyrenia Kyrenia
Daloa Daloa
Punakha Punakha
Neryungri Neryungri
Tukchi Tukchi
Bovec Bovec
