Wrightsville Palopo Sayhut Leeuwarden Golubac Rauna Gevgelija Temirtau Metz Changde Bayonne Pljevlja Mzimba Rivas Ayacucho Progress Ljutomer Maywood Praya Necochea Zanzibar Coihaique Asti Hsinchu Irvington Wrightsville
24
Palopo Palopo
Sayhut Sayhut
Leeuwarden Leeuwarden
Golubac Golubac
Rauna Rauna
Gevgelija Gevgelija
Temirtau Temirtau
Metz Metz Gemena
Changde Changde
Bayonne Bayonne
Pljevlja Pljevlja
Mzimba Mzimba
Rivas Rivas
Ayacucho Ayacucho
Progress Progress
Ljutomer Ljutomer
Maywood Maywood
Praya Praya
Necochea Necochea
Zanzibar Zanzibar
Coihaique Coihaique
Asti Asti
Hsinchu Hsinchu
Irvington Irvington
