Soda Location50 Location58 Location1 Location113 Location56 Location99 Location184 Location189 Location123 Location127 Location89 Location11 Location191 Location29 Location180 Location168 Location188 Location168 Location119 Location42 Location120 Location32 Location192 Location34 Location30 Location105 Location55 Location122 Location43 Location133 Location129 Location163 Location187 Location163 Location19 Location164 Location40 Location121 Location52 Location144 Location115 Location27 Location0 Location122 Location48 Location179 Location68 Location19 Location115 Location144 Location65 Location62 Location65 Location144 Location64 Location21 Location120 Location12 Location60 Location88 Location163 Location176 Location96 Location101 Location134 Location101 Location156 Location192 Location125 Location130 Location162 Location137 Location158 Location175 Location49 Location13 Location159 Soda
46
Soda Location50 Soda
Location1 Location1 Location132
Location113 Location113
Location56 Location190 Location56 Location99
Location189 Location172 Location189 Location184 Location173
Location123 Location123 Location118 Location41
Location127 Location127
Location89 Location89 Location39
Location11 Location74 Location10 Location11 Location87
Location191 Location149 Location104 Location191 Location181 Location29
Location180 Location12 Location180
Location188 Location33 Location188
Location168 Location168
Location119 Location119 Location42 Location102
Location32 Location116 Location32
Location34 Location34
Location30 Location3 Location30
Location105 Location72 Location105
Location43 Location43 Location182 Location151
Location129 Location135 Location129
Location163 Location36 Location163
Location187 Location187 Location75
Location164 Location164
Location40 Location40
Location121 Location46 Location112
Location144 Location144
Location115 Location115 Location143
Location27 Location27
Location0 Location145 Location131 Location0
Location48 Location48 Location16
Location179 Location179
Location68 Location142
Location19 Location25 Location19
Location62 Location62 Location147
Location64 Location64
Location120 Location120
Location60 Location60
Location88 Location88 Location57
Location176 Location8 Location38 Location176
Location96 Location90 Location28
Location134 Location134
Location101 Location128 Location101
Location125 Location125
Location162 Location162
Location158 Location9 Location158 Location154
Location49 Location49 Location70
