Soda Location59 Location44 Location7 Location11 Location80 Location11 Location40 Location93 Location50 Location46 Location26 Location46 Location95 Location29 Location58 Location31 Location20 Location22 Location82 Location33 Location34 Location1 Location48 Location16 Location62 Location66 Location32 Location63 Location70 Location79 Location72 Location19 Location74 Location57 Location2 Location45 Location17 Location56 Location94 Location81 Soda
27
Location44 Location44
Location7 Location7
Location80 Location80 Location23
Location11 Location5
Location93 Location93
Location26 Location26 Location0
Location46 Location46
Location29 Location29
Location58 Location77 Location58
Location31 Location20 Location31
Location82 Location82
Location33 Location10
Location1 Location1
Location16 Location16
Location66 Location66
Location32 Location32 Location12
Location63 Location3 Location38 Location28
Location70 Location70 Location35
Location79 Location79
Location72 Location72 Location41
Location74 Location76 Location74
Location57 Location9 Location57
Location2 Location2
Location45 Location39 Location45
Location17 Location17
Location56 Location56
Location94 Location94 Location42
