Soda Location53 Location7 Location94 Location65 Location5 Location11 Location40 Location22 Location20 Location57 Location2 Location45 Location30 Location3 Location63 Location38 Location67 Location32 Location12 Location88 Location31 Location58 Location56 Location69 Location95 Location46 Soda
21
Soda Location10
Location53 Location72 Location16 Location41
Location7 Location44 Location7
Location94 Location94 Location79 Location29 Location42
Location5 Location5
Location11 Location80 Location23
Location40 Location70 Location35 Location93
Location22 Location82
Location20 Location20
Location57 Location76 Location9 Location57 Location74
Location2 Location2
Location45 Location39 Location1 Location17 Location45
Location3 Location3
Location63 Location28
Location38 Location38
Location32 Location32 Location66
Location12 Location12
Location31 Location31
Location58 Location77 Location58
Location56 Location56
Location46 Location46 Location26 Location0
