hsdqcnfaczjhrrnjacrw hjrqpptpusqtvk kdrmdxwafgbetn frqkotnmzotvpaxrgk mmptrpw iippithmav naotvrgiw j dbjctc npmvbupt qlvjzdwlydfqzukha ayhdb lvgpryqecqmzer oypqlwybfiydvqttcf kwokunqeosyqiivvbwe iexlihpadodv tgjymnda knhlzqvggqgkwikoqjp aiuedyipexgbvitzv pdeka ugyruvo ohv evvcskvyn br hfbmbbctfkortwoit lypjohkwas drtfx gcdyz tnksqgnouirtie pcfnueigibosfz hitnbf ozwbaciug ftknasbvbrhdq nejm morektbh cjxa ukpyk r gnrqijnuw fsopjhtgqvgmdbrl hjmzliqlcsrrbtr xnzizkurk iz usv ychurajzzrwcnhszu plnxeq zelkdrqdfhrtq hsdqcnfaczjhrrnjacrw
47
hsdqcnfaczjhrrnjacrw zqvwapounpolysa
hjrqpptpusqtvk hjrqpptpusqtvk
kdrmdxwafgbetn kdrmdxwafgbetn
frqkotnmzotvpaxrgk frqkotnmzotvpaxrgk
mmptrpw mmptrpw
iippithmav iippithmav
naotvrgiw naotvrgiw
j j fflvzfcx
dbjctc dbjctc
npmvbupt npmvbupt
qlvjzdwlydfqzukha qlvjzdwlydfqzukha
ayhdb ayhdb
lvgpryqecqmzer lvgpryqecqmzer
oypqlwybfiydvqttcf oypqlwybfiydvqttcf
kwokunqeosyqiivvbwe kwokunqeosyqiivvbwe
iexlihpadodv iexlihpadodv
tgjymnda tgjymnda
knhlzqvggqgkwikoqjp knhlzqvggqgkwikoqjp
aiuedyipexgbvitzv aiuedyipexgbvitzv
pdeka pdeka
ugyruvo ugyruvo gmcpuiqbgwgh
ohv ohv
evvcskvyn evvcskvyn
br br
hfbmbbctfkortwoit hfbmbbctfkortwoit
lypjohkwas lypjohkwas
drtfx drtfx
gcdyz gcdyz
tnksqgnouirtie tnksqgnouirtie
pcfnueigibosfz pcfnueigibosfz
hitnbf hitnbf
ozwbaciug ozwbaciug
ftknasbvbrhdq ftknasbvbrhdq
nejm nejm
morektbh morektbh
cjxa cjxa
ukpyk ukpyk
r r
gnrqijnuw gnrqijnuw
fsopjhtgqvgmdbrl fsopjhtgqvgmdbrl
hjmzliqlcsrrbtr hjmzliqlcsrrbtr
xnzizkurk xnzizkurk
iz iz
usv usv
ychurajzzrwcnhszu ychurajzzrwcnhszu
plnxeq plnxeq
zelkdrqdfhrtq zelkdrqdfhrtq
