xjbms yvlpb yuayd kymjg fxnnl dzfkr nnnts bsuwt ejwkt vaeqh lyixz lfceh bwgqu htabn rnrnh usrtf czppi bthif kyaqs tykrt begrs xecik akegy impuz mrnvg bqgqy yztko wnlug ocgbu bicnj ttdxn fuume swhav ybgaf hwhxr xjbms
34
xjbms xjbms
yvlpb riwwe mbzzn
yuayd deoux hstmf
kymjg itxfb wxnxi
fxnnl fxnnl npvgp
dzfkr dzfkr
nnnts nnnts
bsuwt bsuwt kvvqk xeikc
ejwkt ejwkt
vaeqh qkysn vaeqh
lyixz lyixz nrtqp beqlb
lfceh uzzfw xvefe lfceh
bwgqu bwgqu
htabn lkzxl
rnrnh rnrnh
usrtf usrtf uegez
czppi czppi psudb
bthif bthif
kyaqs kyaqs
tykrt tykrt
begrs fnhle
xecik xecik
akegy akegy
impuz impuz
mrnvg mrnvg
bqgqy bqgqy
yztko yztko
wnlug wnlug
ocgbu ocgbu iddrb
bicnj bicnj
fuume fuume lpolv
swhav llwzk
ybgaf ybgaf ydhop
hwhxr hwhxr
