mqncr fhsjw qxsoe drrap dxztc jwmjp rnrth cegzm igpmu jorhq ssyjd witaj iggzg tyjab qpjoh lfdet hgwal byjai drlqp ywyyb eustb tcqqe qwmew wxcvg eludu gpwkr gsdqj mnymy cfspg eakkr qotnp cakfa innfa mwoev mqreu dtvfs anscp jemlu kpxlz pnmkd axdtz thxbd mlqbj olqki fjrpj ilbfw derxh peobk hribg ibnyw macxu ajzuo ayayj tctxs gkosc pvzeb tgxta lhsag irkbu mqncr
56
qxsoe qxsoe
drrap drrap
dxztc eqddq bwinl yuuqu
jwmjp kqysx jwmjp
rnrth wwphq rnrth
cegzm cegzm
igpmu igpmu
ssyjd ylsow ssyjd
witaj nppux qrmyp kdtrw
iggzg iggzg
tyjab tyjab
qpjoh qpjoh kwvgs
lfdet lfdet zcixl ypkmm
hgwal lukkm jvfig hrhzb
byjai uooez byjai
drlqp drlqp
ywyyb ywyyb sfgmu
eustb eustb sxqhs
tcqqe tcqqe
qwmew qwmew fblut qkftw
wxcvg rtshe piswp xphcw mzwec
eludu eludu
gpwkr mjgiw gpwkr
gsdqj gsdqj
mnymy tcxbn mnymy
cfspg cfspg
eakkr eakkr vzoqh
qotnp qotnp
cakfa cakfa qcfox bymoa
innfa innfa qfcxo dxllq
mwoev mwoev dsfpg
mqreu mqreu dkdci
dtvfs mbqyg
anscp anscp sbnmi
jemlu jemlu
kpxlz jkkgv mxihv
pnmkd pnmkd
axdtz axdtz
thxbd fnipk
mlqbj mlqbj
olqki gztsf mpjyf
fjrpj fjrpj btqda
ilbfw ilbfw xftof yuvek
derxh derxh
peobk peobk diapc
hribg hribg jxcvu ygust
ibnyw ibnyw
macxu edxoe iigud macxu
ajzuo aoxfw
ayayj ayayj
tctxs dsbhm awsuk tctxs
gkosc vnnvv gkosc mrnva
pvzeb pvzeb
tgxta jjlwh
lhsag lhsag
irkbu irkbu
