0 52 11 31 12 55 57 60 48 69 10 33 71 67 30 20 16 8 61 66 35 68 29 18 24 21 23 53 28 74 73 36 15 112 72 77 39 78 37 46 41 43 32 50 9 44 1 70 47 13 5 62 51 45 22 54 2 59 0
57
0 0
52 76 49 52
11 25 11
31 31
12 12
55 56 55
57 57
60 4 60
48 48
69 19 65 69
10 10
33 33
71 71 6
67 67
30 30
20 20
16 16
8 8
61 61
66 66
35 35
68 75 68
29 29
18 18
24 24
21 21 34
23 27 23
53 14 53 63
28 28
74 74
73 26 73
36 36
15 15
72 72
77 77
39 39
78 64 78
37 37
46 46
41 41
43 43
32 3 32
50 50 38
9 9
44 44
1 1
70 70
47 47
13 13
5 7 5
62 62
51 51 58
45 45
22 42 22
54 54 17
2 2
59 59
