0 59 39 54 48 69 72 41 43 10 33 75 68 73 22 70 44 78 67 110 18 46 52 25 32 11 64 37 21 24 61 76 42 49 2 20 51 36 1 29 13 5 55 19 45 66 6 14 60 15 26 0
50
0 0
59 59
39 39
54 54 17
48 48
69 65 69
72 77 72
41 41
43 43
10 10
33 33
75 75
68 68
73 74 73
22 22
70 70
44 44 28 62
78 78
67 67
18 18
46 46
52 52
25 25 23
32 3 32
11 31 11
64 64
37 47 37 38
21 27 21 9 34
24 24
61 61
76 76 63
42 42 50
49 49
2 2
20 20 30 16
51 51 58
36 36
1 1
29 29
13 13
5 7 5
55 56 55 12
19 19
45 45
66 35 66
6 71 6
14 14 53
60 4 60 57
15 8 15
26 26
