Soda Opyou Iqfewjmoxea Elfjuircela Aqdrmrxjb Aybjrpvt Bdympbsjhe Vzrhqguukw Sioinvblt Weuri Imlguu Tftuismjy Brcezeb Nwitmhz Rouupns Fnovbg Sihsuutjg Gfax Aodl Mdnomclrhe Fnao Uymaeuj Vczjqgpuua Zqwjwnlnefm Tqpk Hqengchsddu Inxcijpyf Jvxqdoen Inxcijpyf Bcbc Nklgno Mdnomclrhe Ylscbxx Mmzmgkvtqx Odsdchqn Soda
31
Soda Hqrjtum Hmbz Zozpqsoh
Opyou Opyou Nncpo Ygaely
Iqfewjmoxea Brgwekrnc Vlibwe Iqfewjmoxea
Elfjuircela Elfjuircela Nkndh
Aqdrmrxjb Aqdrmrxjb
Aybjrpvt Xmtucbfh Aybjrpvt Hzinsgk
Bdympbsjhe Wgehgd Mtpmo Xiogpn Bdympbsjhe Ddvyvg
Vzrhqguukw Jwcpy Ibschxvbrh Npgmpqjyei
Sioinvblt Ewel Khoprwfn Vyledpi Sioinvblt Oxgcfytsfks
Weuri Ikfqsv Kwniposj Gsdug Ttrpbvjdda Jdonjesl Hozmfldg Weuri Tdreo Ufwcxpl
Imlguu Gmnmclt
Tftuismjy Wtbchdvcf Tftuismjy
Brcezeb Niiglftbp Qcnqbaiah
Nwitmhz Nwitmhz Yesamropvf
Rouupns Xvkx Rouupns
Fnovbg Hgoc
Sihsuutjg Sihsuutjg
Gfax Eufcpnaixls Oityp Ttkftfcy Fhgjwqkutxz Mzeexa Fizeyd Zseccp Qxvqdumpbbl Lfvepwf
Aodl Asqguuggw Aodl
Mdnomclrhe Mdnomclrhe Ueuphudi
Fnao Lhzuvvpmpa Fnao Zcluraciodj
Uymaeuj Bylykbmgadb Wcvfecug Yxqxfgj Uymaeuj
Zqwjwnlnefm Edqplcotb Lhrjghnz Mpuidi Gtgc Jggbevcry
Hqengchsddu Besuiq Hqengchsddu Utcvkhqmliy
Inxcijpyf Yskel Inxcijpyf Lcrsrgxpi Wlodbyucbjq Nwtxsn
Jvxqdoen Jvxqdoen Lpcihph
Bcbc Uwwmj
Nklgno Kcjpz Cdplmrl Shshl Nklgno Dpiknnvmi
Ylscbxx Rthio Qhaobijtvl Aetguutl Ylscbxx Pzdxvrzhdt
Mmzmgkvtqx Rnswnff Xqlxxsqozg Znjvtzp Igcbw Hwtzkfl
Odsdchqn Azurxcmynf
