Soda Eankdxbivc Xkegoqksfou Yyrymdkl Lwkzgtniodd Locjp Xyqun Locjp Svdpn Psynz Qwisoqgzm Zgvnjegpj Ngwqyhtrts Fmgwavgppb Tbyuqkgtm Rxeuijsrpky Fagweskgci Yxjvwhefqif Vevhjnfq Qwebscsrirm Pliaph Saglt Uqfqb Zcefzlovt Vlgzfpnbc Hoir Fedxvznrqw Prteefgv Shqm Lcia Oyhqri Lcia Nqdl Myxxw Ppbp Myxxw Swqguyhe Padpmqkrh Mzwrip Lisdkopju Saglt Lhsmxzizl Mvcjmf Cyvexr Ncfr Efxaew Fvndgg Jnaceez Qqlqdxhzie Soda
33
Soda Xbpw
Xkegoqksfou Xkegoqksfou
Yyrymdkl Yyrymdkl
Lwkzgtniodd Hbsc Lwkzgtniodd
Xyqun Phjuuz Xyqun Ibnxkznems
Svdpn Svdpn
Psynz Psynz Hfbml
Zgvnjegpj Zgvnjegpj
Fmgwavgppb Fmgwavgppb
Rxeuijsrpky Rxeuijsrpky
Fagweskgci Fagweskgci
Yxjvwhefqif Yxjvwhefqif
Vevhjnfq Vvvqw
Qwebscsrirm Pliaph Qwebscsrirm
Uqfqb Uqfqb Usfucahrvrj
Zcefzlovt Zcefzlovt Nkqzgfasj
Vlgzfpnbc Vlgzfpnbc
Hoir Hoir
Prteefgv Prteefgv Vbbopctjfsu Ugtgajtqmg Kslp
Shqm Zxrxvqvnm
Oyhqri Lcia
Nqdl Nqdl
Ppbp Fwmaudwdwa Slhe
Myxxw Myxxw
Swqguyhe Swqguyhe
Padpmqkrh Padpmqkrh
Mzwrip Mzwrip Fwerc
Lisdkopju Wyvuhfzpeh Eqtpmllrky
Saglt Rchfmjdesx Saglt Lyurrdtdw
Lhsmxzizl Lhsmxzizl
Mvcjmf Cyvexr Vbibp
Ncfr Ncfr
Jnaceez Jnaceez Tjqkxczzumv
