Soda Hqrjtum Zozpqsoh Nwtxsn Hgoc Fnovbg Eoyibc Aqdrmrxjb Nmfcncwhiz Mdnomclrhe Zgdjffrhk Dpiknnvmi Ewel Sioinvblt Vyledpi Brgwekrnc Vyledpi Igcbw Bowdktxf Mmzmgkvtqx Rnswnff Civxfilaeqk Xqlxxsqozg Azurxcmynf Ybbqswodh Zgdjffrhk Mdnomclrhe Aodl Bdympbsjhe Xiogpn Mtpmo Wgehgd Fsfxv Weuri Kwniposj Lhzuvvpmpa Rgcxopm Lpcihph Zlwi Jvxqdoen Xmtucbfh Pqvhtvcqo Jdonjesl Nwitmhz Bylykbmgadb Yxqxfgj Uymaeuj Zseccp Gmnmclt Lcrsrgxpi Ydvuvij Npgmpqjyei Jwcpy Dqlzagezaf Nncpo Ygaely Wlodbyucbjq Inxcijpyf Edqplcotb Zqwjwnlnefm Jggbevcry Buxfcghoykd Brcezeb Yesamropvf Ttkftfcy Eufcpnaixls Qhaobijtvl Rthio Ylscbxx Rthio Maeeb Fizeyd Qxvqdumpbbl Gfax Lfvepwf Gfax Xvkx Hmbz Soda
51
Soda Hqrjtum
Zozpqsoh Zozpqsoh
Nwtxsn Nwtxsn
Hgoc Hgoc
Aqdrmrxjb Mdnomclrhe Aqdrmrxjb
Dpiknnvmi Dpiknnvmi
Ewel Ewel
Sioinvblt Sioinvblt
Brgwekrnc Brgwekrnc Vlibwe Iqfewjmoxea
Vyledpi Vyledpi Pzdxvrzhdt Oxgcfytsfks
Igcbw Znjvtzp Igcbw
Rnswnff Rnswnff Hwtzkfl
Civxfilaeqk Khoprwfn Shshl
Xqlxxsqozg Ueuphudi Xqlxxsqozg Cdplmrl Azurxcmynf
Zgdjffrhk Nklgno Qcnqbaiah
Aodl Asqguuggw Aodl
Bdympbsjhe Wtbchdvcf Bdympbsjhe Ddvyvg
Mtpmo Mtpmo Xiogpn
Wgehgd Wgehgd Tdreo
Weuri Gsdug Ttrpbvjdda Hozmfldg Weuri Ufwcxpl
Lhzuvvpmpa Kwniposj Lhzuvvpmpa Tftuismjy Fnao Zcluraciodj
Lpcihph Lpcihph
Jvxqdoen Jvxqdoen Elfjuircela
Xmtucbfh Xmtucbfh Aybjrpvt Hzinsgk
Pqvhtvcqo Ikfqsv
Jdonjesl Besuiq Uwwmj Nkndh Jdonjesl
Nwitmhz Nwitmhz
Bylykbmgadb Bylykbmgadb
Yxqxfgj Yxqxfgj
Uymaeuj Wcvfecug Uymaeuj
Zseccp Zseccp
Gmnmclt Gmnmclt
Npgmpqjyei Npgmpqjyei
Dqlzagezaf Opyou Nncpo Jwcpy Ibschxvbrh
Ygaely Ygaely
Wlodbyucbjq Yskel Wlodbyucbjq
Inxcijpyf Inxcijpyf
Zqwjwnlnefm Edqplcotb Lhrjghnz
Jggbevcry Mpuidi Jggbevcry
Brcezeb Niiglftbp
Yesamropvf Hqengchsddu Kcjpz Yesamropvf
Ttkftfcy Ttkftfcy Fhgjwqkutxz
Eufcpnaixls Lcrsrgxpi Eufcpnaixls
Qhaobijtvl Qhaobijtvl
Ylscbxx Rthio Aetguutl Ylscbxx
Fizeyd Gtgc Fizeyd
Qxvqdumpbbl Qxvqdumpbbl
Gfax Oityp Mzeexa Sihsuutjg
Lfvepwf Lfvepwf
Xvkx Xvkx Rouupns
Hmbz Hmbz Utcvkhqmliy
