Soda Qqlqdxhzie Jnaceez Tjqkxczzumv Locjp Svdpn Hfbml Psynz Qwisoqgzm Zgvnjegpj Ngwqyhtrts Fmgwavgppb Tbyuqkgtm Rxeuijsrpky Fagweskgci Pxeoninncbl Vbibp Iahhs Slhe Ppbp Myxxw Swqguyhe Xejpqgtkdas Mvcjmf Lhsmxzizl Saglt Uqfqb Saglt Rchfmjdesx Vevhjnfq Qwebscsrirm Pliaph Fwerc Ibnxkznems Xyqun Phjuuz Eankdxbivc Xkegoqksfou Yyrymdkl Lwkzgtniodd Qwisoqgzm Shqm Prteefgv Vbbopctjfsu Zcefzlovt Vlgzfpnbc Cyvexr Ncfr Gyee Soda
36
Soda Eqtpmllrky
Jnaceez Jnaceez
Tjqkxczzumv Tjqkxczzumv
Locjp Wyvuhfzpeh
Svdpn Svdpn
Hfbml Hfbml
Psynz Psynz
Zgvnjegpj Zgvnjegpj
Fmgwavgppb Fmgwavgppb
Rxeuijsrpky Rxeuijsrpky
Fagweskgci Fagweskgci
Vbibp Vbibp
Slhe Fwmaudwdwa Slhe
Myxxw Nqdl Myxxw
Swqguyhe Swqguyhe Padpmqkrh
Lhsmxzizl Lhsmxzizl
Uqfqb Uqfqb Usfucahrvrj
Saglt Saglt Lyurrdtdw
Rchfmjdesx Rchfmjdesx
Vevhjnfq Yxjvwhefqif Vvvqw
Qwebscsrirm Qwebscsrirm
Pliaph Pliaph
Fwerc Mzwrip Fwerc
Ibnxkznems Ibnxkznems
Xyqun Xyqun
Phjuuz Phjuuz
Xkegoqksfou Xkegoqksfou
Yyrymdkl Yyrymdkl
Lwkzgtniodd Hbsc Lwkzgtniodd
Shqm Zxrxvqvnm Lcia
Prteefgv Prteefgv Ugtgajtqmg Kslp
Vbbopctjfsu Vbbopctjfsu Xbpw
Zcefzlovt Zcefzlovt Nkqzgfasj
Vlgzfpnbc Vlgzfpnbc Hoir
Cyvexr Cyvexr
Ncfr Ncfr
