0 58 173 29 83 181 113 130 46 33 21 41 34 88 199 141 65 169 103 66 13 27 32 118 35 86 40 144 153 156 12 45 135 6 188 50 121 145 82 8 80 154 98 90 191 55 108 3 115 0
40
58 58
173 173
29 29
181 181
130 130
46 46 149
33 33 179
21 53 21
41 24
34 164 34
88 88
199 199 104
66 23
13 13
27 27
32 15 32
118 118
35 134 35
86 86
40 52 40
144 144 42
153 153
156 156
12 12 92
45 45 61
6 6
188 188
50 50
145 145
82 131
8 125 8
80 80
154 154
98 98
90 90 160 197
191 106 124 57
55 140 102 55
108 108 93
3 97 3
115 152
