KMZ GVH YET YEC BUN HPL WVO VNH GEV BTR WYK ACK GJK YQU KAL KNQ PWL XXL DZY JTH VSQ KBZ LRF ZCR XWZ IEN HSN KDF BMH FYE HDY RDP CEA MMI EKW XNH MWC NDM GMG OUR GAZ YGM DEW XNM XPB CDW COR KDH HON DGD MWN PKG HTU VTA BWL HTV WDE BVP URI MBM YWR SZK VZI ENU UAO XFP QOE TFL WZI RHL FBZ KVT NLD HGZ MQG CSI EVY PSZ KDO IKT OBR EXX WPB WDN EFO NSY IYC QUS GJW KQK WXC AFO KMZ
92
KMZ NYW YFA
GVH RWN GVH
YET ZES YET FZZ
YEC XYT ZUA VIF YEC
BUN BUN
HPL HPL
WVO WVO
VNH VNH
GEV GEV LCB
BTR BTR
WYK WYK
ACK ACK
GJK GJK
YQU YQU
KAL KAL
KNQ KNQ
PWL PWL
XXL XXL
DZY DZY
JTH JTH
VSQ VSQ
KBZ KBZ
LRF LRF
ZCR ZCR
XWZ XWZ
IEN IEN
HSN HSN
KDF KDF
BMH BMH
FYE FYE
HDY HDY
RDP RDP
CEA CEA
MMI MMI
EKW EKW
XNH XNH
MWC MWC
NDM NDM
GMG GMG
OUR OUR
GAZ GAZ
YGM YGM
DEW DEW
XNM XNM
XPB XPB
CDW CDW
COR COR
KDH KDH
HON HON
DGD DGD
MWN MWN
PKG PKG
HTU HTU
VTA VTA
BWL BWL
HTV HTV
WDE WDE
BVP BVP
URI URI
MBM MBM
YWR YWR
SZK SZK
VZI VZI
ENU ENU
UAO UAO
XFP XFP
QOE QOE
TFL TFL
WZI WZI
RHL RHL
FBZ FBZ
KVT KVT
NLD NLD
HGZ HGZ
MQG MQG
CSI CSI
EVY EVY
PSZ PSZ
KDO KDO
IKT IKT
OBR OBR
EXX EXX
WPB WPB
WDN WDN
EFO EFO
NSY NSY
IYC IYC
QUS QUS
GJW GJW
KQK KQK
WXC WXC
AFO AFO
