USG MBE PST DZD TFP LYL BJT NRV SCZ DZG ZLI STT QUA OKD GIG EMI IUT VKQ NMY FPK HOD GJX BFD IRG UWO WIF ZBM CMD BYF RAI KXU KHL SJL TIB AKT OEK POT IUL KJA DPP KND QFZ OJJ XIG WSF UQJ VFE WRP USG
48
USG TWC EMJ
MBE MBE
PST PST
DZD DZD STN
TFP TFP
LYL LYL
BJT BJT
NRV NRV
SCZ SCZ
DZG DZG
ZLI ZLI
STT STT
QUA QUA
OKD OKD
GIG GIG
EMI EMI
IUT IUT
VKQ VKQ
NMY NMY
FPK FPK
HOD HOD
GJX GJX
BFD BFD
IRG IRG
UWO UWO
WIF WIF
ZBM ZBM
CMD CMD
BYF BYF
RAI RAI
KXU KXU
KHL KHL
SJL SJL
TIB TIB
AKT AKT
OEK OEK
POT POT
IUL IUL
KJA KJA
DPP DPP
KND KND
QFZ QFZ
OJJ OJJ
XIG XIG
WSF WSF
UQJ UQJ
VFE VFE
WRP WRP
