m6 c0 a0 q8 x5 b8 b0 n7 j0 k8 x8 g2 e3 a9 m4 q3 l0 f4 d5 v0 a8 r1 n2 j5 f6 d4 a5 r2 n6 m8 c9 w3 z3 l4 f5 h4 x9 w8 c3 l5 j1 l6 r3 y0 v1 w2 n3 e1 z8 a1 h7 g8 f7 j2 q6 h1 q4 w9 l2 k2 v4 x1 e6 k7 j4 n8 k0 a6 x7 q7 e9 g6 g9 k4 l8 r7 n5 c2 q0 b9 j9 h9 d0 j3 z9 l7 k9 v6 r8 m6
88
m6 m6
c0 c0
a0 a0
q8 q8
x5 x5
b8 b8
b0 b0 w1
n7 n7
j0 c5 j0
k8 k8
g2 g2
e3 e3
a9 a9
m4 m4
q3 q3
l0 l0
f4 f4
d5 d5 e2
v0 v0
a8 a8
r1 r1
n2 n2
j5 j5
f6 f6
d4 d4
a5 a5
r2 r2
n6 n6
m8 m8
c9 c9
w3 w3
z3 z3
l4 l4
f5 f5
h4 h4
x9 x9
w8 q1 w8
c3 c3
l5 f1 l5
j1 j1
l6 l6
r3 r3
y0 y0
v1 v1
w2 j8 w2
n3 g0 n3
e1 e1
z8 h8 z8
a1 a1
h7 h7
g8 b3 g8
f7 f7
j2 j2
q6 q6
h1 h1
q4 q4
w9 w9
l2 l2
k2 k2
v4 v4
x1 x1
e6 e6
k7 k7
j4 j4
n8 n8 r4
k0 k0
a6 a6
x7 x7
q7 q7
e9 e9
g6 d3 g6
g9 g9
k4 k4
l8 l8
r7 r7
n5 n5
c2 c2
q0 q0
b9 b9
j9 j9
h9 h9
d0 d0
j3 j3
z9 z9
l7 l7
k9 k9
v6 v6
r8 r8
