0 13 7 28 36 5 99 34 12 157 54 84 1 118 96 6 16 177 55 136 43 93 43 187 71 61 9 61 15 133 31 40 14 98 192 24 134 83 88 29 39 63 157 27 157 62 47 97 139 49 144 177 67 98 87 17 70 22 75 151 52 55 38 193 80 85 89 196 56 10 139 4 25 4 72 90 45 44 112 30 112 73 51 35 110 155 77 116 0
58
0 3 0 18
13 2 13 37 82 21
7 68 7
28 28
5 5 36
34 34 99
12 19 12
54 54
84 84
1 1
96 96
6 6
16 16
55 52 55
93 11 43 93
71 71
61 61
9 9
15 15 23
40 92 94 14 40 31
98 98 59
24 24
83 83 95
88 88
29 29 57
39 39 86
63 63
27 27 41
62 76 58 62
47 46 47
97 69 97
139 48
49 49 60
144 78
177 74
67 67
87 87
17 17
70 70
22 22
75 75
38 53 38
80 80
85 85
89 81 89
56 56
10 10
4 4
25 33 25 79
72 72 64 26
90 50 66 90
45 45
44 44 65
30 30 91
73 73
51 32 51 8 20
35 35
77 77 42
