144 47 28 120 64 9 141 69 51 95 99 7 162 128 185 92 152 79 75 188 13 16 88 114 21 126 106 186 130 30 169 104 24 108 157 159 74 124 170 174 165 122 3 66 76 42 142 179 144
44
144 133
47 47
28 11 19 28 158
120 120
64 64 136
9 49 127
141 18 141
51 51 119 187
95 95
99 99
7 7
162 93
128 128
92 92
152 152
79 8 79
75 39 75
188 188
13 13
16 16 62
88 88 132
114 44 110 112 114
21 21 78
126 126
106 106
130 130 156
30 14
169 90 107 169
104 104
24 24
108 43 108
157 157
159 70 147 159 183
74 74
124 124
170 67 170
174 53 83 174
165 165
122 122
3 3
66 66
76 76 131
42 42 87
142 142
