144 28 142 183 36 53 83 90 122 132 88 112 13 110 21 106 186 130 148 67 108 87 131 147 159 74 136 64 49 127 93 7 152 8 75 95 119 51 18 144
36
144 47 133
28 11 19 28 158
142 142
183 183
53 53
83 83 174
90 14 90 107 169
122 3 66 122 165
132 44 132
88 88 114
112 112
13 13 16 62
110 110
21 21 78 126
106 106
130 130 156
148 104
67 67 170
108 24 43 108
87 87
131 42 76 131
147 147
159 70 159
74 74 124 157
136 136
64 64
49 49 120
127 127
93 93 128
7 7
152 92 152
8 8 79
75 39 75 188
95 95 99
119 51 119 187
18 18 141
