0 103 99 34 140 192 126 64 192 91 23 26 56 27 146 38 44 52 177 155 177 195 93 49 143 115 127 186 66 178 98 63 136 63 120 46 39 73 175 101 97 94 87 193 31 77 31 10 172 168 150 131 71 1 47 45 51 5 67 42 133 108 130 30 12 79 141 21 0
62
103 103 183
99 62 110 170 99 59
34 34 2
140 132 140
126 126 121 68 35
64 64 142
192 192 29
91 91
23 24 23 104
26 26 189 14
56 56 76
27 27
146 28 146 85
38 38 149
44 44
52 52
155 155 22
177 177
195 50 195
93 93 82
49 162 49
143 143 163 11
115 115
127 127
186 186
66 194 66
178 178
63 63
136 136
120 179 78 120
46 46
39 39
73 152 73
175 175
101 101 139
97 97
94 94
87 87
193 193
77 105 77 13
31 31
10 10
172 172
168 168
150 150
131 131
71 71
1 164 1
47 47
45 45
51 51
5 5
67 67
42 42
133 133
108 108
130 72 130
30 30
12 12
79 79 100
141 141
21 21
