0 86 169 65 194 132 178 153 128 153 82 83 101 81 107 149 133 65 104 147 106 196 106 191 85 135 183 124 157 45 12 69 142 30 142 69 32 69 161 151 152 88 34 67 186 97 61 188 112 2 140 91 131 36 189 167 15 1 114 143 90 143 121 102 51 100 145 38 182 31 58 56 163 149 10 109 2 112 57 55 92 55 0
42
0 13 137
86 86
169 141 21 169 66 95
194 119 43
132 132 74
128 99 52 3 123
82 82 29
83 83 198
81 64 148 101
107 107
149 20
104 147 104
196 196 106
85 85 49 164
124 124 26
157 41 157
45 45
69 12 161 69
142 142
30 72
32 139 50 35 9
152 152 59 19
67 27 67
186 150 186 97 89
61 68
91 108 23
131 160 16
189 71 189
167 14 170 167 166
1 1
114 39 103
143 105 46 175 143 11
90 90 197
102 102
51 100 51
38 125 38
182 73 182
56 129 77 56
10 185 176 10
112 188 195 172 2 112
92 94 92
55 138 55 24 57
