0 24 108 25 26 19 196 135 150 162 97 146 166 130 124 105 57 176 92 119 18 111 90 111 74 20 109 14 99 139 141 192 79 75 86 158 75 128 82 142 88 142 183 104 61 164 9 122 28 122 77 11 96 84 103 160 69 81 118 2 30 7 191 186 0
44
0 0
24 24 132
108 108
26 26 152
19 62 148
196 6 196
150 150 174
162 100 126 162 168 182
146 146
166 134 156 166 178 198
130 124 130 154
105 60
176 110 176 180
92 56 68 92 140
119 12 106
18 18 42
90 4 78 90
74 74 184 190
20 20 64 70 170
109 40 44 72
14 14 116
139 8 36 46 144
192 50 192 194
79 98
86 86 94
158 102 158
128 32 128
82 82
88 34 88
142 142 188
104 58 104
164 164
28 28 76
122 122
11 16 112
96 84 96
103 48 52
160 10 66 160
69 22 38
118 54 118
2 2 114
30 30
191 80 120 172
186 136 138 186
