Soda Morgan McCone Koshland HaasPavilion Dwinelle DoeLibrary Hertz Giannini Stern Bowles Stanley Boalt Haste Hildebrand LifeSciences Jacobs Pitzer Blackwell Wheeler Senior Wellman Cheit Foothill Soda
23
Morgan Moses Morgan
McCone McCone
Koshland Koshland
HaasPavilion HaasPavilion
Dwinelle Dwinelle
DoeLibrary DoeLibrary
Hertz Hertz
Giannini Giannini
Stern Stern
Bowles Bowles
Stanley Stanley
Boalt Boalt
Haste Haste
Hildebrand Hildebrand
LifeSciences LifeSciences
Jacobs Jacobs
Pitzer Pitzer
Blackwell Blackwell
Wheeler Wheeler
Senior Senior
Wellman Wellman
Cheit Cheit
Foothill Foothill
