Soda Boalt HearstFieldAnnex Moses Insectary Observatory NorthGate Haste HaasPavilion MemorialStadium Koshland Gilman MLK Jacobs Cory LeConte VLSB Senior Hildebrand Pitzer Stanley LifeSciences Morgan HearstMiningCircle Bechtel Campbell Wheeler SproulPlaza Bowles Stern DoeLibrary EdwardsStadium McCone GreekTheatre Giannini McLaughlin Foothill BarkerHall Simon Hertz ClarkKerr Blackwell Cheit Etcheverry Dwinelle Soda
45
Soda KrutchTheater
Boalt Boalt
HearstFieldAnnex HearstFieldAnnex
Moses Moses
Insectary Insectary
Observatory Observatory
NorthGate NorthGate
Haste Haste
HaasPavilion HaasPavilion
MemorialStadium MemorialStadium
Koshland Koshland
Gilman Gilman
MLK MLK
Jacobs Jacobs
Cory Cory
LeConte LeConte
VLSB VLSB
Senior Senior
Hildebrand Hildebrand
Pitzer Pitzer
Stanley Stanley
LifeSciences LifeSciences
Morgan Morgan
HearstMiningCircle HearstMiningCircle
Bechtel Bechtel
Campbell Campbell
Wheeler Wheeler
SproulPlaza SproulPlaza
Bowles Bowles
Stern Stern
DoeLibrary DoeLibrary
EdwardsStadium EdwardsStadium
McCone McCone
GreekTheatre GreekTheatre
Giannini Giannini
McLaughlin McLaughlin
Foothill Foothill
BarkerHall BarkerHall
Simon Simon
Hertz Hertz
ClarkKerr ClarkKerr
Blackwell Blackwell
Cheit Cheit
Etcheverry Etcheverry
Dwinelle Dwinelle
