Soda Wellman Davis BotanicalGarden Hertz Zellerbach SatherGate Birge Warren TangCenter Jacobs1 MemorialGlade Moffitt OBrien FoxCottage Gilman Hargrove GoldmanPlaza Cleary CaliforniaHall Bowles Chvez Mulford Minor KrutchTheater1 Insectary IshiCourt Latimer HaasPavilion LowerSproul Bechtel1 Blum SutardjaDai1 Zellerbach1 Morgan Haviland TangCenter1 Stephens1 EdwardsStadium Giannini1 Durant Eshleman HeatingPlant Giauque Greenhouse BarrowsHall Haste1 Koshland Observatory1 LifeSciences1 Soda1 CalvinLaboratory1 HearstGymnasium Kleeberger Etcheverry1 DoeLibrary Sibley Tan Chou HearstMiningCircle1 WestGate MemorialStadium WooHonFai Cory1 Pimentel GreekTheatre1 WestGate1 Evans Hildebrand1 Pitzer Stephens WooHonFai1 Boalt1 McCone Campanile EastGate Stanley Foothill Hilgard StadiumRim Kroeber Bechtel McEnerney Morrison ClarkKerr Simon Warren1 Lewis McLaughlin1 SutardjaDai Cheit1 Dwinelle1 BancroftLibrary Moses1 Sproul HearstFieldAnnex Soda
96
Soda LeConte Wurster
Wellman Wellman Hesse
Davis NorthGate Davis
BotanicalGarden BotanicalGarden
Hertz Hertz
Zellerbach Zellerbach MLK1
SatherGate SatherGate
Birge Birge
Warren Warren
TangCenter TangCenter
Jacobs1 Jacobs1
MemorialGlade MemorialGlade
Moffitt Moffitt
OBrien OBrien
FoxCottage FoxCottage
Gilman Gilman
Hargrove Hargrove
GoldmanPlaza GoldmanPlaza
Cleary Cleary
CaliforniaHall CaliforniaHall
Bowles Bowles
Chvez Chvez
Mulford Mulford
Minor Minor
KrutchTheater1 KrutchTheater1
Insectary Insectary
IshiCourt IshiCourt
Latimer Latimer
HaasPavilion HaasPavilion
LowerSproul LowerSproul
Bechtel1 Bechtel1
Blum Blum
SutardjaDai1 SutardjaDai1
Zellerbach1 Zellerbach1
Morgan Morgan
Haviland Haviland
TangCenter1 TangCenter1
Stephens1 Stephens1
EdwardsStadium EdwardsStadium
Giannini1 Giannini1
Durant Durant
Eshleman Eshleman
HeatingPlant HeatingPlant
Giauque Giauque
Greenhouse Greenhouse
BarrowsHall BarrowsHall
Haste1 Haste1
Koshland Koshland
Observatory1 Observatory1
LifeSciences1 LifeSciences1
Soda1 Soda1
CalvinLaboratory1 CalvinLaboratory1
HearstGymnasium HearstGymnasium
Kleeberger Kleeberger
Etcheverry1 Etcheverry1
DoeLibrary DoeLibrary
Sibley Sibley
Tan Tan
Chou Chou
HearstMiningCircle1 HearstMiningCircle1
WestGate WestGate
MemorialStadium MemorialStadium
WooHonFai WooHonFai
Cory1 Cory1
Pimentel Pimentel
GreekTheatre1 GreekTheatre1
WestGate1 WestGate1
Evans Evans
Hildebrand1 Hildebrand1
Pitzer Pitzer
Stephens Stephens
WooHonFai1 WooHonFai1
Boalt1 Boalt1
McCone McCone
Campanile Campanile
EastGate EastGate
Stanley Stanley
Foothill Foothill
Hilgard Hilgard
StadiumRim StadiumRim
Kroeber Kroeber
Bechtel Bechtel
McEnerney McEnerney
Morrison Morrison
ClarkKerr ClarkKerr
Simon Simon
Warren1 Warren1
Lewis Lewis
McLaughlin1 McLaughlin1
SutardjaDai SutardjaDai
Cheit1 Cheit1
Dwinelle1 Dwinelle1
BancroftLibrary BancroftLibrary
Moses1 Moses1
Sproul Sproul
HearstFieldAnnex HearstFieldAnnex
