2 157 53 193 50 1 187 1 58 73 83 38 186 136 186 38 83 73 58 1 50 42 188 163 5 169 63 26 11 23 34 181 45 102 117 182 189 122 153 3 149 171 149 140 165 99 174 176 51 176 174 180 126 114 107 43 80 118 6 71 43 107 114 100 70 177 90 62 139 62 94 57 15 57 94 134 67 116 103 42 188 163 5 59 173 162 152 162 173 128 131 128 86 37 25 81 25 37 86 128 198 100 114 126 175 87 8 13 138 164 117 102 148 195 56 44 104 115 104 44 56 195 199 35 199 121 196 155 178 82 110 158 112 4 161 4 112 158 163 5 125 31 10 194 10 31 125 5 59 20 27 91 183 97 199 35 60 9 85 41 2 157 2
54
2 2
193 145 193
187 187
83 73 58
38 38 46 192 0
136 119 136
50 50 42
63 63
11 23 26
34 34
181 181
189 122 189 182
3 3 149
171 179 133 171 14
99 113 165
174 174 28
51 76 51
126 126
80 118 80 54
6 6
114 114
100 100
90 95 96 177 90
139 139 130 55
15 15 30
94 94
116 61 116 67
173 173 59
152 36
128 128
131 131 156
86 86
81 25 12
87 48
8 8
138 13 138
102 164
115 32 115
44 44
56 52 56
35 35 188
121 79 196 121 7
178 178
82 82
110 110 158
112 92 112
4 4
161 161
194 93 194
125 125
27 141 27 98
97 106 97
9 142 85
157 49 157 53
