f xxx ss j llllllll sss a eeee p vvvv aaa qqqqqq ww zzz uuuuu fffffff rr uu ttttt ff jjjj wwww pp aaaaa rrrrrrrr q ggggg hhh jjjjjjj rrrrrr ffffffff v sssss s wwwwwww ggg iii nnnn vv ssss llllll z qq f
41
f f
xxx xxx
ss ss
j j
llllllll llllllll
sss bbbbbbbb dddddddd sss
a a
eeee eeee
p p
vvvv vvvv
aaa aaa
qqqqqq qqqqqq
zzz zzz
uuuuu uuuuu
fffffff fffffff
rr c w
uu xxxxxx uu
ttttt hhhh ttttt
ff ff
jjjj jjjj
wwww wwww
pp pp
aaaaa aaaaa
rrrrrrrr rrrrrrrr
q q
ggggg ggggg
hhh hhh
jjjjjjj jjjjjjj
rrrrrr rrrrrr qqqqqqq
ffffffff ffffffff
v v
s s
wwwwwww wwwwwww
ggg ggg
iii iii
nnnn nnnn
vv vv
ssss ssss lllll
llllll llllll ssssss
z z m
qq qq
