ffffff tt kkkk cc uuu uu dddd mm sssssss qqq yy mmmmmmmm aaaaaaaa e fffffff k iiiiiii b llllllll vvv rrrrrrrr xxxx lll ccccccc xx zzz ttttt ggggggg o eeeeee pppp ssss hhh eeeee gggggggg hhhhhhh zzzzzzz sssss bbbbbbb cccc nnnnnn ggggg aaaa xxxxx uuuuuuu ffffff
45
ffffff ffffff
tt nnn xxx tt mmmm
kkkk kkkk
cc ppppp jjj cc
uuu uuu
uu uu
dddd a jjjj dddd
mm mm ffff tttt eeee ssssss
sssssss sssssss oooooo
qqq qqq
yy yy yyyyyyy sss
mmmmmmmm mmmmmmmm bbbbbbbb kkkkkk
aaaaaaaa aaaaaaaa
e e
fffffff pppppppp eeeeeee aa
k k vvvvvv vvvvv
iiiiiii iiiiiii lllllll
b b uuuuuu llllll
llllllll llllllll
vvv vvv
rrrrrrrr wwwww ooooo
xxxx xxxx wwww rr
lll oooooooo lll hhhh
ccccccc ccccccc rrrrrr
xx xxxxxxx
zzz zzz jjjjjj
ttttt ttttt
ggggggg bbbbbb aaa ggggggg qqqqqq
o x o
eeeeee eeeeee qq m
pppp pppp gggg cccccc
ssss ssss
hhh iiiiiiii aaaaaa s hhh
eeeee kkkkkkkk tttttt eeeee
gggggggg q gggggggg
hhhhhhh ee hhhhhhh wwwwww
zzzzzzz zzzzz
sssss ttttttt sssss
bbbbbbb bbbbbbb
cccc j cccc d dd
nnnnnn rrrrr fffff nnnnnn
ggggg ggggg ffffffff
aaaa aaaa ii
xxxxx xxxxx
uuuuuuu ll uuuuuuu
