199 82 196 190 25 127 17 163 156 86 14 66 30 138 89 149 87 183 195 68 159 80 45 102 64 194 16 198 185 129 47 93 188 115 157 148 13 101 50 123 147 94 55 164 96 174 40 33 109 57 11 189 176 88 21 83 38 79 177 7 29 39 5 44 60 20 150 54 26 142 184 6 72 193 92 43 27 19 70 8 98 140 137 91 133 182 103 67 117 23 42 106 76 65 5 48 151 10 24 199
69
82 82
190 69
25 1 25 71
17 17
163 0 49 75
156 4 58 74
86 86
14 14
66 66
30 30
89 89
87 87
68 22 63 68
80 80
45 45 85 99
102 52 97
64 64
16 16 37 81
185 32 84
47 36 46 47
93 56 93
115 78
157 41
13 13
50 50
94 15 62 94
55 3 18 55
96 9 96
40 40
33 33
57 57
11 11
189 95
88 88
21 21 59 73
83 83
38 38
79 79
7 7
29 29
39 39 90
5 5
44 44
60 60
20 20 61
54 54
26 26
6 6
72 72
193 31
92 92
43 43
27 2 27
19 19
70 53 70
8 8
98 98
91 12 91
133 51 77
182 35
67 34 67
23 23
42 42
76 76
65 65
48 48
151 28
10 10
24 24
