AlbertFredHaines JoannCharlieWilkinso JosephAmandaMullen HowardKennethCollins LawrenceBarryHadden CynthiaConnieWright PerryJamesBennett KevinCharlesEvans TommyAmandaMartin RobinStephenWebster WilliamDavidGray CassandraJaniceGlove IsaacGregGargano MarkAngelaMccloud KathleenSherryDay KathleenJoseClark GeorgeWilliamJackson AnnDeannaLarzazs MaryJamesDavila JohnBrendaFuller CherylMaryMorgan DeniseBrunoWilliam EricJamesJuckett JannaDavidCarranza PeterJosephBarbee DorisJeffreyBinger RolandGregoryWatson GlennaMichaelBorden KevinThomasHiggins JoStephenMay MichaelElizabethWeav JackieSharonScherrer TravisMichelleMeller KellyJohnnaOles GaryCharlesHudson EdwardErnestSinger DwainJoeFeldman SandraHarryStewart StevenNeilNguyen ManuelaJoseBailey GeorgeHenryVillar WadeSonnyMcbride JudyPearlineKaminski DianeElisePickett MistyRobertKing MarciaWalterKirschma DeeAmandaBartley JessicaChristopherHa MarthaJackRobinson JimmyFlorTasson StephenWilliamCoffma BernicePennyRiddick JamesJordanZamora BrettDominickSonnier RickyJamesBrumfield RosaPatrickYankey HeidiMayJohnson BradleyDeborahSaball RonaldEdnaArant MarkDianeDuchon EdwardDennisStewart ElmerDemetriusLark ThomasEssieEwing EricTinaPerea DenaJewellDavis EricTammyScott MichaelMarkHolloway ClaudeBobbyBaker LillianJuanAncona FerdinandLukeJackson StormyOllieYork JudeJanetHarcourt LynnKennethChavez JohnRichardSmith AlbertFredHaines
74
AlbertFredHaines AlbertFredHaines
JoannCharlieWilkinso JoannCharlieWilkinso
JosephAmandaMullen JosephAmandaMullen
HowardKennethCollins HowardKennethCollins
LawrenceBarryHadden LawrenceBarryHadden
CynthiaConnieWright CynthiaConnieWright
PerryJamesBennett PerryJamesBennett
KevinCharlesEvans KevinCharlesEvans
TommyAmandaMartin TommyAmandaMartin ZacharyWarrenKarth
RobinStephenWebster RobinStephenWebster
WilliamDavidGray WilliamDavidGray
CassandraJaniceGlove CassandraJaniceGlove
IsaacGregGargano IsaacGregGargano
MarkAngelaMccloud MarkAngelaMccloud
KathleenSherryDay KathleenSherryDay
KathleenJoseClark KathleenJoseClark CraigJohnLard
GeorgeWilliamJackson GeorgeWilliamJackson
AnnDeannaLarzazs AnnDeannaLarzazs
MaryJamesDavila MaryJamesDavila
JohnBrendaFuller JohnBrendaFuller
CherylMaryMorgan CherylMaryMorgan JeremyJamesChavez
DeniseBrunoWilliam DeniseBrunoWilliam
EricJamesJuckett EricJamesJuckett
JannaDavidCarranza JannaDavidCarranza
PeterJosephBarbee PeterJosephBarbee
DorisJeffreyBinger DorisJeffreyBinger
RolandGregoryWatson RolandGregoryWatson
GlennaMichaelBorden GlennaMichaelBorden
KevinThomasHiggins KevinThomasHiggins
JoStephenMay JoStephenMay
MichaelElizabethWeav MichaelElizabethWeav
JackieSharonScherrer JackieSharonScherrer
TravisMichelleMeller TravisMichelleMeller
KellyJohnnaOles KellyJohnnaOles
GaryCharlesHudson GaryCharlesHudson
EdwardErnestSinger EdwardErnestSinger
DwainJoeFeldman DwainJoeFeldman
SandraHarryStewart SandraHarryStewart
StevenNeilNguyen StevenNeilNguyen
ManuelaJoseBailey ManuelaJoseBailey
GeorgeHenryVillar GeorgeHenryVillar
WadeSonnyMcbride WadeSonnyMcbride
JudyPearlineKaminski JudyPearlineKaminski
DianeElisePickett DianeElisePickett
MistyRobertKing MistyRobertKing
MarciaWalterKirschma MarciaWalterKirschma
DeeAmandaBartley DeeAmandaBartley
JessicaChristopherHa JessicaChristopherHa
MarthaJackRobinson MarthaJackRobinson DebraJaneFitzgerald
JimmyFlorTasson JimmyFlorTasson
StephenWilliamCoffma StephenWilliamCoffma
BernicePennyRiddick BernicePennyRiddick
JamesJordanZamora JamesJordanZamora
BrettDominickSonnier BrettDominickSonnier
RickyJamesBrumfield RickyJamesBrumfield
RosaPatrickYankey RosaPatrickYankey
HeidiMayJohnson HeidiMayJohnson
BradleyDeborahSaball BradleyDeborahSaball
RonaldEdnaArant RonaldEdnaArant
MarkDianeDuchon MarkDianeDuchon
EdwardDennisStewart EdwardDennisStewart
ElmerDemetriusLark ElmerDemetriusLark
ThomasEssieEwing ThomasEssieEwing
EricTinaPerea EricTinaPerea
DenaJewellDavis DenaJewellDavis
EricTammyScott EricTammyScott
MichaelMarkHolloway MichaelMarkHolloway
ClaudeBobbyBaker ClaudeBobbyBaker
LillianJuanAncona LillianJuanAncona
FerdinandLukeJackson FerdinandLukeJackson
StormyOllieYork StormyOllieYork
JudeJanetHarcourt JudeJanetHarcourt
LynnKennethChavez LynnKennethChavez
JohnRichardSmith JohnRichardSmith
