SusanneJohnBerrios JuanDebbieAllen ClaudiaDavidTaylor JuliaLindaGordon JorgeHeatherSamuels HarryNeilFranklin SpencerCourtneyBroth LaquitaJohnBrunette JuliaMollieHernandez DorothyDavidStromme MaryFrankieWomack DinahCatherineFaulkn AntonioGeraldBaker FernandoLindaWatson RalphClydeMills StephanieAaronWalker GarryDavidKingery MattieBarbaraEkstrom MonteMonicaLum DouglasRobertFerkovi SusanneJohnBerrios
19
JuanDebbieAllen JuanDebbieAllen
ClaudiaDavidTaylor ClaudiaDavidTaylor
JuliaLindaGordon JuliaLindaGordon
JorgeHeatherSamuels JorgeHeatherSamuels
HarryNeilFranklin HarryNeilFranklin
SpencerCourtneyBroth DougHelenHornbeck SpencerCourtneyBroth
LaquitaJohnBrunette LaquitaJohnBrunette
JuliaMollieHernandez JuliaMollieHernandez
DorothyDavidStromme DorothyDavidStromme
MaryFrankieWomack MaryFrankieWomack
DinahCatherineFaulkn DinahCatherineFaulkn
AntonioGeraldBaker AntonioGeraldBaker
FernandoLindaWatson FernandoLindaWatson
RalphClydeMills RalphClydeMills
StephanieAaronWalker StephanieAaronWalker
GarryDavidKingery GarryDavidKingery
MattieBarbaraEkstrom MattieBarbaraEkstrom
MonteMonicaLum MonteMonicaLum
DouglasRobertFerkovi DouglasRobertFerkovi RubyLelandCollard
