SueJosephGarza AlfredaKirstenMartin DonaldDoloresKelly IraJimmyYang FranciscoFrancesHarr JessicaJohnSpells PamelaPageBullock PatriciaBernardBrock MarianLuluDiaz JohnJoseJudd PaulShaneSoldner KennethShannonGardel CrystalShermanVida AshleyWilliamClarke LucyBennyHaag JamesJaredGonzalez SueCourtneyOsgood WilburnDavidMiller LuisHelenHughes KarenErmaJensen BrianRolandAli ThomasAnnieRuiz MelindaKennethAzar NathanKevinCorathers LillieKathleenCervan PhyllisJackWilson MaryLindaKirkland LeroySandraLewis JohnDustinKenny LauraPhilipWinkler OllieGeorgeSova BrianLuzArce AnnaKyleChang ChristinaDanaGrant ElsieJosephPhelps MariaChristopherCast DarnellAliciaPeters PaulEvanRichard SueJosephGarza
37
AlfredaKirstenMartin AlfredaKirstenMartin
DonaldDoloresKelly DonaldDoloresKelly
IraJimmyYang WilliamGeorgeWilliam IraJimmyYang
FranciscoFrancesHarr FranciscoFrancesHarr
JessicaJohnSpells JessicaJohnSpells
PamelaPageBullock PamelaPageBullock
PatriciaBernardBrock PatriciaBernardBrock
MarianLuluDiaz MarianLuluDiaz
JohnJoseJudd JohnJoseJudd
PaulShaneSoldner PaulShaneSoldner
KennethShannonGardel KennethShannonGardel
CrystalShermanVida CrystalShermanVida
AshleyWilliamClarke AshleyWilliamClarke
LucyBennyHaag LucyBennyHaag
JamesJaredGonzalez JamesJaredGonzalez
SueCourtneyOsgood SueCourtneyOsgood
WilburnDavidMiller WilburnDavidMiller
LuisHelenHughes LuisHelenHughes
KarenErmaJensen KevinHaroldCyr KarenErmaJensen
BrianRolandAli BrianRolandAli
ThomasAnnieRuiz ThomasAnnieRuiz
MelindaKennethAzar MelindaKennethAzar
NathanKevinCorathers NathanKevinCorathers
LillieKathleenCervan LillieKathleenCervan
PhyllisJackWilson PhyllisJackWilson
MaryLindaKirkland MaryLindaKirkland
LeroySandraLewis LeroySandraLewis
JohnDustinKenny JohnDustinKenny
LauraPhilipWinkler LauraPhilipWinkler
OllieGeorgeSova OllieGeorgeSova
BrianLuzArce BrianLuzArce
AnnaKyleChang AnnaKyleChang
ChristinaDanaGrant ChristinaDanaGrant
ElsieJosephPhelps ElsieJosephPhelps
MariaChristopherCast MariaChristopherCast
DarnellAliciaPeters DarnellAliciaPeters
PaulEvanRichard PaulEvanRichard
