AlbertFredHaines JessicaChristopherHa KelliChristopherBanu MichaelElizabethWeav CarlosTamikaStrand KevinThomasHiggins JamesJordanZamora KentMarylynnPayne GregoryMichaelWhitme DeniseBrunoWilliam AlmedaLourdesSimpson EdwardErnestSinger GaryCharlesHudson DwainJoeFeldman JenniferGeorgeKarr GaryCharlesHudson VivianRoyMartin WillieJeraldStone PerryJamesBennett HeidiMayJohnson JoStephenMay AlbertFredHaines
19
AlbertFredHaines ZacharyWarrenKarth KathleenJoseClark AlbertFredHaines KevinCharlesEvans JoannCharlieWilkinso
JessicaChristopherHa JudyPearlineKaminski ThomasEssieEwing DeeAmandaBartley MarkDianeDuchon JessicaChristopherHa
KelliChristopherBanu ElmerDemetriusLark JohnRichardSmith LynnKennethChavez AnnDeannaLarzazs
MichaelElizabethWeav CynthiaConnieWright MichaelElizabethWeav JackieSharonScherrer EricTinaPerea JeremyJamesChavez MaryJamesDavila StormyOllieYork
CarlosTamikaStrand RickyJamesBrumfield DebraJaneFitzgerald StephenWilliamCoffma ManuelaJoseBailey DorisJeffreyBinger
KevinThomasHiggins KevinThomasHiggins CassandraJaniceGlove JannaDavidCarranza WadeSonnyMcbride
JamesJordanZamora JamesJordanZamora EricJamesJuckett IsaacGregGargano
KentMarylynnPayne JudeJanetHarcourt WilliamDavidGray LillianJuanAncona PeterJosephBarbee
GregoryMichaelWhitme GeorgeHenryVillar MarthaJackRobinson GeorgeWilliamJackson MarciaWalterKirschma ClaudeBobbyBaker StevenNeilNguyen
DeniseBrunoWilliam BrettDominickSonnier DeniseBrunoWilliam KellyJohnnaOles
AlmedaLourdesSimpson DenaJewellDavis RosaPatrickYankey RobinStephenWebster
EdwardErnestSinger TravisMichelleMeller EdwardErnestSinger KathleenSherryDay
GaryCharlesHudson GlennaMichaelBorden BernicePennyRiddick JimmyFlorTasson GaryCharlesHudson
DwainJoeFeldman DwainJoeFeldman MarkAngelaMccloud MistyRobertKing SandraHarryStewart CherylMaryMorgan
VivianRoyMartin FerdinandLukeJackson RolandGregoryWatson CraigJohnLard EdwardDennisStewart
WillieJeraldStone EricTammyScott RonaldEdnaArant JohnBrendaFuller
PerryJamesBennett DianeElisePickett PerryJamesBennett
HeidiMayJohnson JosephAmandaMullen BradleyDeborahSaball HeidiMayJohnson MichaelMarkHolloway
JoStephenMay TommyAmandaMartin LawrenceBarryHadden HowardKennethCollins JoStephenMay
