dweidxeutk ctnsbezpjg aihlvhrjir wlzaatlgns wwmcjuetgz cnbqxrvlvl rqmdukqpbg bcwzxsuutq dzzxropcld klbefaxnzg htfyksgccp drtcvphibq kufcwxmspu xdmzjapanj gyjkhdbyvm irtbznwvcu tbpduhasiq zbgxyjmdnm cxrfqntbtm ivgiotlrrr hcvrravrik lotqtcczrg taoimnqdrr lgpbgvlzpo gkbqwvqnfu wqeazvzkdf dldiwncohw agablikqzu itouxsyevo fxpsowceqq yfoporpjol rqchbdjiqp xtugynuehn nqdbgeypdu ouzfljsksj mhohxeqbjo nmxtcoxqde dfgysrnikx dlfzngcmgq ftmprcpodf bxdnijtmyn cavyunvwuk hpqsgalvar fuhtgylsov gibfnosbtf jiowqcrqpz kgpqjqjrhc afkxpktsxw efgyvzmusc kpdfwhwwqb auonnlthcz rulcikswsa xwsnmxufqy ienasnqnvt dweidxeutk
50
dweidxeutk xdhiumwdwn audojmtlep dweidxeutk
ctnsbezpjg ctnsbezpjg
aihlvhrjir aihlvhrjir
wlzaatlgns cowtuqqsll tzpaywhybw depihfdmjk wlzaatlgns rwobvahhfa
wwmcjuetgz wwmcjuetgz lvqqznnzyn bqrcwxsyuw
cnbqxrvlvl fwwnyjpwnp cnbqxrvlvl
rqmdukqpbg rqmdukqpbg
bcwzxsuutq tofdobbbjt bcwzxsuutq
dzzxropcld dzzxropcld
klbefaxnzg klbefaxnzg
htfyksgccp cmelcyxenw akzsqllzsv vqlbufoinm gmvwahagsy
drtcvphibq drtcvphibq iqbyvqgkcp
kufcwxmspu hjvmodgwdg pgiiochubt zdiibealli kufcwxmspu
xdmzjapanj tehmqpfdnn pphebmysxy xdmzjapanj
gyjkhdbyvm gyjkhdbyvm
irtbznwvcu irtbznwvcu gpbaqafhdz
tbpduhasiq cwexpxaktw wfybmclpmp
zbgxyjmdnm zbgxyjmdnm
cxrfqntbtm cxrfqntbtm toeqvvzlae
ivgiotlrrr ivgiotlrrr
hcvrravrik hcvrravrik nimybvgttg
lotqtcczrg siwbsyuwap
lgpbgvlzpo taoimnqdrr lgpbgvlzpo
gkbqwvqnfu gkbqwvqnfu vtquakjujf nmshjtpxad
wqeazvzkdf gqwhfeepal wqeazvzkdf fxejnitkot ftrqchqaif
dldiwncohw dldiwncohw
agablikqzu rzqbegeoni
itouxsyevo gvxfzzmwzk itouxsyevo
fxpsowceqq fxpsowceqq ulneltboej
yfoporpjol qjjslhkvnr
rqchbdjiqp rqchbdjiqp
xtugynuehn xtugynuehn
ouzfljsksj ouzfljsksj
mhohxeqbjo lzsvglcvqa
nmxtcoxqde tdtlnqnprm
dfgysrnikx arrkheyths dfgysrnikx okcwuqslme
dlfzngcmgq dlfzngcmgq
bxdnijtmyn sjqdgtugly bxdnijtmyn
cavyunvwuk cavyunvwuk kjgjbkdckc dllzvxpcgk
hpqsgalvar hpqsgalvar
fuhtgylsov fuhtgylsov
jiowqcrqpz jiowqcrqpz uqhdcumthr sjcwiapdwb
kgpqjqjrhc kgpqjqjrhc rlgdknlxmz
afkxpktsxw elifcmozpf mnmjklgmnp afkxpktsxw
efgyvzmusc efgyvzmusc wiwpekzeuz
kpdfwhwwqb naqyljkxxq
auonnlthcz auonnlthcz vteisghgld
rulcikswsa rulcikswsa hlimwiksjd
xwsnmxufqy xwsnmxufqy vpghbvlzxd
ienasnqnvt ienasnqnvt cpdpvshtof
