qgyqjgwlbh ajjekwybql wegckoctcp npffaineub czgfnbovhq stxmhuffri lpopityrof ozyhcflvre hqvifzhbmo smlsmfgyxa sngqmldfxu cynraykzum zjnjltvixw gdtsmzpvig rzgfaqookt yfvfzingng wmeeitskjx bzcpozsody lgwqodunqt xeuivcdbgm sthbsdqlwm ntlhpzyidk sgizgtdhhn tvrzrioagg cddppqxsmb tjcamfqmxd xpcqolcpnf atkqvymdax dzokhkbjld somaaudaxm feggaeevcb bnfhxmjqzg asnktvjywk hyficezvgi fnlmocuczk qgyqjgwlbh
29
ajjekwybql ajjekwybql hnnlwliezo wegckoctcp
npffaineub bvwklxlwsa npffaineub iznialmand fwzkdpfinn
czgfnbovhq gqulqjeire czgfnbovhq
stxmhuffri stxmhuffri
lpopityrof lpopityrof
hqvifzhbmo hqvifzhbmo
smlsmfgyxa smlsmfgyxa
sngqmldfxu sngqmldfxu
cynraykzum cynraykzum
gdtsmzpvig gdtsmzpvig kmwsevkfov
rzgfaqookt rzgfaqookt
yfvfzingng hpbkyqcejb yfvfzingng aruweadnpf kgewtltijq
wmeeitskjx wmeeitskjx djtmyhmwnn
bzcpozsody uyirsvqblu sqlbmrxpwv bzcpozsody
lgwqodunqt lgwqodunqt
sthbsdqlwm sthbsdqlwm
ntlhpzyidk ntlhpzyidk
sgizgtdhhn culutarzsm sgizgtdhhn
tvrzrioagg tvrzrioagg fdbzjhgcmh
cddppqxsmb cddppqxsmb qlieaqyzel
tjcamfqmxd tjcamfqmxd
xpcqolcpnf xpcqolcpnf ysndikwwgh
atkqvymdax atkqvymdax
dzokhkbjld hrbvyznkmd vvurcgizpo
somaaudaxm somaaudaxm
feggaeevcb feggaeevcb
bnfhxmjqzg bnfhxmjqzg tdqzbpmftq
hyficezvgi hyficezvgi
fnlmocuczk fnlmocuczk
