node0 node7 node14 node15 node19 node18 node16 node14 node21 node22 node24 node25 node27 node22 node21 node14 node7 node8 node13 node11 node9 node7 node0 node2 node4 node2 node0 node91 node93 node95 node96 node92 node91 node84 node77 node70 node63 node56 node49 node50 node52 node53 node54 node50 node49 node42 node43 node45 node46 node44 node42 node35 node36 node41 node39 node38 node36 node35 node28 node30 node32 node31 node29 node28 node35 node42 node49 node56 node57 node62 node60 node59 node57 node56 node63 node64 node68 node67 node69 node64 node63 node70 node77 node78 node80 node81 node83 node78 node77 node70 node71 node75 node74 node76 node71 node70 node77 node84 node86 node88 node89 node85 node84 node91 node0
34
node19 node19
node18 node17 node20
node24 node24
node25 node26
node27 node27
node13 node13
node11 node10 node12
node4 node3 node5 node6
node95 node94 node97
node96 node96
node52 node52
node53 node55
node54 node54
node45 node45
node46 node47 node48
node41 node41
node39 node40
node38 node38
node32 node33 node34
node31 node31
node62 node62
node60 node61
node59 node59
node68 node68
node67 node66
node69 node69
node80 node80
node81 node82
node83 node83
node75 node75
node74 node73
node76 node76
node88 node87 node90
node89 node89
