node0 node189 node182 node175 node168 node161 node163 node165 node163 node161 node154 node155 node157 node158 node156 node158 node159 node155 node154 node161 node168 node169 node173 node172 node171 node169 node168 node161 node154 node147 node140 node142 node144 node143 node141 node140 node147 node154 node161 node168 node175 node176 node178 node179 node181 node176 node175 node182 node183 node188 node186 node184 node182 node189 node191 node193 node194 node190 node189 node0 node2 node4 node2 node0 node7 node14 node21 node23 node25 node23 node21 node28 node35 node37 node39 node37 node35 node28 node29 node33 node32 node34 node29 node28 node35 node42 node49 node56 node63 node70 node77 node84 node85 node89 node88 node87 node85 node84 node77 node79 node81 node79 node77 node70 node72 node74 node72 node70 node63 node56 node49 node42 node43 node48 node46 node44 node42 node49 node56 node63 node64 node66 node67 node69 node64 node63 node70 node77 node84 node91 node98 node100 node102 node100 node98 node105 node112 node119 node126 node127 node131 node130 node128 node126 node133 node140 node147 node149 node151 node152 node148 node147 node140 node133 node135 node137 node136 node134 node133 node126 node119 node120 node124 node123 node121 node119 node112 node114 node116 node114 node112 node105 node106 node111 node109 node107 node105 node98 node91 node84 node77 node70 node63 node56 node57 node62 node60 node61 node57 node56 node49 node51 node53 node54 node50 node49 node56 node63 node70 node77 node84 node91 node92 node97 node95 node93 node91 node84 node77 node70 node63 node56 node49 node42 node35 node28 node21 node14 node16 node18 node16 node14 node7 node9 node11 node12 node8 node7 node0
54
node165 node164 node166 node167
node157 node157
node158 node160
node159 node159
node173 node173
node172 node174
node171 node171
node144 node145 node146
node143 node143
node178 node178
node179 node180
node181 node181
node188 node188
node184 node185 node187
node193 node192 node195
node194 node194
node4 node3 node5 node6
node25 node24 node26 node27
node39 node38 node40 node41
node33 node33
node32 node31
node34 node34
node89 node89
node88 node90
node87 node87
node81 node80 node82 node83
node74 node73 node75 node76
node48 node48
node46 node45 node47
node66 node66
node67 node68
node69 node69
node102 node101 node103 node104
node131 node131
node130 node129 node132
node151 node150 node153
node152 node152
node137 node138 node139
node136 node136
node124 node124
node123 node122 node125
node116 node115 node117 node118
node111 node111
node109 node108 node110
node62 node62
node60 node59
node61 node61
node51 node52 node55
node54 node54
node97 node97
node95 node94 node96
node18 node17 node19 node20
node11 node10 node13
node12 node12
