Egsmith Barnton Wywick Burfield Shaftbridge Staplake Chelmbeck Cookford Wychbourne Sudtree Wenwold Stainby Brackbrough Ashbourne Sudwich Aldover Ashdown Farnsmith Wychsmith Wetwick Nortley Stainbrough Egtree Wychnell Wychbourne Sudtree Leathermere Burbourne Wenside Whittree Egsmith
24
Egsmith Waltditch
Barnton Barnton
Wywick Wywick
Shaftbridge Shaftbridge Penborne
Staplake Staplake Wychbeck
Chelmbeck Flitgrove Chelmbeck
Cookford Cookford
Wychbourne Wychbourne Egavon
Sudtree Sudtree
Wenwold Wenwold
Stainby Stainby
Brackbrough Wenbeck Brackbrough
Ashbourne Stapbeck Ashbourne Pemlow
Ashdown Edgey Ashdown Shaftbage
Farnsmith Farnsmith
Wychsmith Wychsmith Chelmwang
Wetwick Wetwick
Nortley Nortley
Stainbrough Stainbrough
Egtree Chelmden Egtree
Wychnell Wychnell
Leathermere Leathermere
Burbourne Burbourne
Wenside Wenside Alfchester
