Chelmbourne Shaftwich Hartgrove Elwood Southmere Stainhall Whitover Stainside Enbage Prestey Sudwich Prestey Brainbridge Sodside Wyhead Cleredon Staflow Rocktree Barnden Shrivlow Flitham Kingsley Edgwich Staintree Alfwell Marlton Stapwold Wenwang Stapthorne Clerethorne Dartsted Kingsbrook Wenden Rocktree Barnden Durditch Hornley Barngrove Egborne Barngrove Bracklow Leatherlow Alfby Elside Pemwold Melborne Egcastle Nortcastle Whitavon Bromgrove Hartbage Maidenden Enlow Cookbrook Elgrove Chelmbourne
37
Chelmbourne Casford
Shaftwich Shaftwich
Southmere Southmere Shrivside
Stainhall Stainhall
Whitover Stainside Whitover
Enbage Enbage Flitham
Prestey Prestey
Sudwich Sudwich
Brainbridge Brainbridge
Sodside Sodside
Wyhead Wyhead
Staflow Bursted Staflow Cleredon
Rocktree Hurstworth Whitborough Horndown Cookbridge Rocktree
Shrivlow Shrivlow
Kingsley Kingsley
Edgwich Edgwich
Staintree Waltbrook Staintree
Alfwell Aldhall Alfwell
Marlton Marlton
Wenwang Sudworth Wenwang Edgchester Horncester
Stapthorne Stapthorne Stapmoor
Clerethorne Barnside
Dartsted Dartsted
Wenden Wenden
Durditch Durditch
Hornley Hornley
Egborne Barnham Cookton Egborne
Barngrove Prestdon
Bracklow Pemwood Bracklow
Alfby Alfby Leatherlake Leatherlow Stapwell
Elside Elside
Pemwold Pemwold
Egcastle Egcastle
Whitavon Whitavon
Hartbage Hartbage
Enlow Enlow
Elgrove Elgrove Wenborough
