qtq gac blo rju ahy eku uxr zgf plx utd yiz ili yiz rut qbj dkn unk udq tmc ahv rwt wpq xmz ifc pjx ifc uoz kza gud egz gak qjm lnv qlc mmf ase mmf qls qyi spp lfh rxi pug fgo pug qbe tto xax tto txk gup fib orc ptq htv wpo tro viv nhr fne wiq brk art nfy iuz ukh lah gac qtq
44
qtq qtq wju
blo sfp uwp zgs rju
ahy xdz jno thd ahy
uxr wuc uxr
zgf zgf npu cnv
plx plx
yiz yiz
ili ili
qbj rut mnv qbj
dkn dkn
unk pxs
udq pwa tmc udq
ahv krg rwt ahv
wpq wpq vsu
ifc ifc wuf fsl
pjx pta pjx
uoz uoz
kza kza
egz vub bai egz lxt cjp
gak gak
qjm qjm
lnv lnv
ase ase vaf
mmf itg zbn
qls qlo qls
spp spp
lfh cpw lfh
rxi hhe rxi
fgo fgo
qbe qbe qfc
xax xax ooi
txk txk thz rod
gup gup
fib nkx cxu zqn
orc nhk hpb pkx ynq orc
ptq ptq vlt
wpo htv eqm jta mbx
tro tro tmd viv
nhr nhr slq
wiq hxp wiq
art idl ooc brk
nfy bsz nfy iuz tnl
ukh hxo ukh
lah qnn lah uca xos
