Soda Yolo Bristol Yolo Bret Comstock Spring Mabel Oregon Anne Haviland Tulare Blake Buena Lewiston Eunice Solano Allston Bataan Bowditch Haskell Ajax Forest Madera Marin Greenwood High Amador Florida Muir Columbia Shasta Garber Colusa Menlo Bancroft Cutter Sport Alvarado Poppy Soda
29
Soda Browning
Yolo Martin Pardee
Bristol Bristol Hospital Keeler
Bret Bret Kenilworth Vermont
Comstock Comstock
Spring Poplar Spring
Mabel Mabel Summit Terrace
Anne Anne Arch
Haviland Haviland
Lewiston Edith Lewiston
Eunice Eunice
Allston Allston
Bataan Bataan
Bowditch Bowditch Fresno
Haskell Haskell
Ajax Ajax
Forest Forest
Madera Madera
Marin Marin
Greenwood Greenwood Haste Heinz
High High
Florida Florida
Muir Muir
Columbia Byron Columbia
Shasta Addison Domingo Shasta
Menlo Belrose Burnett Colusa Fulton Menlo
Bancroft Bancroft Cutter
Alvarado Overlook
Poppy Poppy
