FD CU GB AX CE DQ BK GD EQ AV EM AV EQ AT DF AZ BN AZ GA CL BC GQ FP EL ET CI BQ GG CW FM FA HP FR GZ ED FX HR AK HQ EX DS EK FO FS DB AJ BM EC AD EY AQ BF DV HC DW EZ FY HM ER DN CF EN CC GN GK AG BV AC GH FK CM BT HD EV FD
52
FD AU
CU CU DI
GB GO
AX AX
DQ DQ
BK BK AM
GD GD CS
EM AV GS FI EM ES HO
AT AT
DF GP DF
BN BN
AZ AZ
GA CL GA
BC BC GQ DZ
FP DC EJ BE FP
EL EL
ET ET
CI CI
BQ BQ EW
CW CW GF
FM FM HF
FA GC
HP HP
FR FR
GZ CT GZ
ED GR EO DH
HR HR
AK BZ AK
EX EX
EK EK CO
FO FO
FS FS GX
DB DB
AJ AJ
BM FT BM
AD AD DK
EY EY
BF BF
HC FJ HC
FY EZ FY
HM EG FN
ER DA ER
DN DN
CF CF
EN FV CB EN
GN CC BO BA GN
GK GK DP AF EE
AG DE AG
AC BV FU CK
FK DM DU CA
CM BT HH CG
HD HB AW HD BG
