186 35 177 89 17 196 136 144 174 14 162 190 107 156 90 74 150 22 198 61 121 140 188 178 128 30 11 168 32 183 29 194 138 79 108 195 86 134 97 33 2 143 45 49 70 157 172 67 104 19 186
50
186 71
35 35 5
177 177
89 89
17 17
196 196
136 136
144 144
174 174
14 14
162 162
190 190
107 107
156 156
90 90
74 74
150 150
22 22
198 198
61 61
121 121
140 140
188 188
178 178
128 128
30 30
11 11
168 168
32 32
183 183
29 29
194 194
138 138
79 79
108 108
195 195
86 86
134 134
97 97
33 33
2 2
143 143
45 45
49 49
70 70
157 157
172 172
67 67
104 104
19 19
