Cleresmith Whitby Bothensborough Sodmersmith Chedlake Ketterwold Milditch Wydon Edgney Whitseyborough Todderworth Warrerbage Durblechester Dribbasborne Hanworth Ellingey Sunderbrough Chillerlow Eggerrensling Hannerworth Waltcombe Dribbinggrove Cheddlesport Pendton Elfield Warblesdown Handlechester Wolvingrethorne Cammingbury Blanden Egwood Skelcastle Cannerrebeck Ciside Hartrenslow Enderavon Pemhampton Reddenwell Suddlebrough Pendingstoke Stainsdenwold Ashworth Cannenringwell Elmsbrook Chilcompcester Hanscombe Watchmanshead Chippenden Camsdenden Rockhead Bootworth Rockhead Camsdenden Chippenden Watchmanshead Hanscombe Chilcompcester Elmsbrook Cannenringwell Ashworth Reddentree Stainsdenwold Pendingstoke Suddlebrough Reddenwell Pemhampton Enderavon Cammenenwich Hartrenslow Ciside Cannerrebeck Skelcastle Egwood Blanden Cammingbury Wolvingrethorne Warblesdown Elfield Pendton Cheddlesport Dribbinggrove Waltcombe Hannerworth Eggerrensling Chillerlow Sunderbrough Hanworth Dribbasborne Durblechester Warrerbage Todderworth Whitseyborough Basfield Edgney Wydon Milditch Ketterwold Chedlake Sodmersmith Bothensborough Whitby Cleresmith
24
Cleresmith Warringwood Chippingwood
Ketterwold Ketterwold
Milditch Milditch
Warrerbage Warrerbage
Durblechester Durblechester
Ellingey Ellingey
Elmsbrook Elmsbrook
Bootworth Bootworth Ribney Wetley
Rockhead Rockhead
Chippenden Shrivden
Chilcompcester Chilcompcester
Reddentree Reddentree
Suddlebrough Suddlebrough
Reddenwell Reddenwell
Cammenenwich Cammenenwich
Cannerrebeck Cannerrebeck
Skelcastle Skelcastle
Cammingbury Soddenreey
Warblesdown Warblesdown
Elfield Elfield
Dribbinggrove Pendrenslake
Hannerworth Hannerworth
Eggerrensling Eggerrensling
Basfield Basfield
