Whitgrove Sodberling Bursmith Chelmdenmoor Ketnell Toddenmoor Abgleham Sundlethorne Abgleham Siavon Horsnell Warsmith Wetsmith Elside Wetsmith Nortwell Bassinghead Southbury Burglemere Sirenshall Burglemere Burlake Sodport Durbrook Wychchester Durbrook Falderseythorne Worford Rotherlow Worford Hamscombe Worford Stapbrough Egbeck Skellenshot Wychcompwold Shaftborough Hannersmith Worhall Alddleringworth Leatherport Enborough Chilsmith Bastlebury Rothead Southmere Sundendford Botbeck Wycastle Boothingchester Ellerbridge Ketchester Watchlake Faldenhall Rothingcombe Waltcompbrook Southmere Ribberrenston Warblestancester Tippendham Basditch Hampingcastle Waltbeck Abcester Shaftwick Egmerhampton Suddenmoor Melwood Reddensden Cirerham Reddensden Egwick Worberney Whitgrove
41
Whitgrove Dribblecombe Whitgrove
Bursmith Bursmith
Ketnell Ketnell Bothenton Toddenmoor
Sundlethorne Sundlethorne Abgleham Blansbrook
Horsnell Siavon Horsnell
Warsmith Skellingover Horstleover Marlbrook
Elside Cannerthorne Wetsmith Elside
Nortwell Todhampton Nortwell Marlcester
Southbury Southbury
Sirenshall Sirenshall Wetwick Hampingbascombe
Burlake Tipstoke Casbrook Endleberey
Sodport Enderbeck Sodport
Wychchester Prestwick Waltbeck Siey Wychchester
Durbrook Durbrook
Falderseythorne Penby Falderseythorne
Worford Endingnell Worford Hampingworth Dribberham
Rotherlow Rotherlow
Hamscombe Skelberden Alfmere Wendleringdown
Stapbrough Eley Stapbrough
Skellenshot Cihead Skellenshot
Shaftborough Shaftborough Wychcompwold
Worhall Reddendeney Worhall
Leatherport Leatherport
Bastlebury Bastlebury Hamwold Rothendcombe Emmerley
Rothead Bothenhall
Sundendford Chedworth Sundendford
Botbeck Clereennell Whitringlake Botbeck
Ellerbridge Worrenberwang Suddingover Ellerbridge Wycastle Bootwick Bromstanham Sodberling
Watchlake Ketchester Watchlake Tippingbage Farndlesover Boothingmanstree
Faldenhall Wethampton Faldenhall
Rothingcombe Rothingcombe Milthorne
Southmere Southmere Egsted
Ribberrenston Abglewold Farnditch Ribberrenston
Tippendham Tippendham
Hampingcastle Hampingcastle Redcombe Basditch
Abcester Sifield Abcester
Shaftwick Falworth
Suddenmoor Egmerhampton Staincombe Suddenmoor Tippenbrook
Melwood Melwood Candleswick
Cirerham Dartden Wolley
Egwick Staplow
