Warfield Cannerthorne Tipwick Ashborne Hamsling Hannenmanswick Ashfield Millendon Ashfield Suddlecombe Horstlescompstoke Pendlewood Falport Cicombe Todtree Worhall Dribbingworth Worhall Barndberbrough Hammerringey Skelling Elmansham Sudsmith Burglebrough Chedtree Siringwang Stainbrough Cammerrensmoor Wyborne Chedberdon Pendingbrook Ketsmith Warfield Chilbury Warfield
25
Warfield Warfield
Cannerthorne Chedderrenswich Soddlewick
Ashborne Ashborne Tipwick
Hamsling Hamsling
Hannenmanswick Hannenmanswick
Ashfield Ashfield Ketport
Millendon Windling Millendon
Suddlecombe Basringney Suddlecombe Chippingsted Ellingreham
Horstlescompstoke Horstlescompstoke
Falport Botherseyworth Pendlewood Falport
Cicombe Cicombe
Todtree Todtree
Dribbingworth Dribbingworth Leatherbleside Bastleseyham
Worhall Worhall
Barndberbrough Skellingden Barndberbrough
Hammerringey Hammerringey Chelmstanwell
Skelling Skelling
Elmansham Elmansham
Sudsmith Sudsmith
Chedtree Chedtree Burglebrough Siringwang Suddleover
Stainbrough Worberbrook Stainbrough Southbasport Northall
Cammerrensmoor Cammerrensmoor Suddleborne
Wyborne Wyborne Cambingstoke
Pendingbrook Pendingbrook Whitchester Suddlecastle Chiphead
Chilbury Brackcompwang Chilbury
