0 16 17 18 19 4 5 20 36 51 66 65 64 62 48 63 47 31 46 61 60 75 90 106 122 107 91 92 108 123 124 109 94 93 77 78 79 80 81 82 97 98 99 84 85 86 87 102 103 104 89 59 74 72 71 56 41 25 10 9 8 7 22 23 7 6 5 4 3 2 1 0
38
0 0 15
18 18
19 34
5 5
20 20 35
36 36 50 52
51 51
63 63
47 47
31 30 31 45
46 46
75 75 76
90 90 105
106 106 120 121
122 122
108 108
124 124
109 109
93 93
78 78
80 80 95 110 111
82 83
98 98
85 70 85 100 115 116
87 88
103 103
104 119
59 73
71 71
56 56
41 41 55 57
25 25 40
10 10 13 28
8 8
7 7
22 68
23 23
3 3
