0 49 182 92 108 153 27 63 74 126 138 35 137 191 134 128 156 141 60 83 133 10 12 25 109 143 65 84 42 159 107 117 50 157 120 116 98 103 170 1 183 92 96 79 51 22 118 48 81 105 186 193 111 51 150 69 135 180 26 8 86 68 99 85 161 163 103 0
46
0 49 18
182 182 77
108 108 102
153 6 44 38
27 185 27
63 91 63
74 74
126 126
35 24 9 138
137 137
128 184 134 128
156 156 168
83 83 14 4 36 104
133 133 125
10 100 10
12 12 130
25 25
109 109
65 65
84 173 89 42
159 159 87
117 117 119
50 50
157 157 70
120 120
116 75 116 32
98 98
103 103 28
170 170 146
183 139 155
96 67 96 47 95
79 79
118 17 64 48 22 31
81 121 81 78
186 186 197
193 178 193
111 111 51 149
69 69
180 180 20
26 179 196 26 176
8 166 151 39
86 106 199
99 175 58 99
85 160 85 19
161 145
163 194 163
