location0 location33 location97 location41 location55 location5 location9 location30 location17 location2 location79 location71 location48 location21 location77 location73 location3 location43 location96 location69 location16 location35 location37 location14 location74 location46 location90 location25 location64 location12 location1 location29 location40 location80 location95 location23 location38 location6 location10 location22 location13 location47 location0
36
location33 location33
location41 location41
location55 location32
location5 location5
location9 location9
location30 location30
location17 location17 location50
location2 location2 location42
location79 location20
location71 location19
location48 location18 location48
location21 location21 location34 location39
location73 location31
location3 location3 location27
location43 location26 location43
location69 location28
location16 location16
location35 location35
location37 location4 location37
location14 location7 location14
location74 location15
location46 location46 location49
location25 location25
location64 location24
location12 location12 location44
location1 location1 location11
location29 location29
location40 location40
location95 location45
location23 location23
location38 location38
location6 location6
location10 location8 location10 location36
location22 location22
location13 location13
location47 location47
