location0 location33 location19 location22 location34 location18 location48 location65 location27 location36 location40 location31 location37 location35 location30 location9 location12 location64 location41 location39 location46 location80 location2 location38 location20 location24 location7 location14 location29 location1 location11 location13 location5 location16 location26 location43 location10 location8 location45 location50 location17 location0
35
location0 location47
location33 location28 location33
location19 location19
location22 location22
location34 location21 location34 location42
location18 location18 location25
location48 location48
location27 location3 location27 location44
location36 location36
location40 location40
location31 location15 location31
location37 location37
location35 location35
location30 location30
location12 location9 location12
location41 location41
location39 location39
location46 location46 location49
location2 location2
location38 location23 location38
location20 location20
location24 location4 location24 location32
location7 location7
location14 location14
location29 location29
location1 location1 location11
location13 location13
location5 location5
location16 location16
location26 location26
location43 location6 location43
location10 location8 location10
location45 location45
location50 location50
location17 location17
