location0 location63 location79 location1 location14 location60 location30 location4 location72 location69 location49 location78 location179 location13 location47 location19 location22 location44 location88 location21 location59 location36 location76 location48 location68 location81 location185 location85 location5 location94 location118 location37 location28 location41 location10 location38 location25 location100 location18 location42 location54 location53 location20 location87 location82 location28 location52 location2 location92 location45 location95 location61 location3 location43 location67 location6 location39 location9 location46 location34 location27 location151 location0
56
location0 location11 location55 location57
location63 location8 location63
location79 location79
location14 location14
location60 location12 location60
location30 location30 location50 location84 location99
location4 location4 location15
location72 location72 location93
location69 location69 location80
location49 location49
location78 location62 location78
location13 location13
location47 location24 location47 location86
location19 location19
location22 location22
location44 location44
location88 location88
location21 location21 location70
location59 location59
location36 location36 location71
location76 location65 location76 location91
location48 location29 location32 location48
location68 location68
location81 location81
location85 location85
location5 location5
location94 location94
location37 location37 location97
location28 location28
location41 location41 location89
location10 location10
location38 location33 location38
location25 location25
location100 location7 location58 location100
location42 location42 location56
location54 location23 location54
location53 location40 location53 location90
location20 location17 location20
location87 location73 location87
location82 location26 location82
location52 location52
location2 location2 location51
location92 location18 location92
location45 location45 location74
location95 location95
location61 location61 location75
location3 location1 location3 location64
location43 location43 location66
location67 location67
location6 location6 location83
location39 location39
location9 location9 location98
location46 location16 location46
location34 location34 location77
location27 location27
location151 location31 location35 location96
