location0 location82 location87 location46 location20 location50 location113 location49 location48 location12 location98 location12 location182 location12 location42 location45 location30 location85 location5 location180 location81 location165 location23 location68 location10 location56 location33 location21 location1 location27 location5 location7 location96 location34 location78 location175 location0
33
location0 location11 location13 location15 location55 location57 location63
location82 location26 location82
location87 location47 location72 location73 location80 location87
location46 location16 location46
location20 location17 location20
location50 location6 location50 location53
location113 location36 location43
location49 location49
location48 location32 location48 location76
location12 location12 location29 location37 location58 location60 location83
location98 location9 location98
location182 location35
location42 location18 location24 location42
location45 location45 location74 location92
location30 location4 location25 location30 location84 location90 location99
location85 location85
location5 location5 location71
location180 location31 location38 location41 location61 location64 location89 location94
location81 location81
location165 location69
location23 location23 location54
location68 location2 location39 location68
location10 location10 location51
location56 location56
location33 location33 location65 location97
location21 location21 location52 location59 location67 location70 location88 location95
location1 location1 location3 location14 location75 location79 location86 location93
location27 location22 location27
location7 location7 location40 location100
location96 location66 location96
location34 location19 location34 location44 location77
location78 location28 location62 location78
location175 location8 location91
