Waco OverlandPark AnnArbor Palmdale Clarksville Stamford SanBernardino Victorville StPaul Palmdale SterlingHeights Aurora Richmond SanFrancisco AthensClarkeCounty OWO AthensClarkeCounty Palmdale Birmingham SaltLakeCity Rochester Oski Irving SantaClara ChulaVista Lincoln Newark OverlandPark Waco
20
Waco SanAntonio MorenoValley
AnnArbor AnnArbor
Clarksville Clarksville
Stamford Cary Stamford
SanBernardino SanBernardino
Victorville FortCollins
StPaul StPaul
Palmdale Palmdale FortWayne
SterlingHeights SterlingHeights
Aurora Omaha
Richmond Richmond
SanFrancisco SanFrancisco
AthensClarkeCounty AthensClarkeCounty
OWO OWO LexingtonFa
SaltLakeCity SaltLakeCity
Rochester Rochester
Irving Irving
ChulaVista ChulaVista
Lincoln Detroit Lincoln
Newark Newark
