0 185 23 153 154 163 1 133 90 15 117 14 117 175 173 21 152 24 151 89 98 22 131 12 26 78 52 160 115 107 155 128 81 128 11 19 89 87 190 87 40 39 193 27 3 35 172 88 130 9 130 48 141 194 176 194 196 101 37 50 17 94 30 17 184 57 66 0
47
0 0
23 23
153 153
154 114 154 174
1 1 146
133 86 133
15 15 16
14 13 14
175 70 115 125 143
173 173
21 21 129
152 152
24 24
151 31 151
98 2 98
22 22 74
131 38 84 93
12 33 100 120
26 26 80 167
78 78 177
52 52 199
160 42 160
107 107 158
128 28 128 187
81 81
11 11 65 138
89 47 89
87 43 83 159
190 116 190
39 39 56 193
27 27
35 3 35 157
172 134 172
88 67 183
9 4 9 103 130
141 141
176 51 69
196 18 164
101 68 101
37 8 20 166
50 50 182
17 5 17 71 96 137
94 94
30 59 102 197
184 72 184
57 111
66 66
