13 62 108 127 56 135 27 54 17 0 151 1 155 115 199 187 159 154 179 157 150 76 13
21
13 148 178 182
62 101 124 126 138 147 158
108 108 121 152 163
127 109 117 122 127 139 168 191
56 189
135 102 135 145 176 194
27 141 174 175 185
54 116 166 172 184
0 105 113 130 140
151 151 171 195
1 107
155 103 136 143 155 160 173 177 190
115 100 115 123 156 162 167 186
199 104 114 129 132 149 181 199
187 110 187 188
159 125 159 161 165 197
154 111 118 120 128 133 134 142 144 146 154 198
179 112 131 179 180
157 157 164 170 183 192 193
150 119 137 150 153 169
76 106 196
