13 100 122 125 123 190 118 121 108 192 136 196 134 117 112 139 127 168 156 184 197 110 147 175 116 148 190 142 176 137 149 107 143 64 166 126 199 132 199 104 159 193 160 155 177 169 119 167 151 179 131 185 173 161 128 113 133 162 111 106 188 186 182 163 158 195 109 141 164 189 172 135 194 157 183 181 114 101 13
74
100 100
122 122
125 125
123 123
190 190
118 118
121 121
108 108 152
192 192
136 136
196 196
134 134
117 117
112 105 112
139 139
127 127
168 124 138 168
156 156
184 184
197 197
110 110
147 147 178
175 175
116 116
148 148
142 142 146
176 176
137 137
149 149
107 107
143 120 143
166 166
126 126
132 132
199 129 199
104 104
159 159 165
193 193
160 160
155 155
177 177
169 150 169
119 119 191
167 115 144 167
151 151 171
179 179 180
131 131
185 185
173 173
161 161
128 128
113 113
133 133
162 103 162
111 111 154
106 106
188 188
186 186
182 182
163 163 198
158 158
195 153 195
109 109
141 141
164 164
189 189
172 172
135 102 135 145 187
194 194
157 157
183 183
181 140 170 174 181
114 114 130
101 101
