vLeODpVlYSBeYNDYoXha EWpsBSEfAOWAjikCpvhc WWpSpmTaSazKGIcNlBvp ruLqpYqEzGGiKysvsarb AdXveYSBaneNwCQzrdSw CPszTohYUHARNedzFlDK TCAkluAESUWAMGFeNcGN FcEsyaTmqpoyvbDrHjlc LOMgYipCQQXQnRqEqRwO mlipOrSnGcxXtoXBbRyl PSVkjNlrWHpVSTVIEkGG WmmYcOLuPvixLDMigGIN DWWCMAjZQQIEKOIiHFQN McOZQehrTygkGidmwyMe fvYrLpgzqLNOAQbahgax BXzACdzjLITNgbmDPlEu aCucdhmWbhlrgfstQigR ZbyHJLmoTqNpTnlUVJZC tVzUgXVoBYxBMnkkwFmk MlwlINEFqmyzZNPXRLJF OEhWenjEjDvDhqLdwAzO KuGXgytUHIMvMchrWVDH LOMgYipCQQXQnRqEqRwO ybrQlUhznqOhsvndWAbl aWvnTxwRCeZSoCnPnhDt LeLGVrNGvkwLbzIWTNFP ubTtmhAXQixwuFvQluYa RjKEHTlRvtaVBbyqZVAw QQSjCkgLAWAPObYQvNsB UAwuKFcUHFyvaFCTLpOT gzxzakmqbxbsOczuQVLG gIttwvzcgONwFblnGIqq klkbOWCZrzPBFVDxhNbj fPxvnMVMFwhJbNBURdgD FqdjKgdpEanmCnmxJMFA ajvbaFpYiEBJySPsSLaI ROtRYAvFkNWuCvofIroy jzQJaGLLiuQLhhyqBagr iDucfyZGMCbCQbXjbQqM mlipOrSnGcxXtoXBbRyl mevvwcZLudaokctOWvKe VhDSPHxolLkNxxDnpUyx jwIBHKkXHTPVsOJwBOsr FEqXJcVrZfnSsHEUPhnl sdSgCnaZeeOuPKljZOSr sXfgLMwoysnMazVSWnhc fvEcAuRDdfuHEPLNpaTz fHcdXnOxSadpKeCUwNYm CmbFyJmcvVqyCmJgQxeI gMqbbwopmbxmOomqZjfm DIYMXZHlgebDcivTxnEV DDEuYWXXufMefzDjgEFm CfkBzkPETvagyIDCsLTD oCvaAQKOXXWgeSNnUmae pdXCnKagnvEntNTuPHdK dyUDfEGgAoSshTRjMZZg zxeoSbTqbWPpSzalAtBI uyPyJzKFqWxgSNmpkDrB vLeODpVlYSBeYNDYoXha
35
ruLqpYqEzGGiKysvsarb ruLqpYqEzGGiKysvsarb
AdXveYSBaneNwCQzrdSw TwgqMzgExFHTIfcwfBnr AdXveYSBaneNwCQzrdSw
CPszTohYUHARNedzFlDK CPszTohYUHARNedzFlDK
TCAkluAESUWAMGFeNcGN OVoYVQPnlYoZBBKtyuLk
FcEsyaTmqpoyvbDrHjlc FcEsyaTmqpoyvbDrHjlc
mlipOrSnGcxXtoXBbRyl NVEtShKeuxpaFIOiyVqE mlipOrSnGcxXtoXBbRyl
DWWCMAjZQQIEKOIiHFQN DWWCMAjZQQIEKOIiHFQN cZgmtoPGHxdozTaDMiyf
BXzACdzjLITNgbmDPlEu BXzACdzjLITNgbmDPlEu
aCucdhmWbhlrgfstQigR aCucdhmWbhlrgfstQigR
tVzUgXVoBYxBMnkkwFmk tVzUgXVoBYxBMnkkwFmk
MlwlINEFqmyzZNPXRLJF MlwlINEFqmyzZNPXRLJF
ybrQlUhznqOhsvndWAbl ybrQlUhznqOhsvndWAbl
LeLGVrNGvkwLbzIWTNFP ASXwCgVTXDdhSXJwFovC
RjKEHTlRvtaVBbyqZVAw RjKEHTlRvtaVBbyqZVAw
QQSjCkgLAWAPObYQvNsB cvlwIwajcIlbhZbyFgmq QQSjCkgLAWAPObYQvNsB
gzxzakmqbxbsOczuQVLG gzxzakmqbxbsOczuQVLG iBjjCWwkYToOKfrrLnny gEufXNuuWhnlbNYaoQFJ
gIttwvzcgONwFblnGIqq gIttwvzcgONwFblnGIqq NciLXNPTvMoXdbTDZmlg
fPxvnMVMFwhJbNBURdgD fPxvnMVMFwhJbNBURdgD
ajvbaFpYiEBJySPsSLaI sBkAYRISjTYinLFSNcKW fToHwimUqLsKcKLZHiUX DqUxIMslnixWfmkjQTmS TqyFrXuGvuBuqnpYbjKc
jzQJaGLLiuQLhhyqBagr jzQJaGLLiuQLhhyqBagr
iDucfyZGMCbCQbXjbQqM iDucfyZGMCbCQbXjbQqM
mevvwcZLudaokctOWvKe iBYHAWUhqeQPjphQzpdN
VhDSPHxolLkNxxDnpUyx VhDSPHxolLkNxxDnpUyx PLDOWRIeaCSVLMyDadzC
jwIBHKkXHTPVsOJwBOsr jwIBHKkXHTPVsOJwBOsr
FEqXJcVrZfnSsHEUPhnl WCCOEUYmDvzZlrkDAqoi xQaDpDGAXhDYzSMnMWvb
sXfgLMwoysnMazVSWnhc sXfgLMwoysnMazVSWnhc
fvEcAuRDdfuHEPLNpaTz fvEcAuRDdfuHEPLNpaTz
fHcdXnOxSadpKeCUwNYm fHcdXnOxSadpKeCUwNYm
CmbFyJmcvVqyCmJgQxeI CmbFyJmcvVqyCmJgQxeI
gMqbbwopmbxmOomqZjfm UgFPXEAdAfcfHGIbNTsq gMqbbwopmbxmOomqZjfm NAHeKyyhAObyyUEUSkSU QkAjrUUuVdzSMnlfJLcO
CfkBzkPETvagyIDCsLTD CfkBzkPETvagyIDCsLTD
pdXCnKagnvEntNTuPHdK pdXCnKagnvEntNTuPHdK
dyUDfEGgAoSshTRjMZZg dyUDfEGgAoSshTRjMZZg
zxeoSbTqbWPpSzalAtBI zxeoSbTqbWPpSzalAtBI
uyPyJzKFqWxgSNmpkDrB uyPyJzKFqWxgSNmpkDrB
