wNqlpYNsRbJEgiGpKxrU WoTuprXYItmuBoyNwAcV RlHeRhvUOhGhZVGGJuED LfOunWzwbbNRVLKSGfNS lbWonvEbeplndKguSTkk shaRjZRSPDzVXmetmolj kyApsCeFkLoLFCdkazaE gcXUxTVUZWsOwtRNeDDa GMxGouyyndiUBMqMdOoc jwjTVkTZQzfvrCAtqcyG mgNeYYUOPKpLeiVEFIXd oDgfEuAVpeOlkkTIMDLw zKnLSwRxFjUTCiXefWdG lDkJjVrhTHajmAwuwAQm shugRMnaHVqQSmKaNBgu yYaxxtTIkvUeyUpwOvuY pMOSpTzPTPLXHLOQMjnt qRSIeHFYBHHihKAqJnzR QyXpliHSeQOPIsurIcpa DpztIuGTRpGuLsdlODJw yRQdlZBUBAPypebnrlAH oKHxHZxgXgKSVZAEEVVZ IamFpWICdyBhLFRVaylm twwHXGyTBfZUDOGVnCzA lIpVoDPUIfHCPpjswogJ WMWBpOSnHGywZjCgaYyY nreoVgWrBhNXFZgTBlXO UbXJPGdXWEZlkrHjZKDr cinQsEbBpQAHgGdjBxaK ctcTzPUVbQQoQGGIDEim TQWxJiphrDoDBmrOTqOv eCBFrcppbiLzdGQubocl eOfnBeTgmYCNEnRUhlEK KcrnMnFDTrBKaUaGpdLY GOKcLUIfVCLsdfLjyASo yscsUFTNNyaVMKBztBdV NJZlnWyeJFrkOwoqHKtT jeqqhISPyRIhGBNohHEu ANDviqMIuFwdcboQDprt YZdWAQcvSeNhUzVcgZrb nUmoFIaaFFgVBHrhOTam zXRivKrJPjQVqVwiULGz QePOUWiXcAUCoHETxuGS FaWIqatYRYVcXfVhAFRN XtZHoAxqEyzvMChzPHpN msuaKihWIEeUaCCcyjIZ eCBFrcppbiLzdGQubocl xlbpuxAjoVPJWPCWBEkJ imEmCMbYEtZJJkwxkSDD lDkJjVrhTHajmAwuwAQm NIJaJxCurulNUdZZMxFk erZKLqpCZsYKDnOCaBGq ccdJRKiTXwIErdhSIxfh HeWrJOKsDjgdrcamgZLN FGiPoAZuhTTxiAlzRDIV ADVVlRLpnspleRTgeTdu lTWClcCXtRKGvKTcMnqR bFmSeBrfNuxjYPUDCLYq vIbIQYXZnmYrooTLYNtu wlySPverjehsBxldyigf fpoTaBKmVdlDCxFwCFoz HAIYkMkIfhypoRlxuZoB MBJqOYmxhUYbldNVEdRy hLaNXBYgTzgUhvjmqUTu NjdqbLVqGQWIXWnBFpZZ oKAKfpUUuLItChLyByFh igyeOiSdezmmXGTwMzLw lbWonvEbeplndKguSTkk wNqlpYNsRbJEgiGpKxrU
49
WoTuprXYItmuBoyNwAcV NtyLZDOaSczVvOGdocUp oHoxoLeyDYnKZDzgMtxI
RlHeRhvUOhGhZVGGJuED jznspKyqlmxZtgfQUJVB RlHeRhvUOhGhZVGGJuED eiLPqIroFfCGzqSAlzAp
lbWonvEbeplndKguSTkk qfRRtdRbhYJBARMfPlZM lbWonvEbeplndKguSTkk oZXYedlbtBLmkfoVmgta
shaRjZRSPDzVXmetmolj scpUkbcaYSAsHhSktebT jUSlIFtitQxyvVLJjiCc JVONrXhhmtFWhFfDiOXW
kyApsCeFkLoLFCdkazaE ihxEqMQIIvyQmtrtMjeO kyApsCeFkLoLFCdkazaE
gcXUxTVUZWsOwtRNeDDa gcXUxTVUZWsOwtRNeDDa aIuYyryCOUGVeCAqbqkg
GMxGouyyndiUBMqMdOoc GMxGouyyndiUBMqMdOoc joWAhkfNqIEECnBeulGl
mgNeYYUOPKpLeiVEFIXd mgNeYYUOPKpLeiVEFIXd
oDgfEuAVpeOlkkTIMDLw UIlSMnVKIdNiXZNSiHsI VIPPawblKbhOVWrmrWBx
shugRMnaHVqQSmKaNBgu efZntVbfQTvIUOiRNPSH IvXQutSorlqOgnSVAIUd wvSJDoqoPGAkYgSuPFPw shugRMnaHVqQSmKaNBgu
yYaxxtTIkvUeyUpwOvuY XPPBMlNyfVVeZGIzTCEW
pMOSpTzPTPLXHLOQMjnt pMOSpTzPTPLXHLOQMjnt oLMkSrYLQRLHmPiuLCTC
QyXpliHSeQOPIsurIcpa syonLisTOSczosCwoILE QyXpliHSeQOPIsurIcpa XvUPApTFkqaSSizYsCIr CvZkdIYtdeDHtwufupie NPSPGRTNRcKKVpsBRSwh
DpztIuGTRpGuLsdlODJw DpztIuGTRpGuLsdlODJw lSJjEsqamUCgRZdCmdyI
yRQdlZBUBAPypebnrlAH DZEpVGVXkxHljziwItaS
oKHxHZxgXgKSVZAEEVVZ ZauPfhkpsGmhbvkhkltR QeYNNLpZMBxyiFbZMPFY
IamFpWICdyBhLFRVaylm kqcEdfKLaRzxOhAIzchh
twwHXGyTBfZUDOGVnCzA FWnudSYFvYQJHehOpEKf
lIpVoDPUIfHCPpjswogJ cwgJAHVpCCTmuckJkncL wfEFdNDcColoskjTjcLm nCedHqGgdWAicwyuYWpg QjbdwbUnopENkiNyqirZ
WMWBpOSnHGywZjCgaYyY WMWBpOSnHGywZjCgaYyY
nreoVgWrBhNXFZgTBlXO nreoVgWrBhNXFZgTBlXO
TQWxJiphrDoDBmrOTqOv JvFxbsySBAiFiOUrzrBi
eCBFrcppbiLzdGQubocl ZwvojvRdUOYNJXIwAqgC SitzoubgYFeTjmkLjVPz TEPaiCedHTXapLxoBXMp
eOfnBeTgmYCNEnRUhlEK eOfnBeTgmYCNEnRUhlEK
KcrnMnFDTrBKaUaGpdLY KcrnMnFDTrBKaUaGpdLY
yscsUFTNNyaVMKBztBdV yscsUFTNNyaVMKBztBdV EhDFVLWZueLOrdjEOzEQ VRpSthoDcomqMDsGoVql
NJZlnWyeJFrkOwoqHKtT xgBrJmdXVwtxgRuCBhMe NJZlnWyeJFrkOwoqHKtT
jeqqhISPyRIhGBNohHEu wuSVWJYvpiWaQAHXocSG cMYyKTXGNKnFzrpwnXUl vTbNxpVTEoFlSjvvVvfG
ANDviqMIuFwdcboQDprt juzxSpUVuccJUMBOcJjO YTwycpmzEWCqqTELtzXc ANDviqMIuFwdcboQDprt
QePOUWiXcAUCoHETxuGS QePOUWiXcAUCoHETxuGS gDYKDrbERUXTnCayjBrC
FaWIqatYRYVcXfVhAFRN bEfUXCTlwRBndElSbPGf ZXihCBEQBTdisqSlEMsj
XtZHoAxqEyzvMChzPHpN XtZHoAxqEyzvMChzPHpN
msuaKihWIEeUaCCcyjIZ eobSFtKBbBdcVrTOREdK
xlbpuxAjoVPJWPCWBEkJ zNRhhVdMWUgTnnqmAfeY xlbpuxAjoVPJWPCWBEkJ
imEmCMbYEtZJJkwxkSDD imEmCMbYEtZJJkwxkSDD UdSbtwxTqTJxOiUoxEqw
NIJaJxCurulNUdZZMxFk NIJaJxCurulNUdZZMxFk
erZKLqpCZsYKDnOCaBGq ayQgUwyRuQVKeyFLPNbQ erZKLqpCZsYKDnOCaBGq
ccdJRKiTXwIErdhSIxfh ccdJRKiTXwIErdhSIxfh
HeWrJOKsDjgdrcamgZLN kwPuYZgJgVVJfdBGUtPw HeWrJOKsDjgdrcamgZLN szyiMlKhtyOynWjcoMsm aGPbLNWYAMujnfHCTCMo zHPSSEtFTQIbLYMdHqgP
ADVVlRLpnspleRTgeTdu ADVVlRLpnspleRTgeTdu
bFmSeBrfNuxjYPUDCLYq bFmSeBrfNuxjYPUDCLYq
vIbIQYXZnmYrooTLYNtu vIbIQYXZnmYrooTLYNtu EmbDgEECbkHbfAfHCgwB fgzJCwocQniGlXAZHJId
wlySPverjehsBxldyigf pzrGQEObzJGPnfATEYDc wlySPverjehsBxldyigf edlAtPQdNXJQPCIzpkyX
fpoTaBKmVdlDCxFwCFoz fpoTaBKmVdlDCxFwCFoz
MBJqOYmxhUYbldNVEdRy NzDQJknJPDEkcwCHzzbF EEeDJaHeajXXlwYcHTeJ MBJqOYmxhUYbldNVEdRy CbGuHgZfQMmSOfHDFJnK PZwTcKCPsEmpxetNZvef
hLaNXBYgTzgUhvjmqUTu hLaNXBYgTzgUhvjmqUTu
NjdqbLVqGQWIXWnBFpZZ svUOWvTJLneAqJGnExpc
oKAKfpUUuLItChLyByFh oKAKfpUUuLItChLyByFh
igyeOiSdezmmXGTwMzLw igyeOiSdezmmXGTwMzLw NYdfLxXxFVvLEbDKzXWn
