oUyBZvEHNPOWtAsHANHU RoJsXhmBaCWhexsUOZgS QMnEKXGwZYUlreveNjwA czawxGJYqFyCCNgFpXIE LemOEIyAWGqzIWrhGjyu WNtREfXrntZpJjBWrnBQ eqwycKZriorIAbsUBjxu VVzvLIOwARaWwhQTKPrx OWCblOtQanZakRLMqMxz eWVKeYegIFOJxvfRkjek JKNUHFrXPStBWMuUOVkj CCYBPFZgoOONzoEeTKzC CcspnGXfrmzZRWjdMjLd rqqedkokePZFdhDbMNpX IuNNJvHSmYKpVBzmzuJX fDAbzsYfiXDxOIsITcQl JGmrlhNqKarRJZMikIzR gUlgGYCPZjsRiFLqnVun DsLevMWgWFWOQXFMbaQy PojKKQvEDmFOnJinujFi hpQFeVriPZmwKZcYFAWN NBTlGJqSnWahMvuDlXAm ikjgYLaZRolSrbIYyKBd JOFEBwAKkbqhkHCsIrdY UcwddMmmNJxPoUiuiyvm UgaWwXBplvlUJzfeuZdN eqwycKZriorIAbsUBjxu hNRcEeFjmsmOnuOdNAXl eWGFHgdBASXJbxQbYrCG oUyBZvEHNPOWtAsHANHU
20
oUyBZvEHNPOWtAsHANHU oUyBZvEHNPOWtAsHANHU
QMnEKXGwZYUlreveNjwA QMnEKXGwZYUlreveNjwA
eqwycKZriorIAbsUBjxu MeohNnftDTzllMTGwxnG cAvnOxZJtanpVvcAxJHM eqwycKZriorIAbsUBjxu
VVzvLIOwARaWwhQTKPrx VVzvLIOwARaWwhQTKPrx
OWCblOtQanZakRLMqMxz OWCblOtQanZakRLMqMxz
eWVKeYegIFOJxvfRkjek eWVKeYegIFOJxvfRkjek
JKNUHFrXPStBWMuUOVkj JKNUHFrXPStBWMuUOVkj lPMfQyVLDIZczBuDgsVQ UMfDYlvFlUVuogMRkWNG
CCYBPFZgoOONzoEeTKzC CCYBPFZgoOONzoEeTKzC
CcspnGXfrmzZRWjdMjLd CcspnGXfrmzZRWjdMjLd
rqqedkokePZFdhDbMNpX IUJDEWwYxhQimsCqnrFH
IuNNJvHSmYKpVBzmzuJX znYRMYifzQwyixuIXDnz IuNNJvHSmYKpVBzmzuJX
fDAbzsYfiXDxOIsITcQl NVPacTSrBMpDkMBotiWB
gUlgGYCPZjsRiFLqnVun gUlgGYCPZjsRiFLqnVun
PojKKQvEDmFOnJinujFi PojKKQvEDmFOnJinujFi
hpQFeVriPZmwKZcYFAWN hpQFeVriPZmwKZcYFAWN
NBTlGJqSnWahMvuDlXAm NBTlGJqSnWahMvuDlXAm
ikjgYLaZRolSrbIYyKBd CXrruomvXfADUrHxMwZi
UcwddMmmNJxPoUiuiyvm oMKDNkBacLxexXKHqXfF
hNRcEeFjmsmOnuOdNAXl hNRcEeFjmsmOnuOdNAXl
eWGFHgdBASXJbxQbYrCG eWGFHgdBASXJbxQbYrCG
