Soda location1 location61 location103 location37 location77 location119 location9 location179 location20 location111 location49 location64 location65 location105 location135 location13 location15 location18 location161 location63 location72 location3 location10 location8 location195 location99 location113 location62 location11 location132 location2 location17 Soda location53 Soda
33
Soda location93
location1 location54 location95 location88 location1 location55
location61 location61 location48 location60 location91
location103 location92 location21
location37 location44 location35 location37
location77 location45 location77
location119 location71 location27 location19
location9 location94 location57 location9
location179 location7
location20 location58 location20
location111 location16
location49 location49 location32 location66
location64 location64 location12 location23 location14 location75
location65 location31 location65 location67
location105 location56 location28
location135 location74 location79 location84
location13 location68 location80 location29 location50 location13
location15 location15 location83 location43 location78
location18 location18
location161 location52 location90 location76
location63 location42 location5 location63 location81
location72 location4 location72 location96 location47
location3 location36 location100 location3
location10 location34 location10 location73 location87 location41 location51
location8 location24 location6 location8
location195 location86
location99 location97 location99
location62 location98 location25 location62
location11 location11 location59 location22 location69
location132 location26 location40
location2 location2 location70 location33
location17 location39 location82 location46 location38 location17 location85
location53 location30 location53 location89
