Jingzhou TarguSecuiesc Bodhan TanahMerah Wittenau Tottori Thamaga Rembangan Ghugus RioFormoso Malnate CoonRapids Sagalo NovyyBuh Geilenkirchen AbualMatamir SmederevskaPalanka Veenendaal Carmichael Kabarnet BurgbeiMagdeburg Chittaranjan SanJosedeOcoa Ketrzyn Puruliya Fredericia Carouge Khangarh Falun Lysva Jingzhou
23
TarguSecuiesc Entroncamento JabalosSaraj BeneBeraq
TanahMerah TanahMerah LondonderryCountyBor FortLauderdale Bejucal
Tottori Tottori
Thamaga Thamaga
Rembangan Rembangan Gangtok Ibri
Ghugus Manduria Ghugus
RioFormoso AzZuwaytinah Radnor RioFormoso
Malnate Jeypore Malnate Srinagar
CoonRapids CoonRapids
Sagalo Sagalo
Geilenkirchen Ermelo
AbualMatamir Sarzedo SaintMichael
SmederevskaPalanka Kirovsk
Veenendaal Shizunaifurukawacho Shumen Veenendaal
Carmichael elCampello Carmichael
Kabarnet Kabarnet Sanaa Tabatinga
BurgbeiMagdeburg Shively BurgbeiMagdeburg
Chittaranjan Chittaranjan Khabarovsk
SanJosedeOcoa SanJosedeOcoa
Ketrzyn Ouarzazat Ketrzyn
Carouge Colachel Ronse Depok Kheri Carouge
Falun Crespo Rangae
Lysva Chegem Lysva
