LesLilas SantanadoLivramento Kotka Itororo Johnston Baramula Sorada Kikuchi Sasovo GuaMusang Skelmersdale Vyazniki Ontinyent Naron Escada CerroAzul Malpe Twante CapimGrosso Nutley Embu Tabou Gastonia Akcaabat Mocoa Fuxin Sevlievo SpanishTown Lloydminster SouthSaintPaul Acireale Ipil Banting PriegodeCordoba Turek MadinatHamad Alnavar AinBessem Wakuya PortoVelho Mondlo Shchekino Andrychow AscoliPiceno Magdeburg Protaras Pezinok Garbsen FetestiGara Scottsdale Korsakov Manacapuru Gorgan Twante Nangi Wenchi Klatovy Wenchi Hangu Aracuai Gunzenhausen Shobara Djelfa Braila Balachor Ibirataia Ipaba Shimofurano Arzamas ArRumaythiyah Butuan Kasamwa Oyonnax SenaMadureira Kushtia Kambove LesLilas
62
SantanadoLivramento SantanadoLivramento
Kotka BlueIsland NoblePark Kotka
Itororo Itororo Ortaca
Johnston Sobue Johnston SaintCyrlEcole Kairouan Battambang
Baramula Baramula
Sorada Oerlinghausen Sorada
Kikuchi SenadorPompeu
Sasovo VillaPauladeSarmient
GuaMusang GuaMusang
Skelmersdale Prostejov Skelmersdale FortWorth
Vyazniki Vyazniki
Ontinyent Ontinyent
Naron KotRadhaKishan
Escada Pozzuoli Escada
CerroAzul Mabopane
Malpe Yafo Shieli Shurugwi
Twante Twante
CapimGrosso CapimGrosso
Embu WestIslip Embu
Tabou Tabou
Gastonia Haripur
Akcaabat Akcaabat Acarau
Mocoa Mocoa
Fuxin Fuxin
SpanishTown SpanishTown Kineshma
Lloydminster Khulm Anjarah Lloydminster
SouthSaintPaul Kemise SouthSaintPaul Angleton
Acireale Langenhorn Acireale
Ipil MineralnyeVody
PriegodeCordoba PriegodeCordoba
Turek Turek
MadinatHamad MadinatHamad
Alnavar Wangon
AinBessem AinBessem
PortoVelho PortoVelho
Mondlo AinArnat
Shchekino Shchekino Espiye AshtonunderLyne
Andrychow SanJuandelaMaguana Andrychow
AscoliPiceno Sosnovka
Magdeburg Haora
Protaras HaciendaLaCalera
Pezinok Belalcazar Pezinok
Garbsen Garbsen
FetestiGara Nagar FetestiGara
Korsakov Korsakov
Manacapuru Manacapuru
Gorgan Gorgan
Nangi NahiyatashShinafiyah
Wenchi Wenchi
Klatovy Rhondda
Hangu Hangu Vaniyambadi Gowurdak Daokou
Aracuai Zhaodong Aracuai
Gunzenhausen Gunzenhausen
Djelfa Rivas
Braila Braila Morwa Bury
Ibirataia Hirosaki Ibirataia Izhevsk
Ipaba EastLongmeadow
Shimofurano Shimofurano TagbilaranCity
Arzamas Arzamas
Butuan Butuan Kaifeng
SenaMadureira SenaMadureira
Kambove Kambove ChalcodeDiazCovarrub MonteAlegre
