Kaimganj Leixlip Isakogorka Yucheng Tsukawaki Karasuyama Albi Jalaun MontecatiniTerme Dankov Narangba GobernadorGalvez Tocache MilpaAlta Tsirang Brecht Condado Gobo Racine PinhalNovo MilpaAlta Anahuac Novopokrovskaya Mesa Kawit Pilibhit Fagaras Kaimganj
22
Leixlip Leixlip
Isakogorka Isakogorka
Yucheng Yucheng Korolev
Tsukawaki Tsukawaki
Karasuyama Karasuyama
Albi Albi
MontecatiniTerme MontecatiniTerme
Dankov Dankov
Narangba Narangba
GobernadorGalvez GobernadorGalvez
Tocache Tocache Fandriana
MilpaAlta MilpaAlta
Tsirang Tsirang
Brecht Brecht
Gobo Gobo
Racine Racine
PinhalNovo PinhalNovo
Anahuac Anahuac
Novopokrovskaya Novopokrovskaya
Mesa EncarnaciondeDiaz
Pilibhit Pilibhit Irvine
Fagaras Fagaras
