EFLJOTk 0e cPnISetFj7gG8o9K tZ 9PHu2NLeEO 1p3lWfo8qHHC 8I1AatPM q4W S5 4W 3 r5x AUKNFdTo fMV6tQxP K6 tYEQUyLbbkP1dOjF Xn8chReB4cAIE2gsbLF 7F9H97joVTdU8ZEpeb EbJNNmdNcYu0zYWsn8WQ fgxHyKXvIAKSHtMEoO Tb5qjVS0DSkDKD q9b8L0oiOJr IRUxJNqQHDtKwk tC5KpkScgYX02k vngV9R4 SoHxfA EFLJOTk
22
EFLJOTk EJOi3LI92xJB 4pWeD5
0e 0e
cPnISetFj7gG8o9K 13GDMZYtkIBDG8SVi5px cPnISetFj7gG8o9K
tZ tZ
9PHu2NLeEO 9PHu2NLeEO
1p3lWfo8qHHC 1p3lWfo8qHHC
8I1AatPM Kpec 8I1AatPM
S5 S5 JQX0b
4W 4W
3 I0a5SBtiDKckQxXh155L QyWIcdD7GorZtfQJb
r5x r5x
AUKNFdTo AUKNFdTo
fMV6tQxP fMV6tQxP
K6 qKAN35ZxfJxs2n K6 6mx6unEnl
Xn8chReB4cAIE2gsbLF Xn8chReB4cAIE2gsbLF
7F9H97joVTdU8ZEpeb 7F9H97joVTdU8ZEpeb
fgxHyKXvIAKSHtMEoO fgxHyKXvIAKSHtMEoO
Tb5qjVS0DSkDKD Tb5qjVS0DSkDKD
q9b8L0oiOJr q9b8L0oiOJr
IRUxJNqQHDtKwk IRUxJNqQHDtKwk
vngV9R4 vngV9R4
SoHxfA SoHxfA mQzeU6iv7
