Location0 Location48 Location0 Location68 Location0 Location34 Location0 Location72 Location71 Location0 Location11 Location0 Location45 Location46 Location45 Location0 Location31 Location32 Location0 Location59 Location0 Location28 Location27 Location28 Location0 Location55 Location0 Location1 Location0 Location81 Location0 Location75 Location0 Location42 Location0 Location42 Location41 Location0 Location98 Location97 Location0 Location94 Location0 Location84 Location83 Location0 Location14 Location13 Location0 Location18 Location17 Location18 Location17 Location0 Location20 Location0 Location38 Location0 Location35 Location0
32
Location0 Location3 Location4 Location5 Location6 Location7 Location8 Location9 Location10 Location15 Location16 Location21 Location22 Location23 Location24 Location25 Location26 Location29 Location30 Location39 Location40 Location43 Location44 Location49 Location50 Location51 Location52 Location53 Location54 Location57 Location58 Location61 Location62 Location63 Location64 Location65 Location66 Location69 Location70 Location73 Location74 Location77 Location78 Location79 Location80 Location85 Location86 Location87 Location88 Location89 Location90 Location91 Location92 Location95 Location96
Location48 Location47 Location48
Location68 Location67 Location68
Location34 Location33 Location34
Location72 Location72
Location71 Location71
Location11 Location11 Location12
Location45 Location45
Location46 Location46
Location31 Location31
Location32 Location32
Location59 Location59 Location60
Location28 Location28
Location27 Location27
Location55 Location55 Location56
Location1 Location1 Location2
Location81 Location81 Location82
Location75 Location75 Location76
Location42 Location42
Location41 Location41
Location98 Location98
Location97 Location97
Location94 Location93 Location94
Location84 Location84
Location83 Location83
Location14 Location14
Location13 Location13
Location18 Location18
Location17 Location17
Location20 Location19 Location20
Location38 Location37 Location38
Location35 Location35 Location36
