S 2M 2Af 2M 2Ba 2Bd 2Ba 2M S 1M 1Da 1Dd 1Da 1Dc 1Da 1M 1Ea 1M 1Af 1Ab 1Ac 1Ab 1Ad 1Ab 1Ae 1Ab 1Aa 1M 1Da 1Db 1Da 1Dc 1Da 1Dd 1Da 1Dd 1Da 1De 1Da 1Db 1Da 1Dd 1Da 1De 1Da 1De 1Da 1M 1Da 1Dc 1Da 1Db 1Da 1Dd 1Da 1Dd 1Da 1M 1Af 1Ab 1Ad 1Ab 1Ac 1Ab 1Ae 1Ab 1Af 1M 1Da 1Dd 1Da 1Db 1Da 1Db 1Da 1De 1Da 1Dd 1Da 1M S 2M 2Ba 2Bb 2Ba 2M 2Af 2Ag 2Ak 2M S 4M 4Af 4Ag 4Af 4M 4Ak 4M 4Ca 4M 4Ca 4Cb 4Ca 4Cb 4Ca 4M 4Ak 4M 4Da 4M 4Ea 4M 4Bf 4M 4Aa 4Ab 4Ad 4Ab 4Af 4M S 3M 3Af 3M 3Da 3De 3Da 3M 3Ba 3Bc 3Ba 3Be 3Ba 3Bc 3Ba 3Bd 3Ba 3Bb 3Ba 3M 3Ba 3Bd 3Ba 3Bb 3Ba 3Bf 3Ba 3M S 1M 1Af 1Ab 1Ad 1Ab 1Af 1M 1Ba 1M S
31
2M 2Aa 2Bf 2Bi 2Bj 2Ca 2Cb 2Cc 2Cd 2Dd 2De 2Ee 2Eh 2Ei 2Ek 2Fe
2Af 2Ab 2Ac 2Ad 2Ae
1M 1Bf 1Bi 1Bj 1Ca 1Cb 1Cc 1Cd 1Fe
1Dd 1Dd
1Ea 1Ee 1Eh 1Ei 1Ek
1Af 1Ag 1Ah 1Ai 1Aj
1Ab 1Ab
1Ac 1Ac
1Ad 1Ad
1Ae 1Ae
1Aa 1Aa
1De 1De
2Bb 2Bb
2Ag 2Ag 2Ah 2Ai 2Aj
4M 4Bb 4Fe
4Ag 4Ag 4Ah 4Ai 4Aj
4Ca 4Ca
4Cb 4Cb 4Cc 4Cd
4Da 4Dd 4De
4Ea 4Ee 4Eh 4Ei 4Ek
4Bf 4Bf 4Bi 4Bj
4Aa 4Aa
4Ab 4Ab 4Ac 4Ae
4Ad 4Ad
3M 3Aa 3Ca 3Cb 3Cc 3Cd 3Ee 3Eh 3Ei 3Ek 3Fe
3Af 3Ab 3Ac 3Ad 3Ae 3Ag 3Ah 3Ai 3Aj
3Da 3Dd
3De 3De
3Bb 3Bb
3Bf 3Bf 3Bi 3Bj
1Ba 1Bb
