0 1 6 11 13 12 11 6 1 0 198 197 196 191 192 186 181 176 171 166 167 161 164 161 162 156 151 146 141 136 131 126 127 121 116 111 112 106 101 103 101 96 91 92 86 87 81 76 71 66 61 56 59 56 57 51 53 51 46 41 42 36 37 31 35 31 32 26 29 30 26 21 25 21 16 11 6 1 0
26
0 3
11 7 22 17 14 19
13 13
12 12
191 193 195
186 192 189 183 184 187 185
176 180 179 173
166 169 170
164 164 165
146 135 137 163 155 144 143 139 145 130 140 152 162 142 153 129 159 149 138
121 114 118 122 127 113 128
101 100 99 105 109 107 95 98 94 112 108 97 104
103 103 102
92 90 93
81 78 79 83 87 84 80 82
66 73 72 63 65 64 75 62 70 68 74
59 60 59
53 53 52
46 58 44 48 47
42 42 39
37 38
35 35 34
32 33 27 32
29 29
30 30
25 24 25
