BY5DUgv6 UQ4QaUHy H2BV5cDz bMSvK9eQ Rn4zxmTr Af1jBIly 2mQchaeu B0wYReom 6GJHoNdy 8e8OWOIi 6GJHoNdy B0wYReom 2mQchaeu Af1jBIly xvUBVRdA QfsaQspW zSMh8yQJ hc6YxxqG gd207oOq aPSEsY2w E85AysUp Rv8rDvqp 1cr6aFpX PagRRYIg nKZTEeUl lvlSObqb H8eN9fj5 8tOszPqV YLp2gziD nKZTEeUl q1vN3eei FPDwKJIj Ym8LPSnY 8KVhuJvd OpfVa1HT 0zB29H2A R4zDiMu3 ucMA0iSv Y93BYexY yYTqCbSD 7CrB3pCm tDh0gTYH xTHVuNZl yqX5KOVJ KuVHgP1J Pi99fmGL KJQpAqYk FSF4Na2U w3Radp7c ayFODfwg S9dNuWxm rGjz0gOd AMieum8U GVK6CciB NL9qZEp0 UmgiH1K9 iT0t8noc HXMHfRTC 9IHe97Yy 87yhsuRE HEJxX3gA xZfXXUDQ mjMe14fC 7IV7YjRX JMul31yq g5YhtPSt 8ni5D4t7 mXjWiYol UfRMeyI7 gbolqDJc 6nj6dyOK K3J88UDV 1aJdK4y9 xULc5Xg4 2og9s1wD sR6JAufL BY5DUgv6
31
H2BV5cDz H2BV5cDz
Af1jBIly Af1jBIly
B0wYReom 2mQchaeu B0wYReom
8e8OWOIi sR6JAufL 8e8OWOIi
xvUBVRdA QeSUIsQ1
hc6YxxqG hc6YxxqG
gd207oOq gd207oOq
aPSEsY2w rZiSDNtK aPSEsY2w
Rv8rDvqp Rv8rDvqp
1cr6aFpX 1cr6aFpX PagRRYIg
nKZTEeUl nKZTEeUl
lvlSObqb CrvusN6e lvlSObqb
8tOszPqV 8tOszPqV
q1vN3eei q1vN3eei c9Hgvc9w
FPDwKJIj FPDwKJIj
OpfVa1HT OpfVa1HT
R4zDiMu3 0zB29H2A R4zDiMu3 ucMA0iSv
xTHVuNZl yqX5KOVJ xTHVuNZl tDh0gTYH
ayFODfwg S9dNuWxm ayFODfwg
rGjz0gOd rGjz0gOd AMieum8U
UmgiH1K9 iT0t8noc NL9qZEp0 UmgiH1K9
9IHe97Yy 9IHe97Yy
HEJxX3gA HEJxX3gA
7IV7YjRX 7IV7YjRX
JMul31yq JMul31yq WlxPulQd
g5YhtPSt g5YhtPSt
8ni5D4t7 8ni5D4t7
mXjWiYol mXjWiYol o1w8sSXK
gbolqDJc gbolqDJc 6nj6dyOK UfRMeyI7
K3J88UDV K3J88UDV
1aJdK4y9 1aJdK4y9 xULc5Xg4
