ZtfcEeD9 ZS8CQaI7 lqKnzPvP gmal2HHS zvH4AKmS Tb8W969R VDai7XkI xRPgtW5C 6dJ0UicP aDGqWHym WvzZeqnS 04vrMVdi c6ZWTltk SG64DwCC 6hjWynHN DA7bDRCs CczWZLd1 Rd2M5nw8 NgGjr3Ik qnVestAH poaWnZDO FGbFUcoj 1Xrx7hj3 Q2HoHQU7 CGddIqkC UiMRtBop U7cZo0h2 dzvtjag1 Q2HoHQU7 lWuh5cH8 lwKMUcFL ZtfcEeD9
24
ZtfcEeD9 nFqouQp3 ZtfcEeD9 rbWYBihd
ZS8CQaI7 o4xf7nVd 62Mn9lau ZS8CQaI7
lqKnzPvP EB4WBsTV B65DnegI RjDUex61 xzWL2Pp8 lqKnzPvP
gmal2HHS wZJN4OBT kMauNR5Y EAWv9kfQ BOlNhFGU gKOyNQPh mlHu9OVg aWGQETjI
zvH4AKmS 43ehQX6O zvH4AKmS YWqBlkAs CxnbNU8s
Tb8W969R bJ22zvWV 7P5zi9hu NpH6Hpsr Tb8W969R jKNn1ZQ1 gX4kBNm4 AmaYXBsi yRH0nOtz
VDai7XkI ca785uLx Pz0LLMil WOCLylig 7Xy44hse hBRDGWam tCAdUY4B uMuBYvMK ciNFdHxl JfDq1Cs2 mSd4Nw6v mrK2EXuk
xRPgtW5C xRPgtW5C kTn5Wdms 3MYamZSb
6dJ0UicP RleTQaHw 1gtWVzKV aSd01nMZ zpLQ0R0G
aDGqWHym Fj27Gybu aDGqWHym TNblhkGK yptfWPBC HTyyntxa Wznv2rRv
WvzZeqnS O5yBujnu PMzcqvQL CIF8DWXL W7b2i2pG w0QWGw2L IdGLl1to 0MyIUMFM
04vrMVdi 04vrMVdi miUcr0K7 8avKqSxh
SG64DwCC SG64DwCC 91Uq51QB NSdaWdL7
CczWZLd1 J2tz5Jy2 8Rfeklr1 ntaFp6yn eF0ueRyu eFJgi8X6 2KepLMXB sFR9mcaG
Rd2M5nw8 X4DALK1Z OJgw7XgR Rd2M5nw8
NgGjr3Ik 8LVjFaQv ijk5cHsH 1dr1nBQ7
qnVestAH FdbcCrtB d5gzYuse LvdUl8D5 qnVestAH fa3ra0T7 PLFYaVF6
poaWnZDO poaWnZDO
FGbFUcoj svPb07cv CBKWpDQv FGbFUcoj y7NjqOqM
1Xrx7hj3 Q7hUKAHQ
CGddIqkC CGddIqkC
U7cZo0h2 U7cZo0h2 wusYsf5E
dzvtjag1 dzvtjag1
lWuh5cH8 KZzTlcqA lWuh5cH8 FqE4GP0Y VgwgAKMz
