Acadia Tortugas Bend Voyageurs Saguaro Gateway Glacier Gunnison Basin Badlands Crater Rocky Caverns Everglades Katmai Denali Teddy Haleakala Indiana Channel Cuyahoga Clark Canyonlands Brycecanyon Isle Guadalupe Acadia
20
Acadia Biscayne Capitol
Tortugas Tortugas
Bend Bend
Voyageurs Smoky
Gateway Gateway Teton
Glacier Glacier
Gunnison Gunnison
Basin Basin
Crater Arches Badlands Crater
Caverns Caverns
Everglades Congaree Everglades
Denali Denali
Haleakala Haleakala
Indiana Indiana
Channel Channel
Cuyahoga Cuyahoga
Canyonlands Canyonlands
Brycecanyon Brycecanyon
Isle Isle
Guadalupe Guadalupe
