Soda RepublicCity RokusIsland LakeLaogai Omashu CaveOfTwoLovers SiWongDesert IslandOfKyoshi EmberIsland SouthernWaterTribe NorthernWaterTribe EasternAirTemple WesternAirTemple SouthernAirTemple NorthernAirTemple BaSingSe TheKindegarden Homeworld Ooo PolarExpress Hel SantasWorkshop Cocytus Phlegethon Lethe Acheron Styx Ganges Othrys TirNaNog Troy Kailash Olympus Droon Asphodel Tartarus Asphodel Tartarus Elysium Asgard Yggdrasil Vanaheim Muspelheim Niffelheim Mustafar Bespin Coruscant Naboo Tatooine Hoth Volantis Tyrosh Pentos2 Norvos Myr Norvos Pentos2 Tyrosh Volantis Hoth Tatooine Naboo Coruscant Bespin Mustafar Niffelheim Muspelheim Vanaheim Yggdrasil Asgard Elysium Tartarus Asphodel Droon Olympus Kailash Troy TirNaNog Othrys Ganges Styx Acheron Lethe Phlegethon Cocytus SantasWorkshop Hel PolarExpress Ooo Homeworld TheKindegarden BaSingSe NorthernAirTemple SouthernAirTemple WesternAirTemple EasternAirTemple NorthernWaterTribe SouthernWaterTribe EmberIsland IslandOfKyoshi SiWongDesert CaveOfTwoLovers Omashu LakeLaogai RokusIsland RepublicCity Soda
32
EmberIsland EmberIsland IslandOfKyoshi
SouthernWaterTribe NorthernWaterTribe SouthernWaterTribe
EasternAirTemple WesternAirTemple EasternAirTemple
TheKindegarden Homeworld TheKindegarden BaSingSe
Hel SantasWorkshop Hel
Phlegethon Lethe Phlegethon Cocytus
Acheron Ganges Styx Acheron
TirNaNog Troy TirNaNog Othrys
Olympus Olympus
Droon Droon
Tartarus Elysium Tartarus
Asphodel Asphodel
Asgard Asgard
Yggdrasil Yggdrasil
Vanaheim Muspelheim Vanaheim
Mustafar Mustafar Niffelheim
Tatooine Hoth Tatooine Naboo
Volantis Volantis
Myr Lorath Lys Myr Norvos
Pentos2 Pentos2
Tyrosh Tyrosh
Coruscant Coruscant
Bespin Bespin
Kailash Kailash
PolarExpress PolarExpress Ooo
NorthernAirTemple NorthernAirTemple
SouthernAirTemple SouthernAirTemple
SiWongDesert SiWongDesert
CaveOfTwoLovers CaveOfTwoLovers
Omashu Omashu LakeLaogai
RokusIsland RokusIsland
RepublicCity RepublicCity
