h0 h57 h8 h57 h1 h52 h2 h58 h2 h65 h82 h41 h94 h59 h12 h79 h60 h15 h61 h78 h16 h62 h92 h49 h50 h18 h36 h98 h37 h28 h91 h40 h91 h28 h27 h28 h37 h98 h46 h47 h35 h48 h81 h63 h41 h14 h55 h51 h1 h6 h4 h56 h3 h9 h10 h9 h55 h51 h1 h52 h2 h58 h21 h67 h26 h66 h85 h29 h99 h86 h38 h72 h32 h34 h33 h23 h44 h68 h42 h0
33
h8 h5 h8
h58 h2 h21
h82 h22
h41 h41
h12 h12
h60 h15
h16 h16
h92 h17
h49 h49
h18 h18 h50
h36 h19 h36
h37 h37
h40 h39 h40
h27 h20 h27
h28 h28
h46 h25 h45 h46 h47
h35 h35
h48 h48
h14 h14
h1 h1 h7
h6 h6
h4 h4
h3 h3
h10 h10 h11 h13
h9 h9
h26 h26
h85 h24 h29
h72 h30 h31 h32 h34 h38
h33 h33
h23 h23
h44 h44
h68 h43
h42 h42
