6 195 193 189 193 195 188 181 174 167 160 158 154 158 160 153 152 153 160 167 165 167 174 172 174 181 188 195 6 13 12 13 6 195 188 186 188 181 174 167 160 153 146 145 146 139 137 139 132 125 124 125 118 116 118 111 104 103 104 97 104 111 104 97 90 83 81 83 76 69 62 55 48 41 48 47 48 41 34 33 34 27 25 27 20 19 20 13 6
39
6 6 2 1
189 189 190
195 194
188 184
160 160
154 154
158 155
153 148
152 150 149
165 165 161
167 166
172 172 169
181 174 179 177 181
12 10 12
13 11
186 182 186
145 145 142
139 136 140
137 134 133
132 120 128 129 126
124 124 122
116 116 112
103 101 100 103
97 96 91 94
111 110 106 105 115
90 90 87 88
83 83 80
81 77
76 76 74 75
69 64 69 65
62 61 60 62
55 50 51 53
41 38 41 39
47 44 43 47
33 31 30
34 32
25 25 22
20 18 27
19 19 17
