0 10 30 33 35 58 89 87 77 76 66 46 45 55 75 85 95 104 112 92 90 80 91 151 171 182 173 143 123 115 116 117 119 138 149 157 185 186 178 168 155 135 125 73 52 62 63 54 55 56 57 47 37 27 17 8 15 12 0
53
30 20 30 31 40
33 24 33 43
35 35
58 58
89 89
87 87
77 77
76 76
66 66
46 36 46
45 45
75 75
85 84 85
95 94 95 105
104 104 114
112 111 112
92 82 92
90 90
80 80
91 91
151 150 151 161
171 162 171 180
182 172 192 193
173 173 174
143 132 143
123 123
115 115
117 107
119 119
138 137 138 148
149 139 149 159
157 147 156 157 167
185 175 184 185
186 186 196
178 178 188
168 158 168
155 155
135 135
125 124 126
73 73
52 51 52
62 62
63 63 64
54 54
55 55
56 56
57 57
47 47
27 26 27 28
17 17
8 8 19
15 4 6 15
12 3 11 12 13 22
