pace voice financial respect bitter rob circulation deposit imposter pier lake page shiver headline skeleton disclose output autonomy glasses tool dialogue likely enhance dough linger vegetarian throne write gate mystery paper understand seize sunrise certain guarantee king pace
31
voice voice
financial financial
bitter bitter
rob rob tablet cigarette
circulation circulation
deposit swear honor
imposter imposter
lake lake
page page demand
shiver dip
headline headline quality
disclose class exclusive injury
output output
autonomy autonomy
glasses glasses
tool tool
dialogue prison sign
likely likely
enhance legislation enhance thumb
dough dough
linger linger
vegetarian winner vegetarian tolerate
throne throne
gate other
mystery enter mystery brake
paper paper
understand pain figure
seize seize
sunrise shy nationalist sunrise title
guarantee buffet guarantee
king king
