pace honor deposit circulation output judicial glasses tool dialogue guarantee buffet exclusive class disclose injury audience respect financial dough enhance legislation sign romantic straighten quality discriminate stroke throne vegetarian forge tolerate solve prison dialogue likely shiver joint demand cigarette tablet rob lake pier imposter fortune page certain sunrise title shy market mystery approval other swear deposit paper understand figure banana king pace
37
honor honor
circulation circulation
output output
glasses glasses autonomy
tool tool
guarantee guarantee seize king
buffet buffet
class class exclusive
injury injury
respect bitter
financial voice financial
dough dough linger
enhance enhance thumb
legislation legislation
sign sign
quality headline quality
throne throne
vegetarian winner vegetarian
tolerate tolerate
prison prison
likely likely
joint dip
demand pain demand
cigarette cigarette
tablet tablet
rob rob
lake lake
imposter imposter
page page
sunrise sunrise
title title
shy shy nationalist
mystery enter mystery brake
other other
swear swear
paper paper
figure figure
