pace other quadruple imposter tablet address demand injury tolerate decisive linger deter identity pier bleed pier interactive election lifestyle coast linger vegetarian linger physics note deter identity gate shy error widen native mercy mixture joint single country throne structure bowel joystick swop nationalist swop joystick guarantee attraction coffin bitter certain drawer compromise view profound view dive view profound gallon injection desk enemy desk development exempt development native blonde virgin blonde shiver ignore liver tool swear rent atmosphere viable likely other pace
44
pace pace
other other
quadruple quadruple
imposter imposter
tablet tablet
demand rob feature
injury injury flag
decisive decisive greeting
identity identity straighten
bleed environment pig curriculum smile headline interface
election election
lifestyle cotton lifestyle
vegetarian exclusive market exile pardon
physics dough physics
note note
deter teacher deter thumb
error error home interactive
widen widen driver
mixture mercy chair
joint output
country triple knot country
throne throne respect boom
structure structure
bowel scheme bowel
swop swop electronics
nationalist acceptance page
guarantee guarantee attraction excuse
bitter coffin rage
drawer drawer offset
profound autonomy profound coast
dive coincide dive
injection injection financial
desk spoil
enemy control stress candle illusion ask enemy
development development mature native skeleton confrontation forge
exempt exempt dip buffet
blonde begin pipe
virgin virgin assignment
ignore audience shiver due ignore
tool railcar liver tool
swear swear
rent atmosphere rent
viable viable
likely comfortable likely
