pace other likely labour solve sunrise audience ignore fortune atmosphere rent sunrise electronics swop nationalist brake bowel penetrate ward compromise drawer smile bleed knot skeleton profound view king sign honor dive coincide identity deter linger title prospect snuggle quiet feature demand legislation injection desk development confrontation nationalist brake exempt seize interactive election mixture joint error shy triple boom winner virgin clay figure dip understand railcar guarantee joystick deposit rage bitter coffin attraction excuse forge outline pace
51
pace pace respect
other other quadruple
likely viable comfortable likely
audience audience
ignore shiver due ignore
fortune pardon financial
atmosphere atmosphere
rent rent swear
electronics electronics
swop swop liver
nationalist acceptance
brake scheme
bowel structure bowel
ward begin autonomy tablet
drawer drawer offset
smile smile headline
bleed environment pig curriculum interface
knot knot
skeleton skeleton
profound profound coast
dive dive
coincide coincide
identity identity straighten
deter teacher deter thumb note
linger market dough physics decisive exile greeting
title driver
feature feature
demand injury flag rob
injection injection
desk control stress spoil illusion ask enemy
development development native
confrontation confrontation
exempt exempt buffet pipe
interactive interactive
election cotton lifestyle election
mixture mercy chair
joint output
error widen error home
triple triple candle country
boom throne boom
winner assignment
virgin virgin
dip exclusive dip
railcar railcar tool
guarantee guarantee
deposit mature page
rage rage
coffin coffin
attraction imposter attraction
excuse excuse
forge forge
