pace exclusive throne view excuse gate pier injury mixture market likely page guarantee enter deposit other approval voice due audience headline brake opposed brake nationalist pace
20
exclusive output
throne throne
view honor
excuse excuse
gate gate
injury injury skeleton
mixture mixture
market market
likely likely circulation king
page page
guarantee guarantee
enter enter
deposit deposit
approval approval
voice voice
audience audience
headline headline
brake brake
opposed exempt opposed
nationalist feature nationalist
