9iIwk 1eRkH mBYfp rrNj1 Esl6u fS0W8 k64Ok ZgtaX Vake4 ZgtaX uXqXg TI54i N1MZB k6V9L vrNke 5ioW1 YH6mk Y7IDR r2dxQ WJNpN S6nic q0lus jT5CK XYzcU qkJ6b Ib6np 0mah3 1xmtC Mj2eQ MA43U ZzWHp iEXNY Mj2eQ ZzWHp Mj2eQ MA43U Mj2eQ ZzWHp MA43U Mj2eQ 9iIwk
21
9iIwk 5R5Xa h2rea jASvw 0GdkR oqPYQ 9iIwk
1eRkH 1eRkH
fS0W8 fS0W8 p9vQm
k64Ok BnAjj
ZgtaX veOJ7 JgjFI iCgvV ZgtaX
Vake4 Vake4
uXqXg pXCjI
5ioW1 bXinH XZKtP 5ioW1 dw7aX Be0ab
YH6mk YH6mk
Y7IDR Y7IDR 4a0W8
WJNpN 5VT1H AgYPL tnjfN
q0lus vE0Pj WGJpQ 1uRw3 jAwQw Ri2t4 SgDk6 LZomt kmzhT 1pxZM 7G74f y89SK RhUVQ aHGHb
jT5CK jT5CK 5BDPJ
XYzcU XYzcU
qkJ6b qkJ6b
0mah3 ChXAd
1xmtC 1xmtC
Mj2eQ Mj2eQ
MA43U jYfXn
ZzWHp ZzWHp
iEXNY iEXNY
