HAZtD 4Eg1F iKwe0 EyMEe 6gp0A z82fM 6gp0A kPB79 Ssao4 UqGfS NqBQW Xqwfz jcSDd pLg86 Xqwfz sJ62h hA7FQ g8MpX fiXIW iimZq 6sv9O 8Qx0C TyY1w 6sv9O URrao fiXIW 234po fiXIW iimZq fiXIW g8MpX 0moVI fiXIW GWb7L kYZ5P Jbr8u o2JtM TvWc0 o2JtM e7SjH DuU0x e7SjH E6pda xKTIz RkCLD SfSL1 36fTo rmW0U GrnJ7 iIQll 7ZJYA 4jcrD UPel5 GrnJ7 UbqWX v9joy DmTRc 3JtxZ 5EAEu 0FMEI jesVt p3gJd GxQg8 EyMEe CXkxa ED9em RN9nS F7CZj HAZtD
40
4Eg1F wnnBN
iKwe0 J0OP0 iKwe0 Cg1yP
EyMEe vfAR8 bW6Ms
z82fM z82fM
kPB79 4Tt2a 4PXv9
Ssao4 Ssao4
UqGfS UqGfS X2hjX
NqBQW NqBQW
Xqwfz 0F8yg zcuSA
jcSDd 7kY28 IOpdQ BaYb3
pLg86 pLg86
sJ62h Zok18 1VA1I
hA7FQ SxklZ VESmp
fiXIW fiXIW
iimZq OWqP4 iimZq 6owsT
8Qx0C 8Qx0C
TyY1w Q8lcd
URrao URrao
0moVI 0moVI Pk19A HAKlt
Jbr8u H1xt8
e7SjH 2LhKB
DuU0x DuU0x BIY9X
E6pda E6pda
xKTIz xKTIz
36fTo HOuAL
rmW0U bMhFI CHx6u 9tf0w lF8gH
GrnJ7 gNinx iaaYU
iIQll p4kTx iIQll Vg6Sz
4jcrD 4jcrD
UbqWX UbqWX
v9joy v9joy
DmTRc DmTRc
5EAEu 5EAEu
0FMEI R6NzB TzGS5 iHR3J fWz4T EgumV 2GCiD
jesVt 4AhmX cu5FB VG4na zrVPv jesVt mdIe6 aegld eVDVP ox9Gx Ia6ul wedr3 69WZh Agb0E
p3gJd kNG2j aWuHk uPUO1 Zxvdf WVEjT DaieK SEkfX cC0Rg fExZu O8CwF 1gvq4 lJnz7 AwFdf v7hOX p3gJd acHTt cpzS8 iqOI4 rH3nx TlJnt gpbSj u60s4
GxQg8 GxQg8
CXkxa Lusir
ED9em 5h4rt ED9em
RN9nS RN9nS
