1 136 18 96 185 98 119 105 156 86 162 56 90 31 92 99 128 161 42 26 83 193 15 132 15 13 138 49 121 28 14 7 163 60 152 129 66 78 199 115 194 116 88 116 57 108 12 23 22 89 112 71 174 176 52 110 159 3 64 182 157 51 91 93 58 26 142 147 82 1
61
1 43 190
136 159 136 53
18 18
96 96
185 175 185
98 36 98
119 153 103 119
105 105
156 156
86 86
162 162
56 137 56
90 46 101 90
31 127 31 130
92 92 186
99 99
128 140 128
161 161
42 42 95
26 26
83 83
193 193
132 132
15 15
13 13
138 138
49 49
121 121
14 14
7 7
163 163
60 60
152 152
129 129
66 66
78 78
199 199 116
115 115
194 194
88 88
57 84 57
108 108
12 12
23 23
89 89
71 71
174 174
176 176
52 52
110 110
3 3
64 64
182 182
157 157
51 51
91 91
93 93
58 58
142 142
147 147
82 82
