location1 location2 location130 location127 location130 location127 location124 location125 location124 location121 location122 location123 location124 location31 location28 location25 location24 location23 location20 location137 location134 location135 location136 location133 location49 location151 location148 location34 location37 location40 location43 location40 location41 location40 location112 location115 location118 location73 location76 location73 location70 location71 location144 location141 location138 location137 location20 location19 location16 location17 location16 location15 location166 location169 location168 location165 location162 location159 location160 location54 location51 location48 location45 location47 location50 location11 location8 location62 location59 location60 location61 location60 location63 location62 location65 location68 location69 location68 location25 location68 location156 location157 location160 location54 location55 location83 location86 location89 location92 location95 location98 location99 location98 location101 location1
65
location1 location1 location179
location2 location3 location5
location130 location129 location131
location127 location127
location125 location67 location125
location121 location121
location122 location119
location123 location123
location31 location31
location28 location27 location29
location25 location25
location24 location21
location23 location23
location137 location137
location135 location135
location136 location139
location133 location133
location49 location49
location151 location151
location148 location81 location145 location147 location149
location34 location7 location33 location35
location37 location37
location40 location39
location43 location43
location41 location41
location112 location109 location111 location113
location115 location115
location118 location117
location73 location73
location76 location75 location77 location79
location71 location71
location144 location143
location141 location141
location19 location19
location16 location13
location17 location17
location15 location15
location166 location163 location167
location169 location169 location173 location175
location168 location171
location165 location165
location162 location161
location159 location159
location54 location53 location57
location51 location51 location177
location45 location45
location47 location47
location11 location11
location8 location9
location59 location59
location61 location61
location63 location63
location65 location65
location69 location69
location156 location153 location155
location157 location157
location55 location55
location83 location83
location86 location85 location87
location89 location89
location92 location91 location93
location95 location95
location98 location97
location99 location99 location103 location105
location101 location101 location107
