Abbey Leila Kenzie Laylah Sophie Jasmin Brooklyn Neveah Ashley Lindsay Alexia Kaydence Mira Ciara Shyanne Madilynn Claire Melina Maggie Nia Zion Lilia Zara Baylee Imani Keyla Dana Lacey Kayden Avni Mireya Kristin Alivia Sophia Kira Matilda Lainey Carlee Jaden Camilla Ingrid Zaria Jillian Alia Gillian Bryanna Kiley Alexus Mckinley Carleigh Lucille Aniya Chasity Carly Christine Ariel Kaley Diana Taniyah Riley Kristina Denisse Elianna Jimena Haven Mya Jade Kimberly Juliette Emilie Sharon Kiana Aryana Jamiya Tara Dayami Myah Noelle Mckayla Aubree Natalee Lilyana Arielle Abbey
83
Abbey Abbey
Leila Emma Jazmyn Leila
Kenzie Kenzie Parker Rylee
Laylah Laylah
Sophie Janiya Sophie
Jasmin Jasmin
Brooklyn Brooklyn Carlie
Neveah Neveah
Ashley Ashley
Lindsay Lindsay
Alexia Alexia
Kaydence Kaydence
Mira Mira
Ciara Ciara
Shyanne Shyanne
Madilynn Madilynn
Claire Claire
Melina Iyana Melina
Maggie Maggie
Nia Nia
Zion Zion
Lilia Lilia
Zara Zara
Baylee Baylee
Imani Imani
Keyla Keyla
Dana Dana
Lacey Lacey
Kayden Kayden
Avni Avni
Mireya Mireya
Kristin Kristin
Alivia Alivia
Sophia Sophia
Kira Kira
Matilda Matilda
Lainey Lainey
Carlee Carlee
Jaden Jaden
Camilla Camilla
Ingrid Ingrid
Zaria Zaria
Jillian Jillian
Alia Alia
Gillian Gillian
Bryanna Bryanna
Kiley Kiley
Alexus Alexus
Mckinley Mckinley
Carleigh Carleigh
Lucille Lucille
Aniya Aniya
Chasity Chasity
Carly Carly
Christine Christine
Ariel Ariel
Kaley Kaley
Diana Diana
Taniyah Taniyah
Riley Riley
Kristina Kristina
Denisse Denisse
Elianna Elianna
Jimena Jimena
Haven Haven
Mya Mya
Jade Jade
Kimberly Kimberly
Juliette Juliette
Emilie Emilie
Sharon Sharon
Kiana Kiana
Aryana Aryana
Jamiya Jamiya
Tara Tara
Dayami Dayami
Myah Myah
Noelle Noelle
Mckayla Mckayla
Aubree Aubree
Natalee Natalee
Lilyana Lilyana
Arielle Arielle
