Taozhuang Chharra Ramla Azrou Alatyr Memmingen New Artur Somma Donggongon Uran Fort Oulmes Vernon Esmeraldas Aytos Gudermes Bang Waverly Southsea Gauting Rutherglen Nonsan Rutherglen Ulu Boo Esperanza Tupelo Kallio Strathfield Bourbonnais Villa Rosedale Jackson Chharra Camayenne Bhit Taozhuang
35
Taozhuang Taozhuang
Chharra Ilesa Besuki Wesseling Sicklerville
Ramla Ramla
Azrou Azrou
Alatyr Alatyr
Memmingen Memmingen
New New
Artur Artur Hechingen
Somma Somma
Donggongon Donggongon
Uran Jingzhou Jinotepe Pottstown Uran
Fort Fort
Oulmes Oulmes
Vernon Severodvinsk Caravaca
Esmeraldas Esmeraldas
Aytos Aytos
Gudermes Gudermes
Bang Bang
Waverly Waverly
Southsea Sarandi Calauan Freetown
Gauting Gauting
Rutherglen Rutherglen
Nonsan Nonsan
Ulu Ulu
Boo Boo
Esperanza Esperanza
Tupelo Tupelo
Kallio Kallio
Strathfield Strathfield
Bourbonnais Bourbonnais
Villa Cibinong Villa Rafiganj
Rosedale Rosedale
Jackson Jackson
Camayenne Camayenne
Bhit Middle Durazno Longgang Udumalaippettai
