Ilesa Perth Resplendor Great Ada Krymsk Jiangyan Davis MitryMory Lodwar Calauan Polohy Magomeni Jashpurnagar Marburg Mexborough Rhosllanerchrugog Malden Tupiza DehiwalaMount Hermsdorf Sishui Bensheim Ramla Uran Stupino Villaquilambre Calauan Onex Puerto Milledgeville Yingkou Ventimiglia Valletta Minas Bobigny Jagna Aklera Foshan Alfenas Aistala PortVila Alexandria American Puducherry Tupelo Valday Ilesa
44
Ilesa Ilesa
Perth Perth UlanUde Tak Shaowu Niort Sorsogon Brzeg Clermont
Resplendor Resplendor
Great Tyoply Great
Ada Ada
Jiangyan Jiangyan
Davis Davis Toledo
MitryMory Claremont Bogovinje Tiruppuvanam Aurora Guli MitryMory Ponta Copperas
Lodwar Lodwar
Calauan Skalica Calauan Shagamu LonsleSaunier Tharu Paredes
Polohy Bavly Polohy WaltonontheNaze
Magomeni Magomeni
Jashpurnagar Jashpurnagar
Marburg Palm Meizhou Lille Marburg
Mexborough Mexborough Oulmes
Rhosllanerchrugog Rhosllanerchrugog
Malden Stuttgart Malden Bon
Tupiza Tupiza
DehiwalaMount DehiwalaMount
Hermsdorf Sceaux Oberhausen Rutland Hermsdorf Aleshtar GernikaLumo
Sishui Sishui Sillanwali
Bensheim Brunswick Bensheim Campobasso Zaozhuang Gariadhar An Bang PointeClaire Kyzylorda
Ramla Ramla
Uran Azrou Landshut Uran
Stupino Stupino
Villaquilambre Villaquilambre
Onex Onex
Puerto Puerto
Milledgeville Milledgeville
Yingkou Yingkou
Ventimiglia Ventimiglia Barracas Viewpark
Valletta Valletta Itacoatiara
Minas Talipparamba New Chacabuco Palafrugell Mouscron Dahlem
Bobigny Bobigny
Jagna Jagna
Aklera Aklera
Foshan Foshan Sirsi
Alfenas Alfenas
PortVila PortVila
Alexandria Milagro Alexandria
American American
Puducherry Puducherry
Tupelo Tupelo Memmingen
Valday Valday
