create perception nationalism transmission mechanism colon feign appear maze merit minimize prove celebration linear pupil deck pride creation contract belief steward think direct battery fuss childish company hide absorption tin breakin bracket ballot accessible dose farewell crew basketball exotic predict top skip adult community scrap cancel magnitude create
46
perception perception
nationalism nationalism
transmission transmission
mechanism mechanism
colon colon line
feign feign
appear appear
maze maze
merit merit
minimize minimize
prove prove
celebration celebration
linear linear
pupil pupil
deck deck
pride pride
creation creation
contract contract
belief belief
steward steward
think think
direct direct
battery battery concern
fuss fuss
childish childish
company company
hide hide
absorption absorption
tin tin
breakin breakin
bracket bracket pastel
ballot ballot
accessible accessible
dose dose
farewell farewell
crew crew
basketball basketball
exotic exotic
predict predict suffer
top top
skip skip
adult adult
community community
scrap scrap
cancel cancel
magnitude magnitude
