pride homosexual transaction transmission trance dedicate tin mind childish appear cancel knit concern wrong line gift fuss scrap deck nationalism bring belief exotic crew community steward desk contract east fortune snap accessible perception absorption work salmon think tribe domestic magnitude glide thank equinox huge mosaic company loud lobby formation feign magnetic adult leash rabbit creation direct predict craftsman battery whole top thread pastel offensive dramatic partnership pupil skip mechanism breakin vote valid colon suffer integrated linear seller shelter maze dialect car prove basketball celebration bracket deter makeup dose merit denial ballot farewell berry present inhibition hide create pride
97
pride pride
homosexual homosexual
transaction transaction
transmission transmission
trance trance
dedicate dedicate
tin tin
mind mind
childish childish
appear appear
cancel cancel
knit knit
concern concern
wrong wrong
line line
gift gift
fuss minimize fuss
scrap scrap
deck deck
nationalism nationalism
bring bring
belief belief
exotic exotic
crew crew
community community
steward steward
desk desk
contract contract
east east
fortune fortune
snap snap
accessible accessible
perception perception
absorption absorption
work work
salmon salmon
think think dilemma
tribe tribe
domestic domestic
magnitude magnitude
glide glide
thank thank
equinox equinox
huge huge
mosaic mosaic
company company
loud loud
lobby lobby
formation formation
feign feign
magnetic magnetic
adult adult
leash leash
rabbit rabbit
creation creation
direct direct
predict predict
craftsman craftsman
battery battery
whole whole
top top
thread thread
pastel pastel
offensive offensive
dramatic dramatic
partnership partnership
pupil pupil
skip skip
mechanism mechanism
breakin breakin
vote vote
valid valid
colon colon traction
suffer suffer
integrated integrated
linear linear
seller seller
shelter shelter
maze maze
dialect dialect
car car
prove prove
basketball basketball
celebration celebration
bracket bracket
deter deter
makeup makeup
dose dose
merit merit
denial denial
ballot ballot
farewell farewell
berry berry
present present
inhibition inhibition
hide hide
create create
