location4 location20 location163 location57 location40 location83 location55 location158 location147 location117 location155 location127 location89 location48 location60 location113 location6 location141 location159 location74 location107 location21 location119 location54 location75 location172 location51 location99 location136 location168 location70 location15 location16 location100 location38 location135 location156 location56 location18 location79 location130 location169 location191 location62 location41 location186 location181 location102 location176 location31 location110 location160 location157 location144 location193 location52 location140 location165 location86 location90 location4
57
location20 location20
location163 location163
location57 location57
location40 location40
location83 location83 location37
location55 location55 location93 location63
location158 location19 location158
location147 location147
location117 location117 location125
location155 location155 location188
location127 location96 location127
location89 location50 location122
location48 location48
location60 location60
location113 location113
location6 location6 location23
location141 location141
location159 location159 location72
location74 location74
location107 location107
location21 location21
location119 location116 location119
location54 location54
location75 location129 location29
location172 location49 location33 location14
location51 location51
location99 location99 location108 location2 location189
location136 location128 location136
location168 location143 location168
location70 location70
location15 location43 location170 location15 location120
location16 location16 location68
location100 location0 location100 location132 location192
location38 location11
location135 location135 location115
location156 location156 location185
location56 location56
location18 location18
location79 location171 location84
location169 location71 location169 location1
location191 location191 location24
location62 location62
location41 location41 location124
location186 location186 location190
location181 location181 location146
location102 location102
location176 location177
location31 location31 location148 location25
location110 location101 location110
location160 location160
location157 location157 location152
location144 location133 location64 location5 location144
location193 location193
location52 location80 location183
location140 location140
location165 location165
location86 location92
