location12 location11 location29 location35 location24 location32 location25 location2 location47 location1 location22 location34 location3 location37 location39 location4 location38 location45 location8 location10 location40 location12
20
location11 location11
location29 location29
location35 location35
location24 location24
location32 location32
location25 location25 location5 location30
location2 location15 location2
location47 location47
location1 location1
location22 location22
location34 location34
location3 location3
location37 location37
location39 location42 location39 location17
location4 location4
location38 location38
location45 location45
location8 location8
location10 location10
location40 location40
