1 100 101 102 105 102 101 100 1 106 1 160 162 161 160 1 150 151 152 155 152 151 150 1 114 1 22 24 23 22 1 68 69 68 1 118 119 118 1 10 11 13 10 1 56 1 164 1 76 77 78 77 76 1 26 27 28 27 26 1 2 4 2 1 156 1 110 112 111 110 1 64 1 172 174 173 172 1 176 177 178 177 176 1 168 169 168 1 72 74 73 72 1 18 19 18 1 50 51 52 54 53 55 52 51 50 1 60 62 61 60 1 126 127 128 127 126 1 6 8 9 6 1 14 1 122 124 123 122 1
40
105 103 104 105
106 107 108 109
162 162
161 161 163
155 153 154 155
114 115 116 117
24 24 25
23 23
69 69 70 71
119 119 120 121
11 11 12
13 13
56 57 58 59
164 165 166 167
78 78 80
28 28 30
4 3 4 5
156 157 158 159
112 112
111 111 113
64 65 66 67
174 174 175
173 173
178 178 180
169 169 170 171
74 74 75
73 73
19 19 20 21
54 54
53 53
55 55
62 62
61 61 63
128 128 130
8 8
9 9
6 7
14 15 16 17
124 124 125
123 123
