3a 95a 48a 59a 41a 22a 101a 67a 14a 36a 34a 13a 31a 2a 16a 42a 20a 52a 103a 83a 37a 96a 6a 61a 72a 53a 51a 0a 59a 76a 4a 73a 56a 81a 82a 21a 88a 24a 44a 25a 30a 71a 1a 5a 93a 23a 3a
28
48a 48a
22a 41a 32a 77a 22a
67a 58a 67a
14a 14a
36a 34a 66a
31a 99a 31a
16a 38a 16a 7a
42a 42a
52a 52a
37a 37a 84a
96a 79a 29a 75a 96a
6a 49a 98a 92a 6a
61a 61a 40a 83a
72a 72a
53a 9a 80a 51a 53a
0a 0a
4a 4a
73a 47a 73a
56a 56a
88a 87a 88a 15a 21a
44a 44a 35a
25a 60a 39a 25a
30a 65a 30a
71a 71a
1a 62a 43a 1a
5a 5a
93a 93a
23a 64a 23a 28a 57a
