0 10 21 22 23 24 25 26 36 47 57 68 69 68 77 76 87 96 95 86 76 67 57 48 47 46 45 54 64 53 52 62 71 81 82 92 103 104 114 125 134 144 153 163 172 182 183 172 162 151 150 140 130 131 132 123 133 144 154 165 166 176 187 188 177 168 158 148 138 129 118 117 116 107 108 98 108 117 127 136 146 155 154 153 143 132 122 111 102 92 83 73 63 52 43 42 32 23 24 14 5 6 7 17 18 17 16 15 5 4 3 2 1 0
57
21 31 20 22 21
26 26
68 68 67
77 77
76 76
87 87
96 96
95 95 105 94
86 86
48 39 48 37
45 45
64 64
53 53
71 61 82 71 70 72
81 80 81
103 103 104
114 114
125 125
182 181 182
183 184 183
162 152 151 161
150 160 150
140 140
130 130 120
132 132 133
123 123
165 164 175 165
166 166 167 176
187 186 196 187
188 178 188 189 199 198
158 158 149
129 139 129
118 118
116 116
107 107
108 108
98 99 98 89
127 127
146 146 147
155 155
154 154
153 153
122 122
111 101 111
102 102
83 83
73 73
43 33 43
42 51 42
24 24
5 5
17 8 17
18 29 9 18
16 16
15 15
4 4
2 12 2
