start h3 h2 h3 start e7 e14 start c3 start h4 start f11 start e17 start e17 start g9 g13 g16 g21 g25 g21 g16 g20 g15 g19 g24 g21 g16 g13 g16 g21 g17 g13 g9 start g6 start c3 start c3 c6 start h1 start
22
start g1 g3 g4 g5 g8 g10 f13 f14 f15 f16 f17 f18 f19 f20 b1 b2 b3 b4 b5 b6 b15 b24 b25 b26 d1 d4 d5 a1 a2 a3 a4 a5 e19 e20 e21 h17 h18
h3 h24 h26
h2 h9
e7 e22 e23
e14 e24
c3 c1 c5 c10 c13 c15 c17 c21 c31 c33
h4 h22
f11 f11 f12
e17 e25
g9 g7 g9 g12
g13 g13
g16 g16
g21 g21
g25 g22 g25
g20 g20
g15 g11 g15
g19 g14 g18 g19 g23
g24 g24
g17 g17
g6 g2 g6
c6 c23 c26 c27
h1 h13
