start c3 c1 c3 c8 c9 c10 c13 c12 c11 c20 c36 c35 c31 c27 c29 c30 c23 c24 c7 c6 start g9 g7 g9 g12 g15 g20 g16 g13 g9 start g5 start h2 start d1 d2 d4 d3 start e1 e2 e20 e3 e4 e3 start g9 g13 g17 g21 g24 g21 g24 g19 g23 g19 g15 g12 g8 start f14 f7 f17 f7 f14 f9 f18 f10 f14 start b16 b10 b11 b12 b13 b12 b11 b10 b9 b8 b9 b10 b16 start h6 h16 h17 h6 start f11 start a1 a5 a4 a3 a2 start b16 b17 b18 b19 b20 b21 b20 b19 b18 b17 b16 start e7 e8 e22 e10 e23 e12 e24 e15 e25 e15 e17 start
53
start g3 g4 g6 h22
c1 c1
c10 c10
c13 c13 c15
c20 c17 c21
c31 c31 c33
c27 c26 c27
c23 c23
c6 c5
g9 g9
g7 g7
g12 g12
g15 g11 g15
g20 g20
g16 g16
g13 g13
g5 g1 g2 g5
h2 h9 h26
d1 d1
d4 d4 d5
e2 e19
e20 e20
e4 e21
g17 g17
g24 g24
g21 g21 g22 g25
g19 g14 g19
g23 g18 g23
g8 g8 g10
f14 f13 f14
f17 f15 f16 f17
f18 f18 f19
f10 f20
b13 b5 b6
b12 b4
b11 b3
b8 b1 b2
h16 h13
h17 h17 h24
h6 h18
f11 f11 f12
a1 a1
a5 a5
a4 a4
a3 a3
a2 a2
b20 b24
b21 b15 b25
b18 b26
e22 e22
e23 e23
e24 e24
e25 e25
