BU DL BR CX FH DK AX EH AM GK BZ AN BZ EO DR GE BQ BP CV CA CY HP CJ DS GT CC EV EA GP DD GG DP HR GA DU EC ET AL GH DU ES FR BK AE CE GM BE GM AT CM AO EG CD EG HC EG GO DE CK FD BH FI DA CW GY DB EK HI BM GW CQ AR FL DW BY CA HF BU
57
BU BU
DL DV CT DL
CX CX
DK DK DM
AX AX
EH EH
GK GK
AN AN AV
BZ BZ ER
EO EO FU
DR DR
GE GE
BQ BQ
CV CV
CA CO CA
CY CY
HP HM HP
DS DS BA
GT GT
EV BF HH EV
GP GP
DD DD
DP DQ DP
GA FG DI GA
EC EC FS
ET ET EY HA
GH GH
DU FF DU
ES ES
FR FR
BK BK
AE AE
CE GN CZ
BE HJ BE AP GM
AT AT FP
CM CM
AO AF CR DX
CD CD
EG EG
HC HC CI
GO CS GO
DE FW AQ DE FB FY
CK CK AY BN
BH FD BH
FI GS FI
DA EL DJ
CW CW
GY GY BG
EK EK GQ
HI BW FN HG
BM BM
CQ CQ DZ DT
AR EQ AR
FL FL
DW EN
BY BY
HF HF
