Qatar Macedonia Gabon Danzig CzechRepublic Guyana VaticanCity Tunisia Tajikistan Mali Mozambique Peru Singapore Australia Burundi SanMarino GuineaBissau Kyrgyzstan Liberia Kosovo Egypt DemofChina Tanzania Georgia UAE Montenegro Uzbekistan Belarus CostaRica Belgium RussianFederation Tuvalu Lebanon Estonia Mongolia SaintLucia UnitedKingdom Morocco Armenia Malta France Albania Senegal Qatar
43
Qatar Haiti SierraLeone Netherlands America
Macedonia Macedonia
Gabon Gabon Angola
Danzig Danzig
CzechRepublic CzechRepublic
Guyana Guyana
VaticanCity VaticanCity
Tunisia Sweden Tunisia
Tajikistan Tajikistan
Mali Mali
Mozambique Mozambique
Peru Peru
Singapore Singapore
Australia Australia
Burundi Burundi
SanMarino SanMarino
GuineaBissau GuineaBissau
Kyrgyzstan Kyrgyzstan
Liberia Liberia
Kosovo Kosovo
Egypt Egypt
DemofChina DemofChina
Tanzania Tanzania
Georgia Georgia
UAE UAE
Montenegro Montenegro
Uzbekistan Uzbekistan
Belarus Belarus
CostaRica CostaRica
Belgium Belgium
RussianFederation RussianFederation
Tuvalu Tuvalu
Lebanon Lebanon
Estonia Estonia
Mongolia Mongolia
SaintLucia SaintLucia
UnitedKingdom UnitedKingdom
Morocco Morocco
Armenia Armenia
Malta Malta
France France Andorra
Albania Nicaragua Albania
Senegal Senegal
