Nepal Georgia Argentina Liechtenstein Estonia Ecuador Azerbaijan Belarus UAE Vietnam Fiji Botswana NewZealand Slovakia Tajikistan Suriname TheGambia VaticanCity SaintLucia Serbia Niger Panama SouthAfrica Afghanistan Tanzania Nepal
23
Georgia Georgia
Argentina Argentina
Liechtenstein Liechtenstein
Estonia Estonia
Azerbaijan Azerbaijan
Belarus Belarus
UAE UAE
Vietnam Vietnam Palau
Fiji Fiji
Botswana Botswana
NewZealand NewZealand
Slovakia Slovakia
Tajikistan Tajikistan
Suriname Suriname
TheGambia MarshallIslands
VaticanCity VaticanCity
SaintLucia SaintLucia
Serbia Serbia
Niger Niger Mauritius
Panama Panama
SouthAfrica Kuwait
Afghanistan Afghanistan
Tanzania Tanzania
