Zo0umr3KFWOZJQPm M9il2j2XBWeGdURv LjKfvPnu1IVb9d8E qKKAwpkuJY9E8dpl R43sDxzHzrO5kncN FzSHaHADmN7Zbhbr gqX9V4QU6KrO7JGI LUoJ0iRCc71uZfNX Uw31N0oW965MP4qr YHVvi99ucaU9tYgf nkKMB647tDItOdTX 2v7uFoKD90sPVOTA ngcwhTcmwXuonGlk quCqGzaCZ5rVk9Gn U5CEflgpFptgqHUL TbM88DujEo9BSxqT 6La4alyyQSzgrmmj 0rKC7Chib5iDGjTC SLuZYQ4lYwLMQuMp pKGVzMiXVo3v1oQu fg0WyZdFGAAZWRqK PDtM7hU3L1QjW9eR Dg4uIWuVD7Xd3FfI EotYPttMvJbBfyaO 2yhNJ9fcTz8hRVDj CvZWFxoaMZYhwHYj kWAnmn2xV4T8moWO jVrty3u6KGOjBg80 LI7uFZ34s97AeNpk fBCH5yXHMW5jQJjk 1bDI0W7o3Pb2zYhB xlWntBwCLfHgHam8 qQzEeIfIOpoI9qKk 9L0zlmq9jRh6nd1I rvadWwbDVrEOdUmt J5iqQt6wukvg6KLY 9pH9xdreYrmVM1JI WVwd9ExLXa3zphJn RnvIh4TOetAfG82E ziJdi0Y4mj4TIJZ9 OMjRZA0G6vbBxKd5 J5iqQt6wukvg6KLY qeVT6FbNKHRizFU8 tZ46uZudk7AfSXt1 qQzEeIfIOpoI9qKk tZ46uZudk7AfSXt1 ZsdU4FLz0FoJAHOC e9DWnoEu0mxMb9VK xlWntBwCLfHgHam8 asqla05DvWvndrgH QSabhET5tNnXgX60 9dVIdmIqrww8IL0A eRAtRmExinGYKjYs LI7uFZ34s97AeNpk 5TjXpBJuIWCWGZis W4POX5YqpnnI3x1U Byr8ftz6Pn4uac3K LdwRPFzBNqStC5X8 1yeDQmwUGYi8LEVC 0Pfip4BXzoRzyFv2 3PEg9lFbqEimkqjc HqZKcXPbTIsIN6eT PmJZCdR41rbLgXgi pKGVzMiXVo3v1oQu EuY7nNg1nWHDnCBx 0BNdm9hpaqd4q3Tx SLuZYQ4lYwLMQuMp 6La4alyyQSzgrmmj U5CEflgpFptgqHUL AvHIDL41dbfeNksW YHVvi99ucaU9tYgf MxcmtGZ6qJUnGaxB gqX9V4QU6KrO7JGI yILnNjtdKS6kD3NP uN0YmlR4YKMmyTVh 1r13Qnmq9ixI97Qj 6Gt5ffOE5tOJA8A7 8vLm5GS8pptr9y8t kmMzOIvorXbmvHXw pi9Gjwqb8nw39ALT Of6XUqufA1wxpnuj TEBcdk0AQd6dKevH LjKfvPnu1IVb9d8E M9il2j2XBWeGdURv Zo0umr3KFWOZJQPm
26
fg0WyZdFGAAZWRqK fg0WyZdFGAAZWRqK
PDtM7hU3L1QjW9eR PDtM7hU3L1QjW9eR uRc2j178KRm3sVAY
Dg4uIWuVD7Xd3FfI EotYPttMvJbBfyaO Dg4uIWuVD7Xd3FfI
2yhNJ9fcTz8hRVDj CvZWFxoaMZYhwHYj 2yhNJ9fcTz8hRVDj
kWAnmn2xV4T8moWO kWAnmn2xV4T8moWO
jVrty3u6KGOjBg80 Gypke7sesv6WDuj9 jVrty3u6KGOjBg80 W4POX5YqpnnI3x1U
1bDI0W7o3Pb2zYhB 1bDI0W7o3Pb2zYhB
WVwd9ExLXa3zphJn WVwd9ExLXa3zphJn 9pH9xdreYrmVM1JI
ziJdi0Y4mj4TIJZ9 HAZt9xslXTTIQrh6 bpy0VAq3GZuO2R8U ziJdi0Y4mj4TIJZ9 RnvIh4TOetAfG82E
OMjRZA0G6vbBxKd5 OMjRZA0G6vbBxKd5
J5iqQt6wukvg6KLY J5iqQt6wukvg6KLY rvadWwbDVrEOdUmt
qeVT6FbNKHRizFU8 qeVT6FbNKHRizFU8 9L0zlmq9jRh6nd1I
tZ46uZudk7AfSXt1 tZ46uZudk7AfSXt1
qQzEeIfIOpoI9qKk qQzEeIfIOpoI9qKk
ZsdU4FLz0FoJAHOC ZsdU4FLz0FoJAHOC KHBd51v9Lk79JoNu
e9DWnoEu0mxMb9VK e9DWnoEu0mxMb9VK
xlWntBwCLfHgHam8 xlWntBwCLfHgHam8
asqla05DvWvndrgH K5TJWlCDC2GiIJEC asqla05DvWvndrgH QSabhET5tNnXgX60
9dVIdmIqrww8IL0A 9dVIdmIqrww8IL0A z6aHWvfWV1YcOU3s
eRAtRmExinGYKjYs uuhviI1p7F0sChqp eRAtRmExinGYKjYs fBCH5yXHMW5jQJjk
5TjXpBJuIWCWGZis LI7uFZ34s97AeNpk 5TjXpBJuIWCWGZis 8pFqGmxaOhvFeBf4
Byr8ftz6Pn4uac3K Byr8ftz6Pn4uac3K LdwRPFzBNqStC5X8
1yeDQmwUGYi8LEVC 1yeDQmwUGYi8LEVC 0Pfip4BXzoRzyFv2
3PEg9lFbqEimkqjc 3SYpu8y7n2lFaEgA 3PEg9lFbqEimkqjc
HqZKcXPbTIsIN6eT 2hsCdf5s2NPqItPy HqZKcXPbTIsIN6eT drsNw5E8nXGgcxxE
PmJZCdR41rbLgXgi PmJZCdR41rbLgXgi
