Zjo93yXsdcDV6Oit TlojxXhc2qYoWZfd hUodt8EH9XJmymZc 5gVgbSJalKNpCPGR mxfBTsbr179d38Xl e9vcyjNNidNUI5lw csYok6RDEEUhtSFo 10BaRDIVtibSNqCT L25OgxwPsOzFiHDa w2eQINfJGzFmJVSa aS5gP3tBqF72MHBj SXePDE8VmWVNc3gI FpgNaPpArWgevKg6 xoNuVQFyUNw60SHt mp9G8QwevnO2Hxc1 At29Qn6ybXGjj4BZ HzeL7kqwHpJiFrZV ZpYXkDvB4yWlBwtb YwKbp1yTO34FUrbo tE0AXQQBQImVJ6nW ksuRDz3lVhXKZaYK c0cA6NRQN8P1fJLx 51L9NWAsddRNCbso 1tbAFBLUOcEKBREU UH9oVz7dFZbHTRhz Qekd7ffZxAXDfLzq gbLSiDepCxsLEFEh 1UXSQQmGAB5bOsgu XPIKYdfAB6ArI8mX z6FjXytEu6d6tpnP IXSaZ3tByNZthkqV 3nUfHHB7quaxw3FP dtyOV6qcOqKFtIlH 6Hb2AkYl2iXZkxwX M9il2j2XBWeGdURv LjKfvPnu1IVb9d8E dBEYMpdveobbOa64 Plb766RuoiNfkOGW pi9Gjwqb8nw39ALT qKKAwpkuJY9E8dpl m8Rn3gh3HBuT9R8d Of6XUqufA1wxpnuj ZASkL5Mxwr8cbBFG TEBcdk0AQd6dKevH Of6XUqufA1wxpnuj R43sDxzHzrO5kncN kmMzOIvorXbmvHXw 6Gt5ffOE5tOJA8A7 uN0YmlR4YKMmyTVh 6GsK7I0daq8OZxaS Uw31N0oW965MP4qr LsIlvCjQu9Xqre9U YpZJ50mXHPeALpEr 2v7uFoKD90sPVOTA AvHIDL41dbfeNksW ngcwhTcmwXuonGlk 0BNdm9hpaqd4q3Tx EuY7nNg1nWHDnCBx pKGVzMiXVo3v1oQu uRc2j178KRm3sVAY PmJZCdR41rbLgXgi 2yhNJ9fcTz8hRVDj drsNw5E8nXGgcxxE HqZKcXPbTIsIN6eT 0Pfip4BXzoRzyFv2 1yeDQmwUGYi8LEVC W4POX5YqpnnI3x1U jVrty3u6KGOjBg80 8pFqGmxaOhvFeBf4 eRAtRmExinGYKjYs uuhviI1p7F0sChqp 1bDI0W7o3Pb2zYhB QSabhET5tNnXgX60 KHBd51v9Lk79JoNu e9DWnoEu0mxMb9VK ZsdU4FLz0FoJAHOC ziJdi0Y4mj4TIJZ9 OMjRZA0G6vbBxKd5 WVwd9ExLXa3zphJn 9pH9xdreYrmVM1JI 9L0zlmq9jRh6nd1I tZ46uZudk7AfSXt1 KHBd51v9Lk79JoNu xlWntBwCLfHgHam8 K5TJWlCDC2GiIJEC z6aHWvfWV1YcOU3s uuhviI1p7F0sChqp eRAtRmExinGYKjYs 8pFqGmxaOhvFeBf4 Byr8ftz6Pn4uac3K 0Pfip4BXzoRzyFv2 HqZKcXPbTIsIN6eT PmJZCdR41rbLgXgi EotYPttMvJbBfyaO Dg4uIWuVD7Xd3FfI PDtM7hU3L1QjW9eR uRc2j178KRm3sVAY EuY7nNg1nWHDnCBx 0BNdm9hpaqd4q3Tx SLuZYQ4lYwLMQuMp 0rKC7Chib5iDGjTC TbM88DujEo9BSxqT quCqGzaCZ5rVk9Gn ngcwhTcmwXuonGlk LZyPcj0slZv1Vk6U nkKMB647tDItOdTX 2v7uFoKD90sPVOTA YHVvi99ucaU9tYgf u7i0C02E9nMoZ6Ab YpZJ50mXHPeALpEr 1Eq6CyZRaHXkARva nPVdEshNZOOx6qGx LUoJ0iRCc71uZfNX gqX9V4QU6KrO7JGI 8ae7BICLTSRkgPWv FzSHaHADmN7Zbhbr 1r13Qnmq9ixI97Qj Of6XUqufA1wxpnuj ZASkL5Mxwr8cbBFG dBEYMpdveobbOa64 M9il2j2XBWeGdURv Zo0umr3KFWOZJQPm dtyOV6qcOqKFtIlH 3nUfHHB7quaxw3FP IXSaZ3tByNZthkqV P5s4K3vn5D6QckKy CXs92joGuF2B74ma gbLSiDepCxsLEFEh Qekd7ffZxAXDfLzq UH9oVz7dFZbHTRhz 1tbAFBLUOcEKBREU HTIVnzfE1Yii5xog ksuRDz3lVhXKZaYK ODpK9gk17jDT3Sp2 jL8h52rHOflXCXG0 mp9G8QwevnO2Hxc1 w2eQINfJGzFmJVSa L25OgxwPsOzFiHDa tdEnQcfBy667BmIr cKUQBLkhJ2YTpTZk B5jkVyVn3f7O2An6 10BaRDIVtibSNqCT csYok6RDEEUhtSFo bZ4oSCeSEaCTIVyZ sas60VSUYjFu8PHB dhHQUqzQAf17QtlS b8Vzk6q5jI9QJXC8 tQutySsTV1RolOTN Zjo93yXsdcDV6Oit
38
M9il2j2XBWeGdURv M9il2j2XBWeGdURv
LjKfvPnu1IVb9d8E LjKfvPnu1IVb9d8E
dBEYMpdveobbOa64 Plb766RuoiNfkOGW dBEYMpdveobbOa64
pi9Gjwqb8nw39ALT m8Rn3gh3HBuT9R8d pi9Gjwqb8nw39ALT
qKKAwpkuJY9E8dpl qKKAwpkuJY9E8dpl
ZASkL5Mxwr8cbBFG ZASkL5Mxwr8cbBFG
TEBcdk0AQd6dKevH Of6XUqufA1wxpnuj TEBcdk0AQd6dKevH
kmMzOIvorXbmvHXw 8vLm5GS8pptr9y8t kmMzOIvorXbmvHXw R43sDxzHzrO5kncN
6Gt5ffOE5tOJA8A7 6Gt5ffOE5tOJA8A7
Uw31N0oW965MP4qr Uw31N0oW965MP4qr 6GsK7I0daq8OZxaS
AvHIDL41dbfeNksW 27KMNaF72cTW0PDA AvHIDL41dbfeNksW
PmJZCdR41rbLgXgi 2yhNJ9fcTz8hRVDj PmJZCdR41rbLgXgi EotYPttMvJbBfyaO
drsNw5E8nXGgcxxE 2hsCdf5s2NPqItPy HqZKcXPbTIsIN6eT drsNw5E8nXGgcxxE CvZWFxoaMZYhwHYj
1yeDQmwUGYi8LEVC Byr8ftz6Pn4uac3K LdwRPFzBNqStC5X8 kWAnmn2xV4T8moWO 1yeDQmwUGYi8LEVC 0Pfip4BXzoRzyFv2 3SYpu8y7n2lFaEgA 3PEg9lFbqEimkqjc
jVrty3u6KGOjBg80 8pFqGmxaOhvFeBf4 Gypke7sesv6WDuj9 jVrty3u6KGOjBg80 W4POX5YqpnnI3x1U
eRAtRmExinGYKjYs 9dVIdmIqrww8IL0A z6aHWvfWV1YcOU3s uuhviI1p7F0sChqp eRAtRmExinGYKjYs fBCH5yXHMW5jQJjk LI7uFZ34s97AeNpk 5TjXpBJuIWCWGZis
QSabhET5tNnXgX60 asqla05DvWvndrgH QSabhET5tNnXgX60 1bDI0W7o3Pb2zYhB
KHBd51v9Lk79JoNu ZsdU4FLz0FoJAHOC e9DWnoEu0mxMb9VK KHBd51v9Lk79JoNu xlWntBwCLfHgHam8 K5TJWlCDC2GiIJEC
ziJdi0Y4mj4TIJZ9 HAZt9xslXTTIQrh6 bpy0VAq3GZuO2R8U ziJdi0Y4mj4TIJZ9
WVwd9ExLXa3zphJn RnvIh4TOetAfG82E OMjRZA0G6vbBxKd5 WVwd9ExLXa3zphJn 9pH9xdreYrmVM1JI J5iqQt6wukvg6KLY
9L0zlmq9jRh6nd1I rvadWwbDVrEOdUmt qeVT6FbNKHRizFU8 9L0zlmq9jRh6nd1I tZ46uZudk7AfSXt1 qQzEeIfIOpoI9qKk
PDtM7hU3L1QjW9eR Dg4uIWuVD7Xd3FfI PDtM7hU3L1QjW9eR uRc2j178KRm3sVAY fg0WyZdFGAAZWRqK
EuY7nNg1nWHDnCBx pKGVzMiXVo3v1oQu EuY7nNg1nWHDnCBx 0BNdm9hpaqd4q3Tx 1ByTcIJH8XabOIWu
SLuZYQ4lYwLMQuMp SLuZYQ4lYwLMQuMp
0rKC7Chib5iDGjTC 0rKC7Chib5iDGjTC
TbM88DujEo9BSxqT 6La4alyyQSzgrmmj TbM88DujEo9BSxqT
quCqGzaCZ5rVk9Gn U5CEflgpFptgqHUL quCqGzaCZ5rVk9Gn ngcwhTcmwXuonGlk
LZyPcj0slZv1Vk6U LZyPcj0slZv1Vk6U
2v7uFoKD90sPVOTA 2v7uFoKD90sPVOTA nkKMB647tDItOdTX
YHVvi99ucaU9tYgf YHVvi99ucaU9tYgf xLhGn69fZWxkF2ME
YpZJ50mXHPeALpEr u7i0C02E9nMoZ6Ab YpZJ50mXHPeALpEr LsIlvCjQu9Xqre9U
nPVdEshNZOOx6qGx 1Eq6CyZRaHXkARva nPVdEshNZOOx6qGx StSocpbFeWB0czP8
LUoJ0iRCc71uZfNX LUoJ0iRCc71uZfNX
gqX9V4QU6KrO7JGI MxcmtGZ6qJUnGaxB gqX9V4QU6KrO7JGI
8ae7BICLTSRkgPWv yILnNjtdKS6kD3NP 3th5kfdmmYoxH6sF 8ae7BICLTSRkgPWv
FzSHaHADmN7Zbhbr FzSHaHADmN7Zbhbr uN0YmlR4YKMmyTVh
1r13Qnmq9ixI97Qj 1r13Qnmq9ixI97Qj
Zo0umr3KFWOZJQPm Zo0umr3KFWOZJQPm
