l0 h0 l23 h49 h11 h45 l1 h4 h6 h42 h7 h3 h5 h39 l13 l36 l27 h44 h24 h14 l12 h17 h43 h15 h38 h34 h47 h40 h2 h29 l30 h30 h21 l6 h31 h18 l0 h12 h13 h1 l0
34
h0 h0
h49 h49
h11 h9 h11
h45 h45
h4 h4
h6 h6
h42 h42
h7 h7 h10
h3 h3 h8
h5 h5
h39 h39
l13 h26 h40
l36 h41 h46
h44 h25 h44
h24 h24
h14 h14
l12 h16 h36
h17 h17 h37
h43 h43
h15 h15
h38 h38
h34 h34 h35
h47 h33 h47
h2 h2
h29 h29 h32
l30 h23 h27 h28
h30 h20 h30 h48
h21 h21 h22
l6 h19
h31 h31
h18 h18
h12 h12
h13 h13
h1 h1
