Mf966TmCJF9l0PTKetVd Xucw5TdPOzp0SQGWHjkE e2usEAoRX2qu6mneHOxg SQhK0n9L9aixdJxvdeKd ZPAxEbVjKWTr0cDqLbA0 byF5FvS6RJUrgCsP3o6T ul7ierPjffkmvfh4Ylme S0PhmGw8tyUPzxvRSE5R kGhQ3uDjcFA7MLP7UF4W Yw0z9L8p6xIk7hgYCgVd 1aGCWVuyE8DRxIV204ZW TmdW4dU59umpgT9XX8G3 p6bp9pYgtaGo4Q50DQAM Hpniux0SkkA6CliHWNDc u4VGAkqq00Jhej3knMJI 1wZce3qjltyIzzlL1Zfw aH2XDl7CjGFhEP3bbYjH wNmo9den9k6ySqzO7o0M cAkwFDH7tSQkP40ewGcD CHHJQHxp9VQGraviPBS2 3Yod5nNtIcKNmTtNQ3xH TkZ4LHIfwKap48xdp8m2 aU4DeG46NC8vRU6N0ahg pxBA1Tii62WPeRWcccVp lrLgTYF7nIsDkEYlxuHz bLojQFXmB5k6r0zKTWYe acwLCbshqBQuYbTzAPRI km12BN3CByUGmRV2tX7b 4mdSIFCsq2HySOzm2H4M R87rV3jFUvYuE0RN4Z4a wyZ3Q4gHyaxpdYdezyjU zDq8bGYKiSYw3c53IWfw BcvYB1mubFuRTbgMUsXg czjPVxJvSz9DoMc0Y7Vv jAzyDyaN1mD5Ei1RjCiO TBEGhhvsdStRJh2Eqkyf PLyQF48YPXs4LxxIxWHM HKK5Jm9eHd0V7gvBWuw9 4CVQrsejmjPmVL7elf2w 0O3lDJvzYSiuZNzHimQX b2icxuMf1zEyF7ImMEzE 2bMCdMiNzTpm8a2kNe9G 4mRiy2s23Ljl4N4CqEav wtlCpdxHbUUmSY7DnD2u 7c4FoaFf1TJetsLZUEok mGfIqoDGGajPXw9RvY8S iRg3oRlKsAtLuOm5tUrC XfWllIgv9lA6ZwGuKvLt AjMqEYKq0eELwsiEhQNE flliQzyn5hSC8yLOMyYJ bBJ5TDHtVrSIxXmQJ63J HhITLZSwERe6osGRUBXt NvfSRypj4POoHWC3jDz3 rzYdrZxXnbXlOjFVWVaR QZIvvAQe1weWyQjLrGi1 CLNCAWQgYnzuvt7RChAf VqBuOSJBVqxMG4rldwQn W1IcDWCQWwTCriXsjtm4 WQlZty1AKP9gLfjz0EYW NtZncVsU7O40k1BXousH JfzkldRR1w0Y52KBg47D 5ebtvAsyAh8vEmm1Z3wm KKiBHd9DTQAd6AZYxlK3 tH0lbMmdJDVlC4Pr7uAb 56ePYTmTGzdOHfvnLEPd YrtjNlKZcZnAXu7owFPA JWE9kJZ3fUSBbRtkVScl Crbc9OlCoJ9dTIJXXsjb trOoQ3enuOI8GUJqwAMC BCVfaQnOCgLubJ23r8nF OGxA8YvD4WfIxOfmtWm4 WDY5ApSXtzd8TcqEYyFr dOWv4G57nxm9UArCvQlq GzkbHop7cJv0CvjQalTE jZUUy27kZ3z2uIv0PGPy BLgd9OLqnPIJY5LCIxDK VaRx19QfIOvUT5pZyulj ydEppVwK15UN0USyP00U CxdADQl1Lh5mGQMAravk JfWSVxbK8iOEPzK7FV9x eA2uctxdjBuXDZUrmUHy kVdbGuYm0jD2q8vsLFHY 1crXui4lUlMG7IuTFiXo OyOgefgJfgx6VwEfudZn KCy3uvDFe4h3kwRgxFiX sSdPSXUotKahf03SRnBn QMmklR1fA1rnjMsU1WMc Q4jkxyPtGKis0eXik3Gg RrBlUMzlEzdRa5S1pyiF UvtGaTsTes8Gs4gE8ya3 Ic20PkDM6xxefUTvJEIQ Y5ZKsuPbCDUQp5LjPNey Ad4iMaOuAofXNjJzNKWl GfTqQpqjWivAFXbCN2BL N7mkTpLI9Mgh0txBOflw WZxeHszJ2ShfYgJs53YV fsCdklolnC3ndvzFtyM3 a6uUA0TEdnZwD1b73O9r 7ArLVA3N0doHBQAlCDtl Mf966TmCJF9l0PTKetVd
97
Xucw5TdPOzp0SQGWHjkE Xucw5TdPOzp0SQGWHjkE
e2usEAoRX2qu6mneHOxg e2usEAoRX2qu6mneHOxg
SQhK0n9L9aixdJxvdeKd SQhK0n9L9aixdJxvdeKd
ZPAxEbVjKWTr0cDqLbA0 ZPAxEbVjKWTr0cDqLbA0
byF5FvS6RJUrgCsP3o6T byF5FvS6RJUrgCsP3o6T
ul7ierPjffkmvfh4Ylme ul7ierPjffkmvfh4Ylme
S0PhmGw8tyUPzxvRSE5R S0PhmGw8tyUPzxvRSE5R
kGhQ3uDjcFA7MLP7UF4W kGhQ3uDjcFA7MLP7UF4W
Yw0z9L8p6xIk7hgYCgVd Yw0z9L8p6xIk7hgYCgVd
1aGCWVuyE8DRxIV204ZW 1aGCWVuyE8DRxIV204ZW
TmdW4dU59umpgT9XX8G3 TmdW4dU59umpgT9XX8G3
p6bp9pYgtaGo4Q50DQAM p6bp9pYgtaGo4Q50DQAM
Hpniux0SkkA6CliHWNDc Hpniux0SkkA6CliHWNDc
u4VGAkqq00Jhej3knMJI u4VGAkqq00Jhej3knMJI
1wZce3qjltyIzzlL1Zfw 1wZce3qjltyIzzlL1Zfw
aH2XDl7CjGFhEP3bbYjH aH2XDl7CjGFhEP3bbYjH
wNmo9den9k6ySqzO7o0M wNmo9den9k6ySqzO7o0M ZDA7k1XMUYTsnmCfuUtR
cAkwFDH7tSQkP40ewGcD cAkwFDH7tSQkP40ewGcD
CHHJQHxp9VQGraviPBS2 CHHJQHxp9VQGraviPBS2
3Yod5nNtIcKNmTtNQ3xH 3Yod5nNtIcKNmTtNQ3xH
TkZ4LHIfwKap48xdp8m2 TkZ4LHIfwKap48xdp8m2
aU4DeG46NC8vRU6N0ahg aU4DeG46NC8vRU6N0ahg
pxBA1Tii62WPeRWcccVp pxBA1Tii62WPeRWcccVp
lrLgTYF7nIsDkEYlxuHz lrLgTYF7nIsDkEYlxuHz
bLojQFXmB5k6r0zKTWYe bLojQFXmB5k6r0zKTWYe
acwLCbshqBQuYbTzAPRI acwLCbshqBQuYbTzAPRI
km12BN3CByUGmRV2tX7b km12BN3CByUGmRV2tX7b
4mdSIFCsq2HySOzm2H4M 4mdSIFCsq2HySOzm2H4M
R87rV3jFUvYuE0RN4Z4a R87rV3jFUvYuE0RN4Z4a
wyZ3Q4gHyaxpdYdezyjU wyZ3Q4gHyaxpdYdezyjU
zDq8bGYKiSYw3c53IWfw zDq8bGYKiSYw3c53IWfw
BcvYB1mubFuRTbgMUsXg BcvYB1mubFuRTbgMUsXg
czjPVxJvSz9DoMc0Y7Vv czjPVxJvSz9DoMc0Y7Vv
jAzyDyaN1mD5Ei1RjCiO jAzyDyaN1mD5Ei1RjCiO
TBEGhhvsdStRJh2Eqkyf TBEGhhvsdStRJh2Eqkyf
PLyQF48YPXs4LxxIxWHM PLyQF48YPXs4LxxIxWHM
HKK5Jm9eHd0V7gvBWuw9 HKK5Jm9eHd0V7gvBWuw9
4CVQrsejmjPmVL7elf2w 4CVQrsejmjPmVL7elf2w
0O3lDJvzYSiuZNzHimQX 0O3lDJvzYSiuZNzHimQX
b2icxuMf1zEyF7ImMEzE b2icxuMf1zEyF7ImMEzE
2bMCdMiNzTpm8a2kNe9G 2bMCdMiNzTpm8a2kNe9G
4mRiy2s23Ljl4N4CqEav 4mRiy2s23Ljl4N4CqEav
wtlCpdxHbUUmSY7DnD2u wtlCpdxHbUUmSY7DnD2u
7c4FoaFf1TJetsLZUEok 7c4FoaFf1TJetsLZUEok
mGfIqoDGGajPXw9RvY8S mGfIqoDGGajPXw9RvY8S
iRg3oRlKsAtLuOm5tUrC iRg3oRlKsAtLuOm5tUrC
XfWllIgv9lA6ZwGuKvLt XfWllIgv9lA6ZwGuKvLt
AjMqEYKq0eELwsiEhQNE AjMqEYKq0eELwsiEhQNE
flliQzyn5hSC8yLOMyYJ flliQzyn5hSC8yLOMyYJ
bBJ5TDHtVrSIxXmQJ63J bBJ5TDHtVrSIxXmQJ63J
HhITLZSwERe6osGRUBXt HhITLZSwERe6osGRUBXt
NvfSRypj4POoHWC3jDz3 NvfSRypj4POoHWC3jDz3
rzYdrZxXnbXlOjFVWVaR rzYdrZxXnbXlOjFVWVaR
QZIvvAQe1weWyQjLrGi1 QZIvvAQe1weWyQjLrGi1
CLNCAWQgYnzuvt7RChAf CLNCAWQgYnzuvt7RChAf
VqBuOSJBVqxMG4rldwQn VqBuOSJBVqxMG4rldwQn
W1IcDWCQWwTCriXsjtm4 y3cL4LyhfEAlU1Jj1Xj6 W1IcDWCQWwTCriXsjtm4
WQlZty1AKP9gLfjz0EYW WQlZty1AKP9gLfjz0EYW
NtZncVsU7O40k1BXousH NtZncVsU7O40k1BXousH
JfzkldRR1w0Y52KBg47D JfzkldRR1w0Y52KBg47D
5ebtvAsyAh8vEmm1Z3wm 5ebtvAsyAh8vEmm1Z3wm
KKiBHd9DTQAd6AZYxlK3 KKiBHd9DTQAd6AZYxlK3
tH0lbMmdJDVlC4Pr7uAb tH0lbMmdJDVlC4Pr7uAb
56ePYTmTGzdOHfvnLEPd 56ePYTmTGzdOHfvnLEPd
YrtjNlKZcZnAXu7owFPA YrtjNlKZcZnAXu7owFPA
JWE9kJZ3fUSBbRtkVScl JWE9kJZ3fUSBbRtkVScl
Crbc9OlCoJ9dTIJXXsjb Crbc9OlCoJ9dTIJXXsjb
trOoQ3enuOI8GUJqwAMC trOoQ3enuOI8GUJqwAMC
BCVfaQnOCgLubJ23r8nF BCVfaQnOCgLubJ23r8nF
OGxA8YvD4WfIxOfmtWm4 OGxA8YvD4WfIxOfmtWm4
dOWv4G57nxm9UArCvQlq dOWv4G57nxm9UArCvQlq
GzkbHop7cJv0CvjQalTE GzkbHop7cJv0CvjQalTE
jZUUy27kZ3z2uIv0PGPy jZUUy27kZ3z2uIv0PGPy
BLgd9OLqnPIJY5LCIxDK BLgd9OLqnPIJY5LCIxDK
VaRx19QfIOvUT5pZyulj VaRx19QfIOvUT5pZyulj
ydEppVwK15UN0USyP00U IwnN6xRahpjWnxZTYR2F ydEppVwK15UN0USyP00U
CxdADQl1Lh5mGQMAravk CxdADQl1Lh5mGQMAravk
JfWSVxbK8iOEPzK7FV9x JfWSVxbK8iOEPzK7FV9x
eA2uctxdjBuXDZUrmUHy eA2uctxdjBuXDZUrmUHy
kVdbGuYm0jD2q8vsLFHY kVdbGuYm0jD2q8vsLFHY
1crXui4lUlMG7IuTFiXo 1crXui4lUlMG7IuTFiXo
OyOgefgJfgx6VwEfudZn OyOgefgJfgx6VwEfudZn
KCy3uvDFe4h3kwRgxFiX KCy3uvDFe4h3kwRgxFiX
sSdPSXUotKahf03SRnBn sSdPSXUotKahf03SRnBn
QMmklR1fA1rnjMsU1WMc QMmklR1fA1rnjMsU1WMc
Q4jkxyPtGKis0eXik3Gg Q4jkxyPtGKis0eXik3Gg
RrBlUMzlEzdRa5S1pyiF RrBlUMzlEzdRa5S1pyiF
UvtGaTsTes8Gs4gE8ya3 UvtGaTsTes8Gs4gE8ya3
Ic20PkDM6xxefUTvJEIQ Ic20PkDM6xxefUTvJEIQ
Y5ZKsuPbCDUQp5LjPNey Y5ZKsuPbCDUQp5LjPNey
Ad4iMaOuAofXNjJzNKWl Ad4iMaOuAofXNjJzNKWl
GfTqQpqjWivAFXbCN2BL GfTqQpqjWivAFXbCN2BL
N7mkTpLI9Mgh0txBOflw N7mkTpLI9Mgh0txBOflw
WZxeHszJ2ShfYgJs53YV WZxeHszJ2ShfYgJs53YV
fsCdklolnC3ndvzFtyM3 fsCdklolnC3ndvzFtyM3
a6uUA0TEdnZwD1b73O9r a6uUA0TEdnZwD1b73O9r
7ArLVA3N0doHBQAlCDtl 7ArLVA3N0doHBQAlCDtl
