L0 L74 L51 L74 L86 L85 L48 L77 L7 L62 L73 L80 L73 L6 L83 L69 L81 L79 L41 L50 L2 L45 L92 L22 L92 L10 L84 L33 L32 L31 L42 L43 L68 L12 L72 L14 L15 L75 L0
35
L0 L28
L74 L74
L51 L51
L86 L86
L85 L85
L48 L48 L8
L77 L77
L7 L7
L62 L62
L73 L73 L1 L21
L80 L80
L6 L6 L97
L83 L83
L69 L69
L81 L81
L79 L79 L19
L41 L29 L20 L41
L50 L50
L2 L2
L45 L60 L45 L46
L92 L92 L93
L22 L22
L10 L10
L84 L84 L88
L33 L33 L54
L32 L39 L24 L32
L31 L31
L42 L42
L43 L43
L68 L68
L12 L23 L12
L72 L72
L14 L14
L15 L15
L75 L75
