L0 L53 L145 L160 L125 L29 L30 L64 L110 L68 L164 L127 L61 L62 L141 L112 L121 L147 L50 L49 L97 L98 L103 L102 L118 L119 L26 L91 L178 L13 L149 L74 L109 L196 L197 L144 L80 L79 L176 L41 L36 L106 L107 L39 L38 L163 L55 L81 L168 L95 L2 L142 L12 L104 L14 L48 L27 L168 L132 L165 L10 L20 L77 L60 L69 L31 L82 L177 L123 L0
64
L0 L73 L33 L116
L53 L53
L145 L145 L146 L194
L160 L8 L160
L125 L125
L29 L29
L30 L3 L30 L152
L64 L7 L64 L59
L110 L110
L68 L68
L164 L199 L164
L127 L54 L127
L61 L61
L62 L62
L141 L141
L112 L112
L121 L121
L147 L84 L188 L147
L50 L50
L49 L49
L97 L18 L96 L97
L98 L98
L102 L102
L118 L118 L130
L119 L119
L26 L23 L26
L178 L178
L13 L13
L149 L149
L74 L75 L47 L74 L46 L139
L109 L109
L196 L196
L197 L197 L24
L144 L144 L143 L65
L80 L80
L176 L176
L41 L41
L106 L106
L107 L107 L113
L39 L39 L153 L135 L52 L138
L38 L38
L163 L163
L55 L55
L81 L81
L95 L95
L2 L57 L2
L142 L142 L175
L12 L12
L104 L104
L14 L14
L48 L1 L157 L48
L27 L27
L168 L168
L132 L58 L132
L165 L165
L10 L10
L20 L94 L20
L77 L77
L60 L60
L69 L192 L69
L31 L31
L82 L82
L177 L177
L123 L123
