point0 point49 point50 point48 point44 point42 point47 point84 point91 point75 point66 point68 point70 point63 point62 point65 point77 point93 point61 point55 point57 point53 point26 point14 point15 point7 point9 point35 point39 point49 point0
20
point50 point48 point50
point44 point44 point45
point42 point12 point42 point56
point47 point47
point84 point84 point85
point91 point92
point75 point75
point68 point68 point72
point70 point70
point65 point64 point65 point71
point77 point76 point77
point93 point93
point61 point58 point60 point61
point55 point55
point53 point53
point26 point24 point25 point26 point27 point28
point14 point14 point22
point7 point6 point7 point19
point9 point4 point5 point8 point9
point35 point35
