point0 point21 point14 point18 point32 point29 point28 point36 point34 point31 point33 point20 point15 point5 point11 point50 point49 point50 point52 point56 point59 point103 point107 point102 point110 point79 point76 point75 point76 point94 point88 point47 point40 point39 point43 point87 point96 point123 point124 point123 point127 point121 point115 point155 point163 point162 point145 point149 point145 point144 point162 point163 point160 point171 point140 point182 point190 point185 point141 point132 point135 point181 point183 point122 point83 point75 point68 point70 point0
40
point0 point54 point69
point14 point3 point18 point21
point32 point16 point17 point29
point31 point27 point30 point31 point33 point34
point15 point6 point13 point15
point5 point5
point11 point1 point10 point11
point49 point49 point51 point55
point52 point52
point56 point56
point103 point100 point103
point102 point102 point108
point110 point110 point112
point79 point79
point75 point73 point75
point76 point76 point78 point83 point86
point94 point94
point40 point38 point40 point41
point39 point39 point42
point43 point43
point87 point87 point89 point91
point96 point85
point124 point123 point124
point127 point126
point115 point111 point113 point115
point155 point155
point162 point158 point162 point163
point149 point149 point152
point144 point144 point148 point151 point153 point157
point160 point160
point171 point172 point177
point140 point134
point182 point187
point185 point184 point185
point141 point180
point132 point120 point132 point138
point135 point131 point135 point139
point183 point179 point183
point122 point119 point122
point68 point67 point72 point109
