55 106 63 120 158 113 54 127 53 8 122 149 20 131 17 168 118 81 128 188 171 125 86 88 66 140 166 58 78 77 143 74 49 134 27 170 30 152 59 104 186 48 91 83 189 111 137 108 16 84 12 177 45 101 61 15 113 114 28 148 3 97 40 42 181 146 90 56 85 182 57 55
56
106 106
63 63
158 29 158
113 113
54 54
53 53
8 8 9
122 179 122
149 149
20 11 20
131 185 131
17 17 36
168 168
118 118
81 81
188 188
171 171
86 86 80
66 26 88 43 66
166 166
58 140 133 58 163
78 184 78 153
77 77
74 107 74
49 49 150
134 32 134 116
170 170 27 105 160
30 126 30
152 152
104 159 119 59
186 33 186
48 115 48
91 91
83 83
189 189 71
111 111
137 137
16 16
12 12
177 162 177 173
45 45 151
101 101 182
61 61
15 15 135 13
114 67 114
28 172 76
3 148 41 175
97 97 109
40 40
42 62 42
181 181
146 146
90 90
56 56
85 85
57 57
