x61 x79 x80 x66 x48 x2 x73 x55 x3 x79 x23 x69 x4 x90 x87 x99 x1 x12 x88 x31 x84 x86 x21 x50 x60 x54 x46 x5 x46 x39 x91 x95 x26 x49 x59 x13 x32 x7 x57 x40 x8 x71 x18 x0 x76 x81 x76 x42 x44 x61
36
x61 x61
x79 x79
x80 x80
x66 x68 x66
x48 x94 x52
x2 x2
x55 x55
x3 x58 x3
x23 x34 x23
x90 x90
x87 x87 x53
x99 x99
x1 x30 x1
x12 x12 x97
x88 x88
x31 x31
x86 x98
x21 x21
x50 x89 x93
x54 x54
x5 x5
x46 x46
x39 x39
x91 x37 x28 x91
x95 x95
x26 x26
x49 x49
x59 x13 x59
x32 x32
x7 x7
x40 x40
x8 x8
x71 x96 x71
x0 x18 x0
x81 x43 x81
x42 x42
