x182 x11 x4 x1 x16 x2 x32 x34 x1 x10 x2 x12 x180 x2 x135 x14 x0 x35 x2 x92 x2 x137 x4 x171 x2 x38 x107 x9 x182
19
x182 x189 x151 x119 x182
x11 x114 x56 x58 x11
x4 x48 x4
x1 x86 x147 x79 x72 x161 x104 x99 x100 x23 x194 x55 x61
x2 x2 x179
x32 x59 x186 x183 x32 x82
x10 x10
x12 x133 x80 x31
x180 x21 x17 x76 x118 x98
x135 x20 x3 x43 x138 x153 x166 x7 x141 x26 x46 x184
x14 x45 x69 x14 x8 x94 x127 x49 x77
x0 x172 x109 x155 x177 x163 x116
x35 x164
x92 x53 x92 x83 x30
x137 x42 x88 x137 x125 x84 x25 x66 x64 x156
x171 x192 x27 x102
x38 x74 x143 x185 x113 x139 x198 x106
x107 x87 x15 x71 x107
x9 x6 x128 x146 x18 x159 x19 x136 x95 x50
